D:\Anaconda\python.exe D:/home/zeewei/projects/77GRadar/model/cnn/cnn_train.py
0000 	 train_loss:10.276169776916504 	 test_loss: 8.624773025512695 	 test_min_loss: 8.624773025512695 	 difference: -1.6513967514038086 	 st1_acc:0.0 	 st2_acc:0.004622781065088758 	 st3_acc:0.004622781065088758
0015 	 train_loss:1.4840290546417236 	 test_loss: 1.374182939529419 	 test_min_loss: 1.374182939529419 	 difference: -0.10984611511230469 	 st1_acc:0.0 	 st2_acc:0.00659516765285996 	 st3_acc:0.00659516765285996
0030 	 train_loss:0.31650447845458984 	 test_loss: 0.2919284999370575 	 test_min_loss: 0.2919284999370575 	 difference: -0.02457597851753235 	 st1_acc:0.0 	 st2_acc:0.0048693293885601575 	 st3_acc:0.10422830374753451
0045 	 train_loss:0.15622015297412872 	 test_loss: 0.14923083782196045 	 test_min_loss: 0.14923083782196045 	 difference: -0.006989315152168274 	 st1_acc:0.0025887573964497044 	 st2_acc:0.022189349112426034 	 st3_acc:0.22435897435897437
0060 	 train_loss:0.11927670985460281 	 test_loss: 0.11644428223371506 	 test_min_loss: 0.11644428223371506 	 difference: -0.0028324276208877563 	 st1_acc:0.009430473372781065 	 st2_acc:0.05115877712031558 	 st3_acc:0.21184664694280078
0075 	 train_loss:0.1037093847990036 	 test_loss: 0.10212719440460205 	 test_min_loss: 0.10212719440460205 	 difference: -0.0015821903944015503 	 st1_acc:0.01245069033530572 	 st2_acc:0.059787968441814596 	 st3_acc:0.17017998027613412
0090 	 train_loss:0.09455589205026627 	 test_loss: 0.09336178004741669 	 test_min_loss: 0.09336178004741669 	 difference: -0.0011941120028495789 	 st1_acc:0.01201923076923077 	 st2_acc:0.05368589743589743 	 st3_acc:0.11988412228796844
0105 	 train_loss:0.08858068287372589 	 test_loss: 0.08764782547950745 	 test_min_loss: 0.08764782547950745 	 difference: -0.0009328573942184448 	 st1_acc:0.010046844181459565 	 st2_acc:0.04259122287968442 	 st3_acc:0.0919008875739645
0120 	 train_loss:0.08450523763895035 	 test_loss: 0.08376093953847885 	 test_min_loss: 0.08376093953847885 	 difference: -0.0007442981004714966 	 st1_acc:0.009368836291913214 	 st2_acc:0.04123520710059172 	 st3_acc:0.08339497041420119
0135 	 train_loss:0.08159490674734116 	 test_loss: 0.08095556497573853 	 test_min_loss: 0.08095556497573853 	 difference: -0.0006393417716026306 	 st1_acc:0.011033037475345168 	 st2_acc:0.04333086785009862 	 st3_acc:0.08037475345167652
0150 	 train_loss:0.07943874597549438 	 test_loss: 0.07887393236160278 	 test_min_loss: 0.07887393236160278 	 difference: -0.0005648136138916016 	 st1_acc:0.01263560157790927 	 st2_acc:0.046535996055226826 	 st3_acc:0.07982001972386588
0165 	 train_loss:0.07775422930717468 	 test_loss: 0.07723558694124222 	 test_min_loss: 0.07723558694124222 	 difference: -0.0005186423659324646 	 st1_acc:0.01195759368836292 	 st2_acc:0.04912475345167653 	 st3_acc:0.08068293885601578
0180 	 train_loss:0.07636216282844543 	 test_loss: 0.0758732482790947 	 test_min_loss: 0.0758732482790947 	 difference: -0.0004889145493507385 	 st1_acc:0.01164940828402367 	 st2_acc:0.05122041420118343 	 st3_acc:0.08308678500986193
0195 	 train_loss:0.07516048103570938 	 test_loss: 0.07469221204519272 	 test_min_loss: 0.07469221204519272 	 difference: -0.0004682689905166626 	 st1_acc:0.011341222879684419 	 st2_acc:0.051775147928994084 	 st3_acc:0.08284023668639054
0210 	 train_loss:0.07408906519412994 	 test_loss: 0.0736384317278862 	 test_min_loss: 0.0736384317278862 	 difference: -0.0004506334662437439 	 st1_acc:0.01195759368836292 	 st2_acc:0.05356262327416174 	 st3_acc:0.08561390532544379
0225 	 train_loss:0.07311038672924042 	 test_loss: 0.07267607003450394 	 test_min_loss: 0.07267607003450394 	 difference: -0.0004343166947364807 	 st1_acc:0.012697238658777121 	 st2_acc:0.05664447731755424 	 st3_acc:0.08863412228796844
0240 	 train_loss:0.07220008969306946 	 test_loss: 0.07178119570016861 	 test_min_loss: 0.07178119570016861 	 difference: -0.0004188939929008484 	 st1_acc:0.013868343195266272 	 st2_acc:0.05941814595660749 	 st3_acc:0.0938732741617357
0255 	 train_loss:0.071341872215271 	 test_loss: 0.07093764841556549 	 test_min_loss: 0.07093764841556549 	 difference: -0.00040422379970550537 	 st1_acc:0.014361439842209073 	 st2_acc:0.061883629191321496 	 st3_acc:0.096215483234714
0270 	 train_loss:0.07052471488714218 	 test_loss: 0.07013443112373352 	 test_min_loss: 0.07013443112373352 	 difference: -0.0003902837634086609 	 st1_acc:0.015594181459566075 	 st2_acc:0.06582840236686391 	 st3_acc:0.10034516765285996
0285 	 train_loss:0.06974117457866669 	 test_loss: 0.06936424225568771 	 test_min_loss: 0.06936424225568771 	 difference: -0.0003769323229789734 	 st1_acc:0.017628205128205128 	 st2_acc:0.07211538461538461 	 st3_acc:0.10761834319526627
0300 	 train_loss:0.06898634880781174 	 test_loss: 0.06862232834100723 	 test_min_loss: 0.06862232834100723 	 difference: -0.0003640204668045044 	 st1_acc:0.021079881656804734 	 st2_acc:0.07883382642998027 	 st3_acc:0.11692554240631163
0315 	 train_loss:0.06825695186853409 	 test_loss: 0.06790556013584137 	 test_min_loss: 0.06790556013584137 	 difference: -0.0003513917326927185 	 st1_acc:0.022497534516765286 	 st2_acc:0.08314842209072978 	 st3_acc:0.1229043392504931
0330 	 train_loss:0.06755088269710541 	 test_loss: 0.06721183657646179 	 test_min_loss: 0.06721183657646179 	 difference: -0.0003390461206436157 	 st1_acc:0.02446992110453649 	 st2_acc:0.08962031558185404 	 st3_acc:0.1309171597633136
0345 	 train_loss:0.06686682254076004 	 test_loss: 0.06653989106416702 	 test_min_loss: 0.06653989106416702 	 difference: -0.0003269314765930176 	 st1_acc:0.027366863905325445 	 st2_acc:0.09695512820512821 	 st3_acc:0.14022435897435898
0360 	 train_loss:0.06620404869318008 	 test_loss: 0.06588907539844513 	 test_min_loss: 0.06588907539844513 	 difference: -0.00031497329473495483 	 st1_acc:0.030941814595660748 	 st2_acc:0.10564595660749507 	 st3_acc:0.14866863905325445
0375 	 train_loss:0.06556206941604614 	 test_loss: 0.06525896489620209 	 test_min_loss: 0.06525896489620209 	 difference: -0.0003031045198440552 	 st1_acc:0.035009861932938854 	 st2_acc:0.11304240631163708 	 st3_acc:0.15717455621301776
0390 	 train_loss:0.06494013220071793 	 test_loss: 0.06464887410402298 	 test_min_loss: 0.06464887410402298 	 difference: -0.0002912580966949463 	 st1_acc:0.038523175542406314 	 st2_acc:0.1206854043392505 	 st3_acc:0.1663584812623274
0405 	 train_loss:0.06433697789907455 	 test_loss: 0.06405758112668991 	 test_min_loss: 0.06405758112668991 	 difference: -0.00027939677238464355 	 st1_acc:0.04259122287968442 	 st2_acc:0.1269723865877712 	 st3_acc:0.17430966469428008
0420 	 train_loss:0.06375109404325485 	 test_loss: 0.06348361074924469 	 test_min_loss: 0.06348361074924469 	 difference: -0.00026748329401016235 	 st1_acc:0.04573471400394477 	 st2_acc:0.13523175542406313 	 st3_acc:0.18250739644970415
0435 	 train_loss:0.06318114697933197 	 test_loss: 0.06292572617530823 	 test_min_loss: 0.06292572617530823 	 difference: -0.0002554208040237427 	 st1_acc:0.048446745562130175 	 st2_acc:0.14114891518737674 	 st3_acc:0.18928747534516766
0450 	 train_loss:0.06262629479169846 	 test_loss: 0.06238314136862755 	 test_min_loss: 0.06238314136862755 	 difference: -0.0002431534230709076 	 st1_acc:0.05269970414201183 	 st2_acc:0.14817554240631164 	 st3_acc:0.19668392504930968
0465 	 train_loss:0.06208615005016327 	 test_loss: 0.06185544654726982 	 test_min_loss: 0.06185544654726982 	 difference: -0.00023070350289344788 	 st1_acc:0.055226824457593686 	 st2_acc:0.1545241617357002 	 st3_acc:0.20426528599605523
0480 	 train_loss:0.0615604966878891 	 test_loss: 0.06134239584207535 	 test_min_loss: 0.06134239584207535 	 difference: -0.00021810084581375122 	 st1_acc:0.05898668639053255 	 st2_acc:0.16222879684418146 	 st3_acc:0.2117233727810651
0495 	 train_loss:0.061049021780490875 	 test_loss: 0.060843631625175476 	 test_min_loss: 0.060843631625175476 	 difference: -0.00020539015531539917 	 st1_acc:0.0631163708086785 	 st2_acc:0.16900887573964496 	 st3_acc:0.21955128205128205
0510 	 train_loss:0.06055109202861786 	 test_loss: 0.06035850942134857 	 test_min_loss: 0.06035850942134857 	 difference: -0.0001925826072692871 	 st1_acc:0.06619822485207101 	 st2_acc:0.17418639053254437 	 st3_acc:0.22540680473372782
0525 	 train_loss:0.06006584316492081 	 test_loss: 0.0598861463367939 	 test_min_loss: 0.0598861463367939 	 difference: -0.00017969682812690735 	 st1_acc:0.06909516765285996 	 st2_acc:0.18016518737672585 	 st3_acc:0.23249506903353057
0540 	 train_loss:0.05959231033921242 	 test_loss: 0.05942557007074356 	 test_min_loss: 0.05942557007074356 	 difference: -0.0001667402684688568 	 st1_acc:0.07322485207100592 	 st2_acc:0.1860207100591716 	 st3_acc:0.23958333333333334
0555 	 train_loss:0.059129659086465836 	 test_loss: 0.05897592008113861 	 test_min_loss: 0.05897592008113861 	 difference: -0.00015373900532722473 	 st1_acc:0.07747781065088757 	 st2_acc:0.19039694280078895 	 st3_acc:0.24519230769230768
0570 	 train_loss:0.058677468448877335 	 test_loss: 0.058536652475595474 	 test_min_loss: 0.058536652475595474 	 difference: -0.00014081597328186035 	 st1_acc:0.08043639053254438 	 st2_acc:0.19606755424063116 	 st3_acc:0.25277366863905326
0585 	 train_loss:0.05823587626218796 	 test_loss: 0.05810768902301788 	 test_min_loss: 0.05810768902301788 	 difference: -0.00012818723917007446 	 st1_acc:0.08481262327416174 	 st2_acc:0.20198471400394477 	 st3_acc:0.26010848126232744
0600 	 train_loss:0.05780540779232979 	 test_loss: 0.05768917500972748 	 test_min_loss: 0.05768917500972748 	 difference: -0.00011623278260231018 	 st1_acc:0.08764792899408284 	 st2_acc:0.20710059171597633 	 st3_acc:0.26799802761341224
0615 	 train_loss:0.05738608166575432 	 test_loss: 0.057280756533145905 	 test_min_loss: 0.057280756533145905 	 difference: -0.0001053251326084137 	 st1_acc:0.09134615384615384 	 st2_acc:0.21301775147928995 	 st3_acc:0.27588757396449703
0630 	 train_loss:0.056976817548274994 	 test_loss: 0.056881170719861984 	 test_min_loss: 0.056881170719861984 	 difference: -9.564682841300964e-05 	 st1_acc:0.0941198224852071 	 st2_acc:0.21807199211045364 	 st3_acc:0.2819896449704142
0645 	 train_loss:0.05657654255628586 	 test_loss: 0.056489571928977966 	 test_min_loss: 0.056489571928977966 	 difference: -8.697062730789185e-05 	 st1_acc:0.09917406311637081 	 st2_acc:0.22448224852071005 	 st3_acc:0.29031065088757396
0660 	 train_loss:0.05618498474359512 	 test_loss: 0.05610622093081474 	 test_min_loss: 0.05610622093081474 	 difference: -7.876381278038025e-05 	 st1_acc:0.10318047337278106 	 st2_acc:0.23132396449704143 	 st3_acc:0.29930966469428005
0675 	 train_loss:0.05580180883407593 	 test_loss: 0.05573130398988724 	 test_min_loss: 0.05573130398988724 	 difference: -7.050484418869019e-05 	 st1_acc:0.10607741617357001 	 st2_acc:0.23687130177514792 	 st3_acc:0.30800049309664695
0690 	 train_loss:0.05542595684528351 	 test_loss: 0.05536412447690964 	 test_min_loss: 0.05536412447690964 	 difference: -6.183236837387085e-05 	 st1_acc:0.10989891518737673 	 st2_acc:0.24204881656804733 	 st3_acc:0.31552021696252464
0705 	 train_loss:0.05505629628896713 	 test_loss: 0.05500354245305061 	 test_min_loss: 0.05500354245305061 	 difference: -5.2753835916519165e-05 	 st1_acc:0.11378205128205128 	 st2_acc:0.248767258382643 	 st3_acc:0.32421104536489154
0720 	 train_loss:0.054692018777132034 	 test_loss: 0.05464847758412361 	 test_min_loss: 0.05464847758412361 	 difference: -4.354119300842285e-05 	 st1_acc:0.11723372781065089 	 st2_acc:0.2538214990138067 	 st3_acc:0.33247041420118345
0735 	 train_loss:0.0543324276804924 	 test_loss: 0.05429799482226372 	 test_min_loss: 0.05429799482226372 	 difference: -3.443285822868347e-05 	 st1_acc:0.12050049309664694 	 st2_acc:0.2577662721893491 	 st3_acc:0.3395586785009862
0750 	 train_loss:0.05397683009505272 	 test_loss: 0.05395134538412094 	 test_min_loss: 0.05395134538412094 	 difference: -2.5484710931777954e-05 	 st1_acc:0.12389053254437869 	 st2_acc:0.2619575936883629 	 st3_acc:0.3464620315581854
0765 	 train_loss:0.053624629974365234 	 test_loss: 0.053607940673828125 	 test_min_loss: 0.053607940673828125 	 difference: -1.6689300537109375e-05 	 st1_acc:0.12728057199211046 	 st2_acc:0.26645710059171596 	 st3_acc:0.35428994082840237
0780 	 train_loss:0.05327531695365906 	 test_loss: 0.053267333656549454 	 test_min_loss: 0.053267333656549454 	 difference: -7.983297109603882e-06 	 st1_acc:0.1294378698224852 	 st2_acc:0.2720044378698225 	 st3_acc:0.36217948717948717
0795 	 train_loss:0.05292847752571106 	 test_loss: 0.05292913690209389 	 test_min_loss: 0.05292913690209389 	 difference: 6.593763828277588e-07 	 st1_acc:0.134861932938856 	 st2_acc:0.27921597633136097 	 st3_acc:0.3719181459566075
0810 	 train_loss:0.05258380249142647 	 test_loss: 0.05259305238723755 	 test_min_loss: 0.05259305238723755 	 difference: 9.249895811080933e-06 	 st1_acc:0.13794378698224852 	 st2_acc:0.28513313609467456 	 st3_acc:0.3807322485207101
0825 	 train_loss:0.052241042256355286 	 test_loss: 0.052258867770433426 	 test_min_loss: 0.052258867770433426 	 difference: 1.782551407814026e-05 	 st1_acc:0.14158037475345167 	 st2_acc:0.2909886587771203 	 st3_acc:0.3886834319526627
0840 	 train_loss:0.051900047808885574 	 test_loss: 0.05192644149065018 	 test_min_loss: 0.05192644149065018 	 difference: 2.639368176460266e-05 	 st1_acc:0.1445389546351085 	 st2_acc:0.29665927021696253 	 st3_acc:0.39571005917159763
0855 	 train_loss:0.051560696214437485 	 test_loss: 0.05159568414092064 	 test_min_loss: 0.05159568414092064 	 difference: 3.49879264831543e-05 	 st1_acc:0.14934664694280078 	 st2_acc:0.3031311637080868 	 st3_acc:0.40446252465483234
0870 	 train_loss:0.051222920417785645 	 test_loss: 0.05126652121543884 	 test_min_loss: 0.05126652121543884 	 difference: 4.360079765319824e-05 	 st1_acc:0.15236686390532544 	 st2_acc:0.3067677514792899 	 st3_acc:0.41185897435897434
0885 	 train_loss:0.050886593759059906 	 test_loss: 0.050938840955495834 	 test_min_loss: 0.050938840955495834 	 difference: 5.2247196435928345e-05 	 st1_acc:0.1577292899408284 	 st2_acc:0.3144723865877712 	 st3_acc:0.4209812623274162
0900 	 train_loss:0.050551608204841614 	 test_loss: 0.050612516701221466 	 test_min_loss: 0.050612516701221466 	 difference: 6.0908496379852295e-05 	 st1_acc:0.16148915187376725 	 st2_acc:0.31971153846153844 	 st3_acc:0.43028846153846156
0915 	 train_loss:0.050217896699905396 	 test_loss: 0.050287481397390366 	 test_min_loss: 0.050287481397390366 	 difference: 6.958469748497009e-05 	 st1_acc:0.16549556213017752 	 st2_acc:0.32569033530571995 	 st3_acc:0.4378698224852071
0930 	 train_loss:0.049885548651218414 	 test_loss: 0.04996384307742119 	 test_min_loss: 0.04996384307742119 	 difference: 7.829442620277405e-05 	 st1_acc:0.16857741617357003 	 st2_acc:0.329758382642998 	 st3_acc:0.44520463510848124
0945 	 train_loss:0.04955480620265007 	 test_loss: 0.0496419295668602 	 test_min_loss: 0.0496419295668602 	 difference: 8.712336421012878e-05 	 st1_acc:0.17196745562130178 	 st2_acc:0.33407297830374755 	 st3_acc:0.4530941814595661
0960 	 train_loss:0.0492260679602623 	 test_loss: 0.04932223632931709 	 test_min_loss: 0.04932223632931709 	 difference: 9.616836905479431e-05 	 st1_acc:0.17609714003944774 	 st2_acc:0.3401134122287968 	 st3_acc:0.4620315581854043
0975 	 train_loss:0.04889986664056778 	 test_loss: 0.0490054227411747 	 test_min_loss: 0.0490054227411747 	 difference: 0.00010555610060691833 	 st1_acc:0.18090483234714003 	 st2_acc:0.3464003944773176 	 st3_acc:0.4715853057199211
0990 	 train_loss:0.04857664927840233 	 test_loss: 0.04869193956255913 	 test_min_loss: 0.04869193956255913 	 difference: 0.00011529028415679932 	 st1_acc:0.18386341222879685 	 st2_acc:0.34868096646942803 	 st3_acc:0.4776257396449704
1005 	 train_loss:0.048256393522024155 	 test_loss: 0.04838162660598755 	 test_min_loss: 0.04838162660598755 	 difference: 0.00012523308396339417 	 st1_acc:0.1872534516765286 	 st2_acc:0.35342702169625245 	 st3_acc:0.48403599605522685
1020 	 train_loss:0.04793865606188774 	 test_loss: 0.04807377979159355 	 test_min_loss: 0.04807377979159355 	 difference: 0.00013512372970581055 	 st1_acc:0.19150641025641027 	 st2_acc:0.35854289940828404 	 st3_acc:0.4914940828402367
1035 	 train_loss:0.04762309789657593 	 test_loss: 0.04776791110634804 	 test_min_loss: 0.04776791110634804 	 difference: 0.00014481320977210999 	 st1_acc:0.19415680473372782 	 st2_acc:0.3615631163708087 	 st3_acc:0.497534516765286
1050 	 train_loss:0.04730968922376633 	 test_loss: 0.04746401309967041 	 test_min_loss: 0.04746401309967041 	 difference: 0.00015432387590408325 	 st1_acc:0.19779339250493097 	 st2_acc:0.36630917159763315 	 st3_acc:0.5043145956607495
1065 	 train_loss:0.04699856415390968 	 test_loss: 0.04716235026717186 	 test_min_loss: 0.04716235026717186 	 difference: 0.00016378611326217651 	 st1_acc:0.20087524654832348 	 st2_acc:0.3699457593688363 	 st3_acc:0.5107864891518737
1080 	 train_loss:0.04668988287448883 	 test_loss: 0.04686317220330238 	 test_min_loss: 0.04686317220330238 	 difference: 0.00017328932881355286 	 st1_acc:0.20451183431952663 	 st2_acc:0.3746301775147929 	 st3_acc:0.5175665680473372
1095 	 train_loss:0.04638379439711571 	 test_loss: 0.0465666726231575 	 test_min_loss: 0.0465666726231575 	 difference: 0.00018287822604179382 	 st1_acc:0.20765532544378698 	 st2_acc:0.37937623274161736 	 st3_acc:0.5241000986193294
1110 	 train_loss:0.04608041048049927 	 test_loss: 0.04627297818660736 	 test_min_loss: 0.04627297818660736 	 difference: 0.00019256770610809326 	 st1_acc:0.21153846153846154 	 st2_acc:0.3849852071005917 	 st3_acc:0.5313116370808678
1125 	 train_loss:0.045779842883348465 	 test_loss: 0.04598221182823181 	 test_min_loss: 0.04598221182823181 	 difference: 0.00020236894488334656 	 st1_acc:0.2130793885601578 	 st2_acc:0.3868959566074951 	 st3_acc:0.535379684418146
1140 	 train_loss:0.04548216238617897 	 test_loss: 0.045694440603256226 	 test_min_loss: 0.045694440603256226 	 difference: 0.00021227821707725525 	 st1_acc:0.21511341222879685 	 st2_acc:0.3901010848126233 	 st3_acc:0.540680473372781
1155 	 train_loss:0.04518744722008705 	 test_loss: 0.04540972039103508 	 test_min_loss: 0.04540972039103508 	 difference: 0.00022227317094802856 	 st1_acc:0.21745562130177515 	 st2_acc:0.3943540433925049 	 st3_acc:0.5470290927021696
1170 	 train_loss:0.044895730912685394 	 test_loss: 0.04512808844447136 	 test_min_loss: 0.04512808844447136 	 difference: 0.00023235753178596497 	 st1_acc:0.21856508875739644 	 st2_acc:0.3968195266272189 	 st3_acc:0.5513436883629191
1185 	 train_loss:0.044607073068618774 	 test_loss: 0.04484957456588745 	 test_min_loss: 0.04484957456588745 	 difference: 0.00024250149726867676 	 st1_acc:0.22152366863905326 	 st2_acc:0.3994699211045365 	 st3_acc:0.5570142998027613
1200 	 train_loss:0.044321510940790176 	 test_loss: 0.044574227184057236 	 test_min_loss: 0.044574227184057236 	 difference: 0.0002527162432670593 	 st1_acc:0.2252835305719921 	 st2_acc:0.4036612426035503 	 st3_acc:0.5613288954635108
1215 	 train_loss:0.044039081782102585 	 test_loss: 0.0443020798265934 	 test_min_loss: 0.0443020798265934 	 difference: 0.0002629980444908142 	 st1_acc:0.22799556213017752 	 st2_acc:0.40643491124260356 	 st3_acc:0.5668145956607495
1230 	 train_loss:0.043759822845458984 	 test_loss: 0.044033169746398926 	 test_min_loss: 0.044033169746398926 	 difference: 0.0002733469009399414 	 st1_acc:0.23052268244575938 	 st2_acc:0.40951676528599606 	 st3_acc:0.5721153846153846
1245 	 train_loss:0.043483756482601166 	 test_loss: 0.0437675341963768 	 test_min_loss: 0.0437675341963768 	 difference: 0.00028377771377563477 	 st1_acc:0.23446745562130178 	 st2_acc:0.41333826429980275 	 st3_acc:0.5770463510848126
1260 	 train_loss:0.04321090877056122 	 test_loss: 0.043505195528268814 	 test_min_loss: 0.043505195528268814 	 difference: 0.0002942867577075958 	 st1_acc:0.23798076923076922 	 st2_acc:0.41592702169625245 	 st3_acc:0.5821622287968442
1275 	 train_loss:0.04294130578637123 	 test_loss: 0.04324617609381676 	 test_min_loss: 0.04324617609381676 	 difference: 0.0003048703074455261 	 st1_acc:0.24050788954635108 	 st2_acc:0.4176528599605523 	 st3_acc:0.5859837278106509
1290 	 train_loss:0.0426749661564827 	 test_loss: 0.04299050197005272 	 test_min_loss: 0.04299050197005272 	 difference: 0.0003155358135700226 	 st1_acc:0.24229536489151873 	 st2_acc:0.42011834319526625 	 st3_acc:0.5909146942800789
1305 	 train_loss:0.042411915957927704 	 test_loss: 0.042738184332847595 	 test_min_loss: 0.042738184332847595 	 difference: 0.00032626837491989136 	 st1_acc:0.24537721893491124 	 st2_acc:0.423508382642998 	 st3_acc:0.5954758382642998
1320 	 train_loss:0.04215215891599655 	 test_loss: 0.04248923435807228 	 test_min_loss: 0.04248923435807228 	 difference: 0.00033707544207572937 	 st1_acc:0.24685650887573965 	 st2_acc:0.4249876725838264 	 st3_acc:0.5992973372781065
1335 	 train_loss:0.041895728558301926 	 test_loss: 0.04224364832043648 	 test_min_loss: 0.04224364832043648 	 difference: 0.000347919762134552 	 st1_acc:0.2492603550295858 	 st2_acc:0.42634368836291914 	 st3_acc:0.6029339250493096
1350 	 train_loss:0.04164263233542442 	 test_loss: 0.04200143739581108 	 test_min_loss: 0.04200143739581108 	 difference: 0.0003588050603866577 	 st1_acc:0.251232741617357 	 st2_acc:0.42942554240631164 	 st3_acc:0.6078648915187377
1365 	 train_loss:0.041392870247364044 	 test_loss: 0.0417625866830349 	 test_min_loss: 0.0417625866830349 	 difference: 0.00036971643567085266 	 st1_acc:0.25425295857988167 	 st2_acc:0.4327539447731755 	 st3_acc:0.6135971400394478
1380 	 train_loss:0.041146453469991684 	 test_loss: 0.04152708873152733 	 test_min_loss: 0.04152708873152733 	 difference: 0.00038063526153564453 	 st1_acc:0.2568417159763314 	 st2_acc:0.43521942800788954 	 st3_acc:0.6187130177514792
1395 	 train_loss:0.04090338945388794 	 test_loss: 0.04129491001367569 	 test_min_loss: 0.04129491001367569 	 difference: 0.00039152055978775024 	 st1_acc:0.2589373767258383 	 st2_acc:0.4373767258382643 	 st3_acc:0.6228427021696252
1410 	 train_loss:0.04066365957260132 	 test_loss: 0.04106603562831879 	 test_min_loss: 0.04106603562831879 	 difference: 0.00040237605571746826 	 st1_acc:0.2614644970414201 	 st2_acc:0.44039694280078895 	 st3_acc:0.6267258382642998
1425 	 train_loss:0.04042726010084152 	 test_loss: 0.04084042087197304 	 test_min_loss: 0.04084042087197304 	 difference: 0.0004131607711315155 	 st1_acc:0.2651627218934911 	 st2_acc:0.44347879684418146 	 st3_acc:0.6312253451676528
1440 	 train_loss:0.040194153785705566 	 test_loss: 0.04061802849173546 	 test_min_loss: 0.04061802849173546 	 difference: 0.00042387470602989197 	 st1_acc:0.2660872781065089 	 st2_acc:0.44446499013806706 	 st3_acc:0.6339373767258383
1455 	 train_loss:0.039964333176612854 	 test_loss: 0.04039881378412247 	 test_min_loss: 0.04039881378412247 	 difference: 0.00043448060750961304 	 st1_acc:0.2686760355029586 	 st2_acc:0.44656065088757396 	 st3_acc:0.6375123274161736
1470 	 train_loss:0.0397377610206604 	 test_loss: 0.040182728320360184 	 test_min_loss: 0.040182728320360184 	 difference: 0.0004449672996997833 	 st1_acc:0.26947731755424065 	 st2_acc:0.4463757396449704 	 st3_acc:0.639792899408284
1485 	 train_loss:0.039514411240816116 	 test_loss: 0.03996971994638443 	 test_min_loss: 0.03996971994638443 	 difference: 0.0004553087055683136 	 st1_acc:0.27114151873767256 	 st2_acc:0.4479783037475345 	 st3_acc:0.6432445759368837
1500 	 train_loss:0.03929424285888672 	 test_loss: 0.03975975885987282 	 test_min_loss: 0.03975975885987282 	 difference: 0.00046551600098609924 	 st1_acc:0.2741000986193294 	 st2_acc:0.45032051282051283 	 st3_acc:0.646819526627219
1515 	 train_loss:0.039077240973711014 	 test_loss: 0.03955278918147087 	 test_min_loss: 0.03955278918147087 	 difference: 0.0004755482077598572 	 st1_acc:0.27699704142011833 	 st2_acc:0.4530325443786982 	 st3_acc:0.6503328402366864
1530 	 train_loss:0.03886336833238602 	 test_loss: 0.0393487773835659 	 test_min_loss: 0.0393487773835659 	 difference: 0.00048540905117988586 	 st1_acc:0.27847633136094674 	 st2_acc:0.4536489151873767 	 st3_acc:0.6519970414201184
1545 	 train_loss:0.038652606308460236 	 test_loss: 0.03914767876267433 	 test_min_loss: 0.03914767876267433 	 difference: 0.0004950724542140961 	 st1_acc:0.28168145956607493 	 st2_acc:0.45660749506903353 	 st3_acc:0.6544008875739645
1560 	 train_loss:0.03844492882490158 	 test_loss: 0.038949474692344666 	 test_min_loss: 0.038949474692344666 	 difference: 0.0005045458674430847 	 st1_acc:0.28303747534516766 	 st2_acc:0.45821005917159763 	 st3_acc:0.6572361932938856
1575 	 train_loss:0.03824031352996826 	 test_loss: 0.038754116743803024 	 test_min_loss: 0.038754116743803024 	 difference: 0.0005138032138347626 	 st1_acc:0.2844551282051282 	 st2_acc:0.4599975345167653 	 st3_acc:0.6601947731755424
1590 	 train_loss:0.038038741797208786 	 test_loss: 0.038561586290597916 	 test_min_loss: 0.038561586290597916 	 difference: 0.0005228444933891296 	 st1_acc:0.28611932938856016 	 st2_acc:0.46153846153846156 	 st3_acc:0.6633382642998028
1605 	 train_loss:0.037840183824300766 	 test_loss: 0.03837186470627785 	 test_min_loss: 0.03837186470627785 	 difference: 0.0005316808819770813 	 st1_acc:0.2871671597633136 	 st2_acc:0.46289447731755423 	 st3_acc:0.6664201183431953
1620 	 train_loss:0.03764461353421211 	 test_loss: 0.038184914737939835 	 test_min_loss: 0.038184914737939835 	 difference: 0.0005403012037277222 	 st1_acc:0.2893860946745562 	 st2_acc:0.4645586785009862 	 st3_acc:0.6695019723865878
1635 	 train_loss:0.03745199739933014 	 test_loss: 0.03800070658326149 	 test_min_loss: 0.03800070658326149 	 difference: 0.0005487091839313507 	 st1_acc:0.29240631163708086 	 st2_acc:0.467517258382643 	 st3_acc:0.6725838264299803
1650 	 train_loss:0.037262313067913055 	 test_loss: 0.03781922534108162 	 test_min_loss: 0.03781922534108162 	 difference: 0.0005569122731685638 	 st1_acc:0.2946868836291913 	 st2_acc:0.47004437869822485 	 st3_acc:0.6760355029585798
1665 	 train_loss:0.03707551956176758 	 test_loss: 0.03764043375849724 	 test_min_loss: 0.03764043375849724 	 difference: 0.00056491419672966 	 st1_acc:0.2968441814595661 	 st2_acc:0.4718934911242604 	 st3_acc:0.678007889546351
1680 	 train_loss:0.036891598254442215 	 test_loss: 0.03746431693434715 	 test_min_loss: 0.03746431693434715 	 difference: 0.0005727186799049377 	 st1_acc:0.29770710059171596 	 st2_acc:0.47374260355029585 	 st3_acc:0.6802884615384616
1695 	 train_loss:0.03671050816774368 	 test_loss: 0.03729083389043808 	 test_min_loss: 0.03729083389043808 	 difference: 0.000580325722694397 	 st1_acc:0.29912475345167655 	 st2_acc:0.47528353057199213 	 st3_acc:0.6833086785009862
1710 	 train_loss:0.0365321971476078 	 test_loss: 0.03711993247270584 	 test_min_loss: 0.03711993247270584 	 difference: 0.0005877353250980377 	 st1_acc:0.300973865877712 	 st2_acc:0.4763929980276134 	 st3_acc:0.685465976331361
1725 	 train_loss:0.03635659068822861 	 test_loss: 0.03695154935121536 	 test_min_loss: 0.03695154935121536 	 difference: 0.0005949586629867554 	 st1_acc:0.3025147928994083 	 st2_acc:0.4777490138067061 	 st3_acc:0.688732741617357
1740 	 train_loss:0.03618359938263893 	 test_loss: 0.03678560629487038 	 test_min_loss: 0.03678560629487038 	 difference: 0.0006020069122314453 	 st1_acc:0.3036858974358974 	 st2_acc:0.4796597633136095 	 st3_acc:0.690766765285996
1755 	 train_loss:0.03601313382387161 	 test_loss: 0.03662203624844551 	 test_min_loss: 0.03662203624844551 	 difference: 0.0006089024245738983 	 st1_acc:0.305103550295858 	 st2_acc:0.48157051282051283 	 st3_acc:0.6942800788954635
1770 	 train_loss:0.03584511578083038 	 test_loss: 0.03646077215671539 	 test_min_loss: 0.03646077215671539 	 difference: 0.0006156563758850098 	 st1_acc:0.3067677514792899 	 st2_acc:0.4826799802761341 	 st3_acc:0.6950197238658777
1785 	 train_loss:0.03567948192358017 	 test_loss: 0.03630176559090614 	 test_min_loss: 0.03630176559090614 	 difference: 0.0006222836673259735 	 st1_acc:0.3081854043392505 	 st2_acc:0.48452909270216965 	 st3_acc:0.6974235700197239
1800 	 train_loss:0.0355161651968956 	 test_loss: 0.03614497184753418 	 test_min_loss: 0.03614497184753418 	 difference: 0.0006288066506385803 	 st1_acc:0.310034516765286 	 st2_acc:0.48717948717948717 	 st3_acc:0.7001972386587771
1815 	 train_loss:0.03535512089729309 	 test_loss: 0.03599035367369652 	 test_min_loss: 0.03599035367369652 	 difference: 0.0006352327764034271 	 st1_acc:0.3108974358974359 	 st2_acc:0.48785749506903353 	 st3_acc:0.7023545364891519
1830 	 train_loss:0.035196300595998764 	 test_loss: 0.03583787754178047 	 test_min_loss: 0.03583787754178047 	 difference: 0.0006415769457817078 	 st1_acc:0.31379437869822485 	 st2_acc:0.4905078895463511 	 st3_acc:0.7049432938856016
1845 	 train_loss:0.03503965586423874 	 test_loss: 0.03568751737475395 	 test_min_loss: 0.03568751737475395 	 difference: 0.000647861510515213 	 st1_acc:0.31478057199211046 	 st2_acc:0.4910626232741617 	 st3_acc:0.7065458579881657
1860 	 train_loss:0.03488515317440033 	 test_loss: 0.03553923964500427 	 test_min_loss: 0.03553923964500427 	 difference: 0.0006540864706039429 	 st1_acc:0.31601331360946744 	 st2_acc:0.49241863905325445 	 st3_acc:0.7091962524654832
1875 	 train_loss:0.034732747822999954 	 test_loss: 0.03539300337433815 	 test_min_loss: 0.03539300337433815 	 difference: 0.0006602555513381958 	 st1_acc:0.3176775147928994 	 st2_acc:0.4935897435897436 	 st3_acc:0.7116000986193294
1890 	 train_loss:0.03458240255713463 	 test_loss: 0.035248782485723495 	 test_min_loss: 0.035248782485723495 	 difference: 0.0006663799285888672 	 st1_acc:0.31798570019723865 	 st2_acc:0.49414447731755423 	 st3_acc:0.7126479289940828
1905 	 train_loss:0.034434083849191666 	 test_loss: 0.03510655462741852 	 test_min_loss: 0.03510655462741852 	 difference: 0.0006724707782268524 	 st1_acc:0.31884861932938857 	 st2_acc:0.49463757396449703 	 st3_acc:0.7147435897435898
1920 	 train_loss:0.03428776189684868 	 test_loss: 0.03496628254652023 	 test_min_loss: 0.03496628254652023 	 difference: 0.0006785206496715546 	 st1_acc:0.31971153846153844 	 st2_acc:0.4958086785009862 	 st3_acc:0.7165927021696252
1935 	 train_loss:0.03414340689778328 	 test_loss: 0.034827958792448044 	 test_min_loss: 0.034827958792448044 	 difference: 0.0006845518946647644 	 st1_acc:0.3212524654832347 	 st2_acc:0.4977810650887574 	 st3_acc:0.7189349112426036
1950 	 train_loss:0.03400099650025368 	 test_loss: 0.034691546112298965 	 test_min_loss: 0.034691546112298965 	 difference: 0.0006905496120452881 	 st1_acc:0.3227317554240631 	 st2_acc:0.4991370808678501 	 st3_acc:0.720845660749507
1965 	 train_loss:0.033860500901937485 	 test_loss: 0.034557025879621506 	 test_min_loss: 0.034557025879621506 	 difference: 0.000696524977684021 	 st1_acc:0.32488905325443784 	 st2_acc:0.5004314595660749 	 st3_acc:0.7233727810650887
1980 	 train_loss:0.033721908926963806 	 test_loss: 0.034424394369125366 	 test_min_loss: 0.034424394369125366 	 difference: 0.0007024854421615601 	 st1_acc:0.32581360946745563 	 st2_acc:0.5018491124260355 	 st3_acc:0.72534516765286
1995 	 train_loss:0.03358520567417145 	 test_loss: 0.034293632954359055 	 test_min_loss: 0.034293632954359055 	 difference: 0.0007084272801876068 	 st1_acc:0.32784763313609466 	 st2_acc:0.5028353057199211 	 st3_acc:0.727379191321499
2010 	 train_loss:0.03345039114356041 	 test_loss: 0.034164734184741974 	 test_min_loss: 0.034164734184741974 	 difference: 0.0007143430411815643 	 st1_acc:0.32877218934911245 	 st2_acc:0.503698224852071 	 st3_acc:0.729043392504931
2025 	 train_loss:0.03331746160984039 	 test_loss: 0.03403770923614502 	 test_min_loss: 0.03403770923614502 	 difference: 0.0007202476263046265 	 st1_acc:0.3292652859960552 	 st2_acc:0.5046844181459567 	 st3_acc:0.730276134122288
2040 	 train_loss:0.0331864133477211 	 test_loss: 0.03391255810856819 	 test_min_loss: 0.03391255810856819 	 difference: 0.0007261447608470917 	 st1_acc:0.33000493096646943 	 st2_acc:0.5058555226824457 	 st3_acc:0.7324334319526628
2055 	 train_loss:0.03305724263191223 	 test_loss: 0.03378928080201149 	 test_min_loss: 0.03378928080201149 	 difference: 0.0007320381700992584 	 st1_acc:0.33086785009861935 	 st2_acc:0.5070266272189349 	 st3_acc:0.7340976331360947
2070 	 train_loss:0.032929930835962296 	 test_loss: 0.03366786241531372 	 test_min_loss: 0.03366786241531372 	 difference: 0.0007379315793514252 	 st1_acc:0.332223865877712 	 st2_acc:0.508629191321499 	 st3_acc:0.7360083826429981
2085 	 train_loss:0.032804444432258606 	 test_loss: 0.03354828432202339 	 test_min_loss: 0.03354828432202339 	 difference: 0.0007438398897647858 	 st1_acc:0.3337647928994083 	 st2_acc:0.5102317554240631 	 st3_acc:0.7373027613412229
2100 	 train_loss:0.03268072009086609 	 test_loss: 0.033430490642786026 	 test_min_loss: 0.033430490642786026 	 difference: 0.0007497705519199371 	 st1_acc:0.33407297830374755 	 st2_acc:0.5109097633136095 	 st3_acc:0.7386587771203156
2115 	 train_loss:0.03255871310830116 	 test_loss: 0.03331444412469864 	 test_min_loss: 0.03331444412469864 	 difference: 0.0007557310163974762 	 st1_acc:0.33512080867850097 	 st2_acc:0.5118959566074951 	 st3_acc:0.7410626232741617
2130 	 train_loss:0.03243837505578995 	 test_loss: 0.03320009261369705 	 test_min_loss: 0.03320009261369705 	 difference: 0.0007617175579071045 	 st1_acc:0.33629191321499013 	 st2_acc:0.5131286982248521 	 st3_acc:0.7420488165680473
2145 	 train_loss:0.03231967240571976 	 test_loss: 0.03308740630745888 	 test_min_loss: 0.03308740630745888 	 difference: 0.0007677339017391205 	 st1_acc:0.3384492110453649 	 st2_acc:0.5152243589743589 	 st3_acc:0.7440828402366864
2160 	 train_loss:0.0322025902569294 	 test_loss: 0.032976359128952026 	 test_min_loss: 0.032976359128952026 	 difference: 0.0007737688720226288 	 st1_acc:0.33912721893491127 	 st2_acc:0.5160256410256411 	 st3_acc:0.7459319526627219
2175 	 train_loss:0.03208709880709648 	 test_loss: 0.03286692127585411 	 test_min_loss: 0.03286692127585411 	 difference: 0.0007798224687576294 	 st1_acc:0.33974358974358976 	 st2_acc:0.5176282051282052 	 st3_acc:0.7477810650887574
2190 	 train_loss:0.03197318688035011 	 test_loss: 0.03275907039642334 	 test_min_loss: 0.03275907039642334 	 difference: 0.0007858835160732269 	 st1_acc:0.3410996055226824 	 st2_acc:0.5194773175542406 	 st3_acc:0.7491370808678501
2205 	 train_loss:0.0318608358502388 	 test_loss: 0.032652806490659714 	 test_min_loss: 0.032652806490659714 	 difference: 0.0007919706404209137 	 st1_acc:0.34282544378698226 	 st2_acc:0.5208949704142012 	 st3_acc:0.7503698224852071
2220 	 train_loss:0.03175003081560135 	 test_loss: 0.032548099756240845 	 test_min_loss: 0.032548099756240845 	 difference: 0.0007980689406394958 	 st1_acc:0.3446129191321499 	 st2_acc:0.5229289940828402 	 st3_acc:0.7523422090729783
2235 	 train_loss:0.031640760600566864 	 test_loss: 0.03244493529200554 	 test_min_loss: 0.03244493529200554 	 difference: 0.0008041746914386749 	 st1_acc:0.34553747534516766 	 st2_acc:0.5237302761341223 	 st3_acc:0.7544995069033531
2250 	 train_loss:0.031533002853393555 	 test_loss: 0.0323432981967926 	 test_min_loss: 0.0323432981967926 	 difference: 0.0008102953433990479 	 st1_acc:0.3469551282051282 	 st2_acc:0.5252712031558185 	 st3_acc:0.7560404339250493
2265 	 train_loss:0.03142675384879112 	 test_loss: 0.03224316984415054 	 test_min_loss: 0.03224316984415054 	 difference: 0.0008164159953594208 	 st1_acc:0.34763313609467456 	 st2_acc:0.5261957593688363 	 st3_acc:0.7572115384615384
2280 	 train_loss:0.031321994960308075 	 test_loss: 0.03214453533291817 	 test_min_loss: 0.03214453533291817 	 difference: 0.0008225403726100922 	 st1_acc:0.3488042406311637 	 st2_acc:0.5277366863905325 	 st3_acc:0.759060650887574
2295 	 train_loss:0.031218713149428368 	 test_loss: 0.03204738348722458 	 test_min_loss: 0.03204738348722458 	 difference: 0.0008286703377962112 	 st1_acc:0.3504684418145957 	 st2_acc:0.5289694280078896 	 st3_acc:0.7599852071005917
2310 	 train_loss:0.031116893514990807 	 test_loss: 0.03195168823003769 	 test_min_loss: 0.03195168823003769 	 difference: 0.0008347947150468826 	 st1_acc:0.351146449704142 	 st2_acc:0.5297090729783037 	 st3_acc:0.761094674556213
2325 	 train_loss:0.031016523018479347 	 test_loss: 0.0318574458360672 	 test_min_loss: 0.0318574458360672 	 difference: 0.0008409228175878525 	 st1_acc:0.35237919132149903 	 st2_acc:0.5306336291913215 	 st3_acc:0.7630054240631163
2340 	 train_loss:0.030917586758732796 	 test_loss: 0.03176463022828102 	 test_min_loss: 0.03176463022828102 	 difference: 0.0008470434695482254 	 st1_acc:0.3536735700197239 	 st2_acc:0.5319896449704142 	 st3_acc:0.763560157790927
2355 	 train_loss:0.030820060521364212 	 test_loss: 0.03167322650551796 	 test_min_loss: 0.03167322650551796 	 difference: 0.0008531659841537476 	 st1_acc:0.355276134122288 	 st2_acc:0.533284023668639 	 st3_acc:0.7649161735700197
2370 	 train_loss:0.030723929405212402 	 test_loss: 0.03158321604132652 	 test_min_loss: 0.03158321604132652 	 difference: 0.0008592866361141205 	 st1_acc:0.3563856015779093 	 st2_acc:0.5347633136094675 	 st3_acc:0.7667036489151874
2385 	 train_loss:0.030629167333245277 	 test_loss: 0.03149457648396492 	 test_min_loss: 0.03149457648396492 	 difference: 0.0008654091507196426 	 st1_acc:0.35761834319526625 	 st2_acc:0.5362426035502958 	 st3_acc:0.7685527613412229
2400 	 train_loss:0.0305357426404953 	 test_loss: 0.031407296657562256 	 test_min_loss: 0.031407296657562256 	 difference: 0.0008715540170669556 	 st1_acc:0.3579265285996055 	 st2_acc:0.5367973372781065 	 st3_acc:0.7692307692307693
2415 	 train_loss:0.030443640425801277 	 test_loss: 0.03132135421037674 	 test_min_loss: 0.03132135421037674 	 difference: 0.0008777137845754623 	 st1_acc:0.35866617357001973 	 st2_acc:0.53784516765286 	 st3_acc:0.7703402366863905
2430 	 train_loss:0.030352836474776268 	 test_loss: 0.031236717477440834 	 test_min_loss: 0.031236717477440834 	 difference: 0.000883881002664566 	 st1_acc:0.3593441814595661 	 st2_acc:0.5387697238658777 	 st3_acc:0.7703402366863905
2445 	 train_loss:0.03026331402361393 	 test_loss: 0.031153380870819092 	 test_min_loss: 0.031153380870819092 	 difference: 0.000890066847205162 	 st1_acc:0.3605769230769231 	 st2_acc:0.5404955621301775 	 st3_acc:0.7720044378698225
2460 	 train_loss:0.03017505630850792 	 test_loss: 0.031071314588189125 	 test_min_loss: 0.031071314588189125 	 difference: 0.0008962582796812057 	 st1_acc:0.3608851084812623 	 st2_acc:0.5413584812623274 	 st3_acc:0.7731139053254438
2475 	 train_loss:0.030088035389780998 	 test_loss: 0.03099050559103489 	 test_min_loss: 0.03099050559103489 	 difference: 0.000902470201253891 	 st1_acc:0.36180966469428005 	 st2_acc:0.542344674556213 	 st3_acc:0.7745931952662722
2490 	 train_loss:0.03000224009156227 	 test_loss: 0.030910931527614594 	 test_min_loss: 0.030910931527614594 	 difference: 0.0009086914360523224 	 st1_acc:0.36180966469428005 	 st2_acc:0.5432692307692307 	 st3_acc:0.7759492110453649
2505 	 train_loss:0.029917657375335693 	 test_loss: 0.030832577496767044 	 test_min_loss: 0.030832577496767044 	 difference: 0.0009149201214313507 	 st1_acc:0.36322731755424065 	 st2_acc:0.5451183431952663 	 st3_acc:0.7769970414201184
2520 	 train_loss:0.02983427420258522 	 test_loss: 0.03075542114675045 	 test_min_loss: 0.03075542114675045 	 difference: 0.0009211469441652298 	 st1_acc:0.3636587771203156 	 st2_acc:0.5461661735700197 	 st3_acc:0.777983234714004
2535 	 train_loss:0.02975207008421421 	 test_loss: 0.030679451301693916 	 test_min_loss: 0.030679451301693916 	 difference: 0.0009273812174797058 	 st1_acc:0.3641518737672584 	 st2_acc:0.5470907297830375 	 st3_acc:0.7789077909270217
2550 	 train_loss:0.029671037569642067 	 test_loss: 0.0306046511977911 	 test_min_loss: 0.0306046511977911 	 difference: 0.0009336136281490326 	 st1_acc:0.36519970414201186 	 st2_acc:0.5488782051282052 	 st3_acc:0.7798939842209073
2565 	 train_loss:0.029591163620352745 	 test_loss: 0.030531002208590508 	 test_min_loss: 0.030531002208590508 	 difference: 0.0009398385882377625 	 st1_acc:0.36587771203155817 	 st2_acc:0.5502342209072978 	 st3_acc:0.7805719921104537
2580 	 train_loss:0.02951243706047535 	 test_loss: 0.030458487570285797 	 test_min_loss: 0.030458487570285797 	 difference: 0.0009460505098104477 	 st1_acc:0.3666173570019724 	 st2_acc:0.5507273175542406 	 st3_acc:0.7817430966469427
2595 	 train_loss:0.029434842988848686 	 test_loss: 0.030387094244360924 	 test_min_loss: 0.030387094244360924 	 difference: 0.0009522512555122375 	 st1_acc:0.36797337278106507 	 st2_acc:0.552206607495069 	 st3_acc:0.7827909270216963
2610 	 train_loss:0.02935837022960186 	 test_loss: 0.030316807329654694 	 test_min_loss: 0.030316807329654694 	 difference: 0.0009584371000528336 	 st1_acc:0.36889792899408286 	 st2_acc:0.553069526627219 	 st3_acc:0.7840853057199211
2625 	 train_loss:0.029283015057444572 	 test_loss: 0.030247608199715614 	 test_min_loss: 0.030247608199715614 	 difference: 0.0009645931422710419 	 st1_acc:0.3697608481262327 	 st2_acc:0.5550419132149902 	 st3_acc:0.7846400394477318
2640 	 train_loss:0.029208755120635033 	 test_loss: 0.03017948567867279 	 test_min_loss: 0.03017948567867279 	 difference: 0.0009707305580377579 	 st1_acc:0.3708086785009862 	 st2_acc:0.5557199211045365 	 st3_acc:0.7860576923076923
2655 	 train_loss:0.029135584831237793 	 test_loss: 0.03011241927742958 	 test_min_loss: 0.03011241927742958 	 difference: 0.0009768344461917877 	 st1_acc:0.3721646942800789 	 st2_acc:0.5573224852071006 	 st3_acc:0.7871671597633136
2670 	 train_loss:0.02906349115073681 	 test_loss: 0.03004639968276024 	 test_min_loss: 0.03004639968276024 	 difference: 0.0009829085320234299 	 st1_acc:0.37308925049309666 	 st2_acc:0.5576306706114399 	 st3_acc:0.7879684418145957
2685 	 train_loss:0.028992459177970886 	 test_loss: 0.029981406405568123 	 test_min_loss: 0.029981406405568123 	 difference: 0.0009889472275972366 	 st1_acc:0.3741370808678501 	 st2_acc:0.5587401380670611 	 st3_acc:0.7891395463510849
2700 	 train_loss:0.02892247959971428 	 test_loss: 0.029917428269982338 	 test_min_loss: 0.029917428269982338 	 difference: 0.0009949486702680588 	 st1_acc:0.375 	 st2_acc:0.5593565088757396 	 st3_acc:0.7901257396449705
2715 	 train_loss:0.028853533789515495 	 test_loss: 0.029854442924261093 	 test_min_loss: 0.029854442924261093 	 difference: 0.0010009091347455978 	 st1_acc:0.37629437869822485 	 st2_acc:0.5600961538461539 	 st3_acc:0.7909270216962525
2730 	 train_loss:0.028785603120923042 	 test_loss: 0.029792439192533493 	 test_min_loss: 0.029792439192533493 	 difference: 0.0010068360716104507 	 st1_acc:0.3769723865877712 	 st2_acc:0.560465976331361 	 st3_acc:0.7909886587771203
2745 	 train_loss:0.028718680143356323 	 test_loss: 0.029731400310993195 	 test_min_loss: 0.029731400310993195 	 difference: 0.0010127201676368713 	 st1_acc:0.3769723865877712 	 st2_acc:0.5614521696252466 	 st3_acc:0.7919748520710059
2760 	 train_loss:0.0286527331918478 	 test_loss: 0.029671302065253258 	 test_min_loss: 0.029671302065253258 	 difference: 0.0010185688734054565 	 st1_acc:0.37752712031558183 	 st2_acc:0.5620685404339251 	 st3_acc:0.7927144970414202
2775 	 train_loss:0.02858775481581688 	 test_loss: 0.029612137004733086 	 test_min_loss: 0.029612137004733086 	 difference: 0.0010243821889162064 	 st1_acc:0.3779585798816568 	 st2_acc:0.5622534516765286 	 st3_acc:0.7933925049309665
2790 	 train_loss:0.028523722663521767 	 test_loss: 0.029553880915045738 	 test_min_loss: 0.029553880915045738 	 difference: 0.0010301582515239716 	 st1_acc:0.37875986193293887 	 st2_acc:0.5636711045364892 	 st3_acc:0.7948717948717948
2805 	 train_loss:0.028460614383220673 	 test_loss: 0.02949652262032032 	 test_min_loss: 0.02949652262032032 	 difference: 0.0010359082370996475 	 st1_acc:0.37943786982248523 	 st2_acc:0.5650271203155819 	 st3_acc:0.7957963510848126
2820 	 train_loss:0.0283984187990427 	 test_loss: 0.02944004535675049 	 test_min_loss: 0.02944004535675049 	 difference: 0.0010416265577077866 	 st1_acc:0.3798076923076923 	 st2_acc:0.5654585798816568 	 st3_acc:0.7962894477317555
2835 	 train_loss:0.02833711914718151 	 test_loss: 0.0293844286352396 	 test_min_loss: 0.0293844286352396 	 difference: 0.0010473094880580902 	 st1_acc:0.3803007889546351 	 st2_acc:0.5668762327416174 	 st3_acc:0.7978920118343196
 2850 	 train_loss:0.028276696801185608 	 test_loss: 0.029329663142561913 	 test_min_loss: 0.029329663142561913 	 difference: 0.0010529663413763046 	 st1_acc:0.38147189349112426 	 st2_acc:0.5682322485207101 	 st3_acc:0.7990631163708086
2865 	 train_loss:0.028217144310474396 	 test_loss: 0.02927573397755623 	 test_min_loss: 0.02927573397755623 	 difference: 0.0010585896670818329 	 st1_acc:0.3817800788954635 	 st2_acc:0.5690335305719921 	 st3_acc:0.7998643984220908
2880 	 train_loss:0.02815844491124153 	 test_loss: 0.029222629964351654 	 test_min_loss: 0.029222629964351654 	 difference: 0.0010641850531101227 	 st1_acc:0.3823348126232742 	 st2_acc:0.5702662721893491 	 st3_acc:0.8010971400394478
2895 	 train_loss:0.02810058929026127 	 test_loss: 0.029170336201786995 	 test_min_loss: 0.029170336201786995 	 difference: 0.0010697469115257263 	 st1_acc:0.3826429980276134 	 st2_acc:0.5708210059171598 	 st3_acc:0.8018984220907298
2910 	 train_loss:0.028043562546372414 	 test_loss: 0.029118837788701057 	 test_min_loss: 0.029118837788701057 	 difference: 0.0010752752423286438 	 st1_acc:0.3833210059171598 	 st2_acc:0.571992110453649 	 st3_acc:0.8031928007889546
2925 	 train_loss:0.027987351641058922 	 test_loss: 0.029068121686577797 	 test_min_loss: 0.029068121686577797 	 difference: 0.0010807700455188751 	 st1_acc:0.3833826429980276 	 st2_acc:0.5722386587771203 	 st3_acc:0.8036858974358975
2940 	 train_loss:0.027931947261095047 	 test_loss: 0.029018178582191467 	 test_min_loss: 0.029018178582191467 	 difference: 0.0010862313210964203 	 st1_acc:0.38480029585798814 	 st2_acc:0.5738412228796844 	 st3_acc:0.8044255424063116
2955 	 train_loss:0.027877341955900192 	 test_loss: 0.028968995437026024 	 test_min_loss: 0.028968995437026024 	 difference: 0.0010916534811258316 	 st1_acc:0.38529339250493094 	 st2_acc:0.57482741617357 	 st3_acc:0.8052268244575936
2970 	 train_loss:0.027823522686958313 	 test_loss: 0.02892056107521057 	 test_min_loss: 0.02892056107521057 	 difference: 0.0010970383882522583 	 st1_acc:0.386094674556213 	 st2_acc:0.5761834319526628 	 st3_acc:0.8060897435897436
2985 	 train_loss:0.027770468965172768 	 test_loss: 0.028872858732938766 	 test_min_loss: 0.028872858732938766 	 difference: 0.0011023897677659988 	 st1_acc:0.386094674556213 	 st2_acc:0.5761217948717948 	 st3_acc:0.8065212031558185
3000 	 train_loss:0.027718182653188705 	 test_loss: 0.028825880959630013 	 test_min_loss: 0.028825880959630013 	 difference: 0.001107698306441307 	 st1_acc:0.38621794871794873 	 st2_acc:0.5771696252465484 	 st3_acc:0.8071992110453649
3015 	 train_loss:0.027666645124554634 	 test_loss: 0.028779610991477966 	 test_min_loss: 0.028779610991477966 	 difference: 0.0011129658669233322 	 st1_acc:0.3870808678500986 	 st2_acc:0.5783407297830375 	 st3_acc:0.8078772189349113
3030 	 train_loss:0.027615848928689957 	 test_loss: 0.028734048828482628 	 test_min_loss: 0.028734048828482628 	 difference: 0.0011181998997926712 	 st1_acc:0.3886834319526627 	 st2_acc:0.5800049309664694 	 st3_acc:0.8092948717948718
3045 	 train_loss:0.027565771713852882 	 test_loss: 0.028689172118902206 	 test_min_loss: 0.028689172118902206 	 difference: 0.001123400405049324 	 st1_acc:0.38985453648915186 	 st2_acc:0.5814842209072978 	 st3_acc:0.8100961538461539
3060 	 train_loss:0.027516409754753113 	 test_loss: 0.028644977137446404 	 test_min_loss: 0.028644977137446404 	 difference: 0.0011285673826932907 	 st1_acc:0.38985453648915186 	 st2_acc:0.5817924063116371 	 st3_acc:0.810465976331361
3075 	 train_loss:0.0274677574634552 	 test_loss: 0.028601448982954025 	 test_min_loss: 0.028601448982954025 	 difference: 0.001133691519498825 	 st1_acc:0.3906558185404339 	 st2_acc:0.582223865877712 	 st3_acc:0.8107125246548323
3090 	 train_loss:0.027419796213507652 	 test_loss: 0.028558583930134773 	 test_min_loss: 0.028558583930134773 	 difference: 0.001138787716627121 	 st1_acc:0.39096400394477315 	 st2_acc:0.5825320512820513 	 st3_acc:0.8113288954635108
3105 	 train_loss:0.02737252041697502 	 test_loss: 0.028516367077827454 	 test_min_loss: 0.028516367077827454 	 difference: 0.0011438466608524323 	 st1_acc:0.3906558185404339 	 st2_acc:0.5824087771203156 	 st3_acc:0.8119452662721893
3120 	 train_loss:0.027325918897986412 	 test_loss: 0.02847479097545147 	 test_min_loss: 0.02847479097545147 	 difference: 0.0011488720774650574 	 st1_acc:0.39127218934911245 	 st2_acc:0.5833949704142012 	 st3_acc:0.8125616370808678
3135 	 train_loss:0.027279982343316078 	 test_loss: 0.028433846309781075 	 test_min_loss: 0.028433846309781075 	 difference: 0.0011538639664649963 	 st1_acc:0.3920734714003945 	 st2_acc:0.5839497041420119 	 st3_acc:0.8126232741617357
3150 	 train_loss:0.027234703302383423 	 test_loss: 0.02839352935552597 	 test_min_loss: 0.02839352935552597 	 difference: 0.0011588260531425476 	 st1_acc:0.3927514792899408 	 st2_acc:0.5845660749506904 	 st3_acc:0.8134861932938856
3165 	 train_loss:0.02719007059931755 	 test_loss: 0.028353828936815262 	 test_min_loss: 0.028353828936815262 	 difference: 0.0011637583374977112 	 st1_acc:0.39299802761341224 	 st2_acc:0.5854906311637081 	 st3_acc:0.8138560157790927
3180 	 train_loss:0.027146076783537865 	 test_loss: 0.028314735740423203 	 test_min_loss: 0.028314735740423203 	 difference: 0.0011686589568853378 	 st1_acc:0.39293639053254437 	 st2_acc:0.5853673570019724 	 st3_acc:0.8140409270216963
3195 	 train_loss:0.02710271067917347 	 test_loss: 0.028276244178414345 	 test_min_loss: 0.028276244178414345 	 difference: 0.0011735334992408752 	 st1_acc:0.39349112426035504 	 st2_acc:0.5854289940828402 	 st3_acc:0.8140409270216963
3210 	 train_loss:0.02705996297299862 	 test_loss: 0.028238337486982346 	 test_min_loss: 0.028238337486982346 	 difference: 0.0011783745139837265 	 st1_acc:0.39349112426035504 	 st2_acc:0.5859837278106509 	 st3_acc:0.8148422090729783
3225 	 train_loss:0.027017826214432716 	 test_loss: 0.028201015666127205 	 test_min_loss: 0.028201015666127205 	 difference: 0.0011831894516944885 	 st1_acc:0.3943540433925049 	 st2_acc:0.5861686390532544 	 st3_acc:0.8150887573964497
3240 	 train_loss:0.02697628177702427 	 test_loss: 0.028164256364107132 	 test_min_loss: 0.028164256364107132 	 difference: 0.0011879745870828629 	 st1_acc:0.3948471400394477 	 st2_acc:0.5866000986193294 	 st3_acc:0.8157051282051282
3255 	 train_loss:0.02693532221019268 	 test_loss: 0.02812804840505123 	 test_min_loss: 0.02812804840505123 	 difference: 0.001192726194858551 	 st1_acc:0.3954018737672584 	 st2_acc:0.5877712031558185 	 st3_acc:0.8163831360946746
3270 	 train_loss:0.02689492702484131 	 test_loss: 0.02809240110218525 	 test_min_loss: 0.02809240110218525 	 difference: 0.0011974740773439407 	 st1_acc:0.3952785996055227 	 st2_acc:0.5878944773175543 	 st3_acc:0.816629684418146
3285 	 train_loss:0.026855235919356346 	 test_loss: 0.028056740760803223 	 test_min_loss: 0.028056740760803223 	 difference: 0.0012015048414468765 	 st1_acc:0.39607988165680474 	 st2_acc:0.588387573964497 	 st3_acc:0.8174926035502958
3300 	 train_loss:0.026817012578248978 	 test_loss: 0.028021903708577156 	 test_min_loss: 0.028021903708577156 	 difference: 0.0012048911303281784 	 st1_acc:0.39644970414201186 	 st2_acc:0.5885724852071006 	 st3_acc:0.8179857001972387
3315 	 train_loss:0.02677741087973118 	 test_loss: 0.027987847104668617 	 test_min_loss: 0.027987847104668617 	 difference: 0.001210436224937439 	 st1_acc:0.39669625246548323 	 st2_acc:0.5887573964497042 	 st3_acc:0.8185404339250493
3330 	 train_loss:0.026738913729786873 	 test_loss: 0.027954524382948875 	 test_min_loss: 0.027954524382948875 	 difference: 0.0012156106531620026 	 st1_acc:0.3973742603550296 	 st2_acc:0.5904215976331361 	 st3_acc:0.8189718934911243
3345 	 train_loss:0.026701223105192184 	 test_loss: 0.02792181633412838 	 test_min_loss: 0.02792181633412838 	 difference: 0.0012205932289361954 	 st1_acc:0.3979906311637081 	 st2_acc:0.5914077909270217 	 st3_acc:0.8190335305719921
3360 	 train_loss:0.026664048433303833 	 test_loss: 0.027889199554920197 	 test_min_loss: 0.027889199554920197 	 difference: 0.0012251511216163635 	 st1_acc:0.39854536489151876 	 st2_acc:0.5918392504930966 	 st3_acc:0.8193417159763313
3375 	 train_loss:0.02662738598883152 	 test_loss: 0.027856919914484024 	 test_min_loss: 0.027856919914484024 	 difference: 0.001229533925652504 	 st1_acc:0.3984837278106509 	 st2_acc:0.5918392504930966 	 st3_acc:0.8199580867850098
3390 	 train_loss:0.026591215282678604 	 test_loss: 0.027825267985463142 	 test_min_loss: 0.027825267985463142 	 difference: 0.0012340527027845383 	 st1_acc:0.398422090729783 	 st2_acc:0.5914077909270217 	 st3_acc:0.8200197238658777
3405 	 train_loss:0.026555538177490234 	 test_loss: 0.027794016525149345 	 test_min_loss: 0.027794016525149345 	 difference: 0.001238478347659111 	 st1_acc:0.398422090729783 	 st2_acc:0.591284516765286 	 st3_acc:0.8200813609467456
3420 	 train_loss:0.02652033418416977 	 test_loss: 0.027763206511735916 	 test_min_loss: 0.027763206511735916 	 difference: 0.0012428723275661469 	 st1_acc:0.39879191321499013 	 st2_acc:0.5917776134122288 	 st3_acc:0.8210059171597633
3435 	 train_loss:0.02648560330271721 	 test_loss: 0.027732836082577705 	 test_min_loss: 0.027732836082577705 	 difference: 0.0012472327798604965 	 st1_acc:0.39873027613412226 	 st2_acc:0.591654339250493 	 st3_acc:0.8208826429980276
3450 	 train_loss:0.026451334357261658 	 test_loss: 0.027702882885932922 	 test_min_loss: 0.027702882885932922 	 difference: 0.0012515485286712646 	 st1_acc:0.39971646942800787 	 st2_acc:0.5919625246548323 	 st3_acc:0.8210059171597633
3465 	 train_loss:0.026417622342705727 	 test_loss: 0.027674300596117973 	 test_min_loss: 0.027674300596117973 	 difference: 0.0012566782534122467 	 st1_acc:0.40064102564102566 	 st2_acc:0.5928870808678501 	 st3_acc:0.8209442800788954
3480 	 train_loss:0.026386665180325508 	 test_loss: 0.027649788185954094 	 test_min_loss: 0.027649788185954094 	 difference: 0.0012631230056285858 	 st1_acc:0.40125739644970415 	 st2_acc:0.5933801775147929 	 st3_acc:0.8202046351084813
3495 	 train_loss:0.02635146677494049 	 test_loss: 0.0276174433529377 	 test_min_loss: 0.0276174433529377 	 difference: 0.0012659765779972076 	 st1_acc:0.40125739644970415 	 st2_acc:0.5928254437869822 	 st3_acc:0.8210675542406312
3510 	 train_loss:0.02631882205605507 	 test_loss: 0.02758759632706642 	 test_min_loss: 0.02758759632706642 	 difference: 0.0012687742710113525 	 st1_acc:0.4011957593688363 	 st2_acc:0.5928254437869822 	 st3_acc:0.821992110453649
3525 	 train_loss:0.026286741718649864 	 test_loss: 0.027559220790863037 	 test_min_loss: 0.027559220790863037 	 difference: 0.001272479072213173 	 st1_acc:0.40199704142011833 	 st2_acc:0.5934418145956607 	 st3_acc:0.822793392504931
3540 	 train_loss:0.02625507488846779 	 test_loss: 0.027531858533620834 	 test_min_loss: 0.027531858533620834 	 difference: 0.0012767836451530457 	 st1_acc:0.4023052268244576 	 st2_acc:0.5935650887573964 	 st3_acc:0.8229166666666666
3555 	 train_loss:0.026223845779895782 	 test_loss: 0.02750483900308609 	 test_min_loss: 0.02750483900308609 	 difference: 0.0012809932231903076 	 st1_acc:0.4021819526627219 	 st2_acc:0.5936883629191322 	 st3_acc:0.8232248520710059
3570 	 train_loss:0.02619301527738571 	 test_loss: 0.027478059753775597 	 test_min_loss: 0.027478059753775597 	 difference: 0.001285044476389885 	 st1_acc:0.4030448717948718 	 st2_acc:0.5941814595660749 	 st3_acc:0.823594674556213
3585 	 train_loss:0.026162583380937576 	 test_loss: 0.027451692149043083 	 test_min_loss: 0.027451692149043083 	 difference: 0.001289108768105507 	 st1_acc:0.4034146942800789 	 st2_acc:0.5947361932938856 	 st3_acc:0.8239028599605522
3600 	 train_loss:0.02613254263997078 	 test_loss: 0.02742568776011467 	 test_min_loss: 0.02742568776011467 	 difference: 0.0012931451201438904 	 st1_acc:0.40372287968441817 	 st2_acc:0.5947978303747534 	 st3_acc:0.8242726824457594
3615 	 train_loss:0.026102881878614426 	 test_loss: 0.027400029823184013 	 test_min_loss: 0.027400029823184013 	 difference: 0.0012971479445695877 	 st1_acc:0.40409270216962523 	 st2_acc:0.5951060157790927 	 st3_acc:0.8246425049309665
3630 	 train_loss:0.026073601096868515 	 test_loss: 0.027374768629670143 	 test_min_loss: 0.027374768629670143 	 difference: 0.0013011675328016281 	 st1_acc:0.4042776134122288 	 st2_acc:0.5950443786982249 	 st3_acc:0.8245192307692307
3645 	 train_loss:0.02604493871331215 	 test_loss: 0.027349110692739487 	 test_min_loss: 0.027349110692739487 	 difference: 0.0013041719794273376 	 st1_acc:0.40483234714003946 	 st2_acc:0.5953525641025641 	 st3_acc:0.8256903353057199
3660 	 train_loss:0.026018306612968445 	 test_loss: 0.027324311435222626 	 test_min_loss: 0.027324311435222626 	 difference: 0.001306004822254181 	 st1_acc:0.4036612426035503 	 st2_acc:0.5947361932938856 	 st3_acc:0.8264299802761341
3675 	 train_loss:0.025988241657614708 	 test_loss: 0.02730082906782627 	 test_min_loss: 0.02730082906782627 	 difference: 0.0013125874102115631 	 st1_acc:0.4047090729783038 	 st2_acc:0.5956607495069034 	 st3_acc:0.8253821499013807
3690 	 train_loss:0.02596024051308632 	 test_loss: 0.0272773839533329 	 test_min_loss: 0.0272773839533329 	 difference: 0.001317143440246582 	 st1_acc:0.40483234714003946 	 st2_acc:0.5959072978303748 	 st3_acc:0.8251972386587771
3705 	 train_loss:0.02593270130455494 	 test_loss: 0.027253154665231705 	 test_min_loss: 0.027253154665231705 	 difference: 0.0013204533606767654 	 st1_acc:0.4047707100591716 	 st2_acc:0.5963387573964497 	 st3_acc:0.8257519723865878
3720 	 train_loss:0.025905542075634003 	 test_loss: 0.027230054140090942 	 test_min_loss: 0.027230054140090942 	 difference: 0.0013245120644569397 	 st1_acc:0.4052021696252465 	 st2_acc:0.5969551282051282 	 st3_acc:0.8259985207100592
3735 	 train_loss:0.02587873302400112 	 test_loss: 0.027206910774111748 	 test_min_loss: 0.027206910774111748 	 difference: 0.0013281777501106262 	 st1_acc:0.40507889546351084 	 st2_acc:0.5971400394477318 	 st3_acc:0.826060157790927
3750 	 train_loss:0.025852259248495102 	 test_loss: 0.027184195816516876 	 test_min_loss: 0.027184195816516876 	 difference: 0.0013319365680217743 	 st1_acc:0.4053870808678501 	 st2_acc:0.5976331360946746 	 st3_acc:0.8263683431952663
3765 	 train_loss:0.02582610584795475 	 test_loss: 0.027161814272403717 	 test_min_loss: 0.027161814272403717 	 difference: 0.001335708424448967 	 st1_acc:0.40594181459566075 	 st2_acc:0.5978180473372781 	 st3_acc:0.8264299802761341
3780 	 train_loss:0.025800274685025215 	 test_loss: 0.027139663696289062 	 test_min_loss: 0.027139663696289062 	 difference: 0.0013393890112638474 	 st1_acc:0.4060034516765286 	 st2_acc:0.5977564102564102 	 st3_acc:0.8264299802761341
3795 	 train_loss:0.025777192786335945 	 test_loss: 0.02712104842066765 	 test_min_loss: 0.02712104842066765 	 difference: 0.0013438556343317032 	 st1_acc:0.40692800788954636 	 st2_acc:0.5984960552268245 	 st3_acc:0.8254437869822485
3810 	 train_loss:0.025751514360308647 	 test_loss: 0.027101989835500717 	 test_min_loss: 0.027101989835500717 	 difference: 0.00135047547519207 	 st1_acc:0.40742110453648916 	 st2_acc:0.5988658777120316 	 st3_acc:0.82482741617357
3825 	 train_loss:0.025725364685058594 	 test_loss: 0.027074547484517097 	 test_min_loss: 0.027074547484517097 	 difference: 0.0013491827994585037 	 st1_acc:0.4068047337278107 	 st2_acc:0.5990507889546351 	 st3_acc:0.8280325443786982
3840 	 train_loss:0.0257001593708992 	 test_loss: 0.027053730562329292 	 test_min_loss: 0.027053730562329292 	 difference: 0.0013535711914300919 	 st1_acc:0.4072361932938856 	 st2_acc:0.5992357001972387 	 st3_acc:0.8282174556213018
3855 	 train_loss:0.025675827637314796 	 test_loss: 0.027033649384975433 	 test_min_loss: 0.027033649384975433 	 difference: 0.001357821747660637 	 st1_acc:0.407482741617357 	 st2_acc:0.5996055226824457 	 st3_acc:0.8282174556213018
3870 	 train_loss:0.025651805102825165 	 test_loss: 0.027012815698981285 	 test_min_loss: 0.027012815698981285 	 difference: 0.0013610105961561203 	 st1_acc:0.4076060157790927 	 st2_acc:0.5998520710059172 	 st3_acc:0.8284640039447732
3885 	 train_loss:0.025628075003623962 	 test_loss: 0.026992768049240112 	 test_min_loss: 0.026992768049240112 	 difference: 0.00136469304561615 	 st1_acc:0.4077292899408284 	 st2_acc:0.5997904339250493 	 st3_acc:0.8285872781065089
3900 	 train_loss:0.02560463175177574 	 test_loss: 0.026972884312272072 	 test_min_loss: 0.026972884312272072 	 difference: 0.0013682525604963303 	 st1_acc:0.4079758382642998 	 st2_acc:0.5997904339250493 	 st3_acc:0.8287721893491125
3915 	 train_loss:0.02558146044611931 	 test_loss: 0.026953179389238358 	 test_min_loss: 0.026953179389238358 	 difference: 0.001371718943119049 	 st1_acc:0.40853057199211046 	 st2_acc:0.6001602564102564 	 st3_acc:0.8287721893491125
3930 	 train_loss:0.025558562949299812 	 test_loss: 0.026933688670396805 	 test_min_loss: 0.026933688670396805 	 difference: 0.0013751257210969925 	 st1_acc:0.40865384615384615 	 st2_acc:0.6004068047337278 	 st3_acc:0.8293269230769231
3945 	 train_loss:0.025536049157381058 	 test_loss: 0.02691549062728882 	 test_min_loss: 0.02691549062728882 	 difference: 0.0013794414699077606 	 st1_acc:0.40914694280078895 	 st2_acc:0.6010231755424064 	 st3_acc:0.8292652859960552
3960 	 train_loss:0.02551417611539364 	 test_loss: 0.026897501200437546 	 test_min_loss: 0.026897501200437546 	 difference: 0.0013833250850439072 	 st1_acc:0.40964003944773175 	 st2_acc:0.601146449704142 	 st3_acc:0.8292036489151874
3975 	 train_loss:0.02549169398844242 	 test_loss: 0.02687598392367363 	 test_min_loss: 0.02687598392367363 	 difference: 0.0013842899352312088 	 st1_acc:0.4082223865877712 	 st2_acc:0.6009615384615384 	 st3_acc:0.8306829388560157
3990 	 train_loss:0.02547033131122589 	 test_loss: 0.026859723031520844 	 test_min_loss: 0.026859723031520844 	 difference: 0.0013893917202949524 	 st1_acc:0.40859220907297833 	 st2_acc:0.6006533530571992 	 st3_acc:0.8300049309664694
4005 	 train_loss:0.0254481453448534 	 test_loss: 0.02683989331126213 	 test_min_loss: 0.02683989331126213 	 difference: 0.0013917479664087296 	 st1_acc:0.40902366863905326 	 st2_acc:0.6009615384615384 	 st3_acc:0.8304363905325444
4020 	 train_loss:0.025426696985960007 	 test_loss: 0.026822004467248917 	 test_min_loss: 0.026822004467248917 	 difference: 0.00139530748128891 	 st1_acc:0.40951676528599606 	 st2_acc:0.6017011834319527 	 st3_acc:0.8303131163708086
4035 	 train_loss:0.025405578315258026 	 test_loss: 0.026804253458976746 	 test_min_loss: 0.026804253458976746 	 difference: 0.0013986751437187195 	 st1_acc:0.41000986193293887 	 st2_acc:0.601947731755424 	 st3_acc:0.8302514792899408
4050 	 train_loss:0.02538471482694149 	 test_loss: 0.02678658626973629 	 test_min_loss: 0.02678658626973629 	 difference: 0.0014018714427947998 	 st1_acc:0.41013313609467456 	 st2_acc:0.601947731755424 	 st3_acc:0.8305596646942801
4065 	 train_loss:0.02536427229642868 	 test_loss: 0.02676960453391075 	 test_min_loss: 0.02676960453391075 	 difference: 0.001405332237482071 	 st1_acc:0.41062623274161736 	 st2_acc:0.6026873767258383 	 st3_acc:0.8303131163708086
4080 	 train_loss:0.02534598857164383 	 test_loss: 0.026751825585961342 	 test_min_loss: 0.026751825585961342 	 difference: 0.0014058370143175125 	 st1_acc:0.40828402366863903 	 st2_acc:0.6010231755424064 	 st3_acc:0.8323471400394478
4095 	 train_loss:0.025326304137706757 	 test_loss: 0.02673395536839962 	 test_min_loss: 0.02673395536839962 	 difference: 0.0014076512306928635 	 st1_acc:0.40877712031558183 	 st2_acc:0.6017011834319527 	 st3_acc:0.8325320512820513
4110 	 train_loss:0.025304125621914864 	 test_loss: 0.026720143854618073 	 test_min_loss: 0.026720143854618073 	 difference: 0.001416018232703209 	 st1_acc:0.41124260355029585 	 st2_acc:0.6035502958579881 	 st3_acc:0.8304980276134122
4125 	 train_loss:0.025283891707658768 	 test_loss: 0.026701319962739944 	 test_min_loss: 0.026701319962739944 	 difference: 0.0014174282550811768 	 st1_acc:0.41025641025641024 	 st2_acc:0.6028722879684418 	 st3_acc:0.83142258382643
4140 	 train_loss:0.02526441402733326 	 test_loss: 0.026684939861297607 	 test_min_loss: 0.026684939861297607 	 difference: 0.0014205258339643478 	 st1_acc:0.41037968441814593 	 st2_acc:0.6031188362919132 	 st3_acc:0.8315458579881657
4155 	 train_loss:0.02524517849087715 	 test_loss: 0.026668934151530266 	 test_min_loss: 0.026668934151530266 	 difference: 0.0014237556606531143 	 st1_acc:0.41050295857988167 	 st2_acc:0.6029339250493096 	 st3_acc:0.8311143984220908
4170 	 train_loss:0.0252260509878397 	 test_loss: 0.026652898639440536 	 test_min_loss: 0.026652898639440536 	 difference: 0.0014268476516008377 	 st1_acc:0.4098249506903353 	 st2_acc:0.6025024654832347 	 st3_acc:0.8311143984220908
4185 	 train_loss:0.02520783245563507 	 test_loss: 0.026640010997653008 	 test_min_loss: 0.026640010997653008 	 difference: 0.0014321785420179367 	 st1_acc:0.41136587771203154 	 st2_acc:0.6033037475345168 	 st3_acc:0.8304980276134122
4200 	 train_loss:0.025188658386468887 	 test_loss: 0.02662470005452633 	 test_min_loss: 0.02662470005452633 	 difference: 0.0014360416680574417 	 st1_acc:0.41167406311637084 	 st2_acc:0.6034886587771203 	 st3_acc:0.8308678500986193
4215 	 train_loss:0.02517028898000717 	 test_loss: 0.026606010273098946 	 test_min_loss: 0.026606010273098946 	 difference: 0.001435721293091774 	 st1_acc:0.4104413214990138 	 st2_acc:0.6030571992110454 	 st3_acc:0.8317307692307693
4230 	 train_loss:0.02515213005244732 	 test_loss: 0.02659015916287899 	 test_min_loss: 0.02659015916287899 	 difference: 0.0014380291104316711 	 st1_acc:0.4101947731755424 	 st2_acc:0.6027490138067061 	 st3_acc:0.8322855029585798
4245 	 train_loss:0.02513389103114605 	 test_loss: 0.02657606452703476 	 test_min_loss: 0.02657606452703476 	 difference: 0.00144217349588871 	 st1_acc:0.41111932938856016 	 st2_acc:0.6035502958579881 	 st3_acc:0.8321005917159763
4260 	 train_loss:0.02511606179177761 	 test_loss: 0.026560993865132332 	 test_min_loss: 0.026560993865132332 	 difference: 0.001444932073354721 	 st1_acc:0.41124260355029585 	 st2_acc:0.6036735700197239 	 st3_acc:0.8324087771203156
4275 	 train_loss:0.02510005049407482 	 test_loss: 0.026547743007540703 	 test_min_loss: 0.026547743007540703 	 difference: 0.0014476925134658813 	 st1_acc:0.41167406311637084 	 st2_acc:0.6044748520710059 	 st3_acc:0.8317924063116371
4290 	 train_loss:0.025081604719161987 	 test_loss: 0.026530692353844643 	 test_min_loss: 0.026530692353844643 	 difference: 0.0014490876346826553 	 st1_acc:0.41074950690335305 	 st2_acc:0.6037352071005917 	 st3_acc:0.8340729783037475
4305 	 train_loss:0.02506965398788452 	 test_loss: 0.026524508371949196 	 test_min_loss: 0.026524508371949196 	 difference: 0.0014548543840646744 	 st1_acc:0.41481755424063116 	 st2_acc:0.6072485207100592 	 st3_acc:0.8310527613412229
4320 	 train_loss:0.025046925991773605 	 test_loss: 0.026501500979065895 	 test_min_loss: 0.026501500979065895 	 difference: 0.0014545749872922897 	 st1_acc:0.4110576923076923 	 st2_acc:0.6049679487179487 	 st3_acc:0.834689349112426
4335 	 train_loss:0.025030123069882393 	 test_loss: 0.02648751251399517 	 test_min_loss: 0.02648751251399517 	 difference: 0.0014573894441127777 	 st1_acc:0.41173570019723865 	 st2_acc:0.6053994082840237 	 st3_acc:0.834319526627219
4350 	 train_loss:0.02501313015818596 	 test_loss: 0.026473887264728546 	 test_min_loss: 0.026473887264728546 	 difference: 0.0014607571065425873 	 st1_acc:0.41222879684418146 	 st2_acc:0.6059541420118343 	 st3_acc:0.834257889546351
4365 	 train_loss:0.024996589869260788 	 test_loss: 0.026459990069270134 	 test_min_loss: 0.026459990069270134 	 difference: 0.001463400200009346 	 st1_acc:0.41272189349112426 	 st2_acc:0.60607741617357 	 st3_acc:0.8345044378698225
4380 	 train_loss:0.024980660527944565 	 test_loss: 0.026448827236890793 	 test_min_loss: 0.026448827236890793 	 difference: 0.001468166708946228 	 st1_acc:0.41426282051282054 	 st2_acc:0.6069403353057199 	 st3_acc:0.8335182445759369
4395 	 train_loss:0.02497190050780773 	 test_loss: 0.02643418312072754 	 test_min_loss: 0.02643418312072754 	 difference: 0.0014622826129198074 	 st1_acc:0.4104413214990138 	 st2_acc:0.6041050295857988 	 st3_acc:0.8367850098619329
4410 	 train_loss:0.024948643520474434 	 test_loss: 0.026422446593642235 	 test_min_loss: 0.026422446593642235 	 difference: 0.001473803073167801 	 st1_acc:0.4141395463510848 	 st2_acc:0.6074334319526628 	 st3_acc:0.8332716962524654
4425 	 train_loss:0.02493259869515896 	 test_loss: 0.026407655328512192 	 test_min_loss: 0.026407655328512192 	 difference: 0.0014750566333532333 	 st1_acc:0.41420118343195267 	 st2_acc:0.6077416173570019 	 st3_acc:0.834319526627219
4440 	 train_loss:0.024916591122746468 	 test_loss: 0.026393594220280647 	 test_min_loss: 0.026393594220280647 	 difference: 0.0014770030975341797 	 st1_acc:0.41395463510848124 	 st2_acc:0.6068170611439843 	 st3_acc:0.834257889546351
4455 	 train_loss:0.024901092052459717 	 test_loss: 0.026380809023976326 	 test_min_loss: 0.026380809023976326 	 difference: 0.0014797169715166092 	 st1_acc:0.41420118343195267 	 st2_acc:0.6071868836291914 	 st3_acc:0.834257889546351
4470 	 train_loss:0.024886036291718483 	 test_loss: 0.026366548612713814 	 test_min_loss: 0.026366548612713814 	 difference: 0.0014805123209953308 	 st1_acc:0.4140162721893491 	 st2_acc:0.607310157790927 	 st3_acc:0.8357988165680473
4485 	 train_loss:0.024880481883883476 	 test_loss: 0.026368573307991028 	 test_min_loss: 0.026366548612713814 	 difference: 0.0014880914241075516 	 st1_acc:0.4178377712031558 	 st2_acc:0.6110083826429981 	 st3_acc:0.8319773175542406
4500 	 train_loss:0.02485557831823826 	 test_loss: 0.02634129673242569 	 test_min_loss: 0.02634129673242569 	 difference: 0.0014857184141874313 	 st1_acc:0.41395463510848124 	 st2_acc:0.6069403353057199 	 st3_acc:0.8354906311637081
4515 	 train_loss:0.024841243401169777 	 test_loss: 0.026328835636377335 	 test_min_loss: 0.026328835636377335 	 difference: 0.0014875922352075577 	 st1_acc:0.4140162721893491 	 st2_acc:0.6071868836291914 	 st3_acc:0.8356139053254438
4530 	 train_loss:0.024825990200042725 	 test_loss: 0.026316922158002853 	 test_min_loss: 0.026316922158002853 	 difference: 0.0014909319579601288 	 st1_acc:0.4145710059171598 	 st2_acc:0.6071868836291914 	 st3_acc:0.8351824457593688
4545 	 train_loss:0.024811407551169395 	 test_loss: 0.026304705068469048 	 test_min_loss: 0.026304705068469048 	 difference: 0.001493297517299652 	 st1_acc:0.4146326429980276 	 st2_acc:0.6074334319526628 	 st3_acc:0.8353673570019724
4560 	 train_loss:0.02479703724384308 	 test_loss: 0.026293881237506866 	 test_min_loss: 0.026293881237506866 	 difference: 0.0014968439936637878 	 st1_acc:0.41537228796844183 	 st2_acc:0.6079265285996055 	 st3_acc:0.8349358974358975
4575 	 train_loss:0.024791652336716652 	 test_loss: 0.026285624131560326 	 test_min_loss: 0.026285624131560326 	 difference: 0.0014939717948436737 	 st1_acc:0.4105645956607495 	 st2_acc:0.6044748520710059 	 st3_acc:0.8391272189349113
4590 	 train_loss:0.024772901087999344 	 test_loss: 0.026268750429153442 	 test_min_loss: 0.026268750429153442 	 difference: 0.0014958493411540985 	 st1_acc:0.4135848126232742 	 st2_acc:0.6072485207100592 	 st3_acc:0.8377095660749507
4605 	 train_loss:0.024755284190177917 	 test_loss: 0.026260213926434517 	 test_min_loss: 0.026260213926434517 	 difference: 0.0015049297362565994 	 st1_acc:0.41691321499013806 	 st2_acc:0.6095290927021696 	 st3_acc:0.8345660749506904
4620 	 train_loss:0.02474081516265869 	 test_loss: 0.02624628320336342 	 test_min_loss: 0.02624628320336342 	 difference: 0.0015054680407047272 	 st1_acc:0.4159886587771203 	 st2_acc:0.6088510848126233 	 st3_acc:0.8354906311637081
4635 	 train_loss:0.024727027863264084 	 test_loss: 0.026234468445181847 	 test_min_loss: 0.026234468445181847 	 difference: 0.0015074405819177628 	 st1_acc:0.4159886587771203 	 st2_acc:0.6088510848126233 	 st3_acc:0.835552268244576
4650 	 train_loss:0.024713454768061638 	 test_loss: 0.026223478838801384 	 test_min_loss: 0.026223478838801384 	 difference: 0.001510024070739746 	 st1_acc:0.41635848126232744 	 st2_acc:0.6092209072978304 	 st3_acc:0.835552268244576
4665 	 train_loss:0.024700116366147995 	 test_loss: 0.02621222287416458 	 test_min_loss: 0.02621222287416458 	 difference: 0.0015121065080165863 	 st1_acc:0.41629684418145957 	 st2_acc:0.6091592702169625 	 st3_acc:0.8359837278106509
4680 	 train_loss:0.024687599390745163 	 test_loss: 0.026203980669379234 	 test_min_loss: 0.026203980669379234 	 difference: 0.0015163812786340714 	 st1_acc:0.41851577909270216 	 st2_acc:0.6109467455621301 	 st3_acc:0.8356139053254438
4695 	 train_loss:0.024674104526638985 	 test_loss: 0.026193449273705482 	 test_min_loss: 0.026193449273705482 	 difference: 0.0015193447470664978 	 st1_acc:0.41857741617357 	 st2_acc:0.6110083826429981 	 st3_acc:0.8358604536489151
4710 	 train_loss:0.024660686030983925 	 test_loss: 0.026178209111094475 	 test_min_loss: 0.026178209111094475 	 difference: 0.00151752308011055 	 st1_acc:0.4154955621301775 	 st2_acc:0.6084812623274162 	 st3_acc:0.8380177514792899
4725 	 train_loss:0.024647848680615425 	 test_loss: 0.02617022953927517 	 test_min_loss: 0.02617022953927517 	 difference: 0.0015223808586597443 	 st1_acc:0.41802268244575935 	 st2_acc:0.6103303747534516 	 st3_acc:0.8360453648915187
4740 	 train_loss:0.02463492378592491 	 test_loss: 0.02615753747522831 	 test_min_loss: 0.02615753747522831 	 difference: 0.0015226136893033981 	 st1_acc:0.417344674556213 	 st2_acc:0.609405818540434 	 st3_acc:0.8374630177514792
4755 	 train_loss:0.024622339755296707 	 test_loss: 0.02614733576774597 	 test_min_loss: 0.02614733576774597 	 difference: 0.0015249960124492645 	 st1_acc:0.4177144970414201 	 st2_acc:0.6095290927021696 	 st3_acc:0.8376479289940828
4770 	 train_loss:0.02461059018969536 	 test_loss: 0.026137538254261017 	 test_min_loss: 0.026137538254261017 	 difference: 0.0015269480645656586 	 st1_acc:0.4183308678500986 	 st2_acc:0.6098989151873767 	 st3_acc:0.8373397435897436
4785 	 train_loss:0.024597439914941788 	 test_loss: 0.02612704038619995 	 test_min_loss: 0.02612704038619995 	 difference: 0.0015296004712581635 	 st1_acc:0.41845414201183434 	 st2_acc:0.6099605522682445 	 st3_acc:0.8375246548323472
4800 	 train_loss:0.024585111066699028 	 test_loss: 0.026116658002138138 	 test_min_loss: 0.026116658002138138 	 difference: 0.0015315469354391098 	 st1_acc:0.41839250493096647 	 st2_acc:0.6100221893491125 	 st3_acc:0.8378328402366864
4815 	 train_loss:0.024572955444455147 	 test_loss: 0.02610665187239647 	 test_min_loss: 0.02610665187239647 	 difference: 0.0015336964279413223 	 st1_acc:0.41857741617357 	 st2_acc:0.6103920118343196 	 st3_acc:0.8378944773175543
4830 	 train_loss:0.02456125058233738 	 test_loss: 0.02609572745859623 	 test_min_loss: 0.02609572745859623 	 difference: 0.00153447687625885 	 st1_acc:0.4182075936883629 	 st2_acc:0.6099605522682445 	 st3_acc:0.8392504930966469
4845 	 train_loss:0.02455924265086651 	 test_loss: 0.026087969541549683 	 test_min_loss: 0.026087969541549683 	 difference: 0.0015287268906831741 	 st1_acc:0.42048816568047337 	 st2_acc:0.6121794871794872 	 st3_acc:0.8374630177514792
4860 	 train_loss:0.024537641555070877 	 test_loss: 0.026082977652549744 	 test_min_loss: 0.026082977652549744 	 difference: 0.0015453360974788666 	 st1_acc:0.422275641025641 	 st2_acc:0.613905325443787 	 st3_acc:0.8364768244575936
4875 	 train_loss:0.02452703006565571 	 test_loss: 0.02606663852930069 	 test_min_loss: 0.02606663852930069 	 difference: 0.0015396084636449814 	 st1_acc:0.4180843195266272 	 st2_acc:0.6096523668639053 	 st3_acc:0.8405448717948718
4890 	 train_loss:0.024514570832252502 	 test_loss: 0.02605917677283287 	 test_min_loss: 0.02605917677283287 	 difference: 0.001544605940580368 	 st1_acc:0.4203032544378698 	 st2_acc:0.6123643984220908 	 st3_acc:0.8382642998027613
4905 	 train_loss:0.02450375258922577 	 test_loss: 0.026048803701996803 	 test_min_loss: 0.026048803701996803 	 difference: 0.0015450511127710342 	 st1_acc:0.41950197238658776 	 st2_acc:0.6113165680473372 	 st3_acc:0.8389423076923077
4920 	 train_loss:0.024491414427757263 	 test_loss: 0.026039576157927513 	 test_min_loss: 0.026039576157927513 	 difference: 0.00154816173017025 	 st1_acc:0.4198717948717949 	 st2_acc:0.6115014792899408 	 st3_acc:0.838819033530572
4935 	 train_loss:0.024480251595377922 	 test_loss: 0.026030246168375015 	 test_min_loss: 0.026030246168375015 	 difference: 0.0015499945729970932 	 st1_acc:0.4199334319526627 	 st2_acc:0.6116863905325444 	 st3_acc:0.8391888560157791
4950 	 train_loss:0.02446911670267582 	 test_loss: 0.02602105215191841 	 test_min_loss: 0.02602105215191841 	 difference: 0.0015519354492425919 	 st1_acc:0.4199334319526627 	 st2_acc:0.6118096646942801 	 st3_acc:0.8393121301775148
4965 	 train_loss:0.024458127096295357 	 test_loss: 0.026012122631072998 	 test_min_loss: 0.026012122631072998 	 difference: 0.0015539955347776413 	 st1_acc:0.420241617357002 	 st2_acc:0.612241124260355 	 st3_acc:0.8394354043392505
4980 	 train_loss:0.024447740986943245 	 test_loss: 0.02600344829261303 	 test_min_loss: 0.02600344829261303 	 difference: 0.0015557073056697845 	 st1_acc:0.4188239644970414 	 st2_acc:0.6111316568047337 	 st3_acc:0.8401750493096647
4995 	 train_loss:0.024443797767162323 	 test_loss: 0.026011405512690544 	 test_min_loss: 0.02600344829261303 	 difference: 0.0015676077455282211 	 st1_acc:0.4256656804733728 	 st2_acc:0.6174186390532544 	 st3_acc:0.835552268244576
test_min_loss:  0.026003448

Process finished with exit code 0
