
32-2
total: 2854
    | correct_num: 330
    | complete_correct_rate: 0.1156271899088998
    | relative_correct_num :  399
    | relative_correct_rate:  0.13980378416257883

32-3
total: 2854
    | correct_num: 378
    | complete_correct_rate: 0.1324456902592852
    | relative_correct_num :  464
    | relative_correct_rate:  0.16257883672039244

32-4 (loss2)   >28
total: 2854
    | correct_num: 481
    | complete_correct_rate: 0.1685353889278206
    | relative_correct_num :  1875
    | relative_correct_rate:  0.6569726699369306  偏差6m，从数据中可以发现，
    |right_location_rate:  0.622634898388227
从预测的数据中可以发现，一般情况下除非全部预测为0 ，否则预测的位置基本上都是偏差1-2

32-4
total: 2854
    | correct_num: 604 >20
    | complete_correct_rate: 0.21163279607568325
    | relative_correct_num :  839
    | relative_correct_rate:  0.29397337070777857
    |right_location_rate:  0.27680448493342674


64-4 >28  sig>0.3
total: 3114
    | correct_num: 0
    | complete_correct_rate: 0.0
    | relative_correct_num :  2283
    | relative_correct_rate:  0.733140655105973
    |right_location_rate:  0.7707129094412332
    |zero_num: 339
    |zero_num_rate:  0.10886319845857419

64-4 >28 sigmoid>0.05
total: 3114
    | correct_num: 0
    | complete_correct_rate: 0.0
    | relative_correct_num :  2365
    | relative_correct_rate:  0.7594733461785484
    |right_location_rate:  0.8342967244701349
    |zero_num: 145
    |zero_num_rate:  0.04656390494540784

64-4 >28 sigmoid>0.02
total: 3114
    | correct_num: 0
    | complete_correct_rate: 0.0
    | relative_correct_num :  2345
    | relative_correct_rate:  0.7530507385998716
    |right_location_rate:  0.8741168914579319
    |zero_num: 84
    |zero_num_rate:  0.02697495183044316
