0000 	 train_loss:2.5239951610565186 	 test_loss: 2.0501697063446045 	 test_min_loss: 2.0501697063446045 	 difference: -0.47382545471191406 	 st1_acc:0.0 	 st2_acc:0.005177514792899409 	 st3_acc:0.005177514792899409
0015 	 train_loss:0.3549403250217438 	 test_loss: 0.31790891289711 	 test_min_loss: 0.31790891289711 	 difference: -0.03703141212463379 	 st1_acc:0.0 	 st2_acc:0.00616370808678501 	 st3_acc:0.00616370808678501
0030 	 train_loss:0.10926536470651627 	 test_loss: 0.10688722878694534 	 test_min_loss: 0.10688722878694534 	 difference: -0.002378135919570923 	 st1_acc:0.008567554240631164 	 st2_acc:0.046474358974358976 	 st3_acc:0.13455374753451677
0045 	 train_loss:0.08796314150094986 	 test_loss: 0.08727055042982101 	 test_min_loss: 0.08727055042982101 	 difference: -0.0006925910711288452 	 st1_acc:0.01867603550295858 	 st2_acc:0.10620069033530571 	 st3_acc:0.22663954635108483
0060 	 train_loss:0.07662782818078995 	 test_loss: 0.07610022276639938 	 test_min_loss: 0.07610022276639938 	 difference: -0.000527605414390564 	 st1_acc:0.022990631163708086 	 st2_acc:0.10878944773175542 	 st3_acc:0.20685404339250493
0075 	 train_loss:0.07075808197259903 	 test_loss: 0.07031121104955673 	 test_min_loss: 0.07031121104955673 	 difference: -0.00044687092304229736 	 st1_acc:0.03667406311637081 	 st2_acc:0.13085552268244577 	 st3_acc:0.25511587771203154
0090 	 train_loss:0.06711407005786896 	 test_loss: 0.06684976071119308 	 test_min_loss: 0.06684976071119308 	 difference: -0.0002643093466758728 	 st1_acc:0.051960059171597635 	 st2_acc:0.14860700197238658 	 st3_acc:0.2698471400394477
0105 	 train_loss:0.06441446393728256 	 test_loss: 0.06425615400075912 	 test_min_loss: 0.06425615400075912 	 difference: -0.0001583099365234375 	 st1_acc:0.059541420118343194 	 st2_acc:0.16364644970414202 	 st3_acc:0.280017258382643
0120 	 train_loss:0.06224075332283974 	 test_loss: 0.06214683875441551 	 test_min_loss: 0.06214683875441551 	 difference: -9.391456842422485e-05 	 st1_acc:0.06903353057199212 	 st2_acc:0.1792406311637081 	 st3_acc:0.2916666666666667
0135 	 train_loss:0.0603785403072834 	 test_loss: 0.06033065542578697 	 test_min_loss: 0.06033065542578697 	 difference: -4.788488149642944e-05 	 st1_acc:0.07679980276134123 	 st2_acc:0.19150641025641027 	 st3_acc:0.302638067061144
0150 	 train_loss:0.05871550366282463 	 test_loss: 0.058710869401693344 	 test_min_loss: 0.058710869401693344 	 difference: -4.634261131286621e-06 	 st1_acc:0.08678500986193294 	 st2_acc:0.20568293885601577 	 st3_acc:0.313732741617357
0165 	 train_loss:0.057200610637664795 	 test_loss: 0.05723728612065315 	 test_min_loss: 0.05723728612065315 	 difference: 3.6675482988357544e-05 	 st1_acc:0.09800295857988166 	 st2_acc:0.2239275147928994 	 st3_acc:0.32729289940828404
0180 	 train_loss:0.055804066359996796 	 test_loss: 0.05588654801249504 	 test_min_loss: 0.05588654801249504 	 difference: 8.248165249824524e-05 	 st1_acc:0.10700197238658778 	 st2_acc:0.24149408284023668 	 st3_acc:0.3438732741617357
0195 	 train_loss:0.05454559624195099 	 test_loss: 0.054661110043525696 	 test_min_loss: 0.054661110043525696 	 difference: 0.00011551380157470703 	 st1_acc:0.11452169625246549 	 st2_acc:0.2559171597633136 	 st3_acc:0.3603920118343195
0210 	 train_loss:0.053406983613967896 	 test_loss: 0.053553614765405655 	 test_min_loss: 0.053553614765405655 	 difference: 0.0001466311514377594 	 st1_acc:0.1206854043392505 	 st2_acc:0.2687376725838264 	 st3_acc:0.37580128205128205
0225 	 train_loss:0.052348118275403976 	 test_loss: 0.052526019513607025 	 test_min_loss: 0.052526019513607025 	 difference: 0.0001779012382030487 	 st1_acc:0.12765039447731755 	 st2_acc:0.28291420118343197 	 st3_acc:0.39034763313609466
0240 	 train_loss:0.05135739594697952 	 test_loss: 0.05156126990914345 	 test_min_loss: 0.05156126990914345 	 difference: 0.00020387396216392517 	 st1_acc:0.13590976331360946 	 st2_acc:0.2946868836291913 	 st3_acc:0.40483234714003946
0255 	 train_loss:0.05042329803109169 	 test_loss: 0.050651226192712784 	 test_min_loss: 0.050651226192712784 	 difference: 0.00022792816162109375 	 st1_acc:0.14268984220907296 	 st2_acc:0.30750739644970415 	 st3_acc:0.4209196252465483
0270 	 train_loss:0.0495343878865242 	 test_loss: 0.04978185147047043 	 test_min_loss: 0.04978185147047043 	 difference: 0.00024746358394622803 	 st1_acc:0.15076429980276135 	 st2_acc:0.32057445759368836 	 st3_acc:0.4369452662721893
0285 	 train_loss:0.048683520406484604 	 test_loss: 0.04894985258579254 	 test_min_loss: 0.04894985258579254 	 difference: 0.0002663321793079376 	 st1_acc:0.1576060157790927 	 st2_acc:0.3333333333333333 	 st3_acc:0.4519847140039448
0300 	 train_loss:0.047868382185697556 	 test_loss: 0.04815283417701721 	 test_min_loss: 0.04815283417701721 	 difference: 0.00028445199131965637 	 st1_acc:0.16857741617357003 	 st2_acc:0.3480645956607495 	 st3_acc:0.4697978303747535
0315 	 train_loss:0.04708852618932724 	 test_loss: 0.047390617430210114 	 test_min_loss: 0.047390617430210114 	 difference: 0.00030209124088287354 	 st1_acc:0.17597386587771202 	 st2_acc:0.36125493096646943 	 st3_acc:0.48711785009861935
0330 	 train_loss:0.04633982479572296 	 test_loss: 0.046658411622047424 	 test_min_loss: 0.046658411622047424 	 difference: 0.0003185868263244629 	 st1_acc:0.1834319526627219 	 st2_acc:0.3723496055226824 	 st3_acc:0.5022805719921104
0345 	 train_loss:0.045618437230587006 	 test_loss: 0.04595167934894562 	 test_min_loss: 0.04595167934894562 	 difference: 0.00033324211835861206 	 st1_acc:0.1909516765285996 	 st2_acc:0.382827909270217 	 st3_acc:0.5152243589743589
0360 	 train_loss:0.044922132045030594 	 test_loss: 0.04526896774768829 	 test_min_loss: 0.04526896774768829 	 difference: 0.0003468357026576996 	 st1_acc:0.1987179487179487 	 st2_acc:0.3968811637080868 	 st3_acc:0.5334689349112426
0375 	 train_loss:0.044245582073926926 	 test_loss: 0.04460425674915314 	 test_min_loss: 0.04460425674915314 	 difference: 0.00035867467522621155 	 st1_acc:0.20488165680473372 	 st2_acc:0.4083456607495069 	 st3_acc:0.5495562130177515
0390 	 train_loss:0.043587278574705124 	 test_loss: 0.043956559151411057 	 test_min_loss: 0.043956559151411057 	 difference: 0.0003692805767059326 	 st1_acc:0.21351084812623275 	 st2_acc:0.42159763313609466 	 st3_acc:0.5656434911242604
0405 	 train_loss:0.042949117720127106 	 test_loss: 0.04332998767495155 	 test_min_loss: 0.04332998767495155 	 difference: 0.00038086995482444763 	 st1_acc:0.2217085798816568 	 st2_acc:0.43398668639053256 	 st3_acc:0.5800049309664694
0420 	 train_loss:0.04232821241021156 	 test_loss: 0.04272054135799408 	 test_min_loss: 0.04272054135799408 	 difference: 0.0003923289477825165 	 st1_acc:0.22793392504930968 	 st2_acc:0.4432322485207101 	 st3_acc:0.5926405325443787
0435 	 train_loss:0.04172638803720474 	 test_loss: 0.04212929680943489 	 test_min_loss: 0.04212929680943489 	 difference: 0.0004029087722301483 	 st1_acc:0.23317307692307693 	 st2_acc:0.4532174556213018 	 st3_acc:0.6044748520710059
0450 	 train_loss:0.041143059730529785 	 test_loss: 0.04155569151043892 	 test_min_loss: 0.04155569151043892 	 difference: 0.0004126317799091339 	 st1_acc:0.23964497041420119 	 st2_acc:0.4641888560157791 	 st3_acc:0.6174802761341223
0465 	 train_loss:0.04057704284787178 	 test_loss: 0.04100135341286659 	 test_min_loss: 0.04100135341286659 	 difference: 0.000424310564994812 	 st1_acc:0.24519230769230768 	 st2_acc:0.47423570019723865 	 st3_acc:0.6301158777120316
0480 	 train_loss:0.04002748802304268 	 test_loss: 0.04046441242098808 	 test_min_loss: 0.04046441242098808 	 difference: 0.00043692439794540405 	 st1_acc:0.2491370808678501 	 st2_acc:0.48372781065088755 	 st3_acc:0.6416420118343196
0495 	 train_loss:0.03949515148997307 	 test_loss: 0.03994196653366089 	 test_min_loss: 0.03994196653366089 	 difference: 0.00044681504368782043 	 st1_acc:0.25375986193293887 	 st2_acc:0.49346646942800787 	 st3_acc:0.6524285009861933
0510 	 train_loss:0.038979921489953995 	 test_loss: 0.039433300495147705 	 test_min_loss: 0.039433300495147705 	 difference: 0.00045337900519371033 	 st1_acc:0.2592455621301775 	 st2_acc:0.5012943786982249 	 st3_acc:0.6638929980276134
0525 	 train_loss:0.03847692161798477 	 test_loss: 0.038937848061323166 	 test_min_loss: 0.038937848061323166 	 difference: 0.00046092644333839417 	 st1_acc:0.26491617357001973 	 st2_acc:0.5106632149901381 	 st3_acc:0.6741247534516766
0540 	 train_loss:0.03798782452940941 	 test_loss: 0.03846246376633644 	 test_min_loss: 0.03846246376633644 	 difference: 0.00047463923692703247 	 st1_acc:0.26947731755424065 	 st2_acc:0.5172583826429981 	 st3_acc:0.6829388560157791
0555 	 train_loss:0.03751431405544281 	 test_loss: 0.03800147771835327 	 test_min_loss: 0.03800147771835327 	 difference: 0.0004871636629104614 	 st1_acc:0.27588757396449703 	 st2_acc:0.5260108481262328 	 st3_acc:0.6928007889546351
0570 	 train_loss:0.03705544024705887 	 test_loss: 0.037554025650024414 	 test_min_loss: 0.037554025650024414 	 difference: 0.0004985854029655457 	 st1_acc:0.27995562130177515 	 st2_acc:0.5330991124260355 	 st3_acc:0.7008136094674556
0585 	 train_loss:0.036608483642339706 	 test_loss: 0.037119269371032715 	 test_min_loss: 0.037119269371032715 	 difference: 0.0005107857286930084 	 st1_acc:0.2827292899408284 	 st2_acc:0.5387080867850098 	 st3_acc:0.7075320512820513
0600 	 train_loss:0.036173105239868164 	 test_loss: 0.03669871762394905 	 test_min_loss: 0.03669871762394905 	 difference: 0.0005256123840808868 	 st1_acc:0.28667406311637084 	 st2_acc:0.544008875739645 	 st3_acc:0.713387573964497
0615 	 train_loss:0.03575076162815094 	 test_loss: 0.03628941625356674 	 test_min_loss: 0.03628941625356674 	 difference: 0.000538654625415802 	 st1_acc:0.29037228796844183 	 st2_acc:0.550973865877712 	 st3_acc:0.719551282051282
0630 	 train_loss:0.03533901274204254 	 test_loss: 0.03589075803756714 	 test_min_loss: 0.03589075803756714 	 difference: 0.0005517452955245972 	 st1_acc:0.294810157790927 	 st2_acc:0.5575073964497042 	 st3_acc:0.7268860946745562
0645 	 train_loss:0.03493721783161163 	 test_loss: 0.03550231084227562 	 test_min_loss: 0.03550231084227562 	 difference: 0.0005650930106639862 	 st1_acc:0.298939842209073 	 st2_acc:0.5647805719921104 	 st3_acc:0.7340976331360947
0660 	 train_loss:0.03454464673995972 	 test_loss: 0.035123057663440704 	 test_min_loss: 0.035123057663440704 	 difference: 0.0005784109234809875 	 st1_acc:0.3015285996055227 	 st2_acc:0.5694033530571992 	 st3_acc:0.7393984220907298
0675 	 train_loss:0.03416157886385918 	 test_loss: 0.034751079976558685 	 test_min_loss: 0.034751079976558685 	 difference: 0.0005895011126995087 	 st1_acc:0.30430226824457596 	 st2_acc:0.5755054240631163 	 st3_acc:0.7462401380670611
0690 	 train_loss:0.033788613975048065 	 test_loss: 0.03438987210392952 	 test_min_loss: 0.03438987210392952 	 difference: 0.0006012581288814545 	 st1_acc:0.30812376725838264 	 st2_acc:0.58142258382643 	 st3_acc:0.7517874753451677
0705 	 train_loss:0.03342461958527565 	 test_loss: 0.03403840214014053 	 test_min_loss: 0.03403840214014053 	 difference: 0.0006137825548648834 	 st1_acc:0.31034270216962523 	 st2_acc:0.5869699211045365 	 st3_acc:0.7580128205128205
0720 	 train_loss:0.03306867927312851 	 test_loss: 0.03369307518005371 	 test_min_loss: 0.03369307518005371 	 difference: 0.0006243959069252014 	 st1_acc:0.3151503944773176 	 st2_acc:0.5922090729783037 	 st3_acc:0.76232741617357
0735 	 train_loss:0.03271983191370964 	 test_loss: 0.0333574004471302 	 test_min_loss: 0.0333574004471302 	 difference: 0.0006375685334205627 	 st1_acc:0.3184171597633136 	 st2_acc:0.5967085798816568 	 st3_acc:0.7680596646942801
0750 	 train_loss:0.03237844631075859 	 test_loss: 0.03302854299545288 	 test_min_loss: 0.03302854299545288 	 difference: 0.0006500966846942902 	 st1_acc:0.32069773175542404 	 st2_acc:0.6018860946745562 	 st3_acc:0.7727440828402367
0765 	 train_loss:0.032043974846601486 	 test_loss: 0.03270494565367699 	 test_min_loss: 0.03270494565367699 	 difference: 0.0006609708070755005 	 st1_acc:0.3239644970414201 	 st2_acc:0.6052144970414202 	 st3_acc:0.7765039447731755
0780 	 train_loss:0.03171646222472191 	 test_loss: 0.03238966688513756 	 test_min_loss: 0.03238966688513756 	 difference: 0.0006732046604156494 	 st1_acc:0.3259985207100592 	 st2_acc:0.6101454635108481 	 st3_acc:0.7811883629191322
0795 	 train_loss:0.03139745071530342 	 test_loss: 0.03208185359835625 	 test_min_loss: 0.03208185359835625 	 difference: 0.0006844028830528259 	 st1_acc:0.3280941814595661 	 st2_acc:0.6146449704142012 	 st3_acc:0.7850714990138067
0810 	 train_loss:0.031087832525372505 	 test_loss: 0.03178492188453674 	 test_min_loss: 0.03178492188453674 	 difference: 0.000697089359164238 	 st1_acc:0.32877218934911245 	 st2_acc:0.6183431952662722 	 st3_acc:0.7895093688362919
0825 	 train_loss:0.030786052346229553 	 test_loss: 0.03149564936757088 	 test_min_loss: 0.03149564936757088 	 difference: 0.0007095970213413239 	 st1_acc:0.33148422090729784 	 st2_acc:0.6247534516765286 	 st3_acc:0.7937006903353058
0840 	 train_loss:0.030490299686789513 	 test_loss: 0.031214438378810883 	 test_min_loss: 0.031214438378810883 	 difference: 0.0007241386920213699 	 st1_acc:0.3347509861932939 	 st2_acc:0.6288831360946746 	 st3_acc:0.7974605522682445
0855 	 train_loss:0.030200505629181862 	 test_loss: 0.030939271673560143 	 test_min_loss: 0.030939271673560143 	 difference: 0.0007387660443782806 	 st1_acc:0.3374630177514793 	 st2_acc:0.6330128205128205 	 st3_acc:0.8002342209072978
0870 	 train_loss:0.029916010797023773 	 test_loss: 0.0306700486689806 	 test_min_loss: 0.0306700486689806 	 difference: 0.0007540378719568253 	 st1_acc:0.33974358974358976 	 st2_acc:0.6375739644970414 	 st3_acc:0.8035009861932939
0885 	 train_loss:0.029635926708579063 	 test_loss: 0.030407672747969627 	 test_min_loss: 0.030407672747969627 	 difference: 0.000771746039390564 	 st1_acc:0.3422090729783038 	 st2_acc:0.6401627218934911 	 st3_acc:0.8059664694280079
0900 	 train_loss:0.02936103381216526 	 test_loss: 0.03014923445880413 	 test_min_loss: 0.03014923445880413 	 difference: 0.0007882006466388702 	 st1_acc:0.34257889546351084 	 st2_acc:0.6437376725838264 	 st3_acc:0.8089866863905325
0915 	 train_loss:0.0290923360735178 	 test_loss: 0.02989826537668705 	 test_min_loss: 0.02989826537668705 	 difference: 0.0008059293031692505 	 st1_acc:0.344982741617357 	 st2_acc:0.6464497041420119 	 st3_acc:0.8119452662721893
0930 	 train_loss:0.0288297887891531 	 test_loss: 0.02965078316628933 	 test_min_loss: 0.02965078316628933 	 difference: 0.0008209943771362305 	 st1_acc:0.34763313609467456 	 st2_acc:0.6503328402366864 	 st3_acc:0.8163831360946746
0945 	 train_loss:0.028571810573339462 	 test_loss: 0.029408400878310204 	 test_min_loss: 0.029408400878310204 	 difference: 0.0008365903049707413 	 st1_acc:0.3508999013806706 	 st2_acc:0.6535996055226825 	 st3_acc:0.8200813609467456
0960 	 train_loss:0.028319131582975388 	 test_loss: 0.029172634705901146 	 test_min_loss: 0.029172634705901146 	 difference: 0.0008535031229257584 	 st1_acc:0.353611932938856 	 st2_acc:0.657482741617357 	 st3_acc:0.8231632149901381
0975 	 train_loss:0.028072820976376534 	 test_loss: 0.02894185669720173 	 test_min_loss: 0.02894185669720173 	 difference: 0.0008690357208251953 	 st1_acc:0.354844674556213 	 st2_acc:0.6617357001972387 	 st3_acc:0.8256286982248521
0990 	 train_loss:0.027832552790641785 	 test_loss: 0.02871617302298546 	 test_min_loss: 0.02871617302298546 	 difference: 0.0008836202323436737 	 st1_acc:0.3578648915187377 	 st2_acc:0.6672214003944773 	 st3_acc:0.8291420118343196
1005 	 train_loss:0.02759765088558197 	 test_loss: 0.02849608100950718 	 test_min_loss: 0.02849608100950718 	 difference: 0.000898430123925209 	 st1_acc:0.3603303747534517 	 st2_acc:0.669008875739645 	 st3_acc:0.8319773175542406
1020 	 train_loss:0.02736823819577694 	 test_loss: 0.02828150801360607 	 test_min_loss: 0.02828150801360607 	 difference: 0.0009132698178291321 	 st1_acc:0.36285749506903353 	 st2_acc:0.6721523668639053 	 st3_acc:0.835120808678501
1035 	 train_loss:0.027143161743879318 	 test_loss: 0.028071468695998192 	 test_min_loss: 0.028071468695998192 	 difference: 0.0009283069521188736 	 st1_acc:0.3655695266272189 	 st2_acc:0.6749260355029586 	 st3_acc:0.8374630177514792
1050 	 train_loss:0.026922468096017838 	 test_loss: 0.027867203578352928 	 test_min_loss: 0.027867203578352928 	 difference: 0.0009447354823350906 	 st1_acc:0.36791173570019725 	 st2_acc:0.6773298816568047 	 st3_acc:0.8405448717948718
1065 	 train_loss:0.026706213131546974 	 test_loss: 0.027667131274938583 	 test_min_loss: 0.027667131274938583 	 difference: 0.0009609181433916092 	 st1_acc:0.3713634122287968 	 st2_acc:0.6810281065088757 	 st3_acc:0.8436883629191322
1080 	 train_loss:0.026494555175304413 	 test_loss: 0.027470650151371956 	 test_min_loss: 0.027470650151371956 	 difference: 0.000976094976067543 	 st1_acc:0.3734590729783038 	 st2_acc:0.6829388560157791 	 st3_acc:0.8465853057199211
1095 	 train_loss:0.026287641376256943 	 test_loss: 0.027278752997517586 	 test_min_loss: 0.027278752997517586 	 difference: 0.000991111621260643 	 st1_acc:0.3765409270216962 	 st2_acc:0.6871918145956607 	 st3_acc:0.8500986193293886
1110 	 train_loss:0.02608497254550457 	 test_loss: 0.027091965079307556 	 test_min_loss: 0.027091965079307556 	 difference: 0.0010069925338029861 	 st1_acc:0.37993096646942803 	 st2_acc:0.689595660749507 	 st3_acc:0.8525024654832347
1125 	 train_loss:0.025886567309498787 	 test_loss: 0.026908980682492256 	 test_min_loss: 0.026908980682492256 	 difference: 0.0010224133729934692 	 st1_acc:0.3833210059171598 	 st2_acc:0.6932938856015779 	 st3_acc:0.8551528599605522
1140 	 train_loss:0.025691499933600426 	 test_loss: 0.026732100173830986 	 test_min_loss: 0.026732100173830986 	 difference: 0.0010406002402305603 	 st1_acc:0.3858481262327416 	 st2_acc:0.6960059171597633 	 st3_acc:0.8574334319526628
1155 	 train_loss:0.025499651208519936 	 test_loss: 0.02655833773314953 	 test_min_loss: 0.02655833773314953 	 difference: 0.001058686524629593 	 st1_acc:0.3886217948717949 	 st2_acc:0.6982864891518737 	 st3_acc:0.859344181459566
1170 	 train_loss:0.025310929864645004 	 test_loss: 0.026386892423033714 	 test_min_loss: 0.026386892423033714 	 difference: 0.00107596255838871 	 st1_acc:0.39127218934911245 	 st2_acc:0.7027859960552268 	 st3_acc:0.8618096646942801
1185 	 train_loss:0.025124946609139442 	 test_loss: 0.02621794492006302 	 test_min_loss: 0.02621794492006302 	 difference: 0.0010929983109235764 	 st1_acc:0.3933062130177515 	 st2_acc:0.7047583826429981 	 st3_acc:0.8637204142011834
1200 	 train_loss:0.024941924959421158 	 test_loss: 0.026051919907331467 	 test_min_loss: 0.026051919907331467 	 difference: 0.0011099949479103088 	 st1_acc:0.39564842209072976 	 st2_acc:0.7072855029585798 	 st3_acc:0.8653846153846154
1215 	 train_loss:0.024761827662587166 	 test_loss: 0.025889188051223755 	 test_min_loss: 0.025889188051223755 	 difference: 0.001127360388636589 	 st1_acc:0.3968811637080868 	 st2_acc:0.7088880670611439 	 st3_acc:0.8667406311637081
1230 	 train_loss:0.02458474598824978 	 test_loss: 0.0257295910269022 	 test_min_loss: 0.0257295910269022 	 difference: 0.00114484503865242 	 st1_acc:0.3994082840236686 	 st2_acc:0.711353550295858 	 st3_acc:0.8680350098619329
1245 	 train_loss:0.024410776793956757 	 test_loss: 0.02557488903403282 	 test_min_loss: 0.02557488903403282 	 difference: 0.001164112240076065 	 st1_acc:0.4023052268244576 	 st2_acc:0.7141888560157791 	 st3_acc:0.8701306706114399
1260 	 train_loss:0.024239791557192802 	 test_loss: 0.025425022467970848 	 test_min_loss: 0.025425022467970848 	 difference: 0.0011852309107780457 	 st1_acc:0.40483234714003946 	 st2_acc:0.7167776134122288 	 st3_acc:0.8719797830374754
1275 	 train_loss:0.024071352556347847 	 test_loss: 0.025276629254221916 	 test_min_loss: 0.025276629254221916 	 difference: 0.0012052766978740692 	 st1_acc:0.40791420118343197 	 st2_acc:0.71875 	 st3_acc:0.8736439842209073
1290 	 train_loss:0.023906057700514793 	 test_loss: 0.02513045258820057 	 test_min_loss: 0.02513045258820057 	 difference: 0.0012243948876857758 	 st1_acc:0.4097016765285996 	 st2_acc:0.7207223865877712 	 st3_acc:0.8744452662721893
1305 	 train_loss:0.023743269965052605 	 test_loss: 0.024985643103718758 	 test_min_loss: 0.024985643103718758 	 difference: 0.001242373138666153 	 st1_acc:0.412413708086785 	 st2_acc:0.7229413214990138 	 st3_acc:0.8751232741617357
1320 	 train_loss:0.023583734408020973 	 test_loss: 0.024845430627465248 	 test_min_loss: 0.024845430627465248 	 difference: 0.001261696219444275 	 st1_acc:0.41481755424063116 	 st2_acc:0.7246055226824457 	 st3_acc:0.8766642011834319
1335 	 train_loss:0.023426445201039314 	 test_loss: 0.024705398827791214 	 test_min_loss: 0.024705398827791214 	 difference: 0.0012789536267518997 	 st1_acc:0.417344674556213 	 st2_acc:0.7268244575936884 	 st3_acc:0.8777736686390533
1350 	 train_loss:0.023272113874554634 	 test_loss: 0.024568453431129456 	 test_min_loss: 0.024568453431129456 	 difference: 0.0012963395565748215 	 st1_acc:0.4197485207100592 	 st2_acc:0.7292899408284024 	 st3_acc:0.8794378698224852
1365 	 train_loss:0.02312055043876171 	 test_loss: 0.024436676874756813 	 test_min_loss: 0.024436676874756813 	 difference: 0.001316126435995102 	 st1_acc:0.4208579881656805 	 st2_acc:0.7303994082840237 	 st3_acc:0.8809787968441815
1380 	 train_loss:0.02297128550708294 	 test_loss: 0.0243073757737875 	 test_min_loss: 0.0243073757737875 	 difference: 0.0013360902667045593 	 st1_acc:0.42363165680473375 	 st2_acc:0.7322485207100592 	 st3_acc:0.8824580867850098
1395 	 train_loss:0.022823814302682877 	 test_loss: 0.02418111078441143 	 test_min_loss: 0.02418111078441143 	 difference: 0.0013572964817285538 	 st1_acc:0.42628205128205127 	 st2_acc:0.7342825443786982 	 st3_acc:0.884060650887574
1410 	 train_loss:0.022678686305880547 	 test_loss: 0.024055832996964455 	 test_min_loss: 0.024055832996964455 	 difference: 0.001377146691083908 	 st1_acc:0.4281311637080868 	 st2_acc:0.7366247534516766 	 st3_acc:0.8854166666666666
1425 	 train_loss:0.022535456344485283 	 test_loss: 0.0239332877099514 	 test_min_loss: 0.0239332877099514 	 difference: 0.0013978313654661179 	 st1_acc:0.42979536489151876 	 st2_acc:0.7373643984220908 	 st3_acc:0.8857864891518737
1440 	 train_loss:0.022394796833395958 	 test_loss: 0.023811057209968567 	 test_min_loss: 0.023811057209968567 	 difference: 0.001416260376572609 	 st1_acc:0.43213757396449703 	 st2_acc:0.7396449704142012 	 st3_acc:0.88732741617357
1455 	 train_loss:0.022256603464484215 	 test_loss: 0.02369239740073681 	 test_min_loss: 0.02369239740073681 	 difference: 0.001435793936252594 	 st1_acc:0.43324704142011833 	 st2_acc:0.7411858974358975 	 st3_acc:0.8884985207100592
1470 	 train_loss:0.022120391950011253 	 test_loss: 0.02357373759150505 	 test_min_loss: 0.02357373759150505 	 difference: 0.0014533456414937973 	 st1_acc:0.4352810650887574 	 st2_acc:0.7427884615384616 	 st3_acc:0.8900394477317555
1485 	 train_loss:0.021986238658428192 	 test_loss: 0.02345525287091732 	 test_min_loss: 0.02345525287091732 	 difference: 0.0014690142124891281 	 st1_acc:0.43867110453648916 	 st2_acc:0.7456237672583826 	 st3_acc:0.8916420118343196
1500 	 train_loss:0.021855177357792854 	 test_loss: 0.02334144152700901 	 test_min_loss: 0.02334144152700901 	 difference: 0.001486264169216156 	 st1_acc:0.44002712031558183 	 st2_acc:0.7467948717948718 	 st3_acc:0.8927514792899408
1515 	 train_loss:0.021725377067923546 	 test_loss: 0.02322603575885296 	 test_min_loss: 0.02322603575885296 	 difference: 0.0015006586909294128 	 st1_acc:0.4416913214990138 	 st2_acc:0.7490138067061144 	 st3_acc:0.89392258382643
1530 	 train_loss:0.02159826271235943 	 test_loss: 0.023116758093237877 	 test_min_loss: 0.023116758093237877 	 difference: 0.0015184953808784485 	 st1_acc:0.44261587771203154 	 st2_acc:0.7495685404339251 	 st3_acc:0.8952169625246549
1545 	 train_loss:0.02147340029478073 	 test_loss: 0.023007221519947052 	 test_min_loss: 0.023007221519947052 	 difference: 0.0015338212251663208 	 st1_acc:0.4435404339250493 	 st2_acc:0.7506780078895463 	 st3_acc:0.8962647928994083
1560 	 train_loss:0.02135046012699604 	 test_loss: 0.022901829332113266 	 test_min_loss: 0.022901829332113266 	 difference: 0.0015513692051172256 	 st1_acc:0.44662228796844183 	 st2_acc:0.752896942800789 	 st3_acc:0.8974975345167653
1575 	 train_loss:0.021229436621069908 	 test_loss: 0.022798478603363037 	 test_min_loss: 0.022798478603363037 	 difference: 0.001569041982293129 	 st1_acc:0.44914940828402367 	 st2_acc:0.7553007889546351 	 st3_acc:0.8985453648915187
1590 	 train_loss:0.021109817549586296 	 test_loss: 0.022698476910591125 	 test_min_loss: 0.022698476910591125 	 difference: 0.0015886593610048294 	 st1_acc:0.4506286982248521 	 st2_acc:0.757396449704142 	 st3_acc:0.9005793885601578
1605 	 train_loss:0.020992085337638855 	 test_loss: 0.022600306198000908 	 test_min_loss: 0.022600306198000908 	 difference: 0.001608220860362053 	 st1_acc:0.4535872781065089 	 st2_acc:0.7591222879684418 	 st3_acc:0.9013806706114399
1620 	 train_loss:0.020877080038189888 	 test_loss: 0.02250131405889988 	 test_min_loss: 0.02250131405889988 	 difference: 0.0016242340207099915 	 st1_acc:0.45445019723865876 	 st2_acc:0.759492110453649 	 st3_acc:0.9024285009861933
1635 	 train_loss:0.020764045417308807 	 test_loss: 0.022405395284295082 	 test_min_loss: 0.022405395284295082 	 difference: 0.0016413498669862747 	 st1_acc:0.4558062130177515 	 st2_acc:0.759492110453649 	 st3_acc:0.9023668639053254
1650 	 train_loss:0.020652666687965393 	 test_loss: 0.022312693297863007 	 test_min_loss: 0.022312693297863007 	 difference: 0.0016600266098976135 	 st1_acc:0.4567924063116371 	 st2_acc:0.7603550295857988 	 st3_acc:0.9035379684418146
1665 	 train_loss:0.020543059334158897 	 test_loss: 0.022220641374588013 	 test_min_loss: 0.022220641374588013 	 difference: 0.0016775820404291153 	 st1_acc:0.4590113412228797 	 st2_acc:0.7620192307692307 	 st3_acc:0.9044625246548323
1680 	 train_loss:0.020435567945241928 	 test_loss: 0.022129835560917854 	 test_min_loss: 0.022129835560917854 	 difference: 0.0016942676156759262 	 st1_acc:0.46073717948717946 	 st2_acc:0.7634985207100592 	 st3_acc:0.9058185404339251
1695 	 train_loss:0.02032969519495964 	 test_loss: 0.022041354328393936 	 test_min_loss: 0.022041354328393936 	 difference: 0.0017116591334342957 	 st1_acc:0.46264792899408286 	 st2_acc:0.7640532544378699 	 st3_acc:0.9064965483234714
1710 	 train_loss:0.02022578939795494 	 test_loss: 0.021952752023935318 	 test_min_loss: 0.021952752023935318 	 difference: 0.0017269626259803772 	 st1_acc:0.46486686390532544 	 st2_acc:0.7660256410256411 	 st3_acc:0.9074211045364892
1725 	 train_loss:0.02012333832681179 	 test_loss: 0.02186674065887928 	 test_min_loss: 0.02186674065887928 	 difference: 0.0017434023320674896 	 st1_acc:0.465051775147929 	 st2_acc:0.7672583826429981 	 st3_acc:0.908284023668639
1740 	 train_loss:0.020022094249725342 	 test_loss: 0.02178158238530159 	 test_min_loss: 0.02178158238530159 	 difference: 0.0017594881355762482 	 st1_acc:0.4660996055226824 	 st2_acc:0.7683678500986193 	 st3_acc:0.9089003944773175
1755 	 train_loss:0.019922539591789246 	 test_loss: 0.021698681637644768 	 test_min_loss: 0.021698681637644768 	 difference: 0.0017761420458555222 	 st1_acc:0.4689965483234714 	 st2_acc:0.7697855029585798 	 st3_acc:0.9097633136094675
1770 	 train_loss:0.01982477679848671 	 test_loss: 0.021618567407131195 	 test_min_loss: 0.021618567407131195 	 difference: 0.0017937906086444855 	 st1_acc:0.47053747534516766 	 st2_acc:0.7705251479289941 	 st3_acc:0.9101947731755424
1785 	 train_loss:0.01972867362201214 	 test_loss: 0.02153860777616501 	 test_min_loss: 0.02153860777616501 	 difference: 0.0018099341541528702 	 st1_acc:0.4714620315581854 	 st2_acc:0.7711415187376726 	 st3_acc:0.9106262327416174
1800 	 train_loss:0.019634252414107323 	 test_loss: 0.021459681913256645 	 test_min_loss: 0.021459681913256645 	 difference: 0.0018254294991493225 	 st1_acc:0.47300295857988167 	 st2_acc:0.7721277120315582 	 st3_acc:0.9121055226824457
1815 	 train_loss:0.01954101026058197 	 test_loss: 0.021382775157690048 	 test_min_loss: 0.021382775157690048 	 difference: 0.001841764897108078 	 st1_acc:0.47460552268244577 	 st2_acc:0.7725591715976331 	 st3_acc:0.91284516765286
1830 	 train_loss:0.01944909244775772 	 test_loss: 0.021308673545718193 	 test_min_loss: 0.021308673545718193 	 difference: 0.001859581097960472 	 st1_acc:0.4765162721893491 	 st2_acc:0.7739768244575936 	 st3_acc:0.9131533530571992
1845 	 train_loss:0.019358893856406212 	 test_loss: 0.02123633213341236 	 test_min_loss: 0.02123633213341236 	 difference: 0.0018774382770061493 	 st1_acc:0.4781804733727811 	 st2_acc:0.7756410256410257 	 st3_acc:0.9139546351084813
1860 	 train_loss:0.019270194694399834 	 test_loss: 0.021162359043955803 	 test_min_loss: 0.021162359043955803 	 difference: 0.0018921643495559692 	 st1_acc:0.47885848126232744 	 st2_acc:0.7762573964497042 	 st3_acc:0.9138313609467456
1875 	 train_loss:0.01918242685496807 	 test_loss: 0.0210889745503664 	 test_min_loss: 0.0210889745503664 	 difference: 0.0019065476953983307 	 st1_acc:0.4791050295857988 	 st2_acc:0.7762573964497042 	 st3_acc:0.9142628205128205
1890 	 train_loss:0.01909482106566429 	 test_loss: 0.021016890183091164 	 test_min_loss: 0.021016890183091164 	 difference: 0.0019220691174268723 	 st1_acc:0.4806459566074951 	 st2_acc:0.7771819526627219 	 st3_acc:0.9143860946745562
1905 	 train_loss:0.0190076045691967 	 test_loss: 0.020945152267813683 	 test_min_loss: 0.020945152267813683 	 difference: 0.0019375476986169815 	 st1_acc:0.4824334319526627 	 st2_acc:0.7778599605522682 	 st3_acc:0.9150024654832347
1920 	 train_loss:0.018920985981822014 	 test_loss: 0.02087307907640934 	 test_min_loss: 0.02087307907640934 	 difference: 0.001952093094587326 	 st1_acc:0.48409763313609466 	 st2_acc:0.7797707100591716 	 st3_acc:0.9154955621301775
1935 	 train_loss:0.01883535645902157 	 test_loss: 0.02080303244292736 	 test_min_loss: 0.02080303244292736 	 difference: 0.0019676759839057922 	 st1_acc:0.48471400394477315 	 st2_acc:0.7794625246548323 	 st3_acc:0.9154955621301775
1950 	 train_loss:0.018750768154859543 	 test_loss: 0.02073272503912449 	 test_min_loss: 0.02073272503912449 	 difference: 0.001981956884264946 	 st1_acc:0.48570019723865876 	 st2_acc:0.780448717948718 	 st3_acc:0.9155571992110454
1965 	 train_loss:0.018667522817850113 	 test_loss: 0.020663203671574593 	 test_min_loss: 0.020663203671574593 	 difference: 0.0019956808537244797 	 st1_acc:0.48730276134122286 	 st2_acc:0.7803254437869822 	 st3_acc:0.9160502958579881
1980 	 train_loss:0.018585342913866043 	 test_loss: 0.020595820620656013 	 test_min_loss: 0.020595820620656013 	 difference: 0.0020104777067899704 	 st1_acc:0.4891518737672584 	 st2_acc:0.7813732741617357 	 st3_acc:0.9167899408284024
1995 	 train_loss:0.018503878265619278 	 test_loss: 0.020527848973870277 	 test_min_loss: 0.020527848973870277 	 difference: 0.0020239707082509995 	 st1_acc:0.49032297830374755 	 st2_acc:0.7829142011834319 	 st3_acc:0.9179610453648915
2010 	 train_loss:0.01842311955988407 	 test_loss: 0.0204620398581028 	 test_min_loss: 0.0204620398581028 	 difference: 0.002038920298218727 	 st1_acc:0.4930966469428008 	 st2_acc:0.7851947731755424 	 st3_acc:0.9187623274161736
2025 	 train_loss:0.01834339089691639 	 test_loss: 0.020397216081619263 	 test_min_loss: 0.020397216081619263 	 difference: 0.0020538251847028732 	 st1_acc:0.4949457593688363 	 st2_acc:0.7853180473372781 	 st3_acc:0.9191321499013807
2040 	 train_loss:0.01826515607535839 	 test_loss: 0.02033427730202675 	 test_min_loss: 0.02033427730202675 	 difference: 0.002069121226668358 	 st1_acc:0.49697978303747536 	 st2_acc:0.7866740631163708 	 st3_acc:0.9196252465483234
2055 	 train_loss:0.018187975510954857 	 test_loss: 0.02027285471558571 	 test_min_loss: 0.02027285471558571 	 difference: 0.0020848792046308517 	 st1_acc:0.4977810650887574 	 st2_acc:0.7864275147928994 	 st3_acc:0.9195636094674556
2070 	 train_loss:0.018111087381839752 	 test_loss: 0.02021333947777748 	 test_min_loss: 0.02021333947777748 	 difference: 0.002102252095937729 	 st1_acc:0.4998767258382643 	 st2_acc:0.7880917159763313 	 st3_acc:0.9212894477317555
2085 	 train_loss:0.018034858629107475 	 test_loss: 0.020155008882284164 	 test_min_loss: 0.020155008882284164 	 difference: 0.002120150253176689 	 st1_acc:0.5003698224852071 	 st2_acc:0.7884615384615384 	 st3_acc:0.9214743589743589
2100 	 train_loss:0.017959801480174065 	 test_loss: 0.020096058025956154 	 test_min_loss: 0.020096058025956154 	 difference: 0.0021362565457820892 	 st1_acc:0.5019107495069034 	 st2_acc:0.7891395463510849 	 st3_acc:0.9220290927021696
2115 	 train_loss:0.017885372042655945 	 test_loss: 0.020039618015289307 	 test_min_loss: 0.020039618015289307 	 difference: 0.002154245972633362 	 st1_acc:0.5028353057199211 	 st2_acc:0.7893860946745562 	 st3_acc:0.9222756410256411
2130 	 train_loss:0.017812103033065796 	 test_loss: 0.01998240128159523 	 test_min_loss: 0.01998240128159523 	 difference: 0.002170298248529434 	 st1_acc:0.5036365877712031 	 st2_acc:0.7893860946745562 	 st3_acc:0.9222140039447732
2145 	 train_loss:0.017739729955792427 	 test_loss: 0.019925285130739212 	 test_min_loss: 0.019925285130739212 	 difference: 0.002185555174946785 	 st1_acc:0.5059171597633136 	 st2_acc:0.7904955621301775 	 st3_acc:0.9222756410256411
2160 	 train_loss:0.01766837015748024 	 test_loss: 0.01986771821975708 	 test_min_loss: 0.01986771821975708 	 difference: 0.00219934806227684 	 st1_acc:0.5079511834319527 	 st2_acc:0.7924679487179487 	 st3_acc:0.9230769230769231
2175 	 train_loss:0.0175984688103199 	 test_loss: 0.019812634214758873 	 test_min_loss: 0.019812634214758873 	 difference: 0.0022141654044389725 	 st1_acc:0.5080128205128205 	 st2_acc:0.7921597633136095 	 st3_acc:0.9238165680473372
2190 	 train_loss:0.017529321834445 	 test_loss: 0.019757242873311043 	 test_min_loss: 0.019757242873311043 	 difference: 0.002227921038866043 	 st1_acc:0.5088757396449705 	 st2_acc:0.79357741617357 	 st3_acc:0.9243096646942801
2205 	 train_loss:0.017460810020565987 	 test_loss: 0.019703205674886703 	 test_min_loss: 0.019703205674886703 	 difference: 0.002242395654320717 	 st1_acc:0.5095537475345168 	 st2_acc:0.7936390532544378 	 st3_acc:0.9244329388560157
2220 	 train_loss:0.017392827197909355 	 test_loss: 0.019651496782898903 	 test_min_loss: 0.019651496782898903 	 difference: 0.0022586695849895477 	 st1_acc:0.5105399408284024 	 st2_acc:0.794008875739645 	 st3_acc:0.9241863905325444
2235 	 train_loss:0.017324816435575485 	 test_loss: 0.019600870087742805 	 test_min_loss: 0.019600870087742805 	 difference: 0.0022760536521673203 	 st1_acc:0.5115877712031558 	 st2_acc:0.7949334319526628 	 st3_acc:0.9253574950690335
2250 	 train_loss:0.017257122322916985 	 test_loss: 0.01955127902328968 	 test_min_loss: 0.01955127902328968 	 difference: 0.002294156700372696 	 st1_acc:0.5137450690335306 	 st2_acc:0.7955498027613412 	 st3_acc:0.9252958579881657
2265 	 train_loss:0.01718982309103012 	 test_loss: 0.019502274692058563 	 test_min_loss: 0.019502274692058563 	 difference: 0.0023124516010284424 	 st1_acc:0.5155325443786982 	 st2_acc:0.7972140039447732 	 st3_acc:0.9260971400394478
2280 	 train_loss:0.017123064026236534 	 test_loss: 0.019454563036561012 	 test_min_loss: 0.019454563036561012 	 difference: 0.002331499010324478 	 st1_acc:0.5162105522682445 	 st2_acc:0.7979536489151874 	 st3_acc:0.9264669625246549
2295 	 train_loss:0.017057057470083237 	 test_loss: 0.019403276965022087 	 test_min_loss: 0.019403276965022087 	 difference: 0.0023462194949388504 	 st1_acc:0.5161489151873767 	 st2_acc:0.7973989151873767 	 st3_acc:0.9262820512820513
2310 	 train_loss:0.016991840675473213 	 test_loss: 0.01935679279267788 	 test_min_loss: 0.01935679279267788 	 difference: 0.002364952117204666 	 st1_acc:0.5187993096646942 	 st2_acc:0.7975838264299803 	 st3_acc:0.9261587771203156
2325 	 train_loss:0.016929542645812035 	 test_loss: 0.019307978451251984 	 test_min_loss: 0.019307978451251984 	 difference: 0.002378435805439949 	 st1_acc:0.517689842209073 	 st2_acc:0.7988782051282052 	 st3_acc:0.9281928007889546
2340 	 train_loss:0.01686374470591545 	 test_loss: 0.019264966249465942 	 test_min_loss: 0.019264966249465942 	 difference: 0.0024012215435504913 	 st1_acc:0.5231139053254438 	 st2_acc:0.7993096646942801 	 st3_acc:0.9265285996055227
2355 	 train_loss:0.016819823533296585 	 test_loss: 0.01922977901995182 	 test_min_loss: 0.01922977901995182 	 difference: 0.0024099554866552353 	 st1_acc:0.515655818540434 	 st2_acc:0.7973989151873767 	 st3_acc:0.9306582840236687
2370 	 train_loss:0.016739143058657646 	 test_loss: 0.019171299412846565 	 test_min_loss: 0.019171299412846565 	 difference: 0.002432156354188919 	 st1_acc:0.51892258382643 	 st2_acc:0.7985700197238659 	 st3_acc:0.9296104536489151
2385 	 train_loss:0.016677647829055786 	 test_loss: 0.019126243889331818 	 test_min_loss: 0.019126243889331818 	 difference: 0.0024485960602760315 	 st1_acc:0.5236070019723866 	 st2_acc:0.7993713017751479 	 st3_acc:0.9271449704142012
2400 	 train_loss:0.016626931726932526 	 test_loss: 0.019100181758403778 	 test_min_loss: 0.019100181758403778 	 difference: 0.0024732500314712524 	 st1_acc:0.5279215976331361 	 st2_acc:0.8004191321499013 	 st3_acc:0.9262820512820513
2415 	 train_loss:0.01654878631234169 	 test_loss: 0.019032694399356842 	 test_min_loss: 0.019032694399356842 	 difference: 0.002483908087015152 	 st1_acc:0.5255793885601578 	 st2_acc:0.8001109467455622 	 st3_acc:0.928870808678501
2430 	 train_loss:0.01653366908431053 	 test_loss: 0.01902545616030693 	 test_min_loss: 0.01902545616030693 	 difference: 0.002491787075996399 	 st1_acc:0.5167652859960552 	 st2_acc:0.7976454635108481 	 st3_acc:0.9318293885601578
2445 	 train_loss:0.01644720882177353 	 test_loss: 0.01895672269165516 	 test_min_loss: 0.01895672269165516 	 difference: 0.00250951386988163 	 st1_acc:0.5199087771203156 	 st2_acc:0.8002342209072978 	 st3_acc:0.9315828402366864
2460 	 train_loss:0.016373494639992714 	 test_loss: 0.018906451761722565 	 test_min_loss: 0.018906451761722565 	 difference: 0.0025329571217298508 	 st1_acc:0.5223742603550295 	 st2_acc:0.8007889546351085 	 st3_acc:0.9315828402366864
2475 	 train_loss:0.016313718631863594 	 test_loss: 0.018867138773202896 	 test_min_loss: 0.018867138773202896 	 difference: 0.002553420141339302 	 st1_acc:0.529215976331361 	 st2_acc:0.8006656804733728 	 st3_acc:0.9290557199211046
2490 	 train_loss:0.016282102093100548 	 test_loss: 0.018845582380890846 	 test_min_loss: 0.018845582380890846 	 difference: 0.0025634802877902985 	 st1_acc:0.5208333333333334 	 st2_acc:0.7991863905325444 	 st3_acc:0.9328155818540433
2505 	 train_loss:0.01620059832930565 	 test_loss: 0.01878245547413826 	 test_min_loss: 0.01878245547413826 	 difference: 0.002581857144832611 	 st1_acc:0.5245931952662722 	 st2_acc:0.8023298816568047 	 st3_acc:0.9343565088757396
2520 	 train_loss:0.016133921220898628 	 test_loss: 0.018732191994786263 	 test_min_loss: 0.018732191994786263 	 difference: 0.0025982707738876343 	 st1_acc:0.5282297830374754 	 st2_acc:0.8041789940828402 	 st3_acc:0.9337401380670611
2535 	 train_loss:0.016096709296107292 	 test_loss: 0.018717767670750618 	 test_min_loss: 0.018717767670750618 	 difference: 0.002621058374643326 	 st1_acc:0.5332223865877712 	 st2_acc:0.8019600591715976 	 st3_acc:0.9286858974358975
2550 	 train_loss:0.016017433255910873 	 test_loss: 0.018651273101568222 	 test_min_loss: 0.018651273101568222 	 difference: 0.0026338398456573486 	 st1_acc:0.5330991124260355 	 st2_acc:0.8031928007889546 	 st3_acc:0.9310897435897436
2565 	 train_loss:0.016032619401812553 	 test_loss: 0.018648670986294746 	 test_min_loss: 0.018648670986294746 	 difference: 0.002616051584482193 	 st1_acc:0.5233604536489151 	 st2_acc:0.8017135108481263 	 st3_acc:0.9341099605522682
2580 	 train_loss:0.01591702178120613 	 test_loss: 0.018567204475402832 	 test_min_loss: 0.018567204475402832 	 difference: 0.002650182694196701 	 st1_acc:0.53125 	 st2_acc:0.8047337278106509 	 st3_acc:0.9331854043392505
2595 	 train_loss:0.015856288373470306 	 test_loss: 0.018525389954447746 	 test_min_loss: 0.018525389954447746 	 difference: 0.00266910158097744 	 st1_acc:0.5310034516765286 	 st2_acc:0.8041789940828402 	 st3_acc:0.9331854043392505
2610 	 train_loss:0.015802893787622452 	 test_loss: 0.018491106107831 	 test_min_loss: 0.018491106107831 	 difference: 0.0026882123202085495 	 st1_acc:0.5306952662721893 	 st2_acc:0.8045488165680473 	 st3_acc:0.933370315581854
2625 	 train_loss:0.01575692556798458 	 test_loss: 0.01845555752515793 	 test_min_loss: 0.01845555752515793 	 difference: 0.0026986319571733475 	 st1_acc:0.538646449704142 	 st2_acc:0.806336291913215 	 st3_acc:0.9320759368836292
2640 	 train_loss:0.015690917149186134 	 test_loss: 0.01840960420668125 	 test_min_loss: 0.01840960420668125 	 difference: 0.002718687057495117 	 st1_acc:0.5383382642998028 	 st2_acc:0.8067677514792899 	 st3_acc:0.932569033530572
2655 	 train_loss:0.01564946211874485 	 test_loss: 0.018394527956843376 	 test_min_loss: 0.018394527956843376 	 difference: 0.002745065838098526 	 st1_acc:0.5429610453648915 	 st2_acc:0.8073841222879684 	 st3_acc:0.9294255424063116
2670 	 train_loss:0.015576097182929516 	 test_loss: 0.01832657679915428 	 test_min_loss: 0.01832657679915428 	 difference: 0.0027504796162247658 	 st1_acc:0.5364891518737672 	 st2_acc:0.8058431952662722 	 st3_acc:0.9333086785009862
2685 	 train_loss:0.015626341104507446 	 test_loss: 0.018396757543087006 	 test_min_loss: 0.01832657679915428 	 difference: 0.0027704164385795593 	 st1_acc:0.5433925049309665 	 st2_acc:0.8109590729783037 	 st3_acc:0.9289940828402367
2700 	 train_loss:0.01554114930331707 	 test_loss: 0.018295742571353912 	 test_min_loss: 0.018295742571353912 	 difference: 0.0027545932680368423 	 st1_acc:0.525086291913215 	 st2_acc:0.8018367850098619 	 st3_acc:0.9373767258382643
2715 	 train_loss:0.015441413968801498 	 test_loss: 0.01822732575237751 	 test_min_loss: 0.01822732575237751 	 difference: 0.0027859117835760117 	 st1_acc:0.540680473372781 	 st2_acc:0.8092948717948718 	 st3_acc:0.9328155818540433
2730 	 train_loss:0.015382940880954266 	 test_loss: 0.01818186417222023 	 test_min_loss: 0.01818186417222023 	 difference: 0.0027989232912659645 	 st1_acc:0.534516765285996 	 st2_acc:0.8068910256410257 	 st3_acc:0.9360207100591716
2745 	 train_loss:0.015359022654592991 	 test_loss: 0.018195820972323418 	 test_min_loss: 0.01818186417222023 	 difference: 0.002836798317730427 	 st1_acc:0.5457963510848126 	 st2_acc:0.8089250493096647 	 st3_acc:0.9309664694280079
2760 	 train_loss:0.015275941230356693 	 test_loss: 0.01811380125582218 	 test_min_loss: 0.01811380125582218 	 difference: 0.0028378600254654884 	 st1_acc:0.5435157790927022 	 st2_acc:0.8091099605522682 	 st3_acc:0.9330621301775148
2775 	 train_loss:0.01529210340231657 	 test_loss: 0.018140649423003197 	 test_min_loss: 0.01811380125582218 	 difference: 0.0028485460206866264 	 st1_acc:0.5393860946745562 	 st2_acc:0.8093565088757396 	 st3_acc:0.9352194280078896
2790 	 train_loss:0.015195882879197598 	 test_loss: 0.01806565374135971 	 test_min_loss: 0.01806565374135971 	 difference: 0.002869770862162113 	 st1_acc:0.5443170611439843 	 st2_acc:0.8113905325443787 	 st3_acc:0.9334935897435898
2805 	 train_loss:0.015157599933445454 	 test_loss: 0.01805194839835167 	 test_min_loss: 0.01805194839835167 	 difference: 0.0028943484649062157 	 st1_acc:0.5562746548323472 	 st2_acc:0.8140409270216963 	 st3_acc:0.9299186390532544
2820 	 train_loss:0.015083003789186478 	 test_loss: 0.017980173230171204 	 test_min_loss: 0.017980173230171204 	 difference: 0.002897169440984726 	 st1_acc:0.5451183431952663 	 st2_acc:0.8101577909270217 	 st3_acc:0.9336785009861933
2835 	 train_loss:0.015215825289487839 	 test_loss: 0.018162528052926064 	 test_min_loss: 0.017980173230171204 	 difference: 0.002946702763438225 	 st1_acc:0.561267258382643 	 st2_acc:0.8113288954635108 	 st3_acc:0.927206607495069
2850 	 train_loss:0.015021177008748055 	 test_loss: 0.01793011836707592 	 test_min_loss: 0.01793011836707592 	 difference: 0.0029089413583278656 	 st1_acc:0.5529462524654832 	 st2_acc:0.813301282051282 	 st3_acc:0.9320759368836292
2865 	 train_loss:0.014955172315239906 	 test_loss: 0.017886672168970108 	 test_min_loss: 0.017886672168970108 	 difference: 0.0029314998537302017 	 st1_acc:0.5419132149901381 	 st2_acc:0.810404339250493 	 st3_acc:0.9374383629191322
2880 	 train_loss:0.014908034354448318 	 test_loss: 0.017852241173386574 	 test_min_loss: 0.017852241173386574 	 difference: 0.0029442068189382553 	 st1_acc:0.5456114398422091 	 st2_acc:0.8102810650887574 	 st3_acc:0.9367603550295858
2895 	 train_loss:0.014925159513950348 	 test_loss: 0.01788049377501011 	 test_min_loss: 0.017852241173386574 	 difference: 0.002955334261059761 	 st1_acc:0.5435157790927022 	 st2_acc:0.8116370808678501 	 st3_acc:0.9369452662721893
2910 	 train_loss:0.014825151301920414 	 test_loss: 0.017800677567720413 	 test_min_loss: 0.017800677567720413 	 difference: 0.0029755262657999992 	 st1_acc:0.5461661735700197 	 st2_acc:0.8135478303747534 	 st3_acc:0.9379930966469427
2925 	 train_loss:0.014774362556636333 	 test_loss: 0.017759079113602638 	 test_min_loss: 0.017759079113602638 	 difference: 0.0029847165569663048 	 st1_acc:0.5464743589743589 	 st2_acc:0.8115754437869822 	 st3_acc:0.9379930966469427
2940 	 train_loss:0.014802196994423866 	 test_loss: 0.017824821174144745 	 test_min_loss: 0.017759079113602638 	 difference: 0.0030226241797208786 	 st1_acc:0.5639792899408284 	 st2_acc:0.8152120315581854 	 st3_acc:0.9305350098619329
2955 	 train_loss:0.014703938737511635 	 test_loss: 0.017721649259328842 	 test_min_loss: 0.017721649259328842 	 difference: 0.0030177105218172073 	 st1_acc:0.5636711045364892 	 st2_acc:0.8181706114398422 	 st3_acc:0.9320759368836292
2970 	 train_loss:0.014659417793154716 	 test_loss: 0.017680376768112183 	 test_min_loss: 0.017680376768112183 	 difference: 0.003020958974957466 	 st1_acc:0.5567677514792899 	 st2_acc:0.8169378698224852 	 st3_acc:0.9357125246548323
2985 	 train_loss:0.014652413316071033 	 test_loss: 0.01771092414855957 	 test_min_loss: 0.017680376768112183 	 difference: 0.003058510832488537 	 st1_acc:0.5665064102564102 	 st2_acc:0.8163214990138067 	 st3_acc:0.9302884615384616
3000 	 train_loss:0.014599778689444065 	 test_loss: 0.017654918134212494 	 test_min_loss: 0.017654918134212494 	 difference: 0.003055139444768429 	 st1_acc:0.560465976331361 	 st2_acc:0.8178007889546351 	 st3_acc:0.9352194280078896
3015 	 train_loss:0.014553016051650047 	 test_loss: 0.017637966200709343 	 test_min_loss: 0.017637966200709343 	 difference: 0.0030849501490592957 	 st1_acc:0.5666913214990138 	 st2_acc:0.8171227810650887 	 st3_acc:0.9315828402366864
3030 	 train_loss:0.014566998928785324 	 test_loss: 0.017627745866775513 	 test_min_loss: 0.017627745866775513 	 difference: 0.0030607469379901886 	 st1_acc:0.5602194280078896 	 st2_acc:0.8193417159763313 	 st3_acc:0.935404339250493
3045 	 train_loss:0.01444254256784916 	 test_loss: 0.017522457987070084 	 test_min_loss: 0.017522457987070084 	 difference: 0.0030799154192209244 	 st1_acc:0.5590483234714004 	 st2_acc:0.818663708086785 	 st3_acc:0.9379314595660749
3060 	 train_loss:0.014414622448384762 	 test_loss: 0.017536256462335587 	 test_min_loss: 0.017522457987070084 	 difference: 0.0031216340139508247 	 st1_acc:0.573594674556213 	 st2_acc:0.821560650887574 	 st3_acc:0.9309664694280079
3075 	 train_loss:0.01438942737877369 	 test_loss: 0.01751190610229969 	 test_min_loss: 0.01751190610229969 	 difference: 0.003122478723526001 	 st1_acc:0.5668762327416174 	 st2_acc:0.8220537475345168 	 st3_acc:0.9349728796844181
3090 	 train_loss:0.014335131272673607 	 test_loss: 0.017451981082558632 	 test_min_loss: 0.017451981082558632 	 difference: 0.003116849809885025 	 st1_acc:0.5668762327416174 	 st2_acc:0.8175542406311637 	 st3_acc:0.9340483234714004
3105 	 train_loss:0.014269806444644928 	 test_loss: 0.017396418377757072 	 test_min_loss: 0.017396418377757072 	 difference: 0.0031266119331121445 	 st1_acc:0.5541789940828402 	 st2_acc:0.8144107495069034 	 st3_acc:0.941629684418146
3120 	 train_loss:0.014256179332733154 	 test_loss: 0.017421478405594826 	 test_min_loss: 0.017396418377757072 	 difference: 0.0031652990728616714 	 st1_acc:0.5670611439842209 	 st2_acc:0.8165064102564102 	 st3_acc:0.9340483234714004
3135 	 train_loss:0.014358330518007278 	 test_loss: 0.01750045083463192 	 test_min_loss: 0.017396418377757072 	 difference: 0.0031421203166246414 	 st1_acc:0.5795118343195266 	 st2_acc:0.8239644970414202 	 st3_acc:0.9312130177514792
3150 	 train_loss:0.014192693866789341 	 test_loss: 0.017363114282488823 	 test_min_loss: 0.017363114282488823 	 difference: 0.003170420415699482 	 st1_acc:0.5663831360946746 	 st2_acc:0.8165680473372781 	 st3_acc:0.9349728796844181
3165 	 train_loss:0.014116321690380573 	 test_loss: 0.017297707498073578 	 test_min_loss: 0.017297707498073578 	 difference: 0.0031813858076930046 	 st1_acc:0.5636094674556213 	 st2_acc:0.8166913214990138 	 st3_acc:0.9376849112426036
3180 	 train_loss:0.01408513356000185 	 test_loss: 0.01728619448840618 	 test_min_loss: 0.01728619448840618 	 difference: 0.003201060928404331 	 st1_acc:0.571560650887574 	 st2_acc:0.8207593688362919 	 st3_acc:0.9348496055226825
3195 	 train_loss:0.014110580086708069 	 test_loss: 0.01727510616183281 	 test_min_loss: 0.01727510616183281 	 difference: 0.0031645260751247406 	 st1_acc:0.5487549309664694 	 st2_acc:0.8099112426035503 	 st3_acc:0.9453895463510849
3210 	 train_loss:0.014040246605873108 	 test_loss: 0.01724441535770893 	 test_min_loss: 0.01724441535770893 	 difference: 0.003204168751835823 	 st1_acc:0.5569526627218935 	 st2_acc:0.8160133136094675 	 st3_acc:0.942862426035503
3225 	 train_loss:0.01399267092347145 	 test_loss: 0.017233794555068016 	 test_min_loss: 0.017233794555068016 	 difference: 0.0032411236315965652 	 st1_acc:0.5705128205128205 	 st2_acc:0.8238412228796844 	 st3_acc:0.9386711045364892
3240 	 train_loss:0.013946350663900375 	 test_loss: 0.017169052734971046 	 test_min_loss: 0.017169052734971046 	 difference: 0.003222702071070671 	 st1_acc:0.5680473372781065 	 st2_acc:0.8206360946745562 	 st3_acc:0.9383629191321499
3255 	 train_loss:0.013896286487579346 	 test_loss: 0.01715249940752983 	 test_min_loss: 0.01715249940752983 	 difference: 0.0032562129199504852 	 st1_acc:0.5687869822485208 	 st2_acc:0.8181706114398422 	 st3_acc:0.9381163708086785
3270 	 train_loss:0.014029146172106266 	 test_loss: 0.017217343673110008 	 test_min_loss: 0.01715249940752983 	 difference: 0.0031881975010037422 	 st1_acc:0.5480769230769231 	 st2_acc:0.8095414201183432 	 st3_acc:0.9461908284023669
3285 	 train_loss:0.013839487917721272 	 test_loss: 0.01712247170507908 	 test_min_loss: 0.01712247170507908 	 difference: 0.003282983787357807 	 st1_acc:0.5689718934911243 	 st2_acc:0.8187253451676528 	 st3_acc:0.9378081854043393
3300 	 train_loss:0.013874154537916183 	 test_loss: 0.01716015115380287 	 test_min_loss: 0.01712247170507908 	 difference: 0.0032859966158866882 	 st1_acc:0.5821005917159763 	 st2_acc:0.825258875739645 	 st3_acc:0.9334319526627219
3315 	 train_loss:0.013764915987849236 	 test_loss: 0.01706375740468502 	 test_min_loss: 0.01706375740468502 	 difference: 0.003298841416835785 	 st1_acc:0.5690335305719921 	 st2_acc:0.8214990138067061 	 st3_acc:0.9400887573964497
3330 	 train_loss:0.013815220445394516 	 test_loss: 0.017107222229242325 	 test_min_loss: 0.01706375740468502 	 difference: 0.003292001783847809 	 st1_acc:0.5621918145956607 	 st2_acc:0.8138560157790927 	 st3_acc:0.9410749506903353
3345 	 train_loss:0.013763095252215862 	 test_loss: 0.01708601787686348 	 test_min_loss: 0.01706375740468502 	 difference: 0.0033229226246476173 	 st1_acc:0.577292899408284 	 st2_acc:0.819896449704142 	 st3_acc:0.9358357988165681
3360 	 train_loss:0.013735305517911911 	 test_loss: 0.017070112749934196 	 test_min_loss: 0.01706375740468502 	 difference: 0.0033348072320222855 	 st1_acc:0.5641025641025641 	 st2_acc:0.8142874753451677 	 st3_acc:0.9403353057199211
3375 	 train_loss:0.013647639192640781 	 test_loss: 0.016994880512356758 	 test_min_loss: 0.016994880512356758 	 difference: 0.0033472413197159767 	 st1_acc:0.5676775147928994 	 st2_acc:0.8175542406311637 	 st3_acc:0.9410749506903353
3390 	 train_loss:0.013643719255924225 	 test_loss: 0.016998162493109703 	 test_min_loss: 0.016994880512356758 	 difference: 0.003354443237185478 	 st1_acc:0.5608357988165681 	 st2_acc:0.8178007889546351 	 st3_acc:0.9450813609467456
3405 	 train_loss:0.013662055134773254 	 test_loss: 0.017063265666365623 	 test_min_loss: 0.016994880512356758 	 difference: 0.003401210531592369 	 st1_acc:0.5676775147928994 	 st2_acc:0.819896449704142 	 st3_acc:0.9423693293885601
3420 	 train_loss:0.013542406260967255 	 test_loss: 0.01692039519548416 	 test_min_loss: 0.01692039519548416 	 difference: 0.0033779889345169067 	 st1_acc:0.5782790927021696 	 st2_acc:0.8238412228796844 	 st3_acc:0.9380547337278107
3435 	 train_loss:0.013529743067920208 	 test_loss: 0.01692338101565838 	 test_min_loss: 0.01692039519548416 	 difference: 0.0033936379477381706 	 st1_acc:0.5663214990138067 	 st2_acc:0.8171227810650887 	 st3_acc:0.9429857001972387
3450 	 train_loss:0.013517390005290508 	 test_loss: 0.016890913248062134 	 test_min_loss: 0.016890913248062134 	 difference: 0.0033735232427716255 	 st1_acc:0.5798816568047337 	 st2_acc:0.8233481262327417 	 st3_acc:0.9386711045364892
3465 	 train_loss:0.013545840978622437 	 test_loss: 0.01699710823595524 	 test_min_loss: 0.016890913248062134 	 difference: 0.003451267257332802 	 st1_acc:0.5643491124260355 	 st2_acc:0.817862426035503 	 st3_acc:0.9428007889546351
3480 	 train_loss:0.01353389210999012 	 test_loss: 0.016943220049142838 	 test_min_loss: 0.016890913248062134 	 difference: 0.0034093279391527176 	 st1_acc:0.5788338264299803 	 st2_acc:0.8243959566074951 	 st3_acc:0.9389792899408284
3495 	 train_loss:0.013393725268542767 	 test_loss: 0.016845477744936943 	 test_min_loss: 0.016845477744936943 	 difference: 0.0034517524763941765 	 st1_acc:0.5745192307692307 	 st2_acc:0.8204511834319527 	 st3_acc:0.9397805719921104
3510 	 train_loss:0.013365509919822216 	 test_loss: 0.016818884760141373 	 test_min_loss: 0.016818884760141373 	 difference: 0.0034533748403191566 	 st1_acc:0.5767381656804734 	 st2_acc:0.8216839250493096 	 st3_acc:0.9401503944773175
3525 	 train_loss:0.01332911103963852 	 test_loss: 0.01679091528058052 	 test_min_loss: 0.01679091528058052 	 difference: 0.0034618042409420013 	 st1_acc:0.5739644970414202 	 st2_acc:0.8205744575936884 	 st3_acc:0.9418762327416174
3540 	 train_loss:0.013460553251206875 	 test_loss: 0.016848929226398468 	 test_min_loss: 0.01679091528058052 	 difference: 0.003388375975191593 	 st1_acc:0.5687253451676528 	 st2_acc:0.8207593688362919 	 st3_acc:0.9447731755424064
3555 	 train_loss:0.013357067480683327 	 test_loss: 0.016847049817442894 	 test_min_loss: 0.01679091528058052 	 difference: 0.0034899823367595673 	 st1_acc:0.5904215976331361 	 st2_acc:0.8257519723865878 	 st3_acc:0.9345414201183432
3570 	 train_loss:0.013304492458701134 	 test_loss: 0.016804225742816925 	 test_min_loss: 0.01679091528058052 	 difference: 0.0034997332841157913 	 st1_acc:0.5823471400394478 	 st2_acc:0.8255670611439843 	 st3_acc:0.9390409270216963
3585 	 train_loss:0.013284591026604176 	 test_loss: 0.016816100105643272 	 test_min_loss: 0.01679091528058052 	 difference: 0.003531509079039097 	 st1_acc:0.5948594674556213 	 st2_acc:0.8261834319526628 	 st3_acc:0.9327539447731755
3600 	 train_loss:0.013193952850997448 	 test_loss: 0.016706842929124832 	 test_min_loss: 0.016706842929124832 	 difference: 0.003512890078127384 	 st1_acc:0.5804980276134122 	 st2_acc:0.8229783037475346 	 st3_acc:0.9412598619329389
3615 	 train_loss:0.013283731415867805 	 test_loss: 0.01679680496454239 	 test_min_loss: 0.016706842929124832 	 difference: 0.0035130735486745834 	 st1_acc:0.5573841222879684 	 st2_acc:0.8146572978303748 	 st3_acc:0.9478550295857988
3630 	 train_loss:0.01323008257895708 	 test_loss: 0.016742577776312828 	 test_min_loss: 0.016706842929124832 	 difference: 0.0035124951973557472 	 st1_acc:0.5573841222879684 	 st2_acc:0.8133629191321499 	 st3_acc:0.9501356015779092
3645 	 train_loss:0.013153275474905968 	 test_loss: 0.016683995723724365 	 test_min_loss: 0.016683995723724365 	 difference: 0.0035307202488183975 	 st1_acc:0.5689102564102564 	 st2_acc:0.8185404339250493 	 st3_acc:0.9457593688362919
3660 	 train_loss:0.013209053315222263 	 test_loss: 0.016751335933804512 	 test_min_loss: 0.016683995723724365 	 difference: 0.0035422826185822487 	 st1_acc:0.5593565088757396 	 st2_acc:0.814965483234714 	 st3_acc:0.9480399408284024
3675 	 train_loss:0.013087501749396324 	 test_loss: 0.016651079058647156 	 test_min_loss: 0.016651079058647156 	 difference: 0.0035635773092508316 	 st1_acc:0.566198224852071 	 st2_acc:0.817862426035503 	 st3_acc:0.9476701183431953
3690 	 train_loss:0.013065535575151443 	 test_loss: 0.01665835827589035 	 test_min_loss: 0.016651079058647156 	 difference: 0.003592822700738907 	 st1_acc:0.5845660749506904 	 st2_acc:0.8246425049309665 	 st3_acc:0.9407051282051282
3705 	 train_loss:0.013092274777591228 	 test_loss: 0.016615048050880432 	 test_min_loss: 0.016615048050880432 	 difference: 0.0035227732732892036 	 st1_acc:0.5692184418145957 	 st2_acc:0.8186020710059172 	 st3_acc:0.9467455621301775
3720 	 train_loss:0.013035215437412262 	 test_loss: 0.01661612093448639 	 test_min_loss: 0.016615048050880432 	 difference: 0.003580905497074127 	 st1_acc:0.5835182445759369 	 st2_acc:0.8255670611439843 	 st3_acc:0.9410133136094675
3735 	 train_loss:0.012964253313839436 	 test_loss: 0.01657644473016262 	 test_min_loss: 0.01657644473016262 	 difference: 0.003612191416323185 	 st1_acc:0.5849975345167653 	 st2_acc:0.8246425049309665 	 st3_acc:0.940766765285996
3750 	 train_loss:0.013370065949857235 	 test_loss: 0.01684432663023472 	 test_min_loss: 0.01657644473016262 	 difference: 0.0034742606803774834 	 st1_acc:0.539447731755424 	 st2_acc:0.8055966469428008 	 st3_acc:0.9570389546351085
3765 	 train_loss:0.012966196984052658 	 test_loss: 0.016572579741477966 	 test_min_loss: 0.016572579741477966 	 difference: 0.0036063827574253082 	 st1_acc:0.5968318540433925 	 st2_acc:0.8287721893491125 	 st3_acc:0.9368836291913215
3780 	 train_loss:0.01289328746497631 	 test_loss: 0.01653379015624523 	 test_min_loss: 0.01653379015624523 	 difference: 0.003640502691268921 	 st1_acc:0.5845660749506904 	 st2_acc:0.8243343195266272 	 st3_acc:0.9425542406311637
3795 	 train_loss:0.012916439212858677 	 test_loss: 0.016593925654888153 	 test_min_loss: 0.01653379015624523 	 difference: 0.003677486442029476 	 st1_acc:0.5922090729783037 	 st2_acc:0.8297583826429981 	 st3_acc:0.9398422090729783
3810 	 train_loss:0.012880073860287666 	 test_loss: 0.01656367816030979 	 test_min_loss: 0.01653379015624523 	 difference: 0.0036836043000221252 	 st1_acc:0.5895586785009862 	 st2_acc:0.8280325443786982 	 st3_acc:0.9413214990138067
3825 	 train_loss:0.0128407571464777 	 test_loss: 0.016517236828804016 	 test_min_loss: 0.016517236828804016 	 difference: 0.003676479682326317 	 st1_acc:0.5961538461538461 	 st2_acc:0.8285872781065089 	 st3_acc:0.9378081854043393
3840 	 train_loss:0.013091781176626682 	 test_loss: 0.016771802678704262 	 test_min_loss: 0.016517236828804016 	 difference: 0.0036800215020775795 	 st1_acc:0.5791420118343196 	 st2_acc:0.8234714003944773 	 st3_acc:0.940766765285996
3855 	 train_loss:0.012772909365594387 	 test_loss: 0.016466174274683 	 test_min_loss: 0.016466174274683 	 difference: 0.0036932649090886116 	 st1_acc:0.5832716962524654 	 st2_acc:0.8241494082840237 	 st3_acc:0.9442800788954635
3870 	 train_loss:0.012764452025294304 	 test_loss: 0.01648450642824173 	 test_min_loss: 0.016466174274683 	 difference: 0.003720054402947426 	 st1_acc:0.5899901380670611 	 st2_acc:0.8251356015779092 	 st3_acc:0.9418762327416174
3885 	 train_loss:0.012918086722493172 	 test_loss: 0.016591904684901237 	 test_min_loss: 0.016466174274683 	 difference: 0.003673817962408066 	 st1_acc:0.5535626232741617 	 st2_acc:0.8115138067061144 	 st3_acc:0.9542652859960552
3900 	 train_loss:0.01272119116038084 	 test_loss: 0.016433198004961014 	 test_min_loss: 0.016433198004961014 	 difference: 0.0037120068445801735 	 st1_acc:0.5849975345167653 	 st2_acc:0.8245192307692307 	 st3_acc:0.9437253451676528
3915 	 train_loss:0.012690502218902111 	 test_loss: 0.016417182981967926 	 test_min_loss: 0.016417182981967926 	 difference: 0.003726680763065815 	 st1_acc:0.5867850098619329 	 st2_acc:0.826060157790927 	 st3_acc:0.9433555226824457
3930 	 train_loss:0.012828383594751358 	 test_loss: 0.016587844118475914 	 test_min_loss: 0.016417182981967926 	 difference: 0.003759460523724556 	 st1_acc:0.5729166666666666 	 st2_acc:0.821129191321499 	 st3_acc:0.9450813609467456
3945 	 train_loss:0.012703051790595055 	 test_loss: 0.016472648829221725 	 test_min_loss: 0.016417182981967926 	 difference: 0.003769597038626671 	 st1_acc:0.5762450690335306 	 st2_acc:0.8231015779092702 	 st3_acc:0.9462524654832347
3960 	 train_loss:0.012736937031149864 	 test_loss: 0.01647227257490158 	 test_min_loss: 0.016417182981967926 	 difference: 0.0037353355437517166 	 st1_acc:0.571560650887574 	 st2_acc:0.8194649901380671 	 st3_acc:0.9487795857988166
3975 	 train_loss:0.012665401212871075 	 test_loss: 0.016446363180875778 	 test_min_loss: 0.016417182981967926 	 difference: 0.0037809619680047035 	 st1_acc:0.6076799802761341 	 st2_acc:0.8323471400394478 	 st3_acc:0.9342948717948718
3990 	 train_loss:0.012569276615977287 	 test_loss: 0.016364827752113342 	 test_min_loss: 0.016364827752113342 	 difference: 0.003795551136136055 	 st1_acc:0.5960305719921104 	 st2_acc:0.8297583826429981 	 st3_acc:0.9409516765285996
4005 	 train_loss:0.012692504562437534 	 test_loss: 0.016484402120113373 	 test_min_loss: 0.016364827752113342 	 difference: 0.0037918975576758385 	 st1_acc:0.5684171597633136 	 st2_acc:0.816198224852071 	 st3_acc:0.9500123274161736
4020 	 train_loss:0.012596607208251953 	 test_loss: 0.016400722786784172 	 test_min_loss: 0.016364827752113342 	 difference: 0.003804115578532219 	 st1_acc:0.59375 	 st2_acc:0.8273545364891519 	 st3_acc:0.9428007889546351
4035 	 train_loss:0.012509907595813274 	 test_loss: 0.01633327640593052 	 test_min_loss: 0.01633327640593052 	 difference: 0.0038233688101172447 	 st1_acc:0.5866000986193294 	 st2_acc:0.8259985207100592 	 st3_acc:0.9455744575936884
4050 	 train_loss:0.01251401286572218 	 test_loss: 0.01636444218456745 	 test_min_loss: 0.01633327640593052 	 difference: 0.003850429318845272 	 st1_acc:0.6018244575936884 	 st2_acc:0.8308678500986193 	 st3_acc:0.938732741617357
4065 	 train_loss:0.012488788925111294 	 test_loss: 0.0163602102547884 	 test_min_loss: 0.01633327640593052 	 difference: 0.003871421329677105 	 st1_acc:0.6007766272189349 	 st2_acc:0.8305596646942801 	 st3_acc:0.9406434911242604
4080 	 train_loss:0.012467174790799618 	 test_loss: 0.016314135864377022 	 test_min_loss: 0.016314135864377022 	 difference: 0.003846961073577404 	 st1_acc:0.597448224852071 	 st2_acc:0.8301282051282052 	 st3_acc:0.9412598619329389
4095 	 train_loss:0.01266404613852501 	 test_loss: 0.01653098501265049 	 test_min_loss: 0.016314135864377022 	 difference: 0.0038669388741254807 	 st1_acc:0.5692800788954635 	 st2_acc:0.8160749506903353 	 st3_acc:0.9499506903353058
4110 	 train_loss:0.012418734841048717 	 test_loss: 0.016283901408314705 	 test_min_loss: 0.016283901408314705 	 difference: 0.0038651665672659874 	 st1_acc:0.5988658777120316 	 st2_acc:0.8305596646942801 	 st3_acc:0.9421844181459567
4125 	 train_loss:0.01240112166851759 	 test_loss: 0.01627473533153534 	 test_min_loss: 0.01627473533153534 	 difference: 0.00387361366301775 	 st1_acc:0.5987426035502958 	 st2_acc:0.8312993096646942 	 st3_acc:0.9418145956607495
4140 	 train_loss:0.012412003241479397 	 test_loss: 0.016313180327415466 	 test_min_loss: 0.01627473533153534 	 difference: 0.0039011770859360695 	 st1_acc:0.591654339250493 	 st2_acc:0.8256286982248521 	 st3_acc:0.9421844181459567
4155 	 train_loss:0.012426817789673805 	 test_loss: 0.016306908801198006 	 test_min_loss: 0.01627473533153534 	 difference: 0.0038800910115242004 	 st1_acc:0.5827169625246549 	 st2_acc:0.8247657790927022 	 st3_acc:0.949026134122288
4170 	 train_loss:0.012365381233394146 	 test_loss: 0.016282010823488235 	 test_min_loss: 0.01627473533153534 	 difference: 0.0039166295900940895 	 st1_acc:0.5802514792899408 	 st2_acc:0.8249506903353058 	 st3_acc:0.9485330374753451
4185 	 train_loss:0.012416808865964413 	 test_loss: 0.01630879007279873 	 test_min_loss: 0.01627473533153534 	 difference: 0.0038919812068343163 	 st1_acc:0.6076183431952663 	 st2_acc:0.8329018737672583 	 st3_acc:0.9383629191321499
4200 	 train_loss:0.012296742759644985 	 test_loss: 0.01624290645122528 	 test_min_loss: 0.01624290645122528 	 difference: 0.0039461636915802956 	 st1_acc:0.6043515779092702 	 st2_acc:0.8320389546351085 	 st3_acc:0.9389792899408284
