D:\Anaconda\python.exe D:/home/zeewei/projects/77GRadar/model/cnn/cnn_train.py
划分数据集
0000 	 train_loss:3.9351859092712402 	 test_loss: 3.1565895080566406 	 test_min_loss: 3.1565895080566406 	 difference: -0.7785964012145996 	 st1_acc:0.0 	 st2_acc:0.0 	 st3_acc:0.0
0015 	 train_loss:0.4149031341075897 	 test_loss: 0.3659120202064514 	 test_min_loss: 0.3659120202064514 	 difference: -0.048991113901138306 	 st1_acc:0.0 	 st2_acc:0.0 	 st3_acc:0.0
0030 	 train_loss:0.11557668447494507 	 test_loss: 0.11113859713077545 	 test_min_loss: 0.11113859713077545 	 difference: -0.004438087344169617 	 st1_acc:0.0019790783149561775 	 st2_acc:0.018518518518518517 	 st3_acc:0.13754594288945435
0045 	 train_loss:0.08577169477939606 	 test_loss: 0.08476478606462479 	 test_min_loss: 0.08476478606462479 	 difference: -0.0010069087147712708 	 st1_acc:0.02586938083121289 	 st2_acc:0.05810008481764207 	 st3_acc:0.08510036754311563
0060 	 train_loss:0.0743887722492218 	 test_loss: 0.07399103790521622 	 test_min_loss: 0.07399103790521622 	 difference: -0.0003977343440055847 	 st1_acc:0.038309301668080296 	 st2_acc:0.0675713881820752 	 st3_acc:0.14913768730562624
0075 	 train_loss:0.06860943138599396 	 test_loss: 0.06837086379528046 	 test_min_loss: 0.06837086379528046 	 difference: -0.00023856759071350098 	 st1_acc:0.06417868249929319 	 st2_acc:0.12425784563189143 	 st3_acc:0.2001696352841391
0090 	 train_loss:0.06475047022104263 	 test_loss: 0.06472047418355942 	 test_min_loss: 0.06472047418355942 	 difference: -2.9996037483215332e-05 	 st1_acc:0.07873904438789935 	 st2_acc:0.1450381679389313 	 st3_acc:0.23098671190274245
0105 	 train_loss:0.06196991726756096 	 test_loss: 0.06204582378268242 	 test_min_loss: 0.06204582378268242 	 difference: 7.590651512145996e-05 	 st1_acc:0.0845349165959853 	 st2_acc:0.16737348035057958 	 st3_acc:0.2608142493638677
0120 	 train_loss:0.05977490544319153 	 test_loss: 0.05990156903862953 	 test_min_loss: 0.05990156903862953 	 difference: 0.00012666359543800354 	 st1_acc:0.09669211195928754 	 st2_acc:0.19253604749787956 	 st3_acc:0.2875318066157761
0135 	 train_loss:0.057883765548467636 	 test_loss: 0.05802895873785019 	 test_min_loss: 0.05802895873785019 	 difference: 0.0001451931893825531 	 st1_acc:0.11153519932145886 	 st2_acc:0.22278767316935255 	 st3_acc:0.31523890302516255
0150 	 train_loss:0.05618588998913765 	 test_loss: 0.05635549873113632 	 test_min_loss: 0.05635549873113632 	 difference: 0.00016960874199867249 	 st1_acc:0.12213740458015267 	 st2_acc:0.24399208368674016 	 st3_acc:0.34209782301385355
0165 	 train_loss:0.054626304656267166 	 test_loss: 0.05482565239071846 	 test_min_loss: 0.05482565239071846 	 difference: 0.00019934773445129395 	 st1_acc:0.1297709923664122 	 st2_acc:0.26717557251908397 	 st3_acc:0.3671190274243709
0180 	 train_loss:0.05317528545856476 	 test_loss: 0.05341046303510666 	 test_min_loss: 0.05341046303510666 	 difference: 0.00023517757654190063 	 st1_acc:0.13782866836301952 	 st2_acc:0.2900763358778626 	 st3_acc:0.39115069267741026
0195 	 train_loss:0.05182908847928047 	 test_loss: 0.052094943821430206 	 test_min_loss: 0.052094943821430206 	 difference: 0.0002658553421497345 	 st1_acc:0.1450381679389313 	 st2_acc:0.3084534916595985 	 st3_acc:0.4157478088775799
0210 	 train_loss:0.05057137832045555 	 test_loss: 0.05086090788245201 	 test_min_loss: 0.05086090788245201 	 difference: 0.00028952956199645996 	 st1_acc:0.1530958439355386 	 st2_acc:0.33517104891150695 	 st3_acc:0.4437376307605315
0225 	 train_loss:0.049389712512493134 	 test_loss: 0.049705468118190765 	 test_min_loss: 0.049705468118190765 	 difference: 0.00031575560569763184 	 st1_acc:0.1584676279332768 	 st2_acc:0.3573649985863726 	 st3_acc:0.46635566864574496
0240 	 train_loss:0.048286546021699905 	 test_loss: 0.04862833023071289 	 test_min_loss: 0.04862833023071289 	 difference: 0.00034178420901298523 	 st1_acc:0.1628498727735369 	 st2_acc:0.3763076053152389 	 st3_acc:0.489115069267741
0255 	 train_loss:0.047249935567379 	 test_loss: 0.047611940652132034 	 test_min_loss: 0.047611940652132034 	 difference: 0.0003620050847530365 	 st1_acc:0.17288662708510036 	 st2_acc:0.3939779474130619 	 st3_acc:0.5106022052586938
0270 	 train_loss:0.046269506216049194 	 test_loss: 0.04665035009384155 	 test_min_loss: 0.04665035009384155 	 difference: 0.0003808438777923584 	 st1_acc:0.1786824992931863 	 st2_acc:0.40896239751201585 	 st3_acc:0.5254452926208651
0285 	 train_loss:0.04534928500652313 	 test_loss: 0.045746345072984695 	 test_min_loss: 0.045746345072984695 	 difference: 0.0003970600664615631 	 st1_acc:0.18377155781735935 	 st2_acc:0.4225332202431439 	 st3_acc:0.5425501837715578
0300 	 train_loss:0.04447934776544571 	 test_loss: 0.04489513859152794 	 test_min_loss: 0.04489513859152794 	 difference: 0.0004157908260822296 	 st1_acc:0.1885778908679672 	 st2_acc:0.43638676844783714 	 st3_acc:0.5572519083969466
0315 	 train_loss:0.043657585978507996 	 test_loss: 0.04409040883183479 	 test_min_loss: 0.04409040883183479 	 difference: 0.0004328228533267975 	 st1_acc:0.19550466497031382 	 st2_acc:0.452078032230704 	 st3_acc:0.5739327113372915
0330 	 train_loss:0.042878713458776474 	 test_loss: 0.04332209378480911 	 test_min_loss: 0.04332209378480911 	 difference: 0.00044338032603263855 	 st1_acc:0.20243143907266045 	 st2_acc:0.4677692960135708 	 st3_acc:0.5908962397512015
0345 	 train_loss:0.04213782772421837 	 test_loss: 0.04258953034877777 	 test_min_loss: 0.04258953034877777 	 difference: 0.00045170262455940247 	 st1_acc:0.21105456601639808 	 st2_acc:0.48148148148148145 	 st3_acc:0.6077184054283291
0360 	 train_loss:0.04143543913960457 	 test_loss: 0.04189581796526909 	 test_min_loss: 0.04189581796526909 	 difference: 0.00046037882566452026 	 st1_acc:0.21133729148996325 	 st2_acc:0.4906700593723495 	 st3_acc:0.621006502685892
0375 	 train_loss:0.04076575115323067 	 test_loss: 0.041235290467739105 	 test_min_loss: 0.041235290467739105 	 difference: 0.0004695393145084381 	 st1_acc:0.21204410517387617 	 st2_acc:0.5011309018942607 	 st3_acc:0.6338705117331072
0390 	 train_loss:0.04012405872344971 	 test_loss: 0.04060271382331848 	 test_min_loss: 0.04060271382331848 	 difference: 0.0004786550998687744 	 st1_acc:0.21557817359344078 	 st2_acc:0.51258128357365 	 st3_acc:0.6443313542550184
0405 	 train_loss:0.039507366716861725 	 test_loss: 0.03999203070998192 	 test_min_loss: 0.03999203070998192 	 difference: 0.0004846639931201935 	 st1_acc:0.21685043822448402 	 st2_acc:0.5220525869380831 	 st3_acc:0.6547921967769296
0420 	 train_loss:0.03891612961888313 	 test_loss: 0.03940661996603012 	 test_min_loss: 0.03940661996603012 	 difference: 0.0004904903471469879 	 st1_acc:0.22094995759117897 	 st2_acc:0.5299689001979079 	 st3_acc:0.6628498727735369
0435 	 train_loss:0.038347840309143066 	 test_loss: 0.038846179842948914 	 test_min_loss: 0.038846179842948914 	 difference: 0.0004983395338058472 	 st1_acc:0.22731128074639526 	 st2_acc:0.5408538309301668 	 st3_acc:0.6738761662425785
0450 	 train_loss:0.03779972344636917 	 test_loss: 0.038302209228277206 	 test_min_loss: 0.038302209228277206 	 difference: 0.0005024857819080353 	 st1_acc:0.23084534916595986 	 st2_acc:0.5500424088210347 	 st3_acc:0.6824992931863161
0465 	 train_loss:0.037267979234457016 	 test_loss: 0.03777868300676346 	 test_min_loss: 0.03777868300676346 	 difference: 0.0005107037723064423 	 st1_acc:0.23338987842804637 	 st2_acc:0.5569691829233814 	 st3_acc:0.6909810573932711
0480 	 train_loss:0.03675215691328049 	 test_loss: 0.0372735820710659 	 test_min_loss: 0.0372735820710659 	 difference: 0.0005214251577854156 	 st1_acc:0.23706530958439356 	 st2_acc:0.5660163980774667 	 st3_acc:0.7007350862312695
0495 	 train_loss:0.03624622896313667 	 test_loss: 0.036777563393116 	 test_min_loss: 0.036777563393116 	 difference: 0.0005313344299793243 	 st1_acc:0.23918575063613232 	 st2_acc:0.5732258976533786 	 st3_acc:0.7085100367543116
0510 	 train_loss:0.03575117141008377 	 test_loss: 0.03629602864384651 	 test_min_loss: 0.03629602864384651 	 difference: 0.0005448572337627411 	 st1_acc:0.2428611817924795 	 st2_acc:0.5855244557534633 	 st3_acc:0.7191122420130054
0525 	 train_loss:0.03527269512414932 	 test_loss: 0.03583020716905594 	 test_min_loss: 0.03583020716905594 	 difference: 0.0005575120449066162 	 st1_acc:0.2482329657902177 	 st2_acc:0.5940062199604185 	 st3_acc:0.7271699180096126
0540 	 train_loss:0.03481050208210945 	 test_loss: 0.03538177162408829 	 test_min_loss: 0.03538177162408829 	 difference: 0.0005712695419788361 	 st1_acc:0.24865705400056545 	 st2_acc:0.6007916313259825 	 st3_acc:0.7349448685326548
0555 	 train_loss:0.03436141088604927 	 test_loss: 0.03494402393698692 	 test_min_loss: 0.03494402393698692 	 difference: 0.0005826130509376526 	 st1_acc:0.24936386768447838 	 st2_acc:0.6088493073225898 	 st3_acc:0.7434266327396098
0570 	 train_loss:0.03392409160733223 	 test_loss: 0.03451986610889435 	 test_min_loss: 0.03451986610889435 	 difference: 0.0005957745015621185 	 st1_acc:0.25303929884082554 	 st2_acc:0.6184619734238055 	 st3_acc:0.7544529262086515
0585 	 train_loss:0.033500924706459045 	 test_loss: 0.03410938382148743 	 test_min_loss: 0.03410938382148743 	 difference: 0.0006084591150283813 	 st1_acc:0.2572801809443031 	 st2_acc:0.6279332767882386 	 st3_acc:0.7627933276788239
0600 	 train_loss:0.03308963403105736 	 test_loss: 0.033712539821863174 	 test_min_loss: 0.033712539821863174 	 difference: 0.0006229057908058167 	 st1_acc:0.25770426915465083 	 st2_acc:0.6342945999434549 	 st3_acc:0.7702855527283008
0615 	 train_loss:0.03268947824835777 	 test_loss: 0.03332513943314552 	 test_min_loss: 0.03332513943314552 	 difference: 0.0006356611847877502 	 st1_acc:0.25940062199604186 	 st2_acc:0.6415040995193667 	 st3_acc:0.7767882386202997
0630 	 train_loss:0.03230052441358566 	 test_loss: 0.03294884040951729 	 test_min_loss: 0.03294884040951729 	 difference: 0.0006483159959316254 	 st1_acc:0.2618037885213458 	 st2_acc:0.6489963245688437 	 st3_acc:0.7835736499858638
0645 	 train_loss:0.031922999769449234 	 test_loss: 0.032586582005023956 	 test_min_loss: 0.032586582005023956 	 difference: 0.0006635822355747223 	 st1_acc:0.2649137687305626 	 st2_acc:0.6538026576194516 	 st3_acc:0.7888040712468194
0660 	 train_loss:0.0315568670630455 	 test_loss: 0.03223515674471855 	 test_min_loss: 0.03223515674471855 	 difference: 0.0006782896816730499 	 st1_acc:0.26816511167656204 	 st2_acc:0.6588917161436245 	 st3_acc:0.795024031665253
0675 	 train_loss:0.031201858073472977 	 test_loss: 0.03189323469996452 	 test_min_loss: 0.03189323469996452 	 difference: 0.0006913766264915466 	 st1_acc:0.2711337291489963 	 st2_acc:0.6646875883517105 	 st3_acc:0.800819903873339
0690 	 train_loss:0.030857712030410767 	 test_loss: 0.031566280871629715 	 test_min_loss: 0.031566280871629715 	 difference: 0.0007085688412189484 	 st1_acc:0.2762227876731694 	 st2_acc:0.6697766468758836 	 st3_acc:0.8067571388182075
0705 	 train_loss:0.030524464324116707 	 test_loss: 0.03124713897705078 	 test_min_loss: 0.03124713897705078 	 difference: 0.0007226746529340744 	 st1_acc:0.2765055131467345 	 st2_acc:0.674724342663274 	 st3_acc:0.8122702855527283
0720 	 train_loss:0.030202539637684822 	 test_loss: 0.03094080649316311 	 test_min_loss: 0.03094080649316311 	 difference: 0.0007382668554782867 	 st1_acc:0.2804636697766469 	 st2_acc:0.6806615776081425 	 st3_acc:0.8169352558665536
0735 	 train_loss:0.029889829456806183 	 test_loss: 0.03064277581870556 	 test_min_loss: 0.03064277581870556 	 difference: 0.0007529463618993759 	 st1_acc:0.28498727735368956 	 st2_acc:0.6858919988690981 	 st3_acc:0.821882951653944
0750 	 train_loss:0.029584975913167 	 test_loss: 0.03035281039774418 	 test_min_loss: 0.03035281039774418 	 difference: 0.000767834484577179 	 st1_acc:0.2866836301950806 	 st2_acc:0.6904156064461408 	 st3_acc:0.8251342945999435
0765 	 train_loss:0.02928931638598442 	 test_loss: 0.030071888118982315 	 test_min_loss: 0.030071888118982315 	 difference: 0.0007825717329978943 	 st1_acc:0.2929035906135143 	 st2_acc:0.6957873904438789 	 st3_acc:0.8305060785976817
0780 	 train_loss:0.02900085225701332 	 test_loss: 0.02980051189661026 	 test_min_loss: 0.02980051189661026 	 difference: 0.0007996596395969391 	 st1_acc:0.2953067571388182 	 st2_acc:0.6986146451795306 	 st3_acc:0.8343228724908114
0795 	 train_loss:0.028720086440443993 	 test_loss: 0.029537994414567947 	 test_min_loss: 0.029537994414567947 	 difference: 0.0008179079741239548 	 st1_acc:0.2988408255583828 	 st2_acc:0.7029968900197908 	 st3_acc:0.8371501272264631
0810 	 train_loss:0.028446221724152565 	 test_loss: 0.029282115399837494 	 test_min_loss: 0.029282115399837494 	 difference: 0.0008358936756849289 	 st1_acc:0.3018094430308171 	 st2_acc:0.7070964093864858 	 st3_acc:0.8401187446988974
0825 	 train_loss:0.02817939966917038 	 test_loss: 0.029030708596110344 	 test_min_loss: 0.029030708596110344 	 difference: 0.0008513089269399643 	 st1_acc:0.30562623692394686 	 st2_acc:0.7119027424370936 	 st3_acc:0.843652813118462
0840 	 train_loss:0.02791874296963215 	 test_loss: 0.028785452246665955 	 test_min_loss: 0.028785452246665955 	 difference: 0.0008667092770338058 	 st1_acc:0.30788804071246817 	 st2_acc:0.7161436245405711 	 st3_acc:0.8477523324851569
0855 	 train_loss:0.027662644162774086 	 test_loss: 0.02854473702609539 	 test_min_loss: 0.02854473702609539 	 difference: 0.0008820928633213043 	 st1_acc:0.3107152954481199 	 st2_acc:0.7198190556969183 	 st3_acc:0.8514277636415041
0870 	 train_loss:0.027411945164203644 	 test_loss: 0.02831069752573967 	 test_min_loss: 0.02831069752573967 	 difference: 0.000898752361536026 	 st1_acc:0.3114221091320328 	 st2_acc:0.7217981340118744 	 st3_acc:0.8531241164828951
0885 	 train_loss:0.02716694585978985 	 test_loss: 0.028077637776732445 	 test_min_loss: 0.028077637776732445 	 difference: 0.0009106919169425964 	 st1_acc:0.3131184619734238 	 st2_acc:0.7246253887475261 	 st3_acc:0.8576477240599378
0900 	 train_loss:0.026928402483463287 	 test_loss: 0.02785169519484043 	 test_min_loss: 0.02785169519484043 	 difference: 0.0009232927113771439 	 st1_acc:0.3159457167090755 	 st2_acc:0.7288662708510036 	 st3_acc:0.8610404297427198
0915 	 train_loss:0.026696503162384033 	 test_loss: 0.02763274870812893 	 test_min_loss: 0.02763274870812893 	 difference: 0.0009362455457448959 	 st1_acc:0.3194797851286401 	 st2_acc:0.7356516822165677 	 st3_acc:0.8659881255301103
0930 	 train_loss:0.0264703631401062 	 test_loss: 0.027424128726124763 	 test_min_loss: 0.027424128726124763 	 difference: 0.0009537655860185623 	 st1_acc:0.32301385354820467 	 st2_acc:0.7389030251625671 	 st3_acc:0.8690981057393271
0945 	 train_loss:0.026248883455991745 	 test_loss: 0.02721966616809368 	 test_min_loss: 0.02721966616809368 	 difference: 0.0009707827121019363 	 st1_acc:0.3255583828102912 	 st2_acc:0.7408821034775234 	 st3_acc:0.8713599095278485
0960 	 train_loss:0.0260321032255888 	 test_loss: 0.027020825073122978 	 test_min_loss: 0.027020825073122978 	 difference: 0.0009887218475341797 	 st1_acc:0.3286683630195081 	 st2_acc:0.7452643483177834 	 st3_acc:0.8754594288945434
0975 	 train_loss:0.025820165872573853 	 test_loss: 0.026826363056898117 	 test_min_loss: 0.026826363056898117 	 difference: 0.0010061971843242645 	 st1_acc:0.33319197059655076 	 st2_acc:0.7495052304212609 	 st3_acc:0.8792762227876731
0990 	 train_loss:0.025613587349653244 	 test_loss: 0.026635903865098953 	 test_min_loss: 0.026635903865098953 	 difference: 0.0010223165154457092 	 st1_acc:0.3355951371218547 	 st2_acc:0.7516256714729997 	 st3_acc:0.88238620299689
1005 	 train_loss:0.02541186846792698 	 test_loss: 0.026451485231518745 	 test_min_loss: 0.026451485231518745 	 difference: 0.0010396167635917664 	 st1_acc:0.33927056827820185 	 st2_acc:0.7538874752615211 	 st3_acc:0.8853548204693242
1020 	 train_loss:0.02521463669836521 	 test_loss: 0.0262698233127594 	 test_min_loss: 0.0262698233127594 	 difference: 0.001055186614394188 	 st1_acc:0.34407690132880975 	 st2_acc:0.7561492790500424 	 st3_acc:0.8886061634153237
1035 	 train_loss:0.025021810084581375 	 test_loss: 0.0260926466435194 	 test_min_loss: 0.0260926466435194 	 difference: 0.0010708365589380264 	 st1_acc:0.3469041560644614 	 st2_acc:0.757280180944303 	 st3_acc:0.8912920554141929
1050 	 train_loss:0.024832824245095253 	 test_loss: 0.025920651853084564 	 test_min_loss: 0.025920651853084564 	 difference: 0.0010878276079893112 	 st1_acc:0.3477523324851569 	 st2_acc:0.7581283573649986 	 st3_acc:0.8927056827820187
1065 	 train_loss:0.024646511301398277 	 test_loss: 0.025750376284122467 	 test_min_loss: 0.025750376284122467 	 difference: 0.0011038649827241898 	 st1_acc:0.34817642069550464 	 st2_acc:0.7582697201017812 	 st3_acc:0.8941193101498445
1080 	 train_loss:0.024464238435029984 	 test_loss: 0.0255826935172081 	 test_min_loss: 0.0255826935172081 	 difference: 0.0011184550821781158 	 st1_acc:0.3515691263782867 	 st2_acc:0.7595419847328244 	 st3_acc:0.8955329375176704
1095 	 train_loss:0.024285946041345596 	 test_loss: 0.025417199358344078 	 test_min_loss: 0.025417199358344078 	 difference: 0.0011312533169984818 	 st1_acc:0.3567995476392423 	 st2_acc:0.7626519649420412 	 st3_acc:0.8979361040429743
1110 	 train_loss:0.02411159686744213 	 test_loss: 0.02525840699672699 	 test_min_loss: 0.02525840699672699 	 difference: 0.0011468101292848587 	 st1_acc:0.359626802374894 	 st2_acc:0.7663273960983885 	 st3_acc:0.9003392705682782
1125 	 train_loss:0.023940186947584152 	 test_loss: 0.025102291256189346 	 test_min_loss: 0.025102291256189346 	 difference: 0.001162104308605194 	 st1_acc:0.3628781453208934 	 st2_acc:0.7694373763076053 	 st3_acc:0.9020356234096693
1140 	 train_loss:0.0237713735550642 	 test_loss: 0.02495032362639904 	 test_min_loss: 0.02495032362639904 	 difference: 0.0011789500713348389 	 st1_acc:0.36697766468758836 	 st2_acc:0.7718405428329093 	 st3_acc:0.9038733389878428
1155 	 train_loss:0.02360597252845764 	 test_loss: 0.024802999570965767 	 test_min_loss: 0.024802999570965767 	 difference: 0.0011970270425081253 	 st1_acc:0.36853265479219677 	 st2_acc:0.7745264348317783 	 st3_acc:0.9055696918292339
1170 	 train_loss:0.023443955928087234 	 test_loss: 0.024659963324666023 	 test_min_loss: 0.024659963324666023 	 difference: 0.0012160073965787888 	 st1_acc:0.37164263500141365 	 st2_acc:0.7762227876731693 	 st3_acc:0.9064178682499293
1185 	 train_loss:0.023284785449504852 	 test_loss: 0.024520665407180786 	 test_min_loss: 0.024520665407180786 	 difference: 0.0012358799576759338 	 st1_acc:0.37249081142210916 	 st2_acc:0.7770709640938649 	 st3_acc:0.9076901328809726
1200 	 train_loss:0.02312866970896721 	 test_loss: 0.024382784962654114 	 test_min_loss: 0.024382784962654114 	 difference: 0.001254115253686905 	 st1_acc:0.3746112524738479 	 st2_acc:0.7779191405145603 	 st3_acc:0.9098105739327114
1215 	 train_loss:0.022975211963057518 	 test_loss: 0.024247609078884125 	 test_min_loss: 0.024247609078884125 	 difference: 0.0012723971158266068 	 st1_acc:0.37701441899915183 	 st2_acc:0.779050042408821 	 st3_acc:0.9113655640373197
1230 	 train_loss:0.022824116051197052 	 test_loss: 0.024114413186907768 	 test_min_loss: 0.024114413186907768 	 difference: 0.0012902971357107162 	 st1_acc:0.37673169352558666 	 st2_acc:0.7789086796720385 	 st3_acc:0.9120723777212327
1245 	 train_loss:0.02267567254602909 	 test_loss: 0.023984305560588837 	 test_min_loss: 0.023984305560588837 	 difference: 0.0013086330145597458 	 st1_acc:0.3781453208934125 	 st2_acc:0.7798982188295165 	 st3_acc:0.9126378286683631
1260 	 train_loss:0.0225299634039402 	 test_loss: 0.023856984451413155 	 test_min_loss: 0.023856984451413155 	 difference: 0.0013270210474729538 	 st1_acc:0.38054848741871644 	 st2_acc:0.7817359344076902 	 st3_acc:0.913344642352276
1275 	 train_loss:0.022385839372873306 	 test_loss: 0.023731514811515808 	 test_min_loss: 0.023731514811515808 	 difference: 0.0013456754386425018 	 st1_acc:0.3825275657336726 	 st2_acc:0.7823013853548205 	 st3_acc:0.9130619168787107
1290 	 train_loss:0.02224266529083252 	 test_loss: 0.023608684539794922 	 test_min_loss: 0.023608684539794922 	 difference: 0.0013660192489624023 	 st1_acc:0.38592027141645463 	 st2_acc:0.7837150127226463 	 st3_acc:0.9148996324568843
1305 	 train_loss:0.022103074938058853 	 test_loss: 0.023490874096751213 	 test_min_loss: 0.023490874096751213 	 difference: 0.00138779915869236 	 st1_acc:0.3878993497314108 	 st2_acc:0.784845914616907 	 st3_acc:0.9153237206672321
1320 	 train_loss:0.021967213600873947 	 test_loss: 0.023374512791633606 	 test_min_loss: 0.023374512791633606 	 difference: 0.0014072991907596588 	 st1_acc:0.3897370653095844 	 st2_acc:0.7868249929318631 	 st3_acc:0.916030534351145
1335 	 train_loss:0.021834170445799828 	 test_loss: 0.02326171286404133 	 test_min_loss: 0.02326171286404133 	 difference: 0.0014275424182415009 	 st1_acc:0.3912920554141928 	 st2_acc:0.7869663556686457 	 st3_acc:0.9168787107718406
1350 	 train_loss:0.021703513339161873 	 test_loss: 0.023150769993662834 	 test_min_loss: 0.023150769993662834 	 difference: 0.0014472566545009613 	 st1_acc:0.3927056827820187 	 st2_acc:0.7876731693525587 	 st3_acc:0.917726887192536
1365 	 train_loss:0.02157602272927761 	 test_loss: 0.023042429238557816 	 test_min_loss: 0.023042429238557816 	 difference: 0.0014664065092802048 	 st1_acc:0.3962397512015833 	 st2_acc:0.7890867967203845 	 st3_acc:0.9188577890867967
1380 	 train_loss:0.021451449021697044 	 test_loss: 0.02293768711388111 	 test_min_loss: 0.02293768711388111 	 difference: 0.0014862380921840668 	 st1_acc:0.39920836867401754 	 st2_acc:0.7907831495617755 	 st3_acc:0.9198473282442748
1395 	 train_loss:0.02132895402610302 	 test_loss: 0.022834541276097298 	 test_min_loss: 0.022834541276097298 	 difference: 0.001505587249994278 	 st1_acc:0.4013288097257563 	 st2_acc:0.7919140514560362 	 st3_acc:0.9206955046649703
1410 	 train_loss:0.0212087482213974 	 test_loss: 0.022733407095074654 	 test_min_loss: 0.022733407095074654 	 difference: 0.0015246588736772537 	 st1_acc:0.40189426067288664 	 st2_acc:0.7920554141928188 	 st3_acc:0.9215436810856659
1425 	 train_loss:0.02109077014029026 	 test_loss: 0.022635091096162796 	 test_min_loss: 0.022635091096162796 	 difference: 0.0015443209558725357 	 st1_acc:0.40260107435679954 	 st2_acc:0.7927622278767317 	 st3_acc:0.9208368674017529
1440 	 train_loss:0.020974773913621902 	 test_loss: 0.022539233788847923 	 test_min_loss: 0.022539233788847923 	 difference: 0.0015644598752260208 	 st1_acc:0.4044387899349731 	 st2_acc:0.7934690415606446 	 st3_acc:0.921826406559231
1455 	 train_loss:0.02086043171584606 	 test_loss: 0.02244413271546364 	 test_min_loss: 0.02244413271546364 	 difference: 0.0015837009996175766 	 st1_acc:0.40542832909245125 	 st2_acc:0.7947413061916879 	 st3_acc:0.9222504947695788
1470 	 train_loss:0.020747501403093338 	 test_loss: 0.022350380197167397 	 test_min_loss: 0.022350380197167397 	 difference: 0.0016028787940740585 	 st1_acc:0.4071246819338422 	 st2_acc:0.7948826689284705 	 st3_acc:0.9228159457167091
1485 	 train_loss:0.020636556670069695 	 test_loss: 0.02225634828209877 	 test_min_loss: 0.02225634828209877 	 difference: 0.0016197916120290756 	 st1_acc:0.4079728583545377 	 st2_acc:0.7955894826123834 	 st3_acc:0.9232400339270568
1500 	 train_loss:0.020527426153421402 	 test_loss: 0.02216656319797039 	 test_min_loss: 0.02216656319797039 	 difference: 0.0016391370445489883 	 st1_acc:0.4110828385637546 	 st2_acc:0.7954481198756008 	 st3_acc:0.923522759400622
1515 	 train_loss:0.020420104265213013 	 test_loss: 0.022079674527049065 	 test_min_loss: 0.022079674527049065 	 difference: 0.001659570261836052 	 st1_acc:0.4136273678258411 	 st2_acc:0.7965790217698615 	 st3_acc:0.9238054848741871
1530 	 train_loss:0.02031424641609192 	 test_loss: 0.02199389971792698 	 test_min_loss: 0.02199389971792698 	 difference: 0.0016796533018350601 	 st1_acc:0.4141928187729714 	 st2_acc:0.7968617472434266 	 st3_acc:0.9236641221374046
1545 	 train_loss:0.02020988054573536 	 test_loss: 0.021909067407250404 	 test_min_loss: 0.021909067407250404 	 difference: 0.0016991868615150452 	 st1_acc:0.4156064461407973 	 st2_acc:0.7978512864009047 	 st3_acc:0.9236641221374046
1560 	 train_loss:0.02010646089911461 	 test_loss: 0.02182263694703579 	 test_min_loss: 0.02182263694703579 	 difference: 0.0017161760479211807 	 st1_acc:0.4168787107718405 	 st2_acc:0.7994062765055131 	 st3_acc:0.9239468476109698
1575 	 train_loss:0.020004507154226303 	 test_loss: 0.021737786009907722 	 test_min_loss: 0.021737786009907722 	 difference: 0.0017332788556814194 	 st1_acc:0.4198473282442748 	 st2_acc:0.7994062765055131 	 st3_acc:0.9242295730845349
1590 	 train_loss:0.019904207438230515 	 test_loss: 0.021656198427081108 	 test_min_loss: 0.021656198427081108 	 difference: 0.0017519909888505936 	 st1_acc:0.4208368674017529 	 st2_acc:0.7992649137687305 	 st3_acc:0.9239468476109698
1605 	 train_loss:0.019805578514933586 	 test_loss: 0.021575354039669037 	 test_min_loss: 0.021575354039669037 	 difference: 0.0017697755247354507 	 st1_acc:0.42126095561210064 	 st2_acc:0.7985581000848176 	 st3_acc:0.9242295730845349
1620 	 train_loss:0.01970810815691948 	 test_loss: 0.021496586501598358 	 test_min_loss: 0.021496586501598358 	 difference: 0.0017884783446788788 	 st1_acc:0.42295730845349166 	 st2_acc:0.7995476392422958 	 st3_acc:0.9245122985581001
1635 	 train_loss:0.019611775875091553 	 test_loss: 0.021418306976556778 	 test_min_loss: 0.021418306976556778 	 difference: 0.0018065311014652252 	 st1_acc:0.4253604749787956 	 st2_acc:0.800819903873339 	 st3_acc:0.9253604749787956
1650 	 train_loss:0.019516605883836746 	 test_loss: 0.02134237438440323 	 test_min_loss: 0.02134237438440323 	 difference: 0.0018257685005664825 	 st1_acc:0.42832909245122985 	 st2_acc:0.8012439920836867 	 st3_acc:0.9257845631891434
1665 	 train_loss:0.019422398880124092 	 test_loss: 0.021265437826514244 	 test_min_loss: 0.021265437826514244 	 difference: 0.001843038946390152 	 st1_acc:0.43016680802940344 	 st2_acc:0.8022335312411648 	 st3_acc:0.9264913768730563
1680 	 train_loss:0.019329538568854332 	 test_loss: 0.021190989762544632 	 test_min_loss: 0.021190989762544632 	 difference: 0.0018614511936903 	 st1_acc:0.4331354255018377 	 st2_acc:0.8027989821882952 	 st3_acc:0.9267741023466214
1695 	 train_loss:0.019238056614995003 	 test_loss: 0.021119678393006325 	 test_min_loss: 0.021119678393006325 	 difference: 0.001881621778011322 	 st1_acc:0.43539722929035907 	 st2_acc:0.80251625671473 	 st3_acc:0.926208651399491
1710 	 train_loss:0.019147831946611404 	 test_loss: 0.021050114184617996 	 test_min_loss: 0.021050114184617996 	 difference: 0.0019022822380065918 	 st1_acc:0.4370935821317501 	 st2_acc:0.8032230703986429 	 st3_acc:0.9274809160305344
1725 	 train_loss:0.019058529287576675 	 test_loss: 0.020980769768357277 	 test_min_loss: 0.020980769768357277 	 difference: 0.0019222404807806015 	 st1_acc:0.43921402318348884 	 st2_acc:0.8044953350296862 	 st3_acc:0.9284704551880124
1740 	 train_loss:0.018969861790537834 	 test_loss: 0.02091209404170513 	 test_min_loss: 0.02091209404170513 	 difference: 0.0019422322511672974 	 st1_acc:0.4403449250777495 	 st2_acc:0.8046366977664687 	 st3_acc:0.9291772688719253
1755 	 train_loss:0.01888158917427063 	 test_loss: 0.02084285207092762 	 test_min_loss: 0.02084285207092762 	 difference: 0.00196126289665699 	 st1_acc:0.4417585524455753 	 st2_acc:0.804919423240034 	 st3_acc:0.9297427198190557
1770 	 train_loss:0.01879412867128849 	 test_loss: 0.02077513188123703 	 test_min_loss: 0.02077513188123703 	 difference: 0.0019810032099485397 	 st1_acc:0.4440203562340967 	 st2_acc:0.805908962397512 	 st3_acc:0.9308736217133163
1785 	 train_loss:0.01870746724307537 	 test_loss: 0.020708048716187477 	 test_min_loss: 0.020708048716187477 	 difference: 0.0020005814731121063 	 st1_acc:0.4448685326547922 	 st2_acc:0.8060503251342946 	 st3_acc:0.9315804353972293
1800 	 train_loss:0.01862155646085739 	 test_loss: 0.020642509683966637 	 test_min_loss: 0.020642509683966637 	 difference: 0.0020209532231092453 	 st1_acc:0.4457167090754877 	 st2_acc:0.8060503251342946 	 st3_acc:0.9315804353972293
1815 	 train_loss:0.01853633113205433 	 test_loss: 0.02057601511478424 	 test_min_loss: 0.02057601511478424 	 difference: 0.002039683982729912 	 st1_acc:0.4472716991800961 	 st2_acc:0.8067571388182075 	 st3_acc:0.9327113372914899
1830 	 train_loss:0.01845187321305275 	 test_loss: 0.020511645823717117 	 test_min_loss: 0.020511645823717117 	 difference: 0.0020597726106643677 	 st1_acc:0.448685326547922 	 st2_acc:0.8073225897653379 	 st3_acc:0.9324286118179248
1845 	 train_loss:0.018368039280176163 	 test_loss: 0.020447591319680214 	 test_min_loss: 0.020447591319680214 	 difference: 0.002079552039504051 	 st1_acc:0.4506644048628781 	 st2_acc:0.8088775798699462 	 st3_acc:0.9335595137121855
1860 	 train_loss:0.018284868448972702 	 test_loss: 0.02038346417248249 	 test_min_loss: 0.02038346417248249 	 difference: 0.0020985957235097885 	 st1_acc:0.45504664970313824 	 st2_acc:0.8098671190274244 	 st3_acc:0.9342663273960984
1875 	 train_loss:0.01820254698395729 	 test_loss: 0.02032141387462616 	 test_min_loss: 0.02032141387462616 	 difference: 0.002118866890668869 	 st1_acc:0.45603618886061636 	 st2_acc:0.809301668080294 	 st3_acc:0.9341249646593158
1890 	 train_loss:0.018120719119906425 	 test_loss: 0.02026117406785488 	 test_min_loss: 0.02026117406785488 	 difference: 0.002140454947948456 	 st1_acc:0.457167090754877 	 st2_acc:0.8088775798699462 	 st3_acc:0.9345490528696636
1905 	 train_loss:0.01803988218307495 	 test_loss: 0.020201386883854866 	 test_min_loss: 0.020201386883854866 	 difference: 0.002161504700779915 	 st1_acc:0.458863443596268 	 st2_acc:0.8080294034492508 	 st3_acc:0.9346904156064462
1920 	 train_loss:0.017959939315915108 	 test_loss: 0.02014106512069702 	 test_min_loss: 0.02014106512069702 	 difference: 0.0021811258047819138 	 st1_acc:0.46027707096409387 	 st2_acc:0.8081707661860333 	 st3_acc:0.9353972292903591
1935 	 train_loss:0.017880382016301155 	 test_loss: 0.020081503316760063 	 test_min_loss: 0.020081503316760063 	 difference: 0.002201121300458908 	 st1_acc:0.46324568843652814 	 st2_acc:0.8088775798699462 	 st3_acc:0.9358213175007069
1950 	 train_loss:0.017801228910684586 	 test_loss: 0.020022712647914886 	 test_min_loss: 0.020022712647914886 	 difference: 0.002221483737230301 	 st1_acc:0.46296296296296297 	 st2_acc:0.8097257562906418 	 st3_acc:0.936104042974272
1965 	 train_loss:0.01772249862551689 	 test_loss: 0.019963977858424187 	 test_min_loss: 0.019963977858424187 	 difference: 0.0022414792329072952 	 st1_acc:0.46366977664687586 	 st2_acc:0.8100084817642069 	 st3_acc:0.936104042974272
1980 	 train_loss:0.01764383539557457 	 test_loss: 0.019907604902982712 	 test_min_loss: 0.019907604902982712 	 difference: 0.002263769507408142 	 st1_acc:0.46522476675148433 	 st2_acc:0.8105739327113373 	 st3_acc:0.9355385920271416
1995 	 train_loss:0.017565526068210602 	 test_loss: 0.01985064335167408 	 test_min_loss: 0.01985064335167408 	 difference: 0.002285117283463478 	 st1_acc:0.46635566864574496 	 st2_acc:0.8112807463952502 	 st3_acc:0.9363867684478372
2010 	 train_loss:0.017487769946455956 	 test_loss: 0.019794708117842674 	 test_min_loss: 0.019794708117842674 	 difference: 0.0023069381713867188 	 st1_acc:0.46748657054000564 	 st2_acc:0.8114221091320328 	 st3_acc:0.9363867684478372
2025 	 train_loss:0.01741061359643936 	 test_loss: 0.01973828673362732 	 test_min_loss: 0.01973828673362732 	 difference: 0.0023276731371879578 	 st1_acc:0.47017246253887474 	 st2_acc:0.8125530110262935 	 st3_acc:0.9366694939214023
2040 	 train_loss:0.01733429543673992 	 test_loss: 0.01968296431005001 	 test_min_loss: 0.01968296431005001 	 difference: 0.002348668873310089 	 st1_acc:0.469748374328527 	 st2_acc:0.8119875600791632 	 st3_acc:0.9366694939214023
2055 	 train_loss:0.01725892722606659 	 test_loss: 0.01962822489440441 	 test_min_loss: 0.01962822489440441 	 difference: 0.002369297668337822 	 st1_acc:0.47017246253887474 	 st2_acc:0.8125530110262935 	 st3_acc:0.9372349448685326
2070 	 train_loss:0.017184387892484665 	 test_loss: 0.01957399770617485 	 test_min_loss: 0.01957399770617485 	 difference: 0.0023896098136901855 	 st1_acc:0.4713033644331354 	 st2_acc:0.8132598247102064 	 st3_acc:0.9375176703420979
2085 	 train_loss:0.017110073938965797 	 test_loss: 0.019520537927746773 	 test_min_loss: 0.019520537927746773 	 difference: 0.0024104639887809753 	 st1_acc:0.473141080011309 	 st2_acc:0.8136839129205541 	 st3_acc:0.9380831212892281
2100 	 train_loss:0.017036255449056625 	 test_loss: 0.01946672610938549 	 test_min_loss: 0.01946672610938549 	 difference: 0.002430470660328865 	 st1_acc:0.4735651682216568 	 st2_acc:0.8129770992366412 	 st3_acc:0.937800395815663
2115 	 train_loss:0.016963040456175804 	 test_loss: 0.019413229078054428 	 test_min_loss: 0.019413229078054428 	 difference: 0.002450188621878624 	 st1_acc:0.4762510602205259 	 st2_acc:0.8125530110262935 	 st3_acc:0.9379417585524455
2130 	 train_loss:0.0168903898447752 	 test_loss: 0.019360754638910294 	 test_min_loss: 0.019360754638910294 	 difference: 0.0024703647941350937 	 st1_acc:0.47808877579869946 	 st2_acc:0.8125530110262935 	 st3_acc:0.9387899349731411
2145 	 train_loss:0.016818076372146606 	 test_loss: 0.01930861920118332 	 test_min_loss: 0.01930861920118332 	 difference: 0.0024905428290367126 	 st1_acc:0.47992649137687304 	 st2_acc:0.8132598247102064 	 st3_acc:0.9390726604467062
2160 	 train_loss:0.016745910048484802 	 test_loss: 0.019258573651313782 	 test_min_loss: 0.019258573651313782 	 difference: 0.0025126636028289795 	 st1_acc:0.47992649137687304 	 st2_acc:0.8129770992366412 	 st3_acc:0.9393553859202715
2175 	 train_loss:0.016674207523465157 	 test_loss: 0.019209573045372963 	 test_min_loss: 0.019209573045372963 	 difference: 0.0025353655219078064 	 st1_acc:0.4803505795872208 	 st2_acc:0.8128357364998586 	 st3_acc:0.9400621996041844
2190 	 train_loss:0.01660350151360035 	 test_loss: 0.01916179619729519 	 test_min_loss: 0.01916179619729519 	 difference: 0.0025582946836948395 	 st1_acc:0.4817642069550466 	 st2_acc:0.8119875600791632 	 st3_acc:0.9402035623409669
2205 	 train_loss:0.016533736139535904 	 test_loss: 0.01911274716258049 	 test_min_loss: 0.01911274716258049 	 difference: 0.002579011023044586 	 st1_acc:0.484026010743568 	 st2_acc:0.8124116482895108 	 st3_acc:0.9404862878145321
2220 	 train_loss:0.01646461710333824 	 test_loss: 0.019065041095018387 	 test_min_loss: 0.019065041095018387 	 difference: 0.0026004239916801453 	 st1_acc:0.48529827537461123 	 st2_acc:0.8131184619734239 	 st3_acc:0.9404862878145321
2235 	 train_loss:0.016396110877394676 	 test_loss: 0.019017690792679787 	 test_min_loss: 0.019017690792679787 	 difference: 0.0026215799152851105 	 st1_acc:0.485722363584959 	 st2_acc:0.8135425501837715 	 st3_acc:0.9406276505513147
2250 	 train_loss:0.016328150406479836 	 test_loss: 0.01897088997066021 	 test_min_loss: 0.01897088997066021 	 difference: 0.002642739564180374 	 st1_acc:0.4864291772688719 	 st2_acc:0.8136839129205541 	 st3_acc:0.9409103760248798
2265 	 train_loss:0.016260789707303047 	 test_loss: 0.018925951793789864 	 test_min_loss: 0.018925951793789864 	 difference: 0.0026651620864868164 	 st1_acc:0.4882668928470455 	 st2_acc:0.8142493638676844 	 st3_acc:0.9417585524455754
2280 	 train_loss:0.016194183379411697 	 test_loss: 0.018881285563111305 	 test_min_loss: 0.018881285563111305 	 difference: 0.002687102183699608 	 st1_acc:0.4893977947413062 	 st2_acc:0.8143907266044671 	 st3_acc:0.9423240033927057
2295 	 train_loss:0.01612820103764534 	 test_loss: 0.01883683353662491 	 test_min_loss: 0.01883683353662491 	 difference: 0.0027086324989795685 	 st1_acc:0.4906700593723495 	 st2_acc:0.8141080011309019 	 st3_acc:0.9418999151823579
2310 	 train_loss:0.016062872484326363 	 test_loss: 0.01879485696554184 	 test_min_loss: 0.01879485696554184 	 difference: 0.002731984481215477 	 st1_acc:0.49010460842521913 	 st2_acc:0.8129770992366412 	 st3_acc:0.9416171897087927
2325 	 train_loss:0.01599976047873497 	 test_loss: 0.018748950213193893 	 test_min_loss: 0.018748950213193893 	 difference: 0.0027491897344589233 	 st1_acc:0.4968900197907832 	 st2_acc:0.81509754028838 	 st3_acc:0.9416171897087927
2340 	 train_loss:0.015957506373524666 	 test_loss: 0.018746359273791313 	 test_min_loss: 0.018746359273791313 	 difference: 0.0027888529002666473 	 st1_acc:0.4867119027424371 	 st2_acc:0.8100084817642069 	 st3_acc:0.944585807181227
2355 	 train_loss:0.01587863080203533 	 test_loss: 0.018687739968299866 	 test_min_loss: 0.018687739968299866 	 difference: 0.002809109166264534 	 st1_acc:0.4903873338987843 	 st2_acc:0.8118461973423805 	 st3_acc:0.9437376307605315
2370 	 train_loss:0.015808770433068275 	 test_loss: 0.018627891317009926 	 test_min_loss: 0.018627891317009926 	 difference: 0.0028191208839416504 	 st1_acc:0.4975968334746961 	 st2_acc:0.8146734520780322 	 st3_acc:0.9414758269720102
2385 	 train_loss:0.01575612649321556 	 test_loss: 0.01861785352230072 	 test_min_loss: 0.01861785352230072 	 difference: 0.0028617270290851593 	 st1_acc:0.49151823579304493 	 st2_acc:0.8128357364998586 	 st3_acc:0.9438789934973141
2400 	 train_loss:0.015716012567281723 	 test_loss: 0.018610097467899323 	 test_min_loss: 0.018610097467899323 	 difference: 0.0028940849006175995 	 st1_acc:0.48883234379417584 	 st2_acc:0.811704834605598 	 st3_acc:0.9465648854961832
2415 	 train_loss:0.015625493600964546 	 test_loss: 0.01850997842848301 	 test_min_loss: 0.01850997842848301 	 difference: 0.002884484827518463 	 st1_acc:0.5056545094713034 	 st2_acc:0.8160870794458581 	 st3_acc:0.9410517387616624

Process finished with exit code -1
