D:\Anaconda\python.exe D:/home/zeewei/projects/77GRadar/model/cnn/cnn_train.py
0000 	 train_loss:3.0940661430358887 	 test_loss: 2.4796030521392822 	 test_min_loss: 2.4796030521392822 	 difference: -0.6144630908966064 	 st1_acc:0.0 	 st2_acc:0.00671844181459566 	 st3_acc:0.00671844181459566
0015 	 train_loss:0.4588794708251953 	 test_loss: 0.4218531847000122 	 test_min_loss: 0.4218531847000122 	 difference: -0.037026286125183105 	 st1_acc:0.0 	 st2_acc:0.00671844181459566 	 st3_acc:0.00671844181459566
0030 	 train_loss:0.1383308321237564 	 test_loss: 0.13092006742954254 	 test_min_loss: 0.13092006742954254 	 difference: -0.007410764694213867 	 st1_acc:0.0002465483234714004 	 st2_acc:0.009492110453648915 	 st3_acc:0.08425788954635108
0045 	 train_loss:0.09266433864831924 	 test_loss: 0.09160493314266205 	 test_min_loss: 0.09160493314266205 	 difference: -0.001059405505657196 	 st1_acc:0.021634615384615384 	 st2_acc:0.09375 	 st3_acc:0.2459319526627219
0060 	 train_loss:0.07799791544675827 	 test_loss: 0.07743559032678604 	 test_min_loss: 0.07743559032678604 	 difference: -0.000562325119972229 	 st1_acc:0.028229783037475344 	 st2_acc:0.09553747534516766 	 st3_acc:0.25351331360946744
0075 	 train_loss:0.07162456214427948 	 test_loss: 0.07138825953006744 	 test_min_loss: 0.07138825953006744 	 difference: -0.00023630261421203613 	 st1_acc:0.03790680473372781 	 st2_acc:0.1247534516765286 	 st3_acc:0.2983234714003945
0090 	 train_loss:0.06779872626066208 	 test_loss: 0.06768274307250977 	 test_min_loss: 0.06768274307250977 	 difference: -0.00011598318815231323 	 st1_acc:0.04980276134122288 	 st2_acc:0.1520586785009862 	 st3_acc:0.3290187376725838
0105 	 train_loss:0.06503729522228241 	 test_loss: 0.0649552196264267 	 test_min_loss: 0.0649552196264267 	 difference: -8.207559585571289e-05 	 st1_acc:0.05380917159763313 	 st2_acc:0.1578525641025641 	 st3_acc:0.3500369822485207
0120 	 train_loss:0.0628543347120285 	 test_loss: 0.06281330436468124 	 test_min_loss: 0.06281330436468124 	 difference: -4.103034734725952e-05 	 st1_acc:0.060835798816568046 	 st2_acc:0.17357001972386588 	 st3_acc:0.37912968441814593
0135 	 train_loss:0.06099412217736244 	 test_loss: 0.060962289571762085 	 test_min_loss: 0.060962289571762085 	 difference: -3.1832605600357056e-05 	 st1_acc:0.06613658777120315 	 st2_acc:0.1844181459566075 	 st3_acc:0.40131903353057197
0150 	 train_loss:0.05933285132050514 	 test_loss: 0.05931134149432182 	 test_min_loss: 0.05931134149432182 	 difference: -2.1509826183319092e-05 	 st1_acc:0.07038954635108481 	 st2_acc:0.1947731755424063 	 st3_acc:0.4187623274161736
0165 	 train_loss:0.05781814828515053 	 test_loss: 0.05780758708715439 	 test_min_loss: 0.05780758708715439 	 difference: -1.0561197996139526e-05 	 st1_acc:0.07556706114398422 	 st2_acc:0.20734714003944774 	 st3_acc:0.4437253451676529
0180 	 train_loss:0.05642395839095116 	 test_loss: 0.056430112570524216 	 test_min_loss: 0.056430112570524216 	 difference: 6.154179573059082e-06 	 st1_acc:0.08308678500986193 	 st2_acc:0.2194896449704142 	 st3_acc:0.46918145956607493
0195 	 train_loss:0.05514427274465561 	 test_loss: 0.05516296997666359 	 test_min_loss: 0.05516296997666359 	 difference: 1.8697232007980347e-05 	 st1_acc:0.088819033530572 	 st2_acc:0.23163214990138067 	 st3_acc:0.4891518737672584
0210 	 train_loss:0.05396265164017677 	 test_loss: 0.053994070738554 	 test_min_loss: 0.053994070738554 	 difference: 3.141909837722778e-05 	 st1_acc:0.09282544378698225 	 st2_acc:0.2445759368836292 	 st3_acc:0.5085675542406312
0225 	 train_loss:0.052854910492897034 	 test_loss: 0.052907656878232956 	 test_min_loss: 0.052907656878232956 	 difference: 5.274638533592224e-05 	 st1_acc:0.09824950690335306 	 st2_acc:0.25708826429980275 	 st3_acc:0.5243466469428008
0240 	 train_loss:0.05180852487683296 	 test_loss: 0.05188422650098801 	 test_min_loss: 0.05188422650098801 	 difference: 7.570162415504456e-05 	 st1_acc:0.10139299802761341 	 st2_acc:0.2670734714003945 	 st3_acc:0.537413708086785
0255 	 train_loss:0.05081808939576149 	 test_loss: 0.05092068016529083 	 test_min_loss: 0.05092068016529083 	 difference: 0.00010259076952934265 	 st1_acc:0.10465976331360946 	 st2_acc:0.27835305719921105 	 st3_acc:0.554302268244576
0270 	 train_loss:0.04988180100917816 	 test_loss: 0.050011806190013885 	 test_min_loss: 0.050011806190013885 	 difference: 0.00013000518083572388 	 st1_acc:0.10928254437869822 	 st2_acc:0.29043392504930965 	 st3_acc:0.567430966469428
0285 	 train_loss:0.04899049177765846 	 test_loss: 0.049146831035614014 	 test_min_loss: 0.049146831035614014 	 difference: 0.00015633925795555115 	 st1_acc:0.11180966469428008 	 st2_acc:0.30128205128205127 	 st3_acc:0.5835798816568047
0300 	 train_loss:0.04814387112855911 	 test_loss: 0.048324864357709885 	 test_min_loss: 0.048324864357709885 	 difference: 0.0001809932291507721 	 st1_acc:0.11532297830374753 	 st2_acc:0.3094181459566075 	 st3_acc:0.5972016765285996
0315 	 train_loss:0.04734107106924057 	 test_loss: 0.04754681885242462 	 test_min_loss: 0.04754681885242462 	 difference: 0.00020574778318405151 	 st1_acc:0.11908284023668639 	 st2_acc:0.31835552268244577 	 st3_acc:0.612241124260355
0330 	 train_loss:0.04657519608736038 	 test_loss: 0.046799082309007645 	 test_min_loss: 0.046799082309007645 	 difference: 0.00022388622164726257 	 st1_acc:0.12296597633136094 	 st2_acc:0.32889546351084814 	 st3_acc:0.625
0345 	 train_loss:0.04584116488695145 	 test_loss: 0.046083275228738785 	 test_min_loss: 0.046083275228738785 	 difference: 0.00024211034178733826 	 st1_acc:0.12678747534516766 	 st2_acc:0.33875739644970415 	 st3_acc:0.6388067061143984
0360 	 train_loss:0.04513753950595856 	 test_loss: 0.045395378023386 	 test_min_loss: 0.045395378023386 	 difference: 0.00025783851742744446 	 st1_acc:0.12931459566074952 	 st2_acc:0.34787968441814593 	 st3_acc:0.651319033530572
0375 	 train_loss:0.04446259140968323 	 test_loss: 0.04473169147968292 	 test_min_loss: 0.04473169147968292 	 difference: 0.0002691000699996948 	 st1_acc:0.13375246548323472 	 st2_acc:0.3587894477317554 	 st3_acc:0.6632149901380671
0390 	 train_loss:0.043810296803712845 	 test_loss: 0.04409215226769447 	 test_min_loss: 0.04409215226769447 	 difference: 0.0002818554639816284 	 st1_acc:0.13701923076923078 	 st2_acc:0.3666789940828402 	 st3_acc:0.6715976331360947
0405 	 train_loss:0.04318110644817352 	 test_loss: 0.043473999947309494 	 test_min_loss: 0.043473999947309494 	 difference: 0.00029289349913597107 	 st1_acc:0.13979289940828402 	 st2_acc:0.375 	 st3_acc:0.6798570019723866
0420 	 train_loss:0.042574528604745865 	 test_loss: 0.04287583753466606 	 test_min_loss: 0.04287583753466606 	 difference: 0.00030130892992019653 	 st1_acc:0.14342948717948717 	 st2_acc:0.38295118343195267 	 st3_acc:0.6873767258382643
0435 	 train_loss:0.0419902503490448 	 test_loss: 0.04230113700032234 	 test_min_loss: 0.04230113700032234 	 difference: 0.0003108866512775421 	 st1_acc:0.14460059171597633 	 st2_acc:0.38831360946745563 	 st3_acc:0.6958826429980276
0450 	 train_loss:0.04142765328288078 	 test_loss: 0.041750308126211166 	 test_min_loss: 0.041750308126211166 	 difference: 0.0003226548433303833 	 st1_acc:0.14755917159763313 	 st2_acc:0.3942924063116371 	 st3_acc:0.7024161735700197
0465 	 train_loss:0.04088589921593666 	 test_loss: 0.04121749848127365 	 test_min_loss: 0.04121749848127365 	 difference: 0.00033159926533699036 	 st1_acc:0.15002465483234714 	 st2_acc:0.3979289940828402 	 st3_acc:0.7075320512820513
0480 	 train_loss:0.040361907333135605 	 test_loss: 0.04070146754384041 	 test_min_loss: 0.04070146754384041 	 difference: 0.00033956021070480347 	 st1_acc:0.15175049309664695 	 st2_acc:0.40175049309664695 	 st3_acc:0.7128328402366864
0495 	 train_loss:0.03985345736145973 	 test_loss: 0.0402013435959816 	 test_min_loss: 0.0402013435959816 	 difference: 0.00034788623452186584 	 st1_acc:0.155017258382643 	 st2_acc:0.4084689349112426 	 st3_acc:0.7185034516765286
0510 	 train_loss:0.039360348135232925 	 test_loss: 0.039714984595775604 	 test_min_loss: 0.039714984595775604 	 difference: 0.00035463646054267883 	 st1_acc:0.15914694280078895 	 st2_acc:0.4150641025641026 	 st3_acc:0.7233727810650887
0525 	 train_loss:0.03888087719678879 	 test_loss: 0.03924202173948288 	 test_min_loss: 0.03924202173948288 	 difference: 0.0003611445426940918 	 st1_acc:0.16130424063116372 	 st2_acc:0.41913214990138065 	 st3_acc:0.7272559171597633
0540 	 train_loss:0.038413044065237045 	 test_loss: 0.03878301382064819 	 test_min_loss: 0.03878301382064819 	 difference: 0.00036996975541114807 	 st1_acc:0.16648175542406313 	 st2_acc:0.4256040433925049 	 st3_acc:0.7300912228796844
0555 	 train_loss:0.037955835461616516 	 test_loss: 0.03833436965942383 	 test_min_loss: 0.03833436965942383 	 difference: 0.000378534197807312 	 st1_acc:0.16931706114398423 	 st2_acc:0.4321992110453649 	 st3_acc:0.7337894477317555
0570 	 train_loss:0.03750874847173691 	 test_loss: 0.03789709880948067 	 test_min_loss: 0.03789709880948067 	 difference: 0.00038835033774375916 	 st1_acc:0.17178254437869822 	 st2_acc:0.43780818540433925 	 st3_acc:0.7390902366863905
0585 	 train_loss:0.03707210347056389 	 test_loss: 0.03747119382023811 	 test_min_loss: 0.03747119382023811 	 difference: 0.00039909034967422485 	 st1_acc:0.17511094674556213 	 st2_acc:0.4418145956607495 	 st3_acc:0.7415557199211046
0600 	 train_loss:0.036648109555244446 	 test_loss: 0.03705718368291855 	 test_min_loss: 0.03705718368291855 	 difference: 0.0004090741276741028 	 st1_acc:0.17893244575936884 	 st2_acc:0.44927268244575935 	 st3_acc:0.7465483234714004
0615 	 train_loss:0.03623572736978531 	 test_loss: 0.03665180131793022 	 test_min_loss: 0.03665180131793022 	 difference: 0.0004160739481449127 	 st1_acc:0.18102810650887574 	 st2_acc:0.4531558185404339 	 st3_acc:0.7489521696252466
0630 	 train_loss:0.035833172500133514 	 test_loss: 0.03625941276550293 	 test_min_loss: 0.03625941276550293 	 difference: 0.0004262402653694153 	 st1_acc:0.18528106508875739 	 st2_acc:0.4598742603550296 	 st3_acc:0.7530202169625246
0645 	 train_loss:0.03544013947248459 	 test_loss: 0.03587896376848221 	 test_min_loss: 0.03587896376848221 	 difference: 0.00043882429599761963 	 st1_acc:0.18916420118343194 	 st2_acc:0.4651134122287968 	 st3_acc:0.7562869822485208
0660 	 train_loss:0.035057321190834045 	 test_loss: 0.0355074480175972 	 test_min_loss: 0.0355074480175972 	 difference: 0.0004501268267631531 	 st1_acc:0.19249260355029585 	 st2_acc:0.46955128205128205 	 st3_acc:0.7613412228796844
0675 	 train_loss:0.034683957695961 	 test_loss: 0.035146597772836685 	 test_min_loss: 0.035146597772836685 	 difference: 0.00046264007687568665 	 st1_acc:0.1957593688362919 	 st2_acc:0.47682445759368836 	 st3_acc:0.7668885601577909
0690 	 train_loss:0.03432026132941246 	 test_loss: 0.03479728847742081 	 test_min_loss: 0.03479728847742081 	 difference: 0.00047702714800834656 	 st1_acc:0.19914940828402367 	 st2_acc:0.4816937869822485 	 st3_acc:0.770956607495069
0705 	 train_loss:0.03396720811724663 	 test_loss: 0.03445764258503914 	 test_min_loss: 0.03445764258503914 	 difference: 0.000490434467792511 	 st1_acc:0.20241617357001973 	 st2_acc:0.4865631163708087 	 st3_acc:0.7755177514792899
0720 	 train_loss:0.0336228609085083 	 test_loss: 0.03412825986742973 	 test_min_loss: 0.03412825986742973 	 difference: 0.0005053989589214325 	 st1_acc:0.20592948717948717 	 st2_acc:0.49204881656804733 	 st3_acc:0.7784146942800789
0735 	 train_loss:0.03328769654035568 	 test_loss: 0.03380514681339264 	 test_min_loss: 0.03380514681339264 	 difference: 0.0005174502730369568 	 st1_acc:0.2093811637080868 	 st2_acc:0.4992603550295858 	 st3_acc:0.7813732741617357
0750 	 train_loss:0.03296105936169624 	 test_loss: 0.0334918349981308 	 test_min_loss: 0.0334918349981308 	 difference: 0.000530775636434555 	 st1_acc:0.2122164694280079 	 st2_acc:0.5036365877712031 	 st3_acc:0.7850098619329389
0765 	 train_loss:0.03264288976788521 	 test_loss: 0.03318765014410019 	 test_min_loss: 0.03318765014410019 	 difference: 0.0005447603762149811 	 st1_acc:0.21499013806706113 	 st2_acc:0.5086908284023669 	 st3_acc:0.7898175542406312
0780 	 train_loss:0.032333724200725555 	 test_loss: 0.03289221599698067 	 test_min_loss: 0.03289221599698067 	 difference: 0.0005584917962551117 	 st1_acc:0.2182569033530572 	 st2_acc:0.5150394477317555 	 st3_acc:0.7919132149901381
0795 	 train_loss:0.032032497227191925 	 test_loss: 0.032604414969682693 	 test_min_loss: 0.032604414969682693 	 difference: 0.0005719177424907684 	 st1_acc:0.2204758382642998 	 st2_acc:0.5176282051282052 	 st3_acc:0.7946252465483234
0810 	 train_loss:0.03173862397670746 	 test_loss: 0.03232326731085777 	 test_min_loss: 0.03232326731085777 	 difference: 0.0005846433341503143 	 st1_acc:0.22306459566074952 	 st2_acc:0.5216962524654832 	 st3_acc:0.8001109467455622
0825 	 train_loss:0.031451404094696045 	 test_loss: 0.03204682469367981 	 test_min_loss: 0.03204682469367981 	 difference: 0.0005954205989837646 	 st1_acc:0.22608481262327415 	 st2_acc:0.5256410256410257 	 st3_acc:0.802206607495069
0840 	 train_loss:0.03117038682103157 	 test_loss: 0.031776394695043564 	 test_min_loss: 0.031776394695043564 	 difference: 0.0006060078740119934 	 st1_acc:0.22910502958579881 	 st2_acc:0.5299556213017751 	 st3_acc:0.8046720907297831
0855 	 train_loss:0.030896155163645744 	 test_loss: 0.031513046473264694 	 test_min_loss: 0.031513046473264694 	 difference: 0.0006168913096189499 	 st1_acc:0.23144723865877712 	 st2_acc:0.5334072978303748 	 st3_acc:0.8081854043392505
0870 	 train_loss:0.030627058818936348 	 test_loss: 0.03125647455453873 	 test_min_loss: 0.03125647455453873 	 difference: 0.0006294157356023788 	 st1_acc:0.23397435897435898 	 st2_acc:0.5377218934911243 	 st3_acc:0.8111439842209073
0885 	 train_loss:0.030363382771611214 	 test_loss: 0.03100488893687725 	 test_min_loss: 0.03100488893687725 	 difference: 0.000641506165266037 	 st1_acc:0.23600838264299803 	 st2_acc:0.5413584812623274 	 st3_acc:0.8148422090729783
0900 	 train_loss:0.030103769153356552 	 test_loss: 0.030757961794734 	 test_min_loss: 0.030757961794734 	 difference: 0.000654192641377449 	 st1_acc:0.24001479289940827 	 st2_acc:0.546042899408284 	 st3_acc:0.818663708086785
0915 	 train_loss:0.02984832227230072 	 test_loss: 0.030517056584358215 	 test_min_loss: 0.030517056584358215 	 difference: 0.0006687343120574951 	 st1_acc:0.2432199211045365 	 st2_acc:0.5506040433925049 	 st3_acc:0.8214990138067061
0930 	 train_loss:0.029597118496894836 	 test_loss: 0.03027990832924843 	 test_min_loss: 0.03027990832924843 	 difference: 0.0006827898323535919 	 st1_acc:0.2459319526627219 	 st2_acc:0.5543639053254438 	 st3_acc:0.8248890532544378
0945 	 train_loss:0.02935039810836315 	 test_loss: 0.03004683181643486 	 test_min_loss: 0.03004683181643486 	 difference: 0.0006964337080717087 	 st1_acc:0.24796597633136094 	 st2_acc:0.5573224852071006 	 st3_acc:0.8277859960552268
0960 	 train_loss:0.029108142480254173 	 test_loss: 0.029818927869200706 	 test_min_loss: 0.029818927869200706 	 difference: 0.0007107853889465332 	 st1_acc:0.2507396449704142 	 st2_acc:0.5610207100591716 	 st3_acc:0.830189842209073
0975 	 train_loss:0.028870714828372 	 test_loss: 0.02959541417658329 	 test_min_loss: 0.02959541417658329 	 difference: 0.0007246993482112885 	 st1_acc:0.25326676528599606 	 st2_acc:0.5642874753451677 	 st3_acc:0.832655325443787
0990 	 train_loss:0.028638171032071114 	 test_loss: 0.029376929625868797 	 test_min_loss: 0.029376929625868797 	 difference: 0.0007387585937976837 	 st1_acc:0.256163708086785 	 st2_acc:0.5681706114398422 	 st3_acc:0.8358604536489151
1005 	 train_loss:0.02840965799987316 	 test_loss: 0.02916453592479229 	 test_min_loss: 0.02916453592479229 	 difference: 0.0007548779249191284 	 st1_acc:0.2593071992110454 	 st2_acc:0.5718071992110454 	 st3_acc:0.838387573964497
1020 	 train_loss:0.028185909613966942 	 test_loss: 0.02895541861653328 	 test_min_loss: 0.02895541861653328 	 difference: 0.0007695090025663376 	 st1_acc:0.2614028599605523 	 st2_acc:0.5768614398422091 	 st3_acc:0.8410996055226825
1035 	 train_loss:0.027965832501649857 	 test_loss: 0.028749456629157066 	 test_min_loss: 0.028749456629157066 	 difference: 0.0007836241275072098 	 st1_acc:0.2651010848126233 	 st2_acc:0.5808678500986193 	 st3_acc:0.84375
1050 	 train_loss:0.027749767526984215 	 test_loss: 0.028546610847115517 	 test_min_loss: 0.028546610847115517 	 difference: 0.0007968433201313019 	 st1_acc:0.26688856015779094 	 st2_acc:0.5850591715976331 	 st3_acc:0.845845660749507
1065 	 train_loss:0.027537452057003975 	 test_loss: 0.028348106890916824 	 test_min_loss: 0.028348106890916824 	 difference: 0.0008106548339128494 	 st1_acc:0.2702785996055227 	 st2_acc:0.5894970414201184 	 st3_acc:0.848680966469428
1080 	 train_loss:0.02732829377055168 	 test_loss: 0.028153590857982635 	 test_min_loss: 0.028153590857982635 	 difference: 0.000825297087430954 	 st1_acc:0.27268244575936884 	 st2_acc:0.5938116370808678 	 st3_acc:0.8513929980276134
1095 	 train_loss:0.027122436091303825 	 test_loss: 0.027961881831288338 	 test_min_loss: 0.027961881831288338 	 difference: 0.0008394457399845123 	 st1_acc:0.27514792899408286 	 st2_acc:0.5981262327416174 	 st3_acc:0.853242110453649
1110 	 train_loss:0.026920488104224205 	 test_loss: 0.027776626870036125 	 test_min_loss: 0.027776626870036125 	 difference: 0.0008561387658119202 	 st1_acc:0.2784146942800789 	 st2_acc:0.6022559171597633 	 st3_acc:0.85607741617357
1125 	 train_loss:0.02672157809138298 	 test_loss: 0.027594050392508507 	 test_min_loss: 0.027594050392508507 	 difference: 0.0008724723011255264 	 st1_acc:0.28125 	 st2_acc:0.6055226824457594 	 st3_acc:0.8581730769230769
1140 	 train_loss:0.026525739580392838 	 test_loss: 0.027414798736572266 	 test_min_loss: 0.027414798736572266 	 difference: 0.0008890591561794281 	 st1_acc:0.2827909270216962 	 st2_acc:0.608542899408284 	 st3_acc:0.8607001972386588
1155 	 train_loss:0.02633310854434967 	 test_loss: 0.027238668873906136 	 test_min_loss: 0.027238668873906136 	 difference: 0.0009055603295564651 	 st1_acc:0.2853180473372781 	 st2_acc:0.6118096646942801 	 st3_acc:0.8627342209072978
1170 	 train_loss:0.026143327355384827 	 test_loss: 0.027065619826316833 	 test_min_loss: 0.027065619826316833 	 difference: 0.0009222924709320068 	 st1_acc:0.28759861932938857 	 st2_acc:0.6150147928994083 	 st3_acc:0.8661242603550295
1185 	 train_loss:0.025955980643630028 	 test_loss: 0.02689504250884056 	 test_min_loss: 0.02689504250884056 	 difference: 0.0009390618652105331 	 st1_acc:0.28944773175542404 	 st2_acc:0.6168639053254438 	 st3_acc:0.869637573964497
1200 	 train_loss:0.0257722120732069 	 test_loss: 0.026727553457021713 	 test_min_loss: 0.026727553457021713 	 difference: 0.0009553413838148117 	 st1_acc:0.29240631163708086 	 st2_acc:0.6206854043392505 	 st3_acc:0.8731508875739645
1215 	 train_loss:0.025591427460312843 	 test_loss: 0.026562724262475967 	 test_min_loss: 0.026562724262475967 	 difference: 0.0009712968021631241 	 st1_acc:0.295241617357002 	 st2_acc:0.6240138067061144 	 st3_acc:0.876232741617357
1230 	 train_loss:0.025413379073143005 	 test_loss: 0.026401279494166374 	 test_min_loss: 0.026401279494166374 	 difference: 0.0009879004210233688 	 st1_acc:0.29653599605522685 	 st2_acc:0.6269723865877712 	 st3_acc:0.8777736686390533
1245 	 train_loss:0.02523801662027836 	 test_loss: 0.026242345571517944 	 test_min_loss: 0.026242345571517944 	 difference: 0.0010043289512395859 	 st1_acc:0.29875493096646943 	 st2_acc:0.6296844181459567 	 st3_acc:0.8794378698224852
1260 	 train_loss:0.02506544254720211 	 test_loss: 0.026085833087563515 	 test_min_loss: 0.026085833087563515 	 difference: 0.0010203905403614044 	 st1_acc:0.30196005917159763 	 st2_acc:0.632396449704142 	 st3_acc:0.8815335305719921
1275 	 train_loss:0.02489522099494934 	 test_loss: 0.025930937379598618 	 test_min_loss: 0.025930937379598618 	 difference: 0.0010357163846492767 	 st1_acc:0.3051651873767258 	 st2_acc:0.6362179487179487 	 st3_acc:0.8841222879684418
1290 	 train_loss:0.02472670003771782 	 test_loss: 0.02577963098883629 	 test_min_loss: 0.02577963098883629 	 difference: 0.0010529309511184692 	 st1_acc:0.3067061143984221 	 st2_acc:0.6389916173570019 	 st3_acc:0.886526134122288
1305 	 train_loss:0.024560514837503433 	 test_loss: 0.025631939992308617 	 test_min_loss: 0.025631939992308617 	 difference: 0.0010714251548051834 	 st1_acc:0.30787721893491127 	 st2_acc:0.6413954635108481 	 st3_acc:0.887758875739645
1320 	 train_loss:0.024397552013397217 	 test_loss: 0.025487126782536507 	 test_min_loss: 0.025487126782536507 	 difference: 0.0010895747691392899 	 st1_acc:0.3102810650887574 	 st2_acc:0.6442307692307693 	 st3_acc:0.8898545364891519
1335 	 train_loss:0.024237625300884247 	 test_loss: 0.025345733389258385 	 test_min_loss: 0.025345733389258385 	 difference: 0.0011081080883741379 	 st1_acc:0.3133629191321499 	 st2_acc:0.645956607495069 	 st3_acc:0.8912721893491125
1350 	 train_loss:0.024080917239189148 	 test_loss: 0.02520548738539219 	 test_min_loss: 0.02520548738539219 	 difference: 0.001124570146203041 	 st1_acc:0.3150887573964497 	 st2_acc:0.6482371794871795 	 st3_acc:0.8915803747534516
1365 	 train_loss:0.023927325382828712 	 test_loss: 0.02506834641098976 	 test_min_loss: 0.02506834641098976 	 difference: 0.0011410210281610489 	 st1_acc:0.31761587771203154 	 st2_acc:0.6521819526627219 	 st3_acc:0.8933062130177515
1380 	 train_loss:0.02377636358141899 	 test_loss: 0.024936335161328316 	 test_min_loss: 0.024936335161328316 	 difference: 0.0011599715799093246 	 st1_acc:0.31958826429980275 	 st2_acc:0.6548939842209073 	 st3_acc:0.8954018737672583
1395 	 train_loss:0.023628218099474907 	 test_loss: 0.02480514906346798 	 test_min_loss: 0.02480514906346798 	 difference: 0.0011769309639930725 	 st1_acc:0.32254684418145957 	 st2_acc:0.658345660749507 	 st3_acc:0.8972509861932939
1410 	 train_loss:0.023483343422412872 	 test_loss: 0.024677807465195656 	 test_min_loss: 0.024677807465195656 	 difference: 0.0011944640427827835 	 st1_acc:0.32303994082840237 	 st2_acc:0.659516765285996 	 st3_acc:0.8981755424063116
1425 	 train_loss:0.023341480642557144 	 test_loss: 0.024554051458835602 	 test_min_loss: 0.024554051458835602 	 difference: 0.0012125708162784576 	 st1_acc:0.3256286982248521 	 st2_acc:0.6619206114398422 	 st3_acc:0.8999013806706114
1440 	 train_loss:0.02320180833339691 	 test_loss: 0.02443143166601658 	 test_min_loss: 0.02443143166601658 	 difference: 0.001229623332619667 	 st1_acc:0.32729289940828404 	 st2_acc:0.6649408284023669 	 st3_acc:0.9003328402366864
1455 	 train_loss:0.023064982146024704 	 test_loss: 0.02431331016123295 	 test_min_loss: 0.02431331016123295 	 difference: 0.0012483280152082443 	 st1_acc:0.32945019723865876 	 st2_acc:0.6668515779092702 	 st3_acc:0.9019970414201184
1470 	 train_loss:0.022929422557353973 	 test_loss: 0.024195769801735878 	 test_min_loss: 0.024195769801735878 	 difference: 0.0012663472443819046 	 st1_acc:0.332223865877712 	 st2_acc:0.6688856015779092 	 st3_acc:0.9032914201183432
1485 	 train_loss:0.022794947028160095 	 test_loss: 0.024078771471977234 	 test_min_loss: 0.024078771471977234 	 difference: 0.0012838244438171387 	 st1_acc:0.33555226824457596 	 st2_acc:0.6726454635108481 	 st3_acc:0.9047707100591716
1500 	 train_loss:0.02266298234462738 	 test_loss: 0.023964688181877136 	 test_min_loss: 0.023964688181877136 	 difference: 0.0013017058372497559 	 st1_acc:0.3382026627218935 	 st2_acc:0.67517258382643 	 st3_acc:0.9063732741617357
1515 	 train_loss:0.02253415808081627 	 test_loss: 0.02385198138654232 	 test_min_loss: 0.02385198138654232 	 difference: 0.0013178233057260513 	 st1_acc:0.33962031558185407 	 st2_acc:0.6781311637080868 	 st3_acc:0.9084072978303748
1530 	 train_loss:0.0224081389605999 	 test_loss: 0.02374096028506756 	 test_min_loss: 0.02374096028506756 	 difference: 0.001332821324467659 	 st1_acc:0.34208579881656803 	 st2_acc:0.6803500986193294 	 st3_acc:0.9095784023668639
1545 	 train_loss:0.022284071892499924 	 test_loss: 0.02363319881260395 	 test_min_loss: 0.02363319881260395 	 difference: 0.0013491269201040268 	 st1_acc:0.34368836291913213 	 st2_acc:0.682137573964497 	 st3_acc:0.9103180473372781
1560 	 train_loss:0.02216259576380253 	 test_loss: 0.023528259247541428 	 test_min_loss: 0.023528259247541428 	 difference: 0.0013656634837388992 	 st1_acc:0.3451060157790927 	 st2_acc:0.6849728796844181 	 st3_acc:0.9108111439842209
1575 	 train_loss:0.02204297110438347 	 test_loss: 0.023427249863743782 	 test_min_loss: 0.023427249863743782 	 difference: 0.0013842787593603134 	 st1_acc:0.3484344181459566 	 st2_acc:0.6867603550295858 	 st3_acc:0.9116740631163708
1590 	 train_loss:0.02192528173327446 	 test_loss: 0.023326316848397255 	 test_min_loss: 0.023326316848397255 	 difference: 0.001401035115122795 	 st1_acc:0.3497904339250493 	 st2_acc:0.6888560157790927 	 st3_acc:0.9130300788954635
1605 	 train_loss:0.021808817982673645 	 test_loss: 0.023227086290717125 	 test_min_loss: 0.023227086290717125 	 difference: 0.00141826830804348 	 st1_acc:0.3521326429980276 	 st2_acc:0.6910749506903353 	 st3_acc:0.9145093688362919
1620 	 train_loss:0.02169416844844818 	 test_loss: 0.02312883920967579 	 test_min_loss: 0.02312883920967579 	 difference: 0.0014346707612276077 	 st1_acc:0.35342702169625245 	 st2_acc:0.6923693293885601 	 st3_acc:0.9151873767258383
1635 	 train_loss:0.021581526845693588 	 test_loss: 0.023029763251543045 	 test_min_loss: 0.023029763251543045 	 difference: 0.0014482364058494568 	 st1_acc:0.3555843195266272 	 st2_acc:0.6941568047337278 	 st3_acc:0.9159270216962525
1650 	 train_loss:0.02147046849131584 	 test_loss: 0.022934213280677795 	 test_min_loss: 0.022934213280677795 	 difference: 0.0014637447893619537 	 st1_acc:0.35589250493096647 	 st2_acc:0.695697731755424 	 st3_acc:0.9171597633136095
1665 	 train_loss:0.02136075496673584 	 test_loss: 0.022838681936264038 	 test_min_loss: 0.022838681936264038 	 difference: 0.0014779269695281982 	 st1_acc:0.3572485207100592 	 st2_acc:0.6970537475345168 	 st3_acc:0.9180226824457594
1680 	 train_loss:0.021252330392599106 	 test_loss: 0.02274465560913086 	 test_min_loss: 0.02274465560913086 	 difference: 0.0014923252165317535 	 st1_acc:0.35798816568047337 	 st2_acc:0.6982248520710059 	 st3_acc:0.9188239644970414
1695 	 train_loss:0.021145055070519447 	 test_loss: 0.022653130814433098 	 test_min_loss: 0.022653130814433098 	 difference: 0.0015080757439136505 	 st1_acc:0.3599605522682446 	 st2_acc:0.700258875739645 	 st3_acc:0.9193786982248521
1710 	 train_loss:0.02103877253830433 	 test_loss: 0.022560996934771538 	 test_min_loss: 0.022560996934771538 	 difference: 0.0015222243964672089 	 st1_acc:0.3613165680473373 	 st2_acc:0.7014916173570019 	 st3_acc:0.9202416173570019
1725 	 train_loss:0.020934779196977615 	 test_loss: 0.022470857948064804 	 test_min_loss: 0.022470857948064804 	 difference: 0.0015360787510871887 	 st1_acc:0.36261094674556216 	 st2_acc:0.7025394477317555 	 st3_acc:0.9207347140039448
1740 	 train_loss:0.02083299681544304 	 test_loss: 0.022383788600564003 	 test_min_loss: 0.022383788600564003 	 difference: 0.001550791785120964 	 st1_acc:0.3634122287968442 	 st2_acc:0.7033407297830375 	 st3_acc:0.9213510848126233
1755 	 train_loss:0.020732605829834938 	 test_loss: 0.022299418225884438 	 test_min_loss: 0.022299418225884438 	 difference: 0.0015668123960494995 	 st1_acc:0.3640285996055227 	 st2_acc:0.7038338264299803 	 st3_acc:0.9220907297830375
1770 	 train_loss:0.020633649080991745 	 test_loss: 0.022216301411390305 	 test_min_loss: 0.022216301411390305 	 difference: 0.0015826523303985596 	 st1_acc:0.3655695266272189 	 st2_acc:0.7056213017751479 	 st3_acc:0.9226454635108481
1785 	 train_loss:0.020536819472908974 	 test_loss: 0.022133322432637215 	 test_min_loss: 0.022133322432637215 	 difference: 0.001596502959728241 	 st1_acc:0.3673570019723866 	 st2_acc:0.7071005917159763 	 st3_acc:0.9233851084812623
1800 	 train_loss:0.020441273227334023 	 test_loss: 0.022053314372897148 	 test_min_loss: 0.022053314372897148 	 difference: 0.0016120411455631256 	 st1_acc:0.36914447731755423 	 st2_acc:0.7089497041420119 	 st3_acc:0.9240631163708086
1815 	 train_loss:0.020347466692328453 	 test_loss: 0.021972255781292915 	 test_min_loss: 0.021972255781292915 	 difference: 0.0016247890889644623 	 st1_acc:0.3711785009861933 	 st2_acc:0.7107371794871795 	 st3_acc:0.9248643984220908
1830 	 train_loss:0.020255081355571747 	 test_loss: 0.021894007921218872 	 test_min_loss: 0.021894007921218872 	 difference: 0.0016389265656471252 	 st1_acc:0.3724112426035503 	 st2_acc:0.7118466469428008 	 st3_acc:0.925973865877712
1845 	 train_loss:0.020163919776678085 	 test_loss: 0.021815316751599312 	 test_min_loss: 0.021815316751599312 	 difference: 0.0016513969749212265 	 st1_acc:0.3738905325443787 	 st2_acc:0.7132642998027613 	 st3_acc:0.9270216962524654
1860 	 train_loss:0.02007351443171501 	 test_loss: 0.021739674732089043 	 test_min_loss: 0.021739674732089043 	 difference: 0.001666160300374031 	 st1_acc:0.37666420118343197 	 st2_acc:0.7151134122287969 	 st3_acc:0.9272682445759369
1875 	 train_loss:0.019984427839517593 	 test_loss: 0.02166447788476944 	 test_min_loss: 0.02166447788476944 	 difference: 0.0016800500452518463 	 st1_acc:0.37715729783037477 	 st2_acc:0.7162228796844181 	 st3_acc:0.928069526627219
1890 	 train_loss:0.019896673038601875 	 test_loss: 0.02158888801932335 	 test_min_loss: 0.02158888801932335 	 difference: 0.0016922149807214737 	 st1_acc:0.3786365877712032 	 st2_acc:0.7170241617357002 	 st3_acc:0.9275147928994083
1905 	 train_loss:0.01980925351381302 	 test_loss: 0.021516062319278717 	 test_min_loss: 0.021516062319278717 	 difference: 0.0017068088054656982 	 st1_acc:0.37962278106508873 	 st2_acc:0.7183801775147929 	 st3_acc:0.928069526627219
1920 	 train_loss:0.01972256600856781 	 test_loss: 0.021442357450723648 	 test_min_loss: 0.021442357450723648 	 difference: 0.001719791442155838 	 st1_acc:0.3805473372781065 	 st2_acc:0.7203525641025641 	 st3_acc:0.928870808678501
1935 	 train_loss:0.0196379367262125 	 test_loss: 0.021373873576521873 	 test_min_loss: 0.021373873576521873 	 difference: 0.001735936850309372 	 st1_acc:0.3838757396449704 	 st2_acc:0.7223249506903353 	 st3_acc:0.9285626232741617
1950 	 train_loss:0.01955215260386467 	 test_loss: 0.021300099790096283 	 test_min_loss: 0.021300099790096283 	 difference: 0.0017479471862316132 	 st1_acc:0.3854783037475345 	 st2_acc:0.7238042406311637 	 st3_acc:0.9289940828402367
1965 	 train_loss:0.019468260928988457 	 test_loss: 0.021226294338703156 	 test_min_loss: 0.021226294338703156 	 difference: 0.0017580334097146988 	 st1_acc:0.38455374753451677 	 st2_acc:0.7232495069033531 	 st3_acc:0.9293639053254438
1980 	 train_loss:0.019387317821383476 	 test_loss: 0.02115657739341259 	 test_min_loss: 0.02115657739341259 	 difference: 0.0017692595720291138 	 st1_acc:0.38412228796844183 	 st2_acc:0.7220784023668639 	 st3_acc:0.9305350098619329
1995 	 train_loss:0.019305016845464706 	 test_loss: 0.021086813881993294 	 test_min_loss: 0.021086813881993294 	 difference: 0.0017817970365285873 	 st1_acc:0.3860330374753452 	 st2_acc:0.7234344181459567 	 st3_acc:0.9312130177514792
2010 	 train_loss:0.01922447793185711 	 test_loss: 0.021018892526626587 	 test_min_loss: 0.021018892526626587 	 difference: 0.0017944145947694778 	 st1_acc:0.3876356015779093 	 st2_acc:0.7246055226824457 	 st3_acc:0.9319526627218935
2025 	 train_loss:0.019143471494317055 	 test_loss: 0.02095196396112442 	 test_min_loss: 0.02095196396112442 	 difference: 0.0018084924668073654 	 st1_acc:0.391025641025641 	 st2_acc:0.7271942800788954 	 st3_acc:0.9330004930966469
2040 	 train_loss:0.019067037850618362 	 test_loss: 0.02089259773492813 	 test_min_loss: 0.02089259773492813 	 difference: 0.0018255598843097687 	 st1_acc:0.39509368836291914 	 st2_acc:0.7305843195266272 	 st3_acc:0.933370315581854
2055 	 train_loss:0.01898740418255329 	 test_loss: 0.02082091011106968 	 test_min_loss: 0.02082091011106968 	 difference: 0.001833505928516388 	 st1_acc:0.394723865877712 	 st2_acc:0.730276134122288 	 st3_acc:0.9336785009861933
2070 	 train_loss:0.0189118143171072 	 test_loss: 0.02075478620827198 	 test_min_loss: 0.02075478620827198 	 difference: 0.0018429718911647797 	 st1_acc:0.395155325443787 	 st2_acc:0.7312006903353058 	 st3_acc:0.9334319526627219
2085 	 train_loss:0.01883941888809204 	 test_loss: 0.020691541954874992 	 test_min_loss: 0.020691541954874992 	 difference: 0.0018521230667829514 	 st1_acc:0.39564842209072976 	 st2_acc:0.7311390532544378 	 st3_acc:0.9341715976331361
2100 	 train_loss:0.018761051818728447 	 test_loss: 0.02062801457941532 	 test_min_loss: 0.02062801457941532 	 difference: 0.0018669627606868744 	 st1_acc:0.3983604536489152 	 st2_acc:0.7336661735700197 	 st3_acc:0.9349112426035503
2115 	 train_loss:0.01869901269674301 	 test_loss: 0.02058377116918564 	 test_min_loss: 0.02058377116918564 	 difference: 0.001884758472442627 	 st1_acc:0.4036612426035503 	 st2_acc:0.7377342209072978 	 st3_acc:0.9343565088757396
2130 	 train_loss:0.018617015331983566 	 test_loss: 0.02051098458468914 	 test_min_loss: 0.02051098458468914 	 difference: 0.001893969252705574 	 st1_acc:0.40236686390532544 	 st2_acc:0.7366863905325444 	 st3_acc:0.935034516765286
  2145 	 train_loss:0.018545076251029968 	 test_loss: 0.020451238378882408 	 test_min_loss: 0.020451238378882408 	 difference: 0.0019061621278524399 	 st1_acc:0.40433925049309666 	 st2_acc:0.738473865877712 	 st3_acc:0.935465976331361
2160 	 train_loss:0.01847040094435215 	 test_loss: 0.020389702171087265 	 test_min_loss: 0.020389702171087265 	 difference: 0.001919301226735115 	 st1_acc:0.4051405325443787 	 st2_acc:0.7392751479289941 	 st3_acc:0.9355892504930966
2175 	 train_loss:0.018397001549601555 	 test_loss: 0.020321974530816078 	 test_min_loss: 0.020321974530816078 	 difference: 0.0019249729812145233 	 st1_acc:0.4035996055226824 	 st2_acc:0.7382889546351085 	 st3_acc:0.936267258382643
2190 	 train_loss:0.018331583589315414 	 test_loss: 0.02026231400668621 	 test_min_loss: 0.02026231400668621 	 difference: 0.0019307304173707962 	 st1_acc:0.40236686390532544 	 st2_acc:0.7363165680473372 	 st3_acc:0.9369452662721893
2205 	 train_loss:0.01825672946870327 	 test_loss: 0.020209316164255142 	 test_min_loss: 0.020209316164255142 	 difference: 0.0019525866955518723 	 st1_acc:0.4092085798816568 	 st2_acc:0.7426651873767258 	 st3_acc:0.9381163708086785
2220 	 train_loss:0.01818869262933731 	 test_loss: 0.020142951980233192 	 test_min_loss: 0.020142951980233192 	 difference: 0.0019542593508958817 	 st1_acc:0.4064965483234714 	 st2_acc:0.7400147928994083 	 st3_acc:0.9385478303747534
2235 	 train_loss:0.018119415268301964 	 test_loss: 0.02008824422955513 	 test_min_loss: 0.02008824422955513 	 difference: 0.001968828961253166 	 st1_acc:0.40717455621301774 	 st2_acc:0.7403229783037475 	 st3_acc:0.9389176528599605
2250 	 train_loss:0.018061449751257896 	 test_loss: 0.02003687433898449 	 test_min_loss: 0.02003687433898449 	 difference: 0.001975424587726593 	 st1_acc:0.40446252465483234 	 st2_acc:0.7382273175542406 	 st3_acc:0.9394107495069034
2265 	 train_loss:0.01798173598945141 	 test_loss: 0.019975725561380386 	 test_min_loss: 0.019975725561380386 	 difference: 0.001993989571928978 	 st1_acc:0.41050295857988167 	 st2_acc:0.7429117357001972 	 st3_acc:0.939595660749507
2280 	 train_loss:0.01795174926519394 	 test_loss: 0.019982200115919113 	 test_min_loss: 0.019975725561380386 	 difference: 0.002030450850725174 	 st1_acc:0.4230152859960552 	 st2_acc:0.7509861932938856 	 st3_acc:0.9383629191321499
2295 	 train_loss:0.0178665891289711 	 test_loss: 0.019892705604434013 	 test_min_loss: 0.019892705604434013 	 difference: 0.0020261164754629135 	 st1_acc:0.41962524654832345 	 st2_acc:0.7490138067061144 	 st3_acc:0.939534023668639
2310 	 train_loss:0.017799003049731255 	 test_loss: 0.019841955974698067 	 test_min_loss: 0.019841955974698067 	 difference: 0.002042952924966812 	 st1_acc:0.4212894477317554 	 st2_acc:0.7503081854043393 	 st3_acc:0.9401503944773175
2325 	 train_loss:0.017716746777296066 	 test_loss: 0.019766351208090782 	 test_min_loss: 0.019766351208090782 	 difference: 0.002049604430794716 	 st1_acc:0.41845414201183434 	 st2_acc:0.748767258382643 	 st3_acc:0.9408900394477318
2340 	 train_loss:0.017665909603238106 	 test_loss: 0.019710473716259003 	 test_min_loss: 0.019710473716259003 	 difference: 0.002044564113020897 	 st1_acc:0.4135848126232742 	 st2_acc:0.7447608481262328 	 st3_acc:0.9422460552268245
2355 	 train_loss:0.017612289637327194 	 test_loss: 0.019670497626066208 	 test_min_loss: 0.019670497626066208 	 difference: 0.0020582079887390137 	 st1_acc:0.4114275147928994 	 st2_acc:0.7432815581854043 	 st3_acc:0.9429857001972387
2370 	 train_loss:0.01752493716776371 	 test_loss: 0.019604844972491264 	 test_min_loss: 0.019604844972491264 	 difference: 0.0020799078047275543 	 st1_acc:0.41691321499013806 	 st2_acc:0.7459319526627219 	 st3_acc:0.9434171597633136
2385 	 train_loss:0.017461517825722694 	 test_loss: 0.01955702155828476 	 test_min_loss: 0.01955702155828476 	 difference: 0.002095503732562065 	 st1_acc:0.4243713017751479 	 st2_acc:0.751232741617357 	 st3_acc:0.9429857001972387
2400 	 train_loss:0.017422465607523918 	 test_loss: 0.01954478584229946 	 test_min_loss: 0.01954478584229946 	 difference: 0.002122320234775543 	 st1_acc:0.43201429980276135 	 st2_acc:0.756163708086785 	 st3_acc:0.9418762327416174
2415 	 train_loss:0.01733899861574173 	 test_loss: 0.01946653239428997 	 test_min_loss: 0.01946653239428997 	 difference: 0.0021275337785482407 	 st1_acc:0.4289940828402367 	 st2_acc:0.755362426035503 	 st3_acc:0.9429857001972387
2430 	 train_loss:0.017268897965550423 	 test_loss: 0.019394896924495697 	 test_min_loss: 0.019394896924495697 	 difference: 0.0021259989589452744 	 st1_acc:0.42529585798816566 	 st2_acc:0.7521572978303748 	 st3_acc:0.9432938856015779
2445 	 train_loss:0.017245661467313766 	 test_loss: 0.019373461604118347 	 test_min_loss: 0.019373461604118347 	 difference: 0.0021278001368045807 	 st1_acc:0.4166666666666667 	 st2_acc:0.746733234714004 	 st3_acc:0.9450197238658777
2460 	 train_loss:0.017154404893517494 	 test_loss: 0.019303297623991966 	 test_min_loss: 0.019303297623991966 	 difference: 0.002148892730474472 	 st1_acc:0.4228303747534517 	 st2_acc:0.7508629191321499 	 st3_acc:0.9448348126232742
2475 	 train_loss:0.01708514802157879 	 test_loss: 0.019251259043812752 	 test_min_loss: 0.019251259043812752 	 difference: 0.002166111022233963 	 st1_acc:0.42930226824457596 	 st2_acc:0.756163708086785 	 st3_acc:0.9440335305719921
2490 	 train_loss:0.017066292464733124 	 test_loss: 0.019266603514552116 	 test_min_loss: 0.019251259043812752 	 difference: 0.0022003110498189926 	 st1_acc:0.4404585798816568 	 st2_acc:0.7633752465483234 	 st3_acc:0.9435404339250493
2505 	 train_loss:0.016975609585642815 	 test_loss: 0.019178112968802452 	 test_min_loss: 0.019178112968802452 	 difference: 0.0022025033831596375 	 st1_acc:0.4359590729783038 	 st2_acc:0.7612179487179487 	 st3_acc:0.9445266272189349
2520 	 train_loss:0.016910681501030922 	 test_loss: 0.019107239320874214 	 test_min_loss: 0.019107239320874214 	 difference: 0.0021965578198432922 	 st1_acc:0.4307199211045365 	 st2_acc:0.7560404339250493 	 st3_acc:0.9454511834319527
2535 	 train_loss:0.016893107444047928 	 test_loss: 0.01909702830016613 	 test_min_loss: 0.01909702830016613 	 difference: 0.002203920856118202 	 st1_acc:0.4219674556213018 	 st2_acc:0.7500616370808678 	 st3_acc:0.9462524654832347
2550 	 train_loss:0.016807921230793 	 test_loss: 0.019028691574931145 	 test_min_loss: 0.019028691574931145 	 difference: 0.0022207703441381454 	 st1_acc:0.4270833333333333 	 st2_acc:0.7541913214990138 	 st3_acc:0.9466839250493096
2565 	 train_loss:0.016737069934606552 	 test_loss: 0.01897098496556282 	 test_min_loss: 0.01897098496556282 	 difference: 0.0022339150309562683 	 st1_acc:0.4318293885601578 	 st2_acc:0.757396449704142 	 st3_acc:0.9468688362919132
2580 	 train_loss:0.016688121482729912 	 test_loss: 0.01894010417163372 	 test_min_loss: 0.01894010417163372 	 difference: 0.0022519826889038086 	 st1_acc:0.44175295857988167 	 st2_acc:0.7643614398422091 	 st3_acc:0.9461908284023669
2595 	 train_loss:0.016632279381155968 	 test_loss: 0.018909279257059097 	 test_min_loss: 0.018909279257059097 	 difference: 0.0022769998759031296 	 st1_acc:0.44446499013806706 	 st2_acc:0.7661489151873767 	 st3_acc:0.946129191321499
2610 	 train_loss:0.016562990844249725 	 test_loss: 0.01884201355278492 	 test_min_loss: 0.01884201355278492 	 difference: 0.0022790227085351944 	 st1_acc:0.4408284023668639 	 st2_acc:0.7631903353057199 	 st3_acc:0.946560650887574
2625 	 train_loss:0.01650973968207836 	 test_loss: 0.01879207044839859 	 test_min_loss: 0.01879207044839859 	 difference: 0.0022823307663202286 	 st1_acc:0.4376232741617357 	 st2_acc:0.7611563116370809 	 st3_acc:0.9467455621301775
2640 	 train_loss:0.016501035541296005 	 test_loss: 0.01878374256193638 	 test_min_loss: 0.01878374256193638 	 difference: 0.0022827070206403732 	 st1_acc:0.4285009861932939 	 st2_acc:0.7544378698224852 	 st3_acc:0.9476701183431953
2655 	 train_loss:0.01640326902270317 	 test_loss: 0.018711673095822334 	 test_min_loss: 0.018711673095822334 	 difference: 0.0023084040731191635 	 st1_acc:0.43571252465483234 	 st2_acc:0.7607864891518737 	 st3_acc:0.9482864891518737
2670 	 train_loss:0.016355030238628387 	 test_loss: 0.018681515008211136 	 test_min_loss: 0.018681515008211136 	 difference: 0.0023264847695827484 	 st1_acc:0.4485330374753452 	 st2_acc:0.76892258382643 	 st3_acc:0.9477317554240631
2685 	 train_loss:0.016312040388584137 	 test_loss: 0.018666990101337433 	 test_min_loss: 0.018666990101337433 	 difference: 0.002354949712753296 	 st1_acc:0.454758382642998 	 st2_acc:0.773052268244576 	 st3_acc:0.9473619329388561
2700 	 train_loss:0.016228001564741135 	 test_loss: 0.018583370372653008 	 test_min_loss: 0.018583370372653008 	 difference: 0.002355368807911873 	 st1_acc:0.4462524654832347 	 st2_acc:0.7671351084812623 	 st3_acc:0.9485330374753451
2715 	 train_loss:0.016360707581043243 	 test_loss: 0.018680065870285034 	 test_min_loss: 0.018583370372653008 	 difference: 0.0023193582892417908 	 st1_acc:0.42375493096646943 	 st2_acc:0.7509245562130178 	 st3_acc:0.9486563116370809
2730 	 train_loss:0.016139209270477295 	 test_loss: 0.01850017160177231 	 test_min_loss: 0.01850017160177231 	 difference: 0.0023609623312950134 	 st1_acc:0.4431706114398422 	 st2_acc:0.7663338264299803 	 st3_acc:0.9489028599605522
2745 	 train_loss:0.016071176156401634 	 test_loss: 0.018475007265806198 	 test_min_loss: 0.018475007265806198 	 difference: 0.002403831109404564 	 st1_acc:0.45377218934911245 	 st2_acc:0.7711415187376726 	 st3_acc:0.9489644970414202
2760 	 train_loss:0.016016308218240738 	 test_loss: 0.018419966101646423 	 test_min_loss: 0.018419966101646423 	 difference: 0.0024036578834056854 	 st1_acc:0.44760848126232744 	 st2_acc:0.7682445759368837 	 st3_acc:0.9492726824457594
2775 	 train_loss:0.015975717455148697 	 test_loss: 0.01839114911854267 	 test_min_loss: 0.01839114911854267 	 difference: 0.0024154316633939743 	 st1_acc:0.44236932938856016 	 st2_acc:0.7647312623274162 	 st3_acc:0.9497041420118343
2790 	 train_loss:0.015917396172881126 	 test_loss: 0.01835617981851101 	 test_min_loss: 0.01835617981851101 	 difference: 0.002438783645629883 	 st1_acc:0.4425542406311637 	 st2_acc:0.7652243589743589 	 st3_acc:0.9501356015779092
2805 	 train_loss:0.015888746827840805 	 test_loss: 0.018323924392461777 	 test_min_loss: 0.018323924392461777 	 difference: 0.0024351775646209717 	 st1_acc:0.4434171597633136 	 st2_acc:0.7654709072978304 	 st3_acc:0.9498890532544378
2820 	 train_loss:0.015823064371943474 	 test_loss: 0.018276939168572426 	 test_min_loss: 0.018276939168572426 	 difference: 0.002453874796628952 	 st1_acc:0.44557445759368836 	 st2_acc:0.7668269230769231 	 st3_acc:0.9500123274161736
2835 	 train_loss:0.015778688713908195 	 test_loss: 0.018248096108436584 	 test_min_loss: 0.018248096108436584 	 difference: 0.002469407394528389 	 st1_acc:0.4628328402366864 	 st2_acc:0.779154339250493 	 st3_acc:0.9504437869822485
2850 	 train_loss:0.015734989196062088 	 test_loss: 0.01824292354285717 	 test_min_loss: 0.01824292354285717 	 difference: 0.002507934346795082 	 st1_acc:0.46782544378698226 	 st2_acc:0.7816198224852071 	 st3_acc:0.9496425049309665
2865 	 train_loss:0.015660541132092476 	 test_loss: 0.01816336065530777 	 test_min_loss: 0.01816336065530777 	 difference: 0.002502819523215294 	 st1_acc:0.46123027613412226 	 st2_acc:0.7788461538461539 	 st3_acc:0.9514299802761341
2880 	 train_loss:0.015610968694090843 	 test_loss: 0.018119381740689278 	 test_min_loss: 0.018119381740689278 	 difference: 0.0025084130465984344 	 st1_acc:0.46005917159763315 	 st2_acc:0.777983234714004 	 st3_acc:0.9515532544378699
2895 	 train_loss:0.015598297119140625 	 test_loss: 0.018104469403624535 	 test_min_loss: 0.018104469403624535 	 difference: 0.0025061722844839096 	 st1_acc:0.44964250493096647 	 st2_acc:0.7696005917159763 	 st3_acc:0.9518614398422091
2910 	 train_loss:0.015521392226219177 	 test_loss: 0.01804663985967636 	 test_min_loss: 0.01804663985967636 	 difference: 0.002525247633457184 	 st1_acc:0.4657914201183432 	 st2_acc:0.7818047337278107 	 st3_acc:0.9512450690335306
2925 	 train_loss:0.015648340806365013 	 test_loss: 0.018173297867178917 	 test_min_loss: 0.01804663985967636 	 difference: 0.002524957060813904 	 st1_acc:0.4346646942800789 	 st2_acc:0.7562253451676528 	 st3_acc:0.9526010848126233
2940 	 train_loss:0.015485771931707859 	 test_loss: 0.018016180023550987 	 test_min_loss: 0.018016180023550987 	 difference: 0.002530408091843128 	 st1_acc:0.44871794871794873 	 st2_acc:0.7688609467455622 	 st3_acc:0.9533407297830375
2955 	 train_loss:0.01538844034075737 	 test_loss: 0.017966125160455704 	 test_min_loss: 0.017966125160455704 	 difference: 0.0025776848196983337 	 st1_acc:0.45654585798816566 	 st2_acc:0.7732371794871795 	 st3_acc:0.9527243589743589
2970 	 train_loss:0.0153663894161582 	 test_loss: 0.017954116687178612 	 test_min_loss: 0.017954116687178612 	 difference: 0.0025877272710204124 	 st1_acc:0.4511217948717949 	 st2_acc:0.7694773175542406 	 st3_acc:0.9536489151873767
2985 	 train_loss:0.015321816317737103 	 test_loss: 0.017938092350959778 	 test_min_loss: 0.017938092350959778 	 difference: 0.0026162760332226753 	 st1_acc:0.4697361932938856 	 st2_acc:0.7802638067061144 	 st3_acc:0.9501356015779092
3000 	 train_loss:0.015255196020007133 	 test_loss: 0.0178797859698534 	 test_min_loss: 0.0178797859698534 	 difference: 0.0026245899498462677 	 st1_acc:0.46597633136094674 	 st2_acc:0.7776750493096647 	 st3_acc:0.9516765285996055
3015 	 train_loss:0.015384967438876629 	 test_loss: 0.018007729202508926 	 test_min_loss: 0.0178797859698534 	 difference: 0.0026227617636322975 	 st1_acc:0.4376232741617357 	 st2_acc:0.7572731755424064 	 st3_acc:0.9532790927021696
3030 	 train_loss:0.015220001339912415 	 test_loss: 0.017782490700483322 	 test_min_loss: 0.017782490700483322 	 difference: 0.0025624893605709076 	 st1_acc:0.4567924063116371 	 st2_acc:0.7742233727810651 	 st3_acc:0.9540187376725838
3045 	 train_loss:0.01510167121887207 	 test_loss: 0.01772104762494564 	 test_min_loss: 0.01772104762494564 	 difference: 0.0026193764060735703 	 st1_acc:0.47041420118343197 	 st2_acc:0.7819896449704142 	 st3_acc:0.9521696252465484
3060 	 train_loss:0.015074980445206165 	 test_loss: 0.01770169287919998 	 test_min_loss: 0.01770169287919998 	 difference: 0.0026267124339938164 	 st1_acc:0.4639423076923077 	 st2_acc:0.7773668639053254 	 st3_acc:0.9545118343195266
3075 	 train_loss:0.015070070512592793 	 test_loss: 0.0177831519395113 	 test_min_loss: 0.01770169287919998 	 difference: 0.0027130814269185066 	 st1_acc:0.4652983234714004 	 st2_acc:0.7741000986193294 	 st3_acc:0.953094181459566
  3090 	 train_loss:0.015093025751411915 	 test_loss: 0.017742639407515526 	 test_min_loss: 0.01770169287919998 	 difference: 0.002649613656103611 	 st1_acc:0.4501356015779093 	 st2_acc:0.7649161735700197 	 st3_acc:0.9545118343195266
3105 	 train_loss:0.014951699413359165 	 test_loss: 0.017608432099223137 	 test_min_loss: 0.017608432099223137 	 difference: 0.0026567326858639717 	 st1_acc:0.46332593688362916 	 st2_acc:0.7773668639053254 	 st3_acc:0.9551282051282052
3120 	 train_loss:0.014895392581820488 	 test_loss: 0.01755308359861374 	 test_min_loss: 0.01755308359861374 	 difference: 0.002657691016793251 	 st1_acc:0.47830374753451677 	 st2_acc:0.7863042406311637 	 st3_acc:0.9537105522682445
3135 	 train_loss:0.014946293085813522 	 test_loss: 0.01769145578145981 	 test_min_loss: 0.01755308359861374 	 difference: 0.002745162695646286 	 st1_acc:0.4991370808678501 	 st2_acc:0.7967209072978304 	 st3_acc:0.9488412228796844
3150 	 train_loss:0.014860784634947777 	 test_loss: 0.017577102407813072 	 test_min_loss: 0.01755308359861374 	 difference: 0.0027163177728652954 	 st1_acc:0.4923570019723866 	 st2_acc:0.7925912228796844 	 st3_acc:0.9503205128205128
3165 	 train_loss:0.014807150699198246 	 test_loss: 0.017564939334988594 	 test_min_loss: 0.01755308359861374 	 difference: 0.002757788635790348 	 st1_acc:0.48514546351084814 	 st2_acc:0.7885231755424064 	 st3_acc:0.9524161735700197
3180 	 train_loss:0.014756763353943825 	 test_loss: 0.01748497039079666 	 test_min_loss: 0.01748497039079666 	 difference: 0.0027282070368528366 	 st1_acc:0.4906311637080868 	 st2_acc:0.7919748520710059 	 st3_acc:0.9522312623274162
3195 	 train_loss:0.014683959074318409 	 test_loss: 0.01741980016231537 	 test_min_loss: 0.01741980016231537 	 difference: 0.0027358410879969597 	 st1_acc:0.48366617357001973 	 st2_acc:0.7879068047337278 	 st3_acc:0.9538954635108481
3210 	 train_loss:0.01470841746777296 	 test_loss: 0.017451295629143715 	 test_min_loss: 0.01741980016231537 	 difference: 0.0027428781613707542 	 st1_acc:0.4672090729783038 	 st2_acc:0.7758259368836292 	 st3_acc:0.9548816568047337
3225 	 train_loss:0.01461258064955473 	 test_loss: 0.017370570451021194 	 test_min_loss: 0.017370570451021194 	 difference: 0.002757989801466465 	 st1_acc:0.476577909270217 	 st2_acc:0.7827909270216963 	 st3_acc:0.9555596646942801
3240 	 train_loss:0.014566170051693916 	 test_loss: 0.01732223853468895 	 test_min_loss: 0.01732223853468895 	 difference: 0.0027560684829950333 	 st1_acc:0.47842702169625245 	 st2_acc:0.783715483234714 	 st3_acc:0.9552514792899408
3255 	 train_loss:0.014627882279455662 	 test_loss: 0.017362646758556366 	 test_min_loss: 0.01732223853468895 	 difference: 0.002734764479100704 	 st1_acc:0.49747287968441817 	 st2_acc:0.7951183431952663 	 st3_acc:0.952292899408284
3270 	 train_loss:0.014500330202281475 	 test_loss: 0.0172920823097229 	 test_min_loss: 0.0172920823097229 	 difference: 0.0027917521074414253 	 st1_acc:0.48354289940828404 	 st2_acc:0.7863658777120316 	 st3_acc:0.9550665680473372
3285 	 train_loss:0.014492211863398552 	 test_loss: 0.01725112833082676 	 test_min_loss: 0.01725112833082676 	 difference: 0.0027589164674282074 	 st1_acc:0.4805843195266272 	 st2_acc:0.7869822485207101 	 st3_acc:0.9561143984220908
3300 	 train_loss:0.014449730515480042 	 test_loss: 0.01724965125322342 	 test_min_loss: 0.01724965125322342 	 difference: 0.0027999207377433777 	 st1_acc:0.48828895463510846 	 st2_acc:0.7890779092702169 	 st3_acc:0.9551282051282052
3315 	 train_loss:0.014445927925407887 	 test_loss: 0.017199980095028877 	 test_min_loss: 0.017199980095028877 	 difference: 0.0027540521696209908 	 st1_acc:0.49562376725838264 	 st2_acc:0.7964127218934911 	 st3_acc:0.9546351084812623
3330 	 train_loss:0.014455408789217472 	 test_loss: 0.017299456521868706 	 test_min_loss: 0.017199980095028877 	 difference: 0.0028440477326512337 	 st1_acc:0.5163954635108481 	 st2_acc:0.8053500986193294 	 st3_acc:0.9492110453648915
3345 	 train_loss:0.01434220653027296 	 test_loss: 0.01719869114458561 	 test_min_loss: 0.01719869114458561 	 difference: 0.0028564846143126488 	 st1_acc:0.5022189349112426 	 st2_acc:0.7957963510848126 	 st3_acc:0.9530325443786982
3360 	 train_loss:0.014281675219535828 	 test_loss: 0.01715025119483471 	 test_min_loss: 0.01715025119483471 	 difference: 0.0028685759752988815 	 st1_acc:0.4932815581854043 	 st2_acc:0.7908653846153846 	 st3_acc:0.9547583826429981
3375 	 train_loss:0.01427675224840641 	 test_loss: 0.01714026927947998 	 test_min_loss: 0.01714026927947998 	 difference: 0.0028635170310735703 	 st1_acc:0.4760231755424063 	 st2_acc:0.779154339250493 	 st3_acc:0.9569156804733728
3390 	 train_loss:0.01420851144939661 	 test_loss: 0.01709708385169506 	 test_min_loss: 0.01709708385169506 	 difference: 0.0028885724022984505 	 st1_acc:0.49291173570019725 	 st2_acc:0.7896942800788954 	 st3_acc:0.9550049309664694
3405 	 train_loss:0.014176711440086365 	 test_loss: 0.017041336745023727 	 test_min_loss: 0.017041336745023727 	 difference: 0.0028646253049373627 	 st1_acc:0.4905078895463511 	 st2_acc:0.7888313609467456 	 st3_acc:0.9551282051282052
3420 	 train_loss:0.014353832229971886 	 test_loss: 0.01737971603870392 	 test_min_loss: 0.017041336745023727 	 difference: 0.0030258838087320328 	 st1_acc:0.5271819526627219 	 st2_acc:0.8086168639053254 	 st3_acc:0.9454511834319527
3435 	 train_loss:0.01415322721004486 	 test_loss: 0.01699591800570488 	 test_min_loss: 0.01699591800570488 	 difference: 0.002842690795660019 	 st1_acc:0.4986439842209073 	 st2_acc:0.796042899408284 	 st3_acc:0.9553131163708086
3450 	 train_loss:0.014093399979174137 	 test_loss: 0.01699746400117874 	 test_min_loss: 0.01699591800570488 	 difference: 0.0029040640220046043 	 st1_acc:0.48113905325443784 	 st2_acc:0.7834689349112426 	 st3_acc:0.957655325443787
3465 	 train_loss:0.01415670569986105 	 test_loss: 0.01694664917886257 	 test_min_loss: 0.01694664917886257 	 difference: 0.002789943479001522 	 st1_acc:0.4956854043392505 	 st2_acc:0.7972140039447732 	 st3_acc:0.9560527613412229
3480 	 train_loss:0.013995115645229816 	 test_loss: 0.016918567940592766 	 test_min_loss: 0.016918567940592766 	 difference: 0.0029234522953629494 	 st1_acc:0.49093934911242604 	 st2_acc:0.7902490138067061 	 st3_acc:0.95642258382643
3495 	 train_loss:0.013990810140967369 	 test_loss: 0.016936078667640686 	 test_min_loss: 0.016918567940592766 	 difference: 0.002945268526673317 	 st1_acc:0.5023422090729783 	 st2_acc:0.7972756410256411 	 st3_acc:0.9552514792899408
3510 	 train_loss:0.013984269462525845 	 test_loss: 0.016925813630223274 	 test_min_loss: 0.016918567940592766 	 difference: 0.0029415441676974297 	 st1_acc:0.4838510848126233 	 st2_acc:0.7861193293885601 	 st3_acc:0.9574087771203156
3525 	 train_loss:0.013933412730693817 	 test_loss: 0.016870243474841118 	 test_min_loss: 0.016870243474841118 	 difference: 0.0029368307441473007 	 st1_acc:0.49241863905325445 	 st2_acc:0.792776134122288 	 st3_acc:0.9569773175542406
3540 	 train_loss:0.01401667669415474 	 test_loss: 0.016951054334640503 	 test_min_loss: 0.016870243474841118 	 difference: 0.0029343776404857635 	 st1_acc:0.4718934911242604 	 st2_acc:0.7763806706114399 	 st3_acc:0.9588880670611439
3555 	 train_loss:0.013904158025979996 	 test_loss: 0.016877420246601105 	 test_min_loss: 0.016870243474841118 	 difference: 0.002973262220621109 	 st1_acc:0.48144723865877714 	 st2_acc:0.7827292899408284 	 st3_acc:0.9585182445759369
3570 	 train_loss:0.013849136419594288 	 test_loss: 0.016793299466371536 	 test_min_loss: 0.016793299466371536 	 difference: 0.0029441630467772484 	 st1_acc:0.49044625246548323 	 st2_acc:0.7887697238658777 	 st3_acc:0.9578402366863905
3585 	 train_loss:0.013820949010550976 	 test_loss: 0.016848290339112282 	 test_min_loss: 0.016793299466371536 	 difference: 0.003027341328561306 	 st1_acc:0.4974112426035503 	 st2_acc:0.792776134122288 	 st3_acc:0.9559294871794872
3600 	 train_loss:0.013801890425384045 	 test_loss: 0.01679074391722679 	 test_min_loss: 0.01679074391722679 	 difference: 0.0029888534918427467 	 st1_acc:0.4855769230769231 	 st2_acc:0.7876602564102564 	 st3_acc:0.9580251479289941
3615 	 train_loss:0.013758045621216297 	 test_loss: 0.016769003123044968 	 test_min_loss: 0.016769003123044968 	 difference: 0.0030109575018286705 	 st1_acc:0.5088141025641025 	 st2_acc:0.7999260355029586 	 st3_acc:0.9545734714003945
3630 	 train_loss:0.0136924022808671 	 test_loss: 0.01669156178832054 	 test_min_loss: 0.01669156178832054 	 difference: 0.0029991595074534416 	 st1_acc:0.5072115384615384 	 st2_acc:0.7996794871794872 	 st3_acc:0.9559294871794872
3645 	 train_loss:0.013861529529094696 	 test_loss: 0.01678808033466339 	 test_min_loss: 0.01669156178832054 	 difference: 0.002926550805568695 	 st1_acc:0.47836538461538464 	 st2_acc:0.7805103550295858 	 st3_acc:0.959319526627219
3660 	 train_loss:0.013652772642672062 	 test_loss: 0.01662616617977619 	 test_min_loss: 0.01662616617977619 	 difference: 0.00297339353710413 	 st1_acc:0.5046227810650887 	 st2_acc:0.7996178500986193 	 st3_acc:0.9563609467455622
3675 	 train_loss:0.013604633510112762 	 test_loss: 0.016645612195134163 	 test_min_loss: 0.01662616617977619 	 difference: 0.0030409786850214005 	 st1_acc:0.4980276134122288 	 st2_acc:0.7945019723865878 	 st3_acc:0.9573471400394478
3690 	 train_loss:0.013757916167378426 	 test_loss: 0.016777103766798973 	 test_min_loss: 0.01662616617977619 	 difference: 0.0030191875994205475 	 st1_acc:0.5252712031558185 	 st2_acc:0.8109590729783037 	 st3_acc:0.9529092702169625
3705 	 train_loss:0.013598587363958359 	 test_loss: 0.01665019430220127 	 test_min_loss: 0.01662616617977619 	 difference: 0.0030516069382429123 	 st1_acc:0.5109097633136095 	 st2_acc:0.8016518737672583 	 st3_acc:0.9559294871794872
3720 	 train_loss:0.013528678566217422 	 test_loss: 0.016566582024097443 	 test_min_loss: 0.016566582024097443 	 difference: 0.00303790345788002 	 st1_acc:0.4986439842209073 	 st2_acc:0.7947485207100592 	 st3_acc:0.9577169625246549
3735 	 train_loss:0.013554951176047325 	 test_loss: 0.01659729704260826 	 test_min_loss: 0.016566582024097443 	 difference: 0.003042345866560936 	 st1_acc:0.5151627218934911 	 st2_acc:0.8024531558185405 	 st3_acc:0.9561143984220908
3750 	 train_loss:0.013456995598971844 	 test_loss: 0.016517838463187218 	 test_min_loss: 0.016517838463187218 	 difference: 0.003060842864215374 	 st1_acc:0.5107864891518737 	 st2_acc:0.8010971400394478 	 st3_acc:0.9572855029585798
3765 	 train_loss:0.013581864535808563 	 test_loss: 0.016758035868406296 	 test_min_loss: 0.016517838463187218 	 difference: 0.0031761713325977325 	 st1_acc:0.4996301775147929 	 st2_acc:0.7908037475345168 	 st3_acc:0.9574087771203156
3780 	 train_loss:0.013489105738699436 	 test_loss: 0.016596652567386627 	 test_min_loss: 0.016517838463187218 	 difference: 0.003107546828687191 	 st1_acc:0.5200320512820513 	 st2_acc:0.8056582840236687 	 st3_acc:0.9562376725838264
3795 	 train_loss:0.013387336395680904 	 test_loss: 0.016480034217238426 	 test_min_loss: 0.016480034217238426 	 difference: 0.003092697821557522 	 st1_acc:0.5107864891518737 	 st2_acc:0.8014669625246549 	 st3_acc:0.9570389546351085
3810 	 train_loss:0.013406229205429554 	 test_loss: 0.01650741882622242 	 test_min_loss: 0.016480034217238426 	 difference: 0.0031011896207928658 	 st1_acc:0.5247781065088757 	 st2_acc:0.8110823471400395 	 st3_acc:0.955991124260355
3825 	 train_loss:0.01346045546233654 	 test_loss: 0.016513193026185036 	 test_min_loss: 0.016480034217238426 	 difference: 0.0030527375638484955 	 st1_acc:0.5162721893491125 	 st2_acc:0.8062746548323472 	 st3_acc:0.9574087771203156
3840 	 train_loss:0.013294083997607231 	 test_loss: 0.0164199061691761 	 test_min_loss: 0.0164199061691761 	 difference: 0.0031258221715688705 	 st1_acc:0.5096153846153846 	 st2_acc:0.8001109467455622 	 st3_acc:0.9587031558185405
3855 	 train_loss:0.013332211412489414 	 test_loss: 0.016474474221467972 	 test_min_loss: 0.0164199061691761 	 difference: 0.0031422628089785576 	 st1_acc:0.4983974358974359 	 st2_acc:0.7914201183431953 	 st3_acc:0.9593811637080868
3870 	 train_loss:0.013278969563543797 	 test_loss: 0.01641390100121498 	 test_min_loss: 0.01641390100121498 	 difference: 0.0031349314376711845 	 st1_acc:0.5227440828402367 	 st2_acc:0.8086168639053254 	 st3_acc:0.9568540433925049
3885 	 train_loss:0.013310320675373077 	 test_loss: 0.016555188223719597 	 test_min_loss: 0.01641390100121498 	 difference: 0.0032448675483465195 	 st1_acc:0.5169501972386588 	 st2_acc:0.8014669625246549 	 st3_acc:0.9578402366863905
3900 	 train_loss:0.013268896378576756 	 test_loss: 0.016484074294567108 	 test_min_loss: 0.01641390100121498 	 difference: 0.0032151779159903526 	 st1_acc:0.5266888560157791 	 st2_acc:0.8091099605522682 	 st3_acc:0.9558678500986193
3915 	 train_loss:0.013217493891716003 	 test_loss: 0.016406383365392685 	 test_min_loss: 0.016406383365392685 	 difference: 0.0031888894736766815 	 st1_acc:0.5064102564102564 	 st2_acc:0.7943170611439843 	 st3_acc:0.9594428007889546
3930 	 train_loss:0.013178018853068352 	 test_loss: 0.01638856716454029 	 test_min_loss: 0.01638856716454029 	 difference: 0.003210548311471939 	 st1_acc:0.5178131163708086 	 st2_acc:0.8017135108481263 	 st3_acc:0.9578402366863905
3945 	 train_loss:0.013364552520215511 	 test_loss: 0.01659383624792099 	 test_min_loss: 0.01638856716454029 	 difference: 0.0032292837277054787 	 st1_acc:0.4796597633136095 	 st2_acc:0.7765039447731755 	 st3_acc:0.9628944773175543
3960 	 train_loss:0.013202263042330742 	 test_loss: 0.016374832019209862 	 test_min_loss: 0.016374832019209862 	 difference: 0.00317256897687912 	 st1_acc:0.49747287968441817 	 st2_acc:0.7904955621301775 	 st3_acc:0.9612302761341223
3975 	 train_loss:0.013080836273729801 	 test_loss: 0.01628725975751877 	 test_min_loss: 0.01628725975751877 	 difference: 0.003206423483788967 	 st1_acc:0.5113412228796844 	 st2_acc:0.7991863905325444 	 st3_acc:0.9596277120315582
3990 	 train_loss:0.013237519189715385 	 test_loss: 0.016612540930509567 	 test_min_loss: 0.01628725975751877 	 difference: 0.003375021740794182 	 st1_acc:0.5063486193293886 	 st2_acc:0.7911119329388561 	 st3_acc:0.9571622287968442
4005 	 train_loss:0.013078813441097736 	 test_loss: 0.016320375725626945 	 test_min_loss: 0.01628725975751877 	 difference: 0.003241562284529209 	 st1_acc:0.5276134122287969 	 st2_acc:0.810034516765286 	 st3_acc:0.9583333333333334
4020 	 train_loss:0.013008836656808853 	 test_loss: 0.01623609848320484 	 test_min_loss: 0.01623609848320484 	 difference: 0.0032272618263959885 	 st1_acc:0.5260108481262328 	 st2_acc:0.8089866863905325 	 st3_acc:0.9577169625246549
4035 	 train_loss:0.013016033917665482 	 test_loss: 0.016293877735733986 	 test_min_loss: 0.01623609848320484 	 difference: 0.0032778438180685043 	 st1_acc:0.5053007889546351 	 st2_acc:0.7925295857988166 	 st3_acc:0.9617850098619329
4050 	 train_loss:0.012997761368751526 	 test_loss: 0.01624188758432865 	 test_min_loss: 0.01623609848320484 	 difference: 0.0032441262155771255 	 st1_acc:0.532051282051282 	 st2_acc:0.8125616370808678 	 st3_acc:0.9566074950690335
4065 	 train_loss:0.012957483530044556 	 test_loss: 0.016247648745775223 	 test_min_loss: 0.01623609848320484 	 difference: 0.003290165215730667 	 st1_acc:0.5331607495069034 	 st2_acc:0.8132396449704142 	 st3_acc:0.9565458579881657
4080 	 train_loss:0.012961657717823982 	 test_loss: 0.01620604656636715 	 test_min_loss: 0.01620604656636715 	 difference: 0.003244388848543167 	 st1_acc:0.5233604536489151 	 st2_acc:0.8062130177514792 	 st3_acc:0.9585798816568047
4095 	 train_loss:0.012935429811477661 	 test_loss: 0.016177456825971603 	 test_min_loss: 0.016177456825971603 	 difference: 0.0032420270144939423 	 st1_acc:0.522189349112426 	 st2_acc:0.8069526627218935 	 st3_acc:0.9590729783037475
4110 	 train_loss:0.012886298820376396 	 test_loss: 0.01615227572619915 	 test_min_loss: 0.01615227572619915 	 difference: 0.003265976905822754 	 st1_acc:0.5245315581854043 	 st2_acc:0.8080004930966469 	 st3_acc:0.9595660749506904
4125 	 train_loss:0.01290911715477705 	 test_loss: 0.01622230000793934 	 test_min_loss: 0.01615227572619915 	 difference: 0.0033131828531622887 	 st1_acc:0.5396326429980276 	 st2_acc:0.815396942800789 	 st3_acc:0.9557445759368837
4140 	 train_loss:0.012875659391283989 	 test_loss: 0.016154414042830467 	 test_min_loss: 0.01615227572619915 	 difference: 0.0032787546515464783 	 st1_acc:0.5212031558185405 	 st2_acc:0.8059664694280079 	 st3_acc:0.9596277120315582
4155 	 train_loss:0.012836717069149017 	 test_loss: 0.016133345663547516 	 test_min_loss: 0.016133345663547516 	 difference: 0.0032966285943984985 	 st1_acc:0.5169501972386588 	 st2_acc:0.8029462524654832 	 st3_acc:0.9606139053254438
4170 	 train_loss:0.012843802571296692 	 test_loss: 0.01613445207476616 	 test_min_loss: 0.016133345663547516 	 difference: 0.003290649503469467 	 st1_acc:0.5321129191321499 	 st2_acc:0.8110207100591716 	 st3_acc:0.9588880670611439
4185 	 train_loss:0.012779947370290756 	 test_loss: 0.016129836440086365 	 test_min_loss: 0.016129836440086365 	 difference: 0.0033498890697956085 	 st1_acc:0.5282914201183432 	 st2_acc:0.8075073964497042 	 st3_acc:0.958456607495069
4200 	 train_loss:0.012879181653261185 	 test_loss: 0.016225894913077354 	 test_min_loss: 0.016129836440086365 	 difference: 0.0033467132598161697 	 st1_acc:0.5144847140039448 	 st2_acc:0.7980152859960552 	 st3_acc:0.9597509861932939
4215 	 train_loss:0.012738058343529701 	 test_loss: 0.01607648842036724 	 test_min_loss: 0.01607648842036724 	 difference: 0.0033384300768375397 	 st1_acc:0.520956607495069 	 st2_acc:0.8046104536489151 	 st3_acc:0.9604906311637081
4230 	 train_loss:0.012787929736077785 	 test_loss: 0.016147494316101074 	 test_min_loss: 0.01607648842036724 	 difference: 0.0033595645800232887 	 st1_acc:0.5430843195266272 	 st2_acc:0.8178007889546351 	 st3_acc:0.9552514792899408
4245 	 train_loss:0.012694120407104492 	 test_loss: 0.016055064275860786 	 test_min_loss: 0.016055064275860786 	 difference: 0.0033609438687562943 	 st1_acc:0.5370438856015779 	 st2_acc:0.8146572978303748 	 st3_acc:0.9579018737672583
4260 	 train_loss:0.012851225212216377 	 test_loss: 0.01616605930030346 	 test_min_loss: 0.016055064275860786 	 difference: 0.003314834088087082 	 st1_acc:0.5126972386587771 	 st2_acc:0.7999876725838264 	 st3_acc:0.9610453648915187
4275 	 train_loss:0.012713847681879997 	 test_loss: 0.0160763468593359 	 test_min_loss: 0.016055064275860786 	 difference: 0.003362499177455902 	 st1_acc:0.5175665680473372 	 st2_acc:0.8031311637080868 	 st3_acc:0.9615384615384616
4290 	 train_loss:0.012770448811352253 	 test_loss: 0.016130225732922554 	 test_min_loss: 0.016055064275860786 	 difference: 0.003359776921570301 	 st1_acc:0.5131286982248521 	 st2_acc:0.797707100591716 	 st3_acc:0.9622164694280079
4305 	 train_loss:0.012655568309128284 	 test_loss: 0.01606619544327259 	 test_min_loss: 0.016055064275860786 	 difference: 0.003410627134144306 	 st1_acc:0.5118343195266272 	 st2_acc:0.7970907297830375 	 st3_acc:0.9617233727810651
4320 	 train_loss:0.012635229155421257 	 test_loss: 0.016029449179768562 	 test_min_loss: 0.016029449179768562 	 difference: 0.0033942200243473053 	 st1_acc:0.5178131163708086 	 st2_acc:0.8025147928994083 	 st3_acc:0.961353550295858
4335 	 train_loss:0.012626247480511665 	 test_loss: 0.016122912988066673 	 test_min_loss: 0.016029449179768562 	 difference: 0.003496665507555008 	 st1_acc:0.5111563116370809 	 st2_acc:0.7965976331360947 	 st3_acc:0.9624013806706114
4350 	 train_loss:0.012554781511425972 	 test_loss: 0.016041958704590797 	 test_min_loss: 0.016029449179768562 	 difference: 0.0034871771931648254 	 st1_acc:0.526319033530572 	 st2_acc:0.8057815581854043 	 st3_acc:0.9606139053254438
4365 	 train_loss:0.012662420980632305 	 test_loss: 0.016091862693428993 	 test_min_loss: 0.016029449179768562 	 difference: 0.003429441712796688 	 st1_acc:0.5299556213017751 	 st2_acc:0.8119452662721893 	 st3_acc:0.9594428007889546
4380 	 train_loss:0.012642054818570614 	 test_loss: 0.016044845804572105 	 test_min_loss: 0.016029449179768562 	 difference: 0.0034027909860014915 	 st1_acc:0.5140532544378699 	 st2_acc:0.7998027613412229 	 st3_acc:0.9624013806706114
4395 	 train_loss:0.012484041973948479 	 test_loss: 0.015955114737153053 	 test_min_loss: 0.015955114737153053 	 difference: 0.0034710727632045746 	 st1_acc:0.5379684418145957 	 st2_acc:0.8136711045364892 	 st3_acc:0.9587031558185405
4410 	 train_loss:0.012473364360630512 	 test_loss: 0.015953052788972855 	 test_min_loss: 0.015953052788972855 	 difference: 0.0034796884283423424 	 st1_acc:0.5233604536489151 	 st2_acc:0.805103550295858 	 st3_acc:0.9614768244575936
4425 	 train_loss:0.01257435791194439 	 test_loss: 0.016085965558886528 	 test_min_loss: 0.015953052788972855 	 difference: 0.0035116076469421387 	 st1_acc:0.5261341222879684 	 st2_acc:0.8041173570019724 	 st3_acc:0.9606139053254438
4440 	 train_loss:0.012464622035622597 	 test_loss: 0.01593887433409691 	 test_min_loss: 0.01593887433409691 	 difference: 0.003474252298474312 	 st1_acc:0.5215113412228797 	 st2_acc:0.8046104536489151 	 st3_acc:0.9620315581854043
4455 	 train_loss:0.012429998256266117 	 test_loss: 0.01588895544409752 	 test_min_loss: 0.01588895544409752 	 difference: 0.003458957187831402 	 st1_acc:0.5305103550295858 	 st2_acc:0.8107741617357002 	 st3_acc:0.9612302761341223
4470 	 train_loss:0.012459918856620789 	 test_loss: 0.016017679125070572 	 test_min_loss: 0.01588895544409752 	 difference: 0.0035577602684497833 	 st1_acc:0.5428994082840237 	 st2_acc:0.8150271203155819 	 st3_acc:0.9579635108481263
4485 	 train_loss:0.012358168140053749 	 test_loss: 0.01589180901646614 	 test_min_loss: 0.01588895544409752 	 difference: 0.0035336408764123917 	 st1_acc:0.5361193293885601 	 st2_acc:0.8130547337278107 	 st3_acc:0.9601824457593688
4500 	 train_loss:0.012574280612170696 	 test_loss: 0.016002444550395012 	 test_min_loss: 0.01588895544409752 	 difference: 0.0034281639382243156 	 st1_acc:0.5302638067061144 	 st2_acc:0.8108357988165681 	 st3_acc:0.9604906311637081
4515 	 train_loss:0.012413783930242062 	 test_loss: 0.015970036387443542 	 test_min_loss: 0.01588895544409752 	 difference: 0.003556252457201481 	 st1_acc:0.5329142011834319 	 st2_acc:0.8086785009861933 	 st3_acc:0.9587031558185405
4530 	 train_loss:0.012372280471026897 	 test_loss: 0.015918495133519173 	 test_min_loss: 0.01588895544409752 	 difference: 0.0035462146624922752 	 st1_acc:0.5220044378698225 	 st2_acc:0.803069526627219 	 st3_acc:0.961353550295858
4545 	 train_loss:0.012283606454730034 	 test_loss: 0.015835508704185486 	 test_min_loss: 0.015835508704185486 	 difference: 0.003551902249455452 	 st1_acc:0.5340853057199211 	 st2_acc:0.8115754437869822 	 st3_acc:0.9604289940828402
4560 	 train_loss:0.012449624016880989 	 test_loss: 0.016038227826356888 	 test_min_loss: 0.015835508704185486 	 difference: 0.0035886038094758987 	 st1_acc:0.5632396449704142 	 st2_acc:0.8259985207100592 	 st3_acc:0.9527859960552268
4575 	 train_loss:0.012423253618180752 	 test_loss: 0.015964068472385406 	 test_min_loss: 0.015835508704185486 	 difference: 0.0035408148542046547 	 st1_acc:0.5542406311637081 	 st2_acc:0.8225468441814595 	 st3_acc:0.9558678500986193
4590 	 train_loss:0.012283938005566597 	 test_loss: 0.015878602862358093 	 test_min_loss: 0.015835508704185486 	 difference: 0.0035946648567914963 	 st1_acc:0.5339003944773175 	 st2_acc:0.8107741617357002 	 st3_acc:0.9616000986193294
4605 	 train_loss:0.01226834487169981 	 test_loss: 0.015821170061826706 	 test_min_loss: 0.015821170061826706 	 difference: 0.003552825190126896 	 st1_acc:0.5273052268244576 	 st2_acc:0.8067677514792899 	 st3_acc:0.9612919132149902
4620 	 train_loss:0.012393344193696976 	 test_loss: 0.016037093475461006 	 test_min_loss: 0.015821170061826706 	 difference: 0.0036437492817640305 	 st1_acc:0.5302638067061144 	 st2_acc:0.8068293885601578 	 st3_acc:0.959319526627219

Process finished with exit code -1
