D:\Anaconda\python.exe D:/home/zeewei/projects/77GRadar/model/rnn/train.py
0000 	 train_loss:0.6722693890333176 	 test_loss: 0.6126742362976074 	 test_min_loss: 0.6126742362976074 	 difference: -0.059595152735710144
0020 	 train_loss:0.10007908008992672 	 test_loss: 0.10290268063545227 	 test_min_loss: 0.10290268063545227 	 difference: 0.002823600545525551
0040 	 train_loss:0.08388791233301163 	 test_loss: 0.08667715638875961 	 test_min_loss: 0.08667715638875961 	 difference: 0.002789244055747986
0060 	 train_loss:0.0812401045113802 	 test_loss: 0.08371870964765549 	 test_min_loss: 0.08371870964765549 	 difference: 0.0024786051362752914
0080 	 train_loss:0.08065100014209747 	 test_loss: 0.08295053988695145 	 test_min_loss: 0.08295053988695145 	 difference: 0.0022995397448539734
0100 	 train_loss:0.08051794953644276 	 test_loss: 0.08272460103034973 	 test_min_loss: 0.08272460103034973 	 difference: 0.002206651493906975
0120 	 train_loss:0.08049050159752369 	 test_loss: 0.08265267312526703 	 test_min_loss: 0.08265267312526703 	 difference: 0.0021621715277433395
0140 	 train_loss:0.08048561215400696 	 test_loss: 0.08262861520051956 	 test_min_loss: 0.08262861520051956 	 difference: 0.0021430030465126038
0160 	 train_loss:0.08048487640917301 	 test_loss: 0.08262088894844055 	 test_min_loss: 0.08262088894844055 	 difference: 0.00213601253926754
0180 	 train_loss:0.08048477582633495 	 test_loss: 0.08261912316083908 	 test_min_loss: 0.08261912316083908 	 difference: 0.0021343473345041275
0200 	 train_loss:0.08048476465046406 	 test_loss: 0.08261951804161072 	 test_min_loss: 0.08261912316083908 	 difference: 0.00213475339114666
0220 	 train_loss:0.08048475347459316 	 test_loss: 0.08262075483798981 	 test_min_loss: 0.08261912316083908 	 difference: 0.0021360013633966446
0240 	 train_loss:0.08048475347459316 	 test_loss: 0.08262230455875397 	 test_min_loss: 0.08261912316083908 	 difference: 0.0021375510841608047
0260 	 train_loss:0.08048474043607712 	 test_loss: 0.08262405544519424 	 test_min_loss: 0.08261912316083908 	 difference: 0.0021393150091171265
0280 	 train_loss:0.08048473298549652 	 test_loss: 0.08262597769498825 	 test_min_loss: 0.08261912316083908 	 difference: 0.0021412447094917297
0300 	 train_loss:0.08048472926020622 	 test_loss: 0.08262806385755539 	 test_min_loss: 0.08261912316083908 	 difference: 0.002143334597349167
0320 	 train_loss:0.08048471063375473 	 test_loss: 0.08263031393289566 	 test_min_loss: 0.08261912316083908 	 difference: 0.00214560329914093
0340 	 train_loss:0.08048471063375473 	 test_loss: 0.08263275772333145 	 test_min_loss: 0.08261912316083908 	 difference: 0.002148047089576721
0360 	 train_loss:0.08048470318317413 	 test_loss: 0.08263542503118515 	 test_min_loss: 0.08261912316083908 	 difference: 0.002150721848011017
0380 	 train_loss:0.08048469200730324 	 test_loss: 0.08263830840587616 	 test_min_loss: 0.08261912316083908 	 difference: 0.0021536163985729218
0400 	 train_loss:0.08048468083143234 	 test_loss: 0.08264143019914627 	 test_min_loss: 0.08261912316083908 	 difference: 0.0021567493677139282
0420 	 train_loss:0.08048466593027115 	 test_loss: 0.08264483511447906 	 test_min_loss: 0.08261912316083908 	 difference: 0.0021601691842079163
0440 	 train_loss:0.08048465847969055 	 test_loss: 0.08264856040477753 	 test_min_loss: 0.08261912316083908 	 difference: 0.002163901925086975
0460 	 train_loss:0.08048462867736816 	 test_loss: 0.08265261352062225 	 test_min_loss: 0.08261912316083908 	 difference: 0.0021679848432540894
0480 	 train_loss:0.08048462122678757 	 test_loss: 0.08265706896781921 	 test_min_loss: 0.08261912316083908 	 difference: 0.0021724477410316467
0500 	 train_loss:0.08048459514975548 	 test_loss: 0.0826619565486908 	 test_min_loss: 0.08261912316083908 	 difference: 0.002177361398935318
0520 	 train_loss:0.08048456721007824 	 test_loss: 0.08266735821962357 	 test_min_loss: 0.08261912316083908 	 difference: 0.0021827910095453262
0540 	 train_loss:0.08048452623188496 	 test_loss: 0.08267336338758469 	 test_min_loss: 0.08261912316083908 	 difference: 0.00218883715569973
0560 	 train_loss:0.08048449456691742 	 test_loss: 0.08268006891012192 	 test_min_loss: 0.08261912316083908 	 difference: 0.0021955743432044983
0580 	 train_loss:0.0804844368249178 	 test_loss: 0.08268763870000839 	 test_min_loss: 0.08261912316083908 	 difference: 0.002203201875090599
0600 	 train_loss:0.08048437535762787 	 test_loss: 0.08269625902175903 	 test_min_loss: 0.08261912316083908 	 difference: 0.0022118836641311646
0620 	 train_loss:0.08048428408801556 	 test_loss: 0.0827062726020813 	 test_min_loss: 0.08261912316083908 	 difference: 0.0022219885140657425
0640 	 train_loss:0.08048398979008198 	 test_loss: 0.08271871507167816 	 test_min_loss: 0.08261912316083908 	 difference: 0.0022347252815961838
0660 	 train_loss:0.0804836917668581 	 test_loss: 0.08273596316576004 	 test_min_loss: 0.08261912316083908 	 difference: 0.0022522713989019394
0680 	 train_loss:0.0804832112044096 	 test_loss: 0.08275948464870453 	 test_min_loss: 0.08261912316083908 	 difference: 0.0022762734442949295
0700 	 train_loss:0.08048230409622192 	 test_loss: 0.08279416710138321 	 test_min_loss: 0.08261912316083908 	 difference: 0.0023118630051612854
0720 	 train_loss:0.08048014529049397 	 test_loss: 0.08285380154848099 	 test_min_loss: 0.08261912316083908 	 difference: 0.0023736562579870224
0740 	 train_loss:0.08047104626893997 	 test_loss: 0.08299104869365692 	 test_min_loss: 0.08261912316083908 	 difference: 0.0025200024247169495
0760 	 train_loss:0.0801717359572649 	 test_loss: 0.08447959274053574 	 test_min_loss: 0.08261912316083908 	 difference: 0.004307856783270836
0780 	 train_loss:0.0569343026727438 	 test_loss: 0.0979638621211052 	 test_min_loss: 0.08261912316083908 	 difference: 0.0410295594483614
0800 	 train_loss:0.053949885070323944 	 test_loss: 0.09976062923669815 	 test_min_loss: 0.08261912316083908 	 difference: 0.04581074416637421
0820 	 train_loss:0.04346927534788847 	 test_loss: 0.09219633787870407 	 test_min_loss: 0.08261912316083908 	 difference: 0.0487270625308156
0840 	 train_loss:0.03986270260065794 	 test_loss: 0.09573451429605484 	 test_min_loss: 0.08261912316083908 	 difference: 0.0558718116953969
0860 	 train_loss:0.03491975646466017 	 test_loss: 0.09686435014009476 	 test_min_loss: 0.08261912316083908 	 difference: 0.06194459367543459
0880 	 train_loss:0.03127383207902312 	 test_loss: 0.1066831648349762 	 test_min_loss: 0.08261912316083908 	 difference: 0.07540933275595307
0900 	 train_loss:0.030573987867683172 	 test_loss: 0.12183205038309097 	 test_min_loss: 0.08261912316083908 	 difference: 0.0912580625154078
0920 	 train_loss:0.028549822978675365 	 test_loss: 0.13228969275951385 	 test_min_loss: 0.08261912316083908 	 difference: 0.10373986978083849
0940 	 train_loss:0.028253766242414713 	 test_loss: 0.1373603641986847 	 test_min_loss: 0.08261912316083908 	 difference: 0.10910659795626998
0960 	 train_loss:0.02770349383354187 	 test_loss: 0.12897947430610657 	 test_min_loss: 0.08261912316083908 	 difference: 0.1012759804725647
0980 	 train_loss:0.02590378886088729 	 test_loss: 0.13147859275341034 	 test_min_loss: 0.08261912316083908 	 difference: 0.10557480389252305
1000 	 train_loss:0.0269535300321877 	 test_loss: 0.1252279430627823 	 test_min_loss: 0.08261912316083908 	 difference: 0.09827441303059459
1020 	 train_loss:0.025520930998027325 	 test_loss: 0.13424932956695557 	 test_min_loss: 0.08261912316083908 	 difference: 0.10872839856892824
1040 	 train_loss:0.024360261857509613 	 test_loss: 0.12229402363300323 	 test_min_loss: 0.08261912316083908 	 difference: 0.09793376177549362
1060 	 train_loss:0.023456670809537172 	 test_loss: 0.12372323870658875 	 test_min_loss: 0.08261912316083908 	 difference: 0.10026656789705157
1080 	 train_loss:0.022394650615751743 	 test_loss: 0.1227961927652359 	 test_min_loss: 0.08261912316083908 	 difference: 0.10040154214948416
1100 	 train_loss:0.021185943856835365 	 test_loss: 0.12227524816989899 	 test_min_loss: 0.08261912316083908 	 difference: 0.10108930431306362
1120 	 train_loss:0.020084026735275984 	 test_loss: 0.1134808287024498 	 test_min_loss: 0.08261912316083908 	 difference: 0.09339680196717381
1140 	 train_loss:0.0219081724062562 	 test_loss: 0.0930338054895401 	 test_min_loss: 0.08261912316083908 	 difference: 0.0711256330832839
1160 	 train_loss:0.018335631117224693 	 test_loss: 0.08771325647830963 	 test_min_loss: 0.08261912316083908 	 difference: 0.06937762536108494
1180 	 train_loss:0.017201144248247147 	 test_loss: 0.08532647043466568 	 test_min_loss: 0.08261912316083908 	 difference: 0.06812532618641853
1200 	 train_loss:0.01469285856001079 	 test_loss: 0.08021868765354156 	 test_min_loss: 0.08021868765354156 	 difference: 0.06552582909353077
1220 	 train_loss:0.012983402935788035 	 test_loss: 0.08131847530603409 	 test_min_loss: 0.08021868765354156 	 difference: 0.06833507237024605
1240 	 train_loss:0.011092385044321418 	 test_loss: 0.08196678012609482 	 test_min_loss: 0.08021868765354156 	 difference: 0.0708743950817734
1260 	 train_loss:0.0094188975635916 	 test_loss: 0.08037716895341873 	 test_min_loss: 0.08021868765354156 	 difference: 0.07095827138982713
1280 	 train_loss:0.009039559634402394 	 test_loss: 0.07800043374300003 	 test_min_loss: 0.07800043374300003 	 difference: 0.06896087410859764
1300 	 train_loss:0.006827194942161441 	 test_loss: 0.08703461289405823 	 test_min_loss: 0.07800043374300003 	 difference: 0.08020741795189679
1320 	 train_loss:0.007081698742695153 	 test_loss: 0.0856291875243187 	 test_min_loss: 0.07800043374300003 	 difference: 0.07854748878162354
1340 	 train_loss:0.004995323251932859 	 test_loss: 0.09402643144130707 	 test_min_loss: 0.07800043374300003 	 difference: 0.08903110818937421
1360 	 train_loss:0.004068918875418603 	 test_loss: 0.1000531017780304 	 test_min_loss: 0.07800043374300003 	 difference: 0.09598418290261179
1380 	 train_loss:0.004403879283927381 	 test_loss: 0.09255795180797577 	 test_min_loss: 0.07800043374300003 	 difference: 0.08815407252404839
1400 	 train_loss:0.0032687794300727546 	 test_loss: 0.0997282862663269 	 test_min_loss: 0.07800043374300003 	 difference: 0.09645950683625415
1420 	 train_loss:0.002584957459475845 	 test_loss: 0.10630497336387634 	 test_min_loss: 0.07800043374300003 	 difference: 0.1037200159044005
1440 	 train_loss:0.0019946800312027335 	 test_loss: 0.11188614368438721 	 test_min_loss: 0.07800043374300003 	 difference: 0.10989146365318447
1460 	 train_loss:0.0014938606473151594 	 test_loss: 0.11716300994157791 	 test_min_loss: 0.07800043374300003 	 difference: 0.11566914929426275
1480 	 train_loss:0.0011462017428129911 	 test_loss: 0.11992197483778 	 test_min_loss: 0.07800043374300003 	 difference: 0.11877577309496701
1500 	 train_loss:0.005419769207946956 	 test_loss: 0.08215811103582382 	 test_min_loss: 0.07800043374300003 	 difference: 0.07673834182787687
1520 	 train_loss:0.00482713826932013 	 test_loss: 0.08291713148355484 	 test_min_loss: 0.07800043374300003 	 difference: 0.07808999321423471
1540 	 train_loss:0.0015171024133451283 	 test_loss: 0.09375427663326263 	 test_min_loss: 0.07800043374300003 	 difference: 0.0922371742199175
1560 	 train_loss:0.0010615292412694544 	 test_loss: 0.09908217936754227 	 test_min_loss: 0.07800043374300003 	 difference: 0.09802065012627281
1580 	 train_loss:0.000829436132335104 	 test_loss: 0.10281664878129959 	 test_min_loss: 0.07800043374300003 	 difference: 0.10198721264896449
1600 	 train_loss:0.0007066971447784454 	 test_loss: 0.10618835687637329 	 test_min_loss: 0.07800043374300003 	 difference: 0.10548165973159485
1620 	 train_loss:0.0006236280169105157 	 test_loss: 0.10901491343975067 	 test_min_loss: 0.07800043374300003 	 difference: 0.10839128542284016
1640 	 train_loss:0.0005514716467587277 	 test_loss: 0.11138823628425598 	 test_min_loss: 0.07800043374300003 	 difference: 0.11083676463749725
1660 	 train_loss:0.00035434842720860615 	 test_loss: 0.11274395883083344 	 test_min_loss: 0.07800043374300003 	 difference: 0.11238961040362483
1680 	 train_loss:0.00022772009833715856 	 test_loss: 0.11604847759008408 	 test_min_loss: 0.07800043374300003 	 difference: 0.11582075749174692
1700 	 train_loss:0.0001848445608629845 	 test_loss: 0.11870616674423218 	 test_min_loss: 0.07800043374300003 	 difference: 0.1185213221833692
1720 	 train_loss:0.00015562778207822703 	 test_loss: 0.12101360410451889 	 test_min_loss: 0.07800043374300003 	 difference: 0.12085797632244066
1740 	 train_loss:0.00013402162949205376 	 test_loss: 0.12305012345314026 	 test_min_loss: 0.07800043374300003 	 difference: 0.1229161018236482
1760 	 train_loss:0.00011721371447492857 	 test_loss: 0.12488625198602676 	 test_min_loss: 0.07800043374300003 	 difference: 0.12476903827155184
1780 	 train_loss:0.00010355622544011567 	 test_loss: 0.12657110393047333 	 test_min_loss: 0.07800043374300003 	 difference: 0.1264675477050332
1800 	 train_loss:9.238153143087402e-05 	 test_loss: 0.12813839316368103 	 test_min_loss: 0.07800043374300003 	 difference: 0.12804601163225016
1820 	 train_loss:8.319693006342277e-05 	 test_loss: 0.12976381182670593 	 test_min_loss: 0.07800043374300003 	 difference: 0.1296806148966425
1840 	 train_loss:7.509645547543187e-05 	 test_loss: 0.13105852901935577 	 test_min_loss: 0.07800043374300003 	 difference: 0.13098343256388034
1860 	 train_loss:6.824791853432544e-05 	 test_loss: 0.13237743079662323 	 test_min_loss: 0.07800043374300003 	 difference: 0.1323091828780889
1880 	 train_loss:0.07977669546380639 	 test_loss: 0.15594729781150818 	 test_min_loss: 0.07800043374300003 	 difference: 0.07617060234770179
1900 	 train_loss:0.05563632119446993 	 test_loss: 0.15779989957809448 	 test_min_loss: 0.07800043374300003 	 difference: 0.10216357838362455
1920 	 train_loss:0.04731112811714411 	 test_loss: 0.14291530847549438 	 test_min_loss: 0.07800043374300003 	 difference: 0.09560418035835028
1940 	 train_loss:0.0431386586278677 	 test_loss: 0.12937550246715546 	 test_min_loss: 0.07800043374300003 	 difference: 0.08623684383928776
1960 	 train_loss:0.0383575651794672 	 test_loss: 0.1337355226278305 	 test_min_loss: 0.07800043374300003 	 difference: 0.0953779574483633
1980 	 train_loss:0.034898615442216396 	 test_loss: 0.13016152381896973 	 test_min_loss: 0.07800043374300003 	 difference: 0.09526290837675333
2000 	 train_loss:0.033116597682237625 	 test_loss: 0.1221555843949318 	 test_min_loss: 0.07800043374300003 	 difference: 0.08903898671269417
2020 	 train_loss:0.03147043939679861 	 test_loss: 0.09965264797210693 	 test_min_loss: 0.07800043374300003 	 difference: 0.06818220857530832
2040 	 train_loss:0.030126086436212063 	 test_loss: 0.0716572254896164 	 test_min_loss: 0.0716572254896164 	 difference: 0.04153113905340433
2060 	 train_loss:0.033386866096407175 	 test_loss: 0.04497113451361656 	 test_min_loss: 0.04497113451361656 	 difference: 0.011584268417209387
2080 	 train_loss:0.026410300750285387 	 test_loss: 0.04306107759475708 	 test_min_loss: 0.04306107759475708 	 difference: 0.016650776844471693
2100 	 train_loss:0.02541225589811802 	 test_loss: 0.044229719787836075 	 test_min_loss: 0.04306107759475708 	 difference: 0.018817463889718056
2120 	 train_loss:0.022491601295769215 	 test_loss: 0.04373117908835411 	 test_min_loss: 0.04306107759475708 	 difference: 0.021239577792584896
2140 	 train_loss:0.020661789923906326 	 test_loss: 0.043740130960941315 	 test_min_loss: 0.04306107759475708 	 difference: 0.02307834103703499
2160 	 train_loss:0.021481298375874758 	 test_loss: 0.04494771733880043 	 test_min_loss: 0.04306107759475708 	 difference: 0.023466418962925673
2180 	 train_loss:0.017228396143764257 	 test_loss: 0.0482584685087204 	 test_min_loss: 0.04306107759475708 	 difference: 0.03103007236495614
2200 	 train_loss:0.016989439260214567 	 test_loss: 0.049283891916275024 	 test_min_loss: 0.04306107759475708 	 difference: 0.03229445265606046
2220 	 train_loss:0.013909148285165429 	 test_loss: 0.0549628883600235 	 test_min_loss: 0.04306107759475708 	 difference: 0.04105374007485807
2240 	 train_loss:0.01150996214710176 	 test_loss: 0.0577542670071125 	 test_min_loss: 0.04306107759475708 	 difference: 0.04624430486001074
2260 	 train_loss:0.010251742787659168 	 test_loss: 0.06088981032371521 	 test_min_loss: 0.04306107759475708 	 difference: 0.05063806753605604
2280 	 train_loss:0.009039710741490126 	 test_loss: 0.06461519002914429 	 test_min_loss: 0.04306107759475708 	 difference: 0.05557547928765416
2300 	 train_loss:0.008248229511082172 	 test_loss: 0.06658060103654861 	 test_min_loss: 0.04306107759475708 	 difference: 0.05833237152546644
2320 	 train_loss:0.007396429078653455 	 test_loss: 0.06890805065631866 	 test_min_loss: 0.04306107759475708 	 difference: 0.06151162157766521
2340 	 train_loss:0.012607871787622571 	 test_loss: 0.07109133899211884 	 test_min_loss: 0.04306107759475708 	 difference: 0.058483467204496264
2360 	 train_loss:0.005013897200115025 	 test_loss: 0.07466219365596771 	 test_min_loss: 0.04306107759475708 	 difference: 0.06964829645585269
2380 	 train_loss:0.004764378420077264 	 test_loss: 0.0758877694606781 	 test_min_loss: 0.04306107759475708 	 difference: 0.07112339104060084
2400 	 train_loss:0.003579260141123086 	 test_loss: 0.08082126080989838 	 test_min_loss: 0.04306107759475708 	 difference: 0.07724200066877529
2420 	 train_loss:0.0032897136989049613 	 test_loss: 0.08177529275417328 	 test_min_loss: 0.04306107759475708 	 difference: 0.07848557905526832
2440 	 train_loss:0.0025430190144106746 	 test_loss: 0.08611463755369186 	 test_min_loss: 0.04306107759475708 	 difference: 0.08357161853928119
2460 	 train_loss:0.0020465748966671526 	 test_loss: 0.08984673768281937 	 test_min_loss: 0.04306107759475708 	 difference: 0.08780016278615221
2480 	 train_loss:0.0036903097643516958 	 test_loss: 0.08350694179534912 	 test_min_loss: 0.04306107759475708 	 difference: 0.07981663203099743
2500 	 train_loss:0.0016022147901821882 	 test_loss: 0.09013482928276062 	 test_min_loss: 0.04306107759475708 	 difference: 0.08853261449257843
2520 	 train_loss:0.0012794318026863039 	 test_loss: 0.0931907668709755 	 test_min_loss: 0.04306107759475708 	 difference: 0.09191133506828919
2540 	 train_loss:0.0010761578741949052 	 test_loss: 0.09576129168272018 	 test_min_loss: 0.04306107759475708 	 difference: 0.09468513380852528
2560 	 train_loss:0.0009269158326787874 	 test_loss: 0.09806632250547409 	 test_min_loss: 0.04306107759475708 	 difference: 0.0971394066727953
2580 	 train_loss:0.0008089471666608006 	 test_loss: 0.1001565083861351 	 test_min_loss: 0.04306107759475708 	 difference: 0.0993475612194743
2600 	 train_loss:0.000698006508173421 	 test_loss: 0.10214976221323013 	 test_min_loss: 0.04306107759475708 	 difference: 0.10145175570505671
2620 	 train_loss:0.0005444932030513883 	 test_loss: 0.1042909026145935 	 test_min_loss: 0.04306107759475708 	 difference: 0.10374640941154212
2640 	 train_loss:0.00044061459630029276 	 test_loss: 0.10626506060361862 	 test_min_loss: 0.04306107759475708 	 difference: 0.10582444600731833
2660 	 train_loss:0.00037455413985298946 	 test_loss: 0.1080578863620758 	 test_min_loss: 0.04306107759475708 	 difference: 0.10768333222222282
2680 	 train_loss:0.0003251717207604088 	 test_loss: 0.1097288653254509 	 test_min_loss: 0.04306107759475708 	 difference: 0.10940369360469049
2700 	 train_loss:0.0002861071188817732 	 test_loss: 0.11128734052181244 	 test_min_loss: 0.04306107759475708 	 difference: 0.11100123340293067
2720 	 train_loss:0.0002542421279940754 	 test_loss: 0.1127515584230423 	 test_min_loss: 0.04306107759475708 	 difference: 0.11249731629504822
2740 	 train_loss:0.00022768885901314206 	 test_loss: 0.11414069682359695 	 test_min_loss: 0.04306107759475708 	 difference: 0.11391300796458381
2760 	 train_loss:0.00020519896497717127 	 test_loss: 0.11546310037374496 	 test_min_loss: 0.04306107759475708 	 difference: 0.1152579014087678
2780 	 train_loss:0.00018590315448818728 	 test_loss: 0.11672314256429672 	 test_min_loss: 0.04306107759475708 	 difference: 0.11653723940980854
2800 	 train_loss:0.00016917651737458073 	 test_loss: 0.11792919784784317 	 test_min_loss: 0.04306107759475708 	 difference: 0.11776002133046859
2820 	 train_loss:0.00015455503307748586 	 test_loss: 0.11908868700265884 	 test_min_loss: 0.04306107759475708 	 difference: 0.11893413196958136
2840 	 train_loss:0.00014168303459882736 	 test_loss: 0.12020450830459595 	 test_min_loss: 0.04306107759475708 	 difference: 0.12006282526999712
2860 	 train_loss:0.00013028135799686424 	 test_loss: 0.12128069251775742 	 test_min_loss: 0.04306107759475708 	 difference: 0.12115041115976055
2880 	 train_loss:0.00012012627121293917 	 test_loss: 0.12232812494039536 	 test_min_loss: 0.04306107759475708 	 difference: 0.12220799866918242
2900 	 train_loss:0.00011103745055152103 	 test_loss: 0.12334706634283066 	 test_min_loss: 0.04306107759475708 	 difference: 0.12323602889227914
2920 	 train_loss:0.00010286553515470587 	 test_loss: 0.12433776259422302 	 test_min_loss: 0.04306107759475708 	 difference: 0.12423489705906832
2940 	 train_loss:9.548796879244037e-05 	 test_loss: 0.12530305981636047 	 test_min_loss: 0.04306107759475708 	 difference: 0.12520757184756803
2960 	 train_loss:8.880401583155617e-05 	 test_loss: 0.1262454241514206 	 test_min_loss: 0.04306107759475708 	 difference: 0.12615662013558904
2980 	 train_loss:8.300543595396448e-05 	 test_loss: 0.12713682651519775 	 test_min_loss: 0.04306107759475708 	 difference: 0.1270538210792438
3000 	 train_loss:0.026879613753408194 	 test_loss: 0.05139211192727089 	 test_min_loss: 0.04306107759475708 	 difference: 0.024512498173862696
3020 	 train_loss:0.019921921659260988 	 test_loss: 0.05526922270655632 	 test_min_loss: 0.04306107759475708 	 difference: 0.03534730104729533
3040 	 train_loss:0.016235345974564552 	 test_loss: 0.06186927109956741 	 test_min_loss: 0.04306107759475708 	 difference: 0.04563392512500286
3060 	 train_loss:0.016127404058352113 	 test_loss: 0.06746181100606918 	 test_min_loss: 0.04306107759475708 	 difference: 0.05133440694771707
3080 	 train_loss:0.013913669623434544 	 test_loss: 0.0682075098156929 	 test_min_loss: 0.04306107759475708 	 difference: 0.05429384019225836
3100 	 train_loss:0.009665277553722262 	 test_loss: 0.07604886591434479 	 test_min_loss: 0.04306107759475708 	 difference: 0.06638358836062253
3120 	 train_loss:0.008348016301169991 	 test_loss: 0.07752460241317749 	 test_min_loss: 0.04306107759475708 	 difference: 0.0691765861120075
3140 	 train_loss:0.007186575792729855 	 test_loss: 0.08095034956932068 	 test_min_loss: 0.04306107759475708 	 difference: 0.07376377377659082
3160 	 train_loss:0.010891800979152322 	 test_loss: 0.08284071087837219 	 test_min_loss: 0.04306107759475708 	 difference: 0.07194890989921987
3180 	 train_loss:0.004056145087815821 	 test_loss: 0.09506381303071976 	 test_min_loss: 0.04306107759475708 	 difference: 0.09100766794290394
3200 	 train_loss:0.0034155367175117135 	 test_loss: 0.0962020605802536 	 test_min_loss: 0.04306107759475708 	 difference: 0.09278652386274189
3220 	 train_loss:0.0024363622651435435 	 test_loss: 0.10224798321723938 	 test_min_loss: 0.04306107759475708 	 difference: 0.09981162095209584
3240 	 train_loss:0.0021151596447452903 	 test_loss: 0.1031668484210968 	 test_min_loss: 0.04306107759475708 	 difference: 0.10105168877635151
3260 	 train_loss:0.004889070987701416 	 test_loss: 0.09411504864692688 	 test_min_loss: 0.04306107759475708 	 difference: 0.08922597765922546
3280 	 train_loss:0.0013717881520278752 	 test_loss: 0.10583580285310745 	 test_min_loss: 0.04306107759475708 	 difference: 0.10446401470107958
3300 	 train_loss:0.0009668351121945307 	 test_loss: 0.11044509708881378 	 test_min_loss: 0.04306107759475708 	 difference: 0.10947826197661925
3320 	 train_loss:0.000719751522410661 	 test_loss: 0.11434295773506165 	 test_min_loss: 0.04306107759475708 	 difference: 0.11362320621265098
3340 	 train_loss:0.0005544530140468851 	 test_loss: 0.11764844506978989 	 test_min_loss: 0.04306107759475708 	 difference: 0.117093992055743
3360 	 train_loss:0.00044357217848300934 	 test_loss: 0.12052415311336517 	 test_min_loss: 0.04306107759475708 	 difference: 0.12008058093488216
3380 	 train_loss:0.00036453003849601373 	 test_loss: 0.12323647737503052 	 test_min_loss: 0.04306107759475708 	 difference: 0.1228719473365345
3400 	 train_loss:0.00030468123441096395 	 test_loss: 0.12587353587150574 	 test_min_loss: 0.04306107759475708 	 difference: 0.12556885463709477
3420 	 train_loss:0.00025753451336640865 	 test_loss: 0.12845949828624725 	 test_min_loss: 0.04306107759475708 	 difference: 0.12820196377288084
3440 	 train_loss:0.00021945915432297625 	 test_loss: 0.1309714913368225 	 test_min_loss: 0.04306107759475708 	 difference: 0.13075203218249953
3460 	 train_loss:0.00018843149882741272 	 test_loss: 0.13324971497058868 	 test_min_loss: 0.04306107759475708 	 difference: 0.13306128347176127
3480 	 train_loss:0.00016340815272997133 	 test_loss: 0.13524222373962402 	 test_min_loss: 0.04306107759475708 	 difference: 0.13507881558689405
3500 	 train_loss:0.00014337584070744924 	 test_loss: 0.1370317041873932 	 test_min_loss: 0.04306107759475708 	 difference: 0.13688832834668574
3520 	 train_loss:0.00012720377708319575 	 test_loss: 0.13864177465438843 	 test_min_loss: 0.04306107759475708 	 difference: 0.13851457087730523
3540 	 train_loss:0.00011391575935704168 	 test_loss: 0.1400967836380005 	 test_min_loss: 0.04306107759475708 	 difference: 0.13998286787864345
3560 	 train_loss:0.00010278916124661919 	 test_loss: 0.14143043756484985 	 test_min_loss: 0.04306107759475708 	 difference: 0.14132764840360323
3580 	 train_loss:9.331765977549367e-05 	 test_loss: 0.14267224073410034 	 test_min_loss: 0.04306107759475708 	 difference: 0.14257892307432485
3600 	 train_loss:8.514843284501694e-05 	 test_loss: 0.14385083317756653 	 test_min_loss: 0.04306107759475708 	 difference: 0.1437656847447215
3620 	 train_loss:7.803143671480939e-05 	 test_loss: 0.1449931412935257 	 test_min_loss: 0.04306107759475708 	 difference: 0.1449151098568109
3640 	 train_loss:7.17877883289475e-05 	 test_loss: 0.14610512554645538 	 test_min_loss: 0.04306107759475708 	 difference: 0.14603333775812644
3660 	 train_loss:6.627675247727893e-05 	 test_loss: 0.1471865475177765 	 test_min_loss: 0.04306107759475708 	 difference: 0.1471202707652992
3680 	 train_loss:6.138600474514533e-05 	 test_loss: 0.14823876321315765 	 test_min_loss: 0.04306107759475708 	 difference: 0.1481773772084125
3700 	 train_loss:5.702140970242908e-05 	 test_loss: 0.14925996959209442 	 test_min_loss: 0.04306107759475708 	 difference: 0.149202948182392
3720 	 train_loss:5.310607957653701e-05 	 test_loss: 0.15024754405021667 	 test_min_loss: 0.04306107759475708 	 difference: 0.15019443797064014
3740 	 train_loss:4.957691635354422e-05 	 test_loss: 0.15120075643062592 	 test_min_loss: 0.04306107759475708 	 difference: 0.15115117951427237
3760 	 train_loss:4.638080918084597e-05 	 test_loss: 0.1521206498146057 	 test_min_loss: 0.04306107759475708 	 difference: 0.15207426900542487
3780 	 train_loss:4.347312278696336e-05 	 test_loss: 0.15300874412059784 	 test_min_loss: 0.04306107759475708 	 difference: 0.15296527099781088
3800 	 train_loss:4.081714268977521e-05 	 test_loss: 0.1538727730512619 	 test_min_loss: 0.04306107759475708 	 difference: 0.15383195590857213
3820 	 train_loss:3.838143311440945e-05 	 test_loss: 0.15472427010536194 	 test_min_loss: 0.04306107759475708 	 difference: 0.15468588867224753
3840 	 train_loss:3.61425163646345e-05 	 test_loss: 0.1555606573820114 	 test_min_loss: 0.04306107759475708 	 difference: 0.15552451486564678
3860 	 train_loss:3.4078850148944184e-05 	 test_loss: 0.15638089179992676 	 test_min_loss: 0.04306107759475708 	 difference: 0.1563468129497778
3880 	 train_loss:3.217190624127397e-05 	 test_loss: 0.15718574821949005 	 test_min_loss: 0.04306107759475708 	 difference: 0.15715357631324878
3900 	 train_loss:3.0405410143430345e-05 	 test_loss: 0.15797537565231323 	 test_min_loss: 0.04306107759475708 	 difference: 0.1579449702421698
3920 	 train_loss:2.8764774469891563e-05 	 test_loss: 0.15874871611595154 	 test_min_loss: 0.04306107759475708 	 difference: 0.15871995134148165
3940 	 train_loss:2.7237727408646606e-05 	 test_loss: 0.15950500965118408 	 test_min_loss: 0.04306107759475708 	 difference: 0.15947777192377544
3960 	 train_loss:2.581380158517277e-05 	 test_loss: 0.1602453589439392 	 test_min_loss: 0.04306107759475708 	 difference: 0.16021954514235404
3980 	 train_loss:2.448309123792569e-05 	 test_loss: 0.1609712392091751 	 test_min_loss: 0.04306107759475708 	 difference: 0.16094675611793718
4000 	 train_loss:2.3237264031195082e-05 	 test_loss: 0.16168424487113953 	 test_min_loss: 0.04306107759475708 	 difference: 0.16166100760710833
4020 	 train_loss:2.2069001715863124e-05 	 test_loss: 0.16238611936569214 	 test_min_loss: 0.04306107759475708 	 difference: 0.16236405036397628
4040 	 train_loss:2.097185324601014e-05 	 test_loss: 0.16307923197746277 	 test_min_loss: 0.04306107759475708 	 difference: 0.16305826012421676
4060 	 train_loss:1.9939918729505735e-05 	 test_loss: 0.16376656293869019 	 test_min_loss: 0.04306107759475708 	 difference: 0.16374662301996068
4080 	 train_loss:1.8968084987136535e-05 	 test_loss: 0.16445009410381317 	 test_min_loss: 0.04306107759475708 	 difference: 0.16443112601882603
4100 	 train_loss:1.8051642200589413e-05 	 test_loss: 0.1651298999786377 	 test_min_loss: 0.04306107759475708 	 difference: 0.1651118483364371
4120 	 train_loss:1.7186545392178232e-05 	 test_loss: 0.1658058911561966 	 test_min_loss: 0.04306107759475708 	 difference: 0.16578870461080442
4140 	 train_loss:1.6368960132240318e-05 	 test_loss: 0.16647933423519135 	 test_min_loss: 0.04306107759475708 	 difference: 0.1664629652750591
4160 	 train_loss:1.559562360853306e-05 	 test_loss: 0.16715450584888458 	 test_min_loss: 0.04306107759475708 	 difference: 0.16713891022527605
4180 	 train_loss:1.4863492651784327e-05 	 test_loss: 0.1678316295146942 	 test_min_loss: 0.04306107759475708 	 difference: 0.16781676602204243
4200 	 train_loss:1.4169810356179369e-05 	 test_loss: 0.16850745677947998 	 test_min_loss: 0.04306107759475708 	 difference: 0.1684932869691238
4220 	 train_loss:1.3511746828953619e-05 	 test_loss: 0.16918012499809265 	 test_min_loss: 0.04306107759475708 	 difference: 0.1691666132512637
4240 	 train_loss:1.2887197954114527e-05 	 test_loss: 0.16984905302524567 	 test_min_loss: 0.04306107759475708 	 difference: 0.16983616582729155
4260 	 train_loss:1.229382655765221e-05 	 test_loss: 0.17051458358764648 	 test_min_loss: 0.04306107759475708 	 difference: 0.17050228976108883
4280 	 train_loss:1.1729550124073285e-05 	 test_loss: 0.17117717862129211 	 test_min_loss: 0.04306107759475708 	 difference: 0.17116544907116804
4300 	 train_loss:1.1191638122909353e-05 	 test_loss: 0.17183758318424225 	 test_min_loss: 0.04306107759475708 	 difference: 0.17182639154611934
4320 	 train_loss:1.0678750641091028e-05 	 test_loss: 0.17249548435211182 	 test_min_loss: 0.04306107759475708 	 difference: 0.17248480560147073
4340 	 train_loss:1.0189568229179713e-05 	 test_loss: 0.17315123975276947 	 test_min_loss: 0.04306107759475708 	 difference: 0.1731410501845403
4360 	 train_loss:9.724048140924424e-06 	 test_loss: 0.1738053411245346 	 test_min_loss: 0.04306107759475708 	 difference: 0.17379561707639368
4380 	 train_loss:9.28146096157434e-06 	 test_loss: 0.1744578629732132 	 test_min_loss: 0.04306107759475708 	 difference: 0.17444858151225162
4400 	 train_loss:8.860541129251942e-06 	 test_loss: 0.17510919272899628 	 test_min_loss: 0.04306107759475708 	 difference: 0.17510033218786702
4420 	 train_loss:8.46062812343007e-06 	 test_loss: 0.1757592409849167 	 test_min_loss: 0.04306107759475708 	 difference: 0.17575078035679326
4440 	 train_loss:8.079842473307508e-06 	 test_loss: 0.176408588886261 	 test_min_loss: 0.04306107759475708 	 difference: 0.17640050904378768
4460 	 train_loss:7.717660309936036e-06 	 test_loss: 0.17705857753753662 	 test_min_loss: 0.04306107759475708 	 difference: 0.17705085987722669
4480 	 train_loss:7.372692152785021e-06 	 test_loss: 0.17771142721176147 	 test_min_loss: 0.04306107759475708 	 difference: 0.1777040545196087
4500 	 train_loss:7.044414815027267e-06 	 test_loss: 0.17836743593215942 	 test_min_loss: 0.04306107759475708 	 difference: 0.1783603915173444
4520 	 train_loss:6.731612188559666e-06 	 test_loss: 0.1790245771408081 	 test_min_loss: 0.04306107759475708 	 difference: 0.17901784552861955
4540 	 train_loss:6.433797125282581e-06 	 test_loss: 0.179681658744812 	 test_min_loss: 0.04306107759475708 	 difference: 0.17967522494768673
4560 	 train_loss:6.149565251689637e-06 	 test_loss: 0.180338516831398 	 test_min_loss: 0.04306107759475708 	 difference: 0.18033236726614632
4580 	 train_loss:5.878430329175899e-06 	 test_loss: 0.1809944212436676 	 test_min_loss: 0.04306107759475708 	 difference: 0.18098854281333843
4600 	 train_loss:5.620102342618338e-06 	 test_loss: 0.18164987862110138 	 test_min_loss: 0.04306107759475708 	 difference: 0.18164425851875876
4620 	 train_loss:5.373652129492257e-06 	 test_loss: 0.18230469524860382 	 test_min_loss: 0.04306107759475708 	 difference: 0.18229932159647433
4640 	 train_loss:5.138594247000583e-06 	 test_loss: 0.18295849859714508 	 test_min_loss: 0.04306107759475708 	 difference: 0.18295336000289808
4660 	 train_loss:4.913965653940977e-06 	 test_loss: 0.1836114525794983 	 test_min_loss: 0.04306107759475708 	 difference: 0.18360653861384435
4680 	 train_loss:4.699706892097311e-06 	 test_loss: 0.18426308035850525 	 test_min_loss: 0.04306107759475708 	 difference: 0.18425838065161315
4700 	 train_loss:4.494976110436255e-06 	 test_loss: 0.1849135458469391 	 test_min_loss: 0.04306107759475708 	 difference: 0.18490905087082865
4720 	 train_loss:4.2996422280339175e-06 	 test_loss: 0.1855626255273819 	 test_min_loss: 0.04306107759475708 	 difference: 0.18555832588515386
4740 	 train_loss:4.112861120120215e-06 	 test_loss: 0.18621115386486053 	 test_min_loss: 0.04306107759475708 	 difference: 0.18620704100374041
4760 	 train_loss:3.934476239919604e-06 	 test_loss: 0.18686053156852722 	 test_min_loss: 0.04306107759475708 	 difference: 0.1868565970922873
4780 	 train_loss:3.764001178296894e-06 	 test_loss: 0.18751201033592224 	 test_min_loss: 0.04306107759475708 	 difference: 0.18750824633474394
4800 	 train_loss:3.6012646660310565e-06 	 test_loss: 0.18816713988780975 	 test_min_loss: 0.04306107759475708 	 difference: 0.18816353862314372
4820 	 train_loss:3.4456052731002274e-06 	 test_loss: 0.1888265311717987 	 test_min_loss: 0.04306107759475708 	 difference: 0.1888230855665256
4840 	 train_loss:3.2969062431220664e-06 	 test_loss: 0.189488485455513 	 test_min_loss: 0.04306107759475708 	 difference: 0.18948518854926988
4860 	 train_loss:3.1548118499813427e-06 	 test_loss: 0.19015055894851685 	 test_min_loss: 0.04306107759475708 	 difference: 0.19014740413666686
4880 	 train_loss:3.019051916908211e-06 	 test_loss: 0.19081205129623413 	 test_min_loss: 0.04306107759475708 	 difference: 0.19080903224431722
4900 	 train_loss:2.889052950649784e-06 	 test_loss: 0.19147151708602905 	 test_min_loss: 0.04306107759475708 	 difference: 0.1914686280330784
4920 	 train_loss:2.7649398930407187e-06 	 test_loss: 0.19212880730628967 	 test_min_loss: 0.04306107759475708 	 difference: 0.19212604236639663
4940 	 train_loss:2.646298014497006e-06 	 test_loss: 0.19278502464294434 	 test_min_loss: 0.04306107759475708 	 difference: 0.19278237834492984
4960 	 train_loss:2.532771304686321e-06 	 test_loss: 0.1934424340724945 	 test_min_loss: 0.04306107759475708 	 difference: 0.19343990130118982
4980 	 train_loss:2.4241052187790046e-06 	 test_loss: 0.19410060346126556 	 test_min_loss: 0.04306107759475708 	 difference: 0.19409817935604678
5000 	 train_loss:2.3201861836241733e-06 	 test_loss: 0.1947581022977829 	 test_min_loss: 0.04306107759475708 	 difference: 0.19475578211159927
5020 	 train_loss:2.220753231085837e-06 	 test_loss: 0.19541522860527039 	 test_min_loss: 0.04306107759475708 	 difference: 0.1954130078520393
5040 	 train_loss:2.1255568185551965e-06 	 test_loss: 0.19607412815093994 	 test_min_loss: 0.04306107759475708 	 difference: 0.1960720025941214
5060 	 train_loss:2.0345603957139247e-06 	 test_loss: 0.19673720002174377 	 test_min_loss: 0.04306107759475708 	 difference: 0.19673516546134806
5080 	 train_loss:1.9474940131658514e-06 	 test_loss: 0.1974022537469864 	 test_min_loss: 0.04306107759475708 	 difference: 0.19740030625297322
5100 	 train_loss:1.8641478050085425e-06 	 test_loss: 0.19806621968746185 	 test_min_loss: 0.04306107759475708 	 difference: 0.19806435553965684
5120 	 train_loss:1.7843896671365655e-06 	 test_loss: 0.19872891902923584 	 test_min_loss: 0.04306107759475708 	 difference: 0.1987271346395687
5140 	 train_loss:1.7079395604469028e-06 	 test_loss: 0.19939008355140686 	 test_min_loss: 0.04306107759475708 	 difference: 0.1993883756118464
5160 	 train_loss:1.6349670204363065e-06 	 test_loss: 0.20004978775978088 	 test_min_loss: 0.04306107759475708 	 difference: 0.20004815279276045
5180 	 train_loss:1.5648484179564548e-06 	 test_loss: 0.2007083147764206 	 test_min_loss: 0.04306107759475708 	 difference: 0.20070674992800264
5200 	 train_loss:1.4977653393088985e-06 	 test_loss: 0.20136629045009613 	 test_min_loss: 0.04306107759475708 	 difference: 0.20136479268475682
5220 	 train_loss:1.4336986282614816e-06 	 test_loss: 0.202022984623909 	 test_min_loss: 0.04306107759475708 	 difference: 0.20202155092528074
5240 	 train_loss:1.3722507219426916e-06 	 test_loss: 0.20267914235591888 	 test_min_loss: 0.04306107759475708 	 difference: 0.20267777010519694
5260 	 train_loss:1.313473632080786e-06 	 test_loss: 0.20333558320999146 	 test_min_loss: 0.04306107759475708 	 difference: 0.20333426973635937
5280 	 train_loss:1.2570276624046528e-06 	 test_loss: 0.20399409532546997 	 test_min_loss: 0.04306107759475708 	 difference: 0.20399283829780757
5300 	 train_loss:1.2030689617859025e-06 	 test_loss: 0.20465624332427979 	 test_min_loss: 0.04306107759475708 	 difference: 0.204655040255318
5320 	 train_loss:1.151338068439145e-06 	 test_loss: 0.20532278716564178 	 test_min_loss: 0.04306107759475708 	 difference: 0.20532163582757335
5340 	 train_loss:1.1018520353900385e-06 	 test_loss: 0.20599249005317688 	 test_min_loss: 0.04306107759475708 	 difference: 0.2059913882011415
5360 	 train_loss:1.0544146960000944e-06 	 test_loss: 0.20666402578353882 	 test_min_loss: 0.04306107759475708 	 difference: 0.20666297136884282
5380 	 train_loss:1.0091216324781271e-06 	 test_loss: 0.20733574032783508 	 test_min_loss: 0.04306107759475708 	 difference: 0.2073347312062026
5400 	 train_loss:9.655533972363628e-07 	 test_loss: 0.20800703763961792 	 test_min_loss: 0.04306107759475708 	 difference: 0.20800607208622068
5420 	 train_loss:9.238644480547009e-07 	 test_loss: 0.20867770910263062 	 test_min_loss: 0.04306107759475708 	 difference: 0.20867678523818256
5440 	 train_loss:8.839690082140805e-07 	 test_loss: 0.20934736728668213 	 test_min_loss: 0.04306107759475708 	 difference: 0.20934648331767391
5460 	 train_loss:8.457000717498886e-07 	 test_loss: 0.21001635491847992 	 test_min_loss: 0.04306107759475708 	 difference: 0.21001550921840817
5480 	 train_loss:8.090148639894323e-07 	 test_loss: 0.21068497002124786 	 test_min_loss: 0.04306107759475708 	 difference: 0.21068416100638387
5500 	 train_loss:7.739007799045794e-07 	 test_loss: 0.21135365962982178 	 test_min_loss: 0.04306107759475708 	 difference: 0.21135288572904187
5520 	 train_loss:7.402564676795009e-07 	 test_loss: 0.21202726662158966 	 test_min_loss: 0.04306107759475708 	 difference: 0.21202652636512198
5540 	 train_loss:7.079182324787325e-07 	 test_loss: 0.21270833909511566 	 test_min_loss: 0.04306107759475708 	 difference: 0.21270763117688318
5560 	 train_loss:6.768754445829472e-07 	 test_loss: 0.21339155733585358 	 test_min_loss: 0.04306107759475708 	 difference: 0.213390880460409
5580 	 train_loss:6.471401405860888e-07 	 test_loss: 0.214074969291687 	 test_min_loss: 0.04306107759475708 	 difference: 0.21407432215154643
5600 	 train_loss:6.187258776435556e-07 	 test_loss: 0.2147587686777115 	 test_min_loss: 0.04306107759475708 	 difference: 0.21475814995183384
5620 	 train_loss:5.912817329090103e-07 	 test_loss: 0.21544167399406433 	 test_min_loss: 0.04306107759475708 	 difference: 0.21544108271233142
5640 	 train_loss:5.650693140069052e-07 	 test_loss: 0.2161235362291336 	 test_min_loss: 0.04306107759475708 	 difference: 0.2161229711598196
5660 	 train_loss:5.398214142360303e-07 	 test_loss: 0.21680621802806854 	 test_min_loss: 0.04306107759475708 	 difference: 0.2168056782066543
5680 	 train_loss:5.156869207212367e-07 	 test_loss: 0.21748873591423035 	 test_min_loss: 0.04306107759475708 	 difference: 0.21748822022730963
5700 	 train_loss:4.924148555573993e-07 	 test_loss: 0.21817165613174438 	 test_min_loss: 0.04306107759475708 	 difference: 0.21817116371688883
5720 	 train_loss:4.701796498807198e-07 	 test_loss: 0.21885612607002258 	 test_min_loss: 0.04306107759475708 	 difference: 0.2188556558903727
5740 	 train_loss:4.486183939889088e-07 	 test_loss: 0.21954110264778137 	 test_min_loss: 0.04306107759475708 	 difference: 0.21954065402938738
5760 	 train_loss:4.2801103461442835e-07 	 test_loss: 0.22022660076618195 	 test_min_loss: 0.04306107759475708 	 difference: 0.22022617275514733
5780 	 train_loss:4.0822228442038977e-07 	 test_loss: 0.2209116518497467 	 test_min_loss: 0.04306107759475708 	 difference: 0.22091124362746228
5800 	 train_loss:3.892279991646319e-07 	 test_loss: 0.2215961515903473 	 test_min_loss: 0.04306107759475708 	 difference: 0.22159576236234813
5820 	 train_loss:3.7087790616396887e-07 	 test_loss: 0.22227945923805237 	 test_min_loss: 0.04306107759475708 	 difference: 0.2222790883601462
5840 	 train_loss:3.534300319074646e-07 	 test_loss: 0.22296060621738434 	 test_min_loss: 0.04306107759475708 	 difference: 0.22296025278735243
5860 	 train_loss:3.366412641980787e-07 	 test_loss: 0.2236393243074417 	 test_min_loss: 0.04306107759475708 	 difference: 0.2236389876661775
5880 	 train_loss:3.2063562116491084e-07 	 test_loss: 0.22431546449661255 	 test_min_loss: 0.04306107759475708 	 difference: 0.22431514386099138
5900 	 train_loss:3.054088608678285e-07 	 test_loss: 0.2249879390001297 	 test_min_loss: 0.04306107759475708 	 difference: 0.22498763359126883
5920 	 train_loss:2.9081858343715794e-07 	 test_loss: 0.22565406560897827 	 test_min_loss: 0.04306107759475708 	 difference: 0.22565377479039483
5940 	 train_loss:2.7710854055840173e-07 	 test_loss: 0.22631342709064484 	 test_min_loss: 0.04306107759475708 	 difference: 0.22631314998210428
5960 	 train_loss:2.641476015696753e-07 	 test_loss: 0.22696425020694733 	 test_min_loss: 0.04306107759475708 	 difference: 0.22696398605934576
5980 	 train_loss:2.5194784569748663e-07 	 test_loss: 0.227606862783432 	 test_min_loss: 0.04306107759475708 	 difference: 0.2276066108355863
6000 	 train_loss:2.405582222309022e-07 	 test_loss: 0.22823931276798248 	 test_min_loss: 0.04306107759475708 	 difference: 0.22823907220976025
6020 	 train_loss:2.2983477876437064e-07 	 test_loss: 0.22886140644550323 	 test_min_loss: 0.04306107759475708 	 difference: 0.22886117661072447
6040 	 train_loss:2.1959896301382287e-07 	 test_loss: 0.22947366535663605 	 test_min_loss: 0.04306107759475708 	 difference: 0.22947344575767303
6060 	 train_loss:2.1009457285003919e-07 	 test_loss: 0.23007912933826447 	 test_min_loss: 0.04306107759475708 	 difference: 0.23007891924369162
6080 	 train_loss:2.009714741291191e-07 	 test_loss: 0.2306782752275467 	 test_min_loss: 0.04306107759475708 	 difference: 0.23067807425607256
6100 	 train_loss:1.9247918459086577e-07 	 test_loss: 0.23126916587352753 	 test_min_loss: 0.04306107759475708 	 difference: 0.23126897339434294
6120 	 train_loss:1.8441992111206673e-07 	 test_loss: 0.23185664415359497 	 test_min_loss: 0.04306107759475708 	 difference: 0.23185645973367386
6140 	 train_loss:1.766859725194081e-07 	 test_loss: 0.23244041204452515 	 test_min_loss: 0.04306107759475708 	 difference: 0.23244023535855263

Process finished with exit code -1
2080