D:\Anaconda\python.exe D:/home/zeewei/projects/77GRadar/model/rnn/rnn_train.py
0000 	 train_loss:0.27029065787792206 	 test_loss: 0.19178520143032074 	 test_min_loss: 0.19178520143032074 	 difference: -0.07850545644760132 	  com_ac0 	 relative_ac0
0005 	 train_loss:0.18460610779848965 	 test_loss: 0.18493467569351196 	 test_min_loss: 0.18493467569351196 	 difference: 0.0003285678950223081 	  com_ac0 	 relative_ac0
0010 	 train_loss:0.18430544435977936 	 test_loss: 0.18456511199474335 	 test_min_loss: 0.18456511199474335 	 difference: 0.00025966763496398926 	  com_ac0 	 relative_ac0
0015 	 train_loss:0.16858543997461145 	 test_loss: 0.16885821521282196 	 test_min_loss: 0.16885821521282196 	 difference: 0.00027277523821050975 	  com_ac0 	 relative_ac0
0020 	 train_loss:0.15490194477818228 	 test_loss: 0.15548215806484222 	 test_min_loss: 0.15548215806484222 	 difference: 0.0005802132866599419 	  com_ac0 	 relative_ac0
0025 	 train_loss:0.17790827696973627 	 test_loss: 0.16555818915367126 	 test_min_loss: 0.15548215806484222 	 difference: -0.012350087816065003 	  com_ac0 	 relative_ac0
0030 	 train_loss:0.16091171177950772 	 test_loss: 0.16019849479198456 	 test_min_loss: 0.15548215806484222 	 difference: -0.0007132169875231631 	  com_ac0 	 relative_ac0
0035 	 train_loss:0.153602502562783 	 test_loss: 0.15961770713329315 	 test_min_loss: 0.15548215806484222 	 difference: 0.006015204570510163 	  com_ac0 	 relative_ac0
0040 	 train_loss:0.14571817490187558 	 test_loss: 0.15014062821865082 	 test_min_loss: 0.15014062821865082 	 difference: 0.004422453316775238 	  com_ac0 	 relative_ac0
0045 	 train_loss:0.15586003932085904 	 test_loss: 0.15581806004047394 	 test_min_loss: 0.15014062821865082 	 difference: -4.197928038510157e-05 	  com_ac0 	 relative_ac0
0050 	 train_loss:0.1507573967630213 	 test_loss: 0.15060444176197052 	 test_min_loss: 0.15014062821865082 	 difference: -0.00015295500105078075 	  com_ac0 	 relative_ac0
0055 	 train_loss:0.15317382595755838 	 test_loss: 0.15087567269802094 	 test_min_loss: 0.15014062821865082 	 difference: -0.0022981532595374443 	  com_ac0 	 relative_ac0
0060 	 train_loss:0.14961626312949441 	 test_loss: 0.1478244960308075 	 test_min_loss: 0.1478244960308075 	 difference: -0.0017917670986869194 	  com_ac0 	 relative_ac0
0065 	 train_loss:0.17321626300161536 	 test_loss: 0.16435305774211884 	 test_min_loss: 0.1478244960308075 	 difference: -0.00886320525949652 	  com_ac0 	 relative_ac0
0070 	 train_loss:0.14945200898430563 	 test_loss: 0.15076343715190887 	 test_min_loss: 0.1478244960308075 	 difference: 0.0013114281676032402 	  com_ac0 	 relative_ac0
0075 	 train_loss:0.1462410634214228 	 test_loss: 0.14520922303199768 	 test_min_loss: 0.14520922303199768 	 difference: -0.0010318403894251094 	  com_ac0 	 relative_ac0
0080 	 train_loss:0.14823156459765 	 test_loss: 0.14707578718662262 	 test_min_loss: 0.14520922303199768 	 difference: -0.0011557774110273755 	  com_ac0 	 relative_ac0
0085 	 train_loss:0.14912756058302792 	 test_loss: 0.14771245419979095 	 test_min_loss: 0.14520922303199768 	 difference: -0.0014151063832369692 	  com_ac0 	 relative_ac0
0090 	 train_loss:0.1448526314713738 	 test_loss: 0.14466436207294464 	 test_min_loss: 0.14466436207294464 	 difference: -0.00018826939842916945 	  com_ac0 	 relative_ac0
0095 	 train_loss:0.1459490873596885 	 test_loss: 0.14707940816879272 	 test_min_loss: 0.14466436207294464 	 difference: 0.0011303208091042183 	  com_ac0 	 relative_ac0
0100 	 train_loss:0.1666030450300737 	 test_loss: 0.1595171093940735 	 test_min_loss: 0.14466436207294464 	 difference: -0.007085935636000212 	  com_ac0 	 relative_ac0
0105 	 train_loss:0.1537510034712878 	 test_loss: 0.15114237368106842 	 test_min_loss: 0.14466436207294464 	 difference: -0.002608629790219391 	  com_ac0 	 relative_ac0
0110 	 train_loss:0.1535781269723719 	 test_loss: 0.15074734389781952 	 test_min_loss: 0.14466436207294464 	 difference: -0.0028307830745523677 	  com_ac0 	 relative_ac0
0115 	 train_loss:0.14984256841919638 	 test_loss: 0.1465955227613449 	 test_min_loss: 0.14466436207294464 	 difference: -0.0032470456578514717 	  com_ac0 	 relative_ac0
0120 	 train_loss:0.14655187319625507 	 test_loss: 0.14531628787517548 	 test_min_loss: 0.14466436207294464 	 difference: -0.0012355853210795908 	  com_ac0 	 relative_ac0
0125 	 train_loss:0.14207898351279172 	 test_loss: 0.1480766236782074 	 test_min_loss: 0.14466436207294464 	 difference: 0.00599764016541568 	  com_ac0 	 relative_ac0
0130 	 train_loss:0.18558245490897785 	 test_loss: 0.1840979903936386 	 test_min_loss: 0.14466436207294464 	 difference: -0.0014844645153392344 	  com_ac0 	 relative_ac0
0135 	 train_loss:0.16709343953566116 	 test_loss: 0.16184838116168976 	 test_min_loss: 0.14466436207294464 	 difference: -0.005245058373971406 	  com_ac0 	 relative_ac0
0140 	 train_loss:0.16638373922217975 	 test_loss: 0.160647913813591 	 test_min_loss: 0.14466436207294464 	 difference: -0.005735825408588746 	  com_ac0 	 relative_ac0
0145 	 train_loss:0.1621382710608569 	 test_loss: 0.15868817269802094 	 test_min_loss: 0.14466436207294464 	 difference: -0.0034500983628359683 	  com_ac0 	 relative_ac0
0150 	 train_loss:0.16036889227953824 	 test_loss: 0.15958081185817719 	 test_min_loss: 0.14466436207294464 	 difference: -0.0007880804213610537 	  com_ac0 	 relative_ac0
0155 	 train_loss:0.1652295941656286 	 test_loss: 0.16092628240585327 	 test_min_loss: 0.14466436207294464 	 difference: -0.00430331175977533 	  com_ac0 	 relative_ac0
0160 	 train_loss:0.15391330827366223 	 test_loss: 0.15161006152629852 	 test_min_loss: 0.14466436207294464 	 difference: -0.0023032467473637075 	  com_ac0 	 relative_ac0
0165 	 train_loss:0.152840718626976 	 test_loss: 0.14966797828674316 	 test_min_loss: 0.14466436207294464 	 difference: -0.003172740340232849 	  com_ac0 	 relative_ac0
0170 	 train_loss:0.1492027301679958 	 test_loss: 0.14822033047676086 	 test_min_loss: 0.14466436207294464 	 difference: -0.0009823996912349253 	  com_ac0 	 relative_ac0
0175 	 train_loss:0.14957175877961246 	 test_loss: 0.14896705746650696 	 test_min_loss: 0.14466436207294464 	 difference: -0.000604701313105499 	  com_ac0 	 relative_ac0
0180 	 train_loss:0.14623742482878946 	 test_loss: 0.14463622868061066 	 test_min_loss: 0.14463622868061066 	 difference: -0.0016011961481788017 	  com_ac0 	 relative_ac0
0185 	 train_loss:0.14456922086802396 	 test_loss: 0.14078587293624878 	 test_min_loss: 0.14078587293624878 	 difference: -0.0037833479317751773 	  com_ac0 	 relative_ac0
0190 	 train_loss:0.15878724510019476 	 test_loss: 0.15727348625659943 	 test_min_loss: 0.14078587293624878 	 difference: -0.0015137588435953364 	  com_ac0 	 relative_ac0
0195 	 train_loss:0.18552667850797827 	 test_loss: 0.18433940410614014 	 test_min_loss: 0.14078587293624878 	 difference: -0.0011872744018381343 	  com_ac0 	 relative_ac0
0200 	 train_loss:0.18464346500960263 	 test_loss: 0.1842353194952011 	 test_min_loss: 0.14078587293624878 	 difference: -0.00040814551440152 	  com_ac0 	 relative_ac0
0205 	 train_loss:0.18465056744488803 	 test_loss: 0.18393497169017792 	 test_min_loss: 0.14078587293624878 	 difference: -0.0007155957547101133 	  com_ac0 	 relative_ac0
0210 	 train_loss:0.1847129464149475 	 test_loss: 0.1838221400976181 	 test_min_loss: 0.14078587293624878 	 difference: -0.0008908063173294067 	  com_ac0 	 relative_ac0
0215 	 train_loss:0.18467053906484085 	 test_loss: 0.1840825080871582 	 test_min_loss: 0.14078587293624878 	 difference: -0.0005880309776826464 	  com_ac0 	 relative_ac0
0220 	 train_loss:0.18479160558093677 	 test_loss: 0.18401820957660675 	 test_min_loss: 0.14078587293624878 	 difference: -0.0007733960043300181 	  com_ac0 	 relative_ac0
0225 	 train_loss:0.18474087796427988 	 test_loss: 0.18391194939613342 	 test_min_loss: 0.14078587293624878 	 difference: -0.0008289285681464531 	  com_ac0 	 relative_ac0
0230 	 train_loss:0.1847500584342263 	 test_loss: 0.18420998752117157 	 test_min_loss: 0.14078587293624878 	 difference: -0.0005400709130547188 	  com_ac0 	 relative_ac0
0235 	 train_loss:0.18458349867300552 	 test_loss: 0.18396106362342834 	 test_min_loss: 0.14078587293624878 	 difference: -0.0006224350495771802 	  com_ac0 	 relative_ac0
0240 	 train_loss:0.18478971584276718 	 test_loss: 0.1840200126171112 	 test_min_loss: 0.14078587293624878 	 difference: -0.0007697032256559766 	  com_ac0 	 relative_ac0
0245 	 train_loss:0.18480108271945606 	 test_loss: 0.1840759515762329 	 test_min_loss: 0.14078587293624878 	 difference: -0.0007251311432231455 	  com_ac0 	 relative_ac0
0250 	 train_loss:0.18473063002933154 	 test_loss: 0.18418103456497192 	 test_min_loss: 0.14078587293624878 	 difference: -0.0005495954643596201 	  com_ac0 	 relative_ac0
0255 	 train_loss:0.18458817357366736 	 test_loss: 0.1840021014213562 	 test_min_loss: 0.14078587293624878 	 difference: -0.0005860721523111567 	  com_ac0 	 relative_ac0
0260 	 train_loss:0.1847266202623194 	 test_loss: 0.18378561735153198 	 test_min_loss: 0.14078587293624878 	 difference: -0.000941002910787414 	  com_ac0 	 relative_ac0
0265 	 train_loss:0.1846601041880521 	 test_loss: 0.18402576446533203 	 test_min_loss: 0.14078587293624878 	 difference: -0.000634339722720062 	  com_ac0 	 relative_ac0
0270 	 train_loss:0.18464392559094864 	 test_loss: 0.18409572541713715 	 test_min_loss: 0.14078587293624878 	 difference: -0.0005482001738114917 	  com_ac0 	 relative_ac0
0275 	 train_loss:0.18479849262671036 	 test_loss: 0.18388831615447998 	 test_min_loss: 0.14078587293624878 	 difference: -0.0009101764722303785 	  com_ac0 	 relative_ac0
0280 	 train_loss:0.18478292904116891 	 test_loss: 0.1840592324733734 	 test_min_loss: 0.14078587293624878 	 difference: -0.000723696567795501 	  com_ac0 	 relative_ac0
0285 	 train_loss:0.18480250510302457 	 test_loss: 0.18405938148498535 	 test_min_loss: 0.14078587293624878 	 difference: -0.0007431236180392153 	  com_ac0 	 relative_ac0
0290 	 train_loss:0.1845368350094015 	 test_loss: 0.1839633733034134 	 test_min_loss: 0.14078587293624878 	 difference: -0.0005734617059880986 	  com_ac0 	 relative_ac0
0295 	 train_loss:0.18464555659077383 	 test_loss: 0.18406271934509277 	 test_min_loss: 0.14078587293624878 	 difference: -0.0005828372456810615 	  com_ac0 	 relative_ac0
0300 	 train_loss:0.1846614723855799 	 test_loss: 0.18414315581321716 	 test_min_loss: 0.14078587293624878 	 difference: -0.0005183165723627314 	  com_ac0 	 relative_ac0
0305 	 train_loss:0.18482443690299988 	 test_loss: 0.18432237207889557 	 test_min_loss: 0.14078587293624878 	 difference: -0.0005020648241043091 	  com_ac0 	 relative_ac0
0310 	 train_loss:0.18469306284731085 	 test_loss: 0.18405842781066895 	 test_min_loss: 0.14078587293624878 	 difference: -0.0006346350366419062 	  com_ac0 	 relative_ac0
0315 	 train_loss:0.18469531292265112 	 test_loss: 0.18434686958789825 	 test_min_loss: 0.14078587293624878 	 difference: -0.00034844333475286815 	  com_ac0 	 relative_ac0
0320 	 train_loss:0.1845561604608189 	 test_loss: 0.18389609456062317 	 test_min_loss: 0.14078587293624878 	 difference: -0.0006600659001957387 	  com_ac0 	 relative_ac0
0325 	 train_loss:0.18458711423657156 	 test_loss: 0.1841902732849121 	 test_min_loss: 0.14078587293624878 	 difference: -0.0003968409516594551 	  com_ac0 	 relative_ac0
0330 	 train_loss:0.18475411696867508 	 test_loss: 0.18391726911067963 	 test_min_loss: 0.14078587293624878 	 difference: -0.0008368478579954541 	  com_ac0 	 relative_ac0
0335 	 train_loss:0.18464516238732773 	 test_loss: 0.18418852984905243 	 test_min_loss: 0.14078587293624878 	 difference: -0.0004566325382752978 	  com_ac0 	 relative_ac0
0340 	 train_loss:0.18480806188149887 	 test_loss: 0.18407617509365082 	 test_min_loss: 0.14078587293624878 	 difference: -0.0007318867878480517 	  com_ac0 	 relative_ac0
0345 	 train_loss:0.1846871944991025 	 test_loss: 0.18390604853630066 	 test_min_loss: 0.14078587293624878 	 difference: -0.0007811459628018491 	  com_ac0 	 relative_ac0
0350 	 train_loss:0.18458815189925107 	 test_loss: 0.1841968148946762 	 test_min_loss: 0.14078587293624878 	 difference: -0.00039133700457485987 	  com_ac0 	 relative_ac0
0355 	 train_loss:0.18472655388441953 	 test_loss: 0.1841627061367035 	 test_min_loss: 0.14078587293624878 	 difference: -0.0005638477477160342 	  com_ac0 	 relative_ac0
0360 	 train_loss:0.18457492102276196 	 test_loss: 0.18410736322402954 	 test_min_loss: 0.14078587293624878 	 difference: -0.00046755779873242087 	  com_ac0 	 relative_ac0
0365 	 train_loss:0.18462302874435077 	 test_loss: 0.18383438885211945 	 test_min_loss: 0.14078587293624878 	 difference: -0.0007886398922313242 	  com_ac0 	 relative_ac0
0370 	 train_loss:0.18460974097251892 	 test_loss: 0.18407244980335236 	 test_min_loss: 0.14078587293624878 	 difference: -0.0005372911691665649 	  com_ac0 	 relative_ac0
0375 	 train_loss:0.18481835316527973 	 test_loss: 0.18402454257011414 	 test_min_loss: 0.14078587293624878 	 difference: -0.0007938105951655894 	  com_ac0 	 relative_ac0
0380 	 train_loss:0.18467031554742294 	 test_loss: 0.18410775065422058 	 test_min_loss: 0.14078587293624878 	 difference: -0.0005625648932023608 	  com_ac0 	 relative_ac0
0385 	 train_loss:0.18453665348616513 	 test_loss: 0.18397600948810577 	 test_min_loss: 0.14078587293624878 	 difference: -0.0005606439980593569 	  com_ac0 	 relative_ac0
0390 	 train_loss:0.1845514395020225 	 test_loss: 0.18409085273742676 	 test_min_loss: 0.14078587293624878 	 difference: -0.0004605867645957329 	  com_ac0 	 relative_ac0
0395 	 train_loss:0.18461955270983957 	 test_loss: 0.1839052438735962 	 test_min_loss: 0.14078587293624878 	 difference: -0.0007143088362433769 	  com_ac0 	 relative_ac0
0400 	 train_loss:0.18472639268094843 	 test_loss: 0.18416887521743774 	 test_min_loss: 0.14078587293624878 	 difference: -0.0005575174635106817 	  com_ac0 	 relative_ac0
0405 	 train_loss:0.18458529764955695 	 test_loss: 0.1841113567352295 	 test_min_loss: 0.14078587293624878 	 difference: -0.0004739409143274531 	  com_ac0 	 relative_ac0
0410 	 train_loss:0.18473256040703168 	 test_loss: 0.18391135334968567 	 test_min_loss: 0.14078587293624878 	 difference: -0.0008212070573460073 	  com_ac0 	 relative_ac0
0415 	 train_loss:0.1846964738585732 	 test_loss: 0.18422013521194458 	 test_min_loss: 0.14078587293624878 	 difference: -0.00047633864662863235 	  com_ac0 	 relative_ac0
0420 	 train_loss:0.18480683321302588 	 test_loss: 0.18402093648910522 	 test_min_loss: 0.14078587293624878 	 difference: -0.0007858967239206538 	  com_ac0 	 relative_ac0
0425 	 train_loss:0.18479336391795764 	 test_loss: 0.18415862321853638 	 test_min_loss: 0.14078587293624878 	 difference: -0.0006347406994212657 	  com_ac0 	 relative_ac0
0430 	 train_loss:0.18460301648486743 	 test_loss: 0.18395763635635376 	 test_min_loss: 0.14078587293624878 	 difference: -0.0006453801285136729 	  com_ac0 	 relative_ac0
0435 	 train_loss:0.18482388014143164 	 test_loss: 0.18419532477855682 	 test_min_loss: 0.14078587293624878 	 difference: -0.0006285553628748164 	  com_ac0 	 relative_ac0
0440 	 train_loss:0.18457626619122244 	 test_loss: 0.1840236783027649 	 test_min_loss: 0.14078587293624878 	 difference: -0.0005525878884575508 	  com_ac0 	 relative_ac0
0445 	 train_loss:0.1847367828542536 	 test_loss: 0.18409007787704468 	 test_min_loss: 0.14078587293624878 	 difference: -0.0006467049772089228 	  com_ac0 	 relative_ac0
0450 	 train_loss:0.18460214002565903 	 test_loss: 0.18403379619121552 	 test_min_loss: 0.14078587293624878 	 difference: -0.0005683438344435132 	  com_ac0 	 relative_ac0
0455 	 train_loss:0.18450511314652182 	 test_loss: 0.18406681716442108 	 test_min_loss: 0.14078587293624878 	 difference: -0.0004382959821007393 	  com_ac0 	 relative_ac0
0460 	 train_loss:0.18450043553655798 	 test_loss: 0.18417878448963165 	 test_min_loss: 0.14078587293624878 	 difference: -0.00032165104692633006 	  com_ac0 	 relative_ac0
0465 	 train_loss:0.18455103717067026 	 test_loss: 0.1841873973608017 	 test_min_loss: 0.14078587293624878 	 difference: -0.00036363980986856004 	  com_ac0 	 relative_ac0
0470 	 train_loss:0.18486757305535403 	 test_loss: 0.18391036987304688 	 test_min_loss: 0.14078587293624878 	 difference: -0.0009572031823071592 	  com_ac0 	 relative_ac0
0475 	 train_loss:0.18453143266114322 	 test_loss: 0.18386361002922058 	 test_min_loss: 0.14078587293624878 	 difference: -0.0006678226319226377 	  com_ac0 	 relative_ac0
0480 	 train_loss:0.18463307348164645 	 test_loss: 0.18422876298427582 	 test_min_loss: 0.14078587293624878 	 difference: -0.00040431049737063574 	  com_ac0 	 relative_ac0
0485 	 train_loss:0.18463080715049396 	 test_loss: 0.18396420776844025 	 test_min_loss: 0.14078587293624878 	 difference: -0.0006665993820537119 	  com_ac0 	 relative_ac0
0490 	 train_loss:0.18466212261806836 	 test_loss: 0.18421688675880432 	 test_min_loss: 0.14078587293624878 	 difference: -0.0004452358592640371 	  com_ac0 	 relative_ac0
0495 	 train_loss:0.18461045758290726 	 test_loss: 0.18392790853977203 	 test_min_loss: 0.14078587293624878 	 difference: -0.0006825490431352221 	  com_ac0 	 relative_ac0
0500 	 train_loss:0.18472868339581924 	 test_loss: 0.18404974043369293 	 test_min_loss: 0.14078587293624878 	 difference: -0.000678942962126311 	  com_ac0 	 relative_ac0
0505 	 train_loss:0.18465254523537375 	 test_loss: 0.1840159147977829 	 test_min_loss: 0.14078587293624878 	 difference: -0.0006366304375908516 	  com_ac0 	 relative_ac0
0510 	 train_loss:0.18484991517933932 	 test_loss: 0.18402811884880066 	 test_min_loss: 0.14078587293624878 	 difference: -0.0008217963305386655 	  com_ac0 	 relative_ac0
0515 	 train_loss:0.18456819382580844 	 test_loss: 0.18406826257705688 	 test_min_loss: 0.14078587293624878 	 difference: -0.0004999312487515561 	  com_ac0 	 relative_ac0
0520 	 train_loss:0.17611504549329932 	 test_loss: 0.1700413078069687 	 test_min_loss: 0.14078587293624878 	 difference: -0.006073737686330627 	  com_ac0 	 relative_ac0
0525 	 train_loss:0.18518942052667792 	 test_loss: 0.18377357721328735 	 test_min_loss: 0.14078587293624878 	 difference: -0.0014158433133905635 	  com_ac0 	 relative_ac0
0530 	 train_loss:0.1846894066442143 	 test_loss: 0.1839526742696762 	 test_min_loss: 0.14078587293624878 	 difference: -0.0007367323745380849 	  com_ac0 	 relative_ac0
0535 	 train_loss:0.18468978188254617 	 test_loss: 0.18404655158519745 	 test_min_loss: 0.14078587293624878 	 difference: -0.0006432302973487236 	  com_ac0 	 relative_ac0
0540 	 train_loss:0.1848831610246138 	 test_loss: 0.18395628035068512 	 test_min_loss: 0.14078587293624878 	 difference: -0.0009268806739286817 	  com_ac0 	 relative_ac0
0545 	 train_loss:0.1847608820958571 	 test_loss: 0.18392187356948853 	 test_min_loss: 0.14078587293624878 	 difference: -0.000839008526368562 	  com_ac0 	 relative_ac0
0550 	 train_loss:0.1847946589643305 	 test_loss: 0.18381911516189575 	 test_min_loss: 0.14078587293624878 	 difference: -0.0009755438024347529 	  com_ac0 	 relative_ac0
0555 	 train_loss:0.18472055278041147 	 test_loss: 0.18405026197433472 	 test_min_loss: 0.14078587293624878 	 difference: -0.000670290806076751 	  com_ac0 	 relative_ac0
0560 	 train_loss:0.18482884493741122 	 test_loss: 0.1840393990278244 	 test_min_loss: 0.14078587293624878 	 difference: -0.0007894459095868223 	  com_ac0 	 relative_ac0
0565 	 train_loss:0.184759412299503 	 test_loss: 0.18397268652915955 	 test_min_loss: 0.14078587293624878 	 difference: -0.0007867257703434438 	  com_ac0 	 relative_ac0
0570 	 train_loss:0.18470640886913647 	 test_loss: 0.18392688035964966 	 test_min_loss: 0.14078587293624878 	 difference: -0.0007795285094868154 	  com_ac0 	 relative_ac0
0575 	 train_loss:0.1847417097200047 	 test_loss: 0.18403466045856476 	 test_min_loss: 0.14078587293624878 	 difference: -0.0007070492614399404 	  com_ac0 	 relative_ac0
0580 	 train_loss:0.1847450096498836 	 test_loss: 0.18407537043094635 	 test_min_loss: 0.14078587293624878 	 difference: -0.0006696392189372569 	  com_ac0 	 relative_ac0
0585 	 train_loss:0.18456098708239468 	 test_loss: 0.18409687280654907 	 test_min_loss: 0.14078587293624878 	 difference: -0.0004641142758456118 	  com_ac0 	 relative_ac0
0590 	 train_loss:0.1848091957244006 	 test_loss: 0.18394190073013306 	 test_min_loss: 0.14078587293624878 	 difference: -0.0008672949942675479 	  com_ac0 	 relative_ac0
0595 	 train_loss:0.18468362905762412 	 test_loss: 0.18400095403194427 	 test_min_loss: 0.14078587293624878 	 difference: -0.0006826750256798408 	  com_ac0 	 relative_ac0
0600 	 train_loss:0.18466555394909598 	 test_loss: 0.1841859221458435 	 test_min_loss: 0.14078587293624878 	 difference: -0.0004796318032524727 	  com_ac0 	 relative_ac0
0605 	 train_loss:0.18470547009598126 	 test_loss: 0.18411271274089813 	 test_min_loss: 0.14078587293624878 	 difference: -0.0005927573550831289 	  com_ac0 	 relative_ac0
0610 	 train_loss:0.18468284606933594 	 test_loss: 0.18412233889102936 	 test_min_loss: 0.14078587293624878 	 difference: -0.0005605071783065796 	  com_ac0 	 relative_ac0
0615 	 train_loss:0.18487741594964807 	 test_loss: 0.18389610946178436 	 test_min_loss: 0.14078587293624878 	 difference: -0.000981306487863709 	  com_ac0 	 relative_ac0
0620 	 train_loss:0.1846490908752788 	 test_loss: 0.183962881565094 	 test_min_loss: 0.14078587293624878 	 difference: -0.0006862093101848155 	  com_ac0 	 relative_ac0
0625 	 train_loss:0.1847662261941216 	 test_loss: 0.18404698371887207 	 test_min_loss: 0.14078587293624878 	 difference: -0.000719242475249543 	  com_ac0 	 relative_ac0
0630 	 train_loss:0.18466163087974896 	 test_loss: 0.1839834451675415 	 test_min_loss: 0.14078587293624878 	 difference: -0.0006781857122074575 	  com_ac0 	 relative_ac0
0635 	 train_loss:0.18468188562176444 	 test_loss: 0.18393325805664062 	 test_min_loss: 0.14078587293624878 	 difference: -0.0007486275651238106 	  com_ac0 	 relative_ac0
0640 	 train_loss:0.18456798656420273 	 test_loss: 0.18391399085521698 	 test_min_loss: 0.14078587293624878 	 difference: -0.0006539957089857495 	  com_ac0 	 relative_ac0
0645 	 train_loss:0.18471963839097458 	 test_loss: 0.18413224816322327 	 test_min_loss: 0.14078587293624878 	 difference: -0.000587390227751311 	  com_ac0 	 relative_ac0
0650 	 train_loss:0.18456104668703946 	 test_loss: 0.18384450674057007 	 test_min_loss: 0.14078587293624878 	 difference: -0.0007165399464693911 	  com_ac0 	 relative_ac0
0655 	 train_loss:0.1846018894152208 	 test_loss: 0.18401432037353516 	 test_min_loss: 0.14078587293624878 	 difference: -0.0005875690416856372 	  com_ac0 	 relative_ac0
0660 	 train_loss:0.18459812890399585 	 test_loss: 0.18402740359306335 	 test_min_loss: 0.14078587293624878 	 difference: -0.0005707253109324961 	  com_ac0 	 relative_ac0
0665 	 train_loss:0.1847694922577251 	 test_loss: 0.18420907855033875 	 test_min_loss: 0.14078587293624878 	 difference: -0.0005604137073863535 	  com_ac0 	 relative_ac0
0670 	 train_loss:0.18479652567343277 	 test_loss: 0.18385984003543854 	 test_min_loss: 0.14078587293624878 	 difference: -0.0009366856379942334 	  com_ac0 	 relative_ac0
0675 	 train_loss:0.1847490736029365 	 test_loss: 0.18398317694664001 	 test_min_loss: 0.14078587293624878 	 difference: -0.0007658966562964775 	  com_ac0 	 relative_ac0
0680 	 train_loss:0.18461442535573785 	 test_loss: 0.18404802680015564 	 test_min_loss: 0.14078587293624878 	 difference: -0.0005663985555822149 	  com_ac0 	 relative_ac0
0685 	 train_loss:0.18459448895671152 	 test_loss: 0.18401877582073212 	 test_min_loss: 0.14078587293624878 	 difference: -0.0005757131359793999 	  com_ac0 	 relative_ac0
0690 	 train_loss:0.18472729758782822 	 test_loss: 0.1839621216058731 	 test_min_loss: 0.14078587293624878 	 difference: -0.0007651759819551074 	  com_ac0 	 relative_ac0
0695 	 train_loss:0.18462296507575296 	 test_loss: 0.18408572673797607 	 test_min_loss: 0.14078587293624878 	 difference: -0.0005372383377768852 	  com_ac0 	 relative_ac0
0700 	 train_loss:0.184631886807355 	 test_loss: 0.18389467895030975 	 test_min_loss: 0.14078587293624878 	 difference: -0.0007372078570452578 	  com_ac0 	 relative_ac0
0705 	 train_loss:0.184652717276053 	 test_loss: 0.18402481079101562 	 test_min_loss: 0.14078587293624878 	 difference: -0.0006279064850373828 	  com_ac0 	 relative_ac0
0710 	 train_loss:0.1846693754196167 	 test_loss: 0.1839732676744461 	 test_min_loss: 0.14078587293624878 	 difference: -0.0006961077451705933 	  com_ac0 	 relative_ac0
0715 	 train_loss:0.18468866835940967 	 test_loss: 0.18405817449092865 	 test_min_loss: 0.14078587293624878 	 difference: -0.0006304938684810191 	  com_ac0 	 relative_ac0
0720 	 train_loss:0.1846971633759412 	 test_loss: 0.18395493924617767 	 test_min_loss: 0.14078587293624878 	 difference: -0.000742224129763519 	  com_ac0 	 relative_ac0
0725 	 train_loss:0.18485240096395666 	 test_loss: 0.18456093966960907 	 test_min_loss: 0.14078587293624878 	 difference: -0.0002914612943475947 	  com_ac0 	 relative_ac0
0730 	 train_loss:0.17614099789749493 	 test_loss: 0.1714136153459549 	 test_min_loss: 0.14078587293624878 	 difference: -0.004727382551540038 	  com_ac0 	 relative_ac0
0735 	 train_loss:0.16758127104152332 	 test_loss: 0.16407038271427155 	 test_min_loss: 0.14078587293624878 	 difference: -0.003510888327251771 	  com_ac0 	 relative_ac0
0740 	 train_loss:0.16437217728658157 	 test_loss: 0.1645204871892929 	 test_min_loss: 0.14078587293624878 	 difference: 0.00014830990271133548 	  com_ac0 	 relative_ac0
0745 	 train_loss:0.1727854609489441 	 test_loss: 0.1758253574371338 	 test_min_loss: 0.14078587293624878 	 difference: 0.0030398964881896973 	  com_ac0 	 relative_ac0
0750 	 train_loss:0.16842550987547095 	 test_loss: 0.1664178967475891 	 test_min_loss: 0.14078587293624878 	 difference: -0.0020076131278818354 	  com_ac0 	 relative_ac0
0755 	 train_loss:0.18037296425212512 	 test_loss: 0.18903982639312744 	 test_min_loss: 0.14078587293624878 	 difference: 0.008666862141002318 	  com_ac0 	 relative_ac0
0760 	 train_loss:0.18475694277069785 	 test_loss: 0.18443173170089722 	 test_min_loss: 0.14078587293624878 	 difference: -0.0003252110698006294 	  com_ac0 	 relative_ac0
0765 	 train_loss:0.1847317327152599 	 test_loss: 0.1841534823179245 	 test_min_loss: 0.14078587293624878 	 difference: -0.0005782503973353892 	  com_ac0 	 relative_ac0
0770 	 train_loss:0.18473776226693933 	 test_loss: 0.18452435731887817 	 test_min_loss: 0.14078587293624878 	 difference: -0.00021340494806115773 	  com_ac0 	 relative_ac0
0775 	 train_loss:0.18474198200485922 	 test_loss: 0.1842338740825653 	 test_min_loss: 0.14078587293624878 	 difference: -0.0005081079222939155 	  com_ac0 	 relative_ac0
0780 	 train_loss:0.18466988070444626 	 test_loss: 0.18409796059131622 	 test_min_loss: 0.14078587293624878 	 difference: -0.0005719201131300367 	  com_ac0 	 relative_ac0
0785 	 train_loss:0.18484918637709183 	 test_loss: 0.18444286286830902 	 test_min_loss: 0.14078587293624878 	 difference: -0.00040632350878280765 	  com_ac0 	 relative_ac0
0790 	 train_loss:0.18472388115796176 	 test_loss: 0.18466068804264069 	 test_min_loss: 0.14078587293624878 	 difference: -6.319311532107519e-05 	  com_ac0 	 relative_ac0
0795 	 train_loss:0.184726129878651 	 test_loss: 0.18437936902046204 	 test_min_loss: 0.14078587293624878 	 difference: -0.00034676085818896585 	  com_ac0 	 relative_ac0
0800 	 train_loss:0.1846372132951563 	 test_loss: 0.18420739471912384 	 test_min_loss: 0.14078587293624878 	 difference: -0.0004298185760324702 	  com_ac0 	 relative_ac0
0805 	 train_loss:0.18466782569885254 	 test_loss: 0.18436625599861145 	 test_min_loss: 0.14078587293624878 	 difference: -0.00030156970024108887 	  com_ac0 	 relative_ac0
0810 	 train_loss:0.18463620408014816 	 test_loss: 0.18438999354839325 	 test_min_loss: 0.14078587293624878 	 difference: -0.0002462105317549146 	  com_ac0 	 relative_ac0
0815 	 train_loss:0.1846889921210029 	 test_loss: 0.18460892140865326 	 test_min_loss: 0.14078587293624878 	 difference: -8.007071234963914e-05 	  com_ac0 	 relative_ac0
0820 	 train_loss:0.18467412211678244 	 test_loss: 0.18429580330848694 	 test_min_loss: 0.14078587293624878 	 difference: -0.00037831880829550246 	  com_ac0 	 relative_ac0
0825 	 train_loss:0.1847474439577623 	 test_loss: 0.18433424830436707 	 test_min_loss: 0.14078587293624878 	 difference: -0.0004131956533952319 	  com_ac0 	 relative_ac0
0830 	 train_loss:0.1848442188718102 	 test_loss: 0.18426509201526642 	 test_min_loss: 0.14078587293624878 	 difference: -0.0005791268565437935 	  com_ac0 	 relative_ac0
0835 	 train_loss:0.18462007154117932 	 test_loss: 0.18459533154964447 	 test_min_loss: 0.14078587293624878 	 difference: -2.473999153485007e-05 	  com_ac0 	 relative_ac0
0840 	 train_loss:0.18467277423901993 	 test_loss: 0.184418722987175 	 test_min_loss: 0.14078587293624878 	 difference: -0.00025405125184493893 	  com_ac0 	 relative_ac0
0845 	 train_loss:0.18475957621227612 	 test_loss: 0.1843540072441101 	 test_min_loss: 0.14078587293624878 	 difference: -0.0004055689681660146 	  com_ac0 	 relative_ac0
0850 	 train_loss:0.18465505946766247 	 test_loss: 0.1843251883983612 	 test_min_loss: 0.14078587293624878 	 difference: -0.0003298710693012685 	  com_ac0 	 relative_ac0
0855 	 train_loss:0.1847101477059451 	 test_loss: 0.18444503843784332 	 test_min_loss: 0.14078587293624878 	 difference: -0.0002651092681017764 	  com_ac0 	 relative_ac0
0860 	 train_loss:0.18459538438103415 	 test_loss: 0.1845330148935318 	 test_min_loss: 0.14078587293624878 	 difference: -6.236948750235061e-05 	  com_ac0 	 relative_ac0
0865 	 train_loss:0.18471143462441184 	 test_loss: 0.1842299997806549 	 test_min_loss: 0.14078587293624878 	 difference: -0.00048143484375692824 	  com_ac0 	 relative_ac0
0870 	 train_loss:0.18460128253156488 	 test_loss: 0.1843639761209488 	 test_min_loss: 0.14078587293624878 	 difference: -0.00023730641061608937 	  com_ac0 	 relative_ac0
0875 	 train_loss:0.18462089516899802 	 test_loss: 0.18436668813228607 	 test_min_loss: 0.14078587293624878 	 difference: -0.00025420703671194533 	  com_ac0 	 relative_ac0
0880 	 train_loss:0.18459716710177335 	 test_loss: 0.1844174861907959 	 test_min_loss: 0.14078587293624878 	 difference: -0.00017968091097744776 	  com_ac0 	 relative_ac0
0885 	 train_loss:0.1847494380040602 	 test_loss: 0.18435828387737274 	 test_min_loss: 0.14078587293624878 	 difference: -0.00039115412668747074 	  com_ac0 	 relative_ac0
0890 	 train_loss:0.18471687083894556 	 test_loss: 0.18430660665035248 	 test_min_loss: 0.14078587293624878 	 difference: -0.0004102641885930791 	  com_ac0 	 relative_ac0
0895 	 train_loss:0.18465051325884732 	 test_loss: 0.18436841666698456 	 test_min_loss: 0.14078587293624878 	 difference: -0.0002820965918627627 	  com_ac0 	 relative_ac0
0900 	 train_loss:0.1845226071097634 	 test_loss: 0.18438518047332764 	 test_min_loss: 0.14078587293624878 	 difference: -0.00013742663643576125 	  com_ac0 	 relative_ac0
0905 	 train_loss:0.18480125340548428 	 test_loss: 0.1843043565750122 	 test_min_loss: 0.14078587293624878 	 difference: -0.0004968968304720767 	  com_ac0 	 relative_ac0
0910 	 train_loss:0.1845600442452864 	 test_loss: 0.18458525836467743 	 test_min_loss: 0.14078587293624878 	 difference: 2.5214119391020473e-05 	  com_ac0 	 relative_ac0
0915 	 train_loss:0.1848200559616089 	 test_loss: 0.18412011861801147 	 test_min_loss: 0.14078587293624878 	 difference: -0.0006999373435974121 	  com_ac0 	 relative_ac0
0920 	 train_loss:0.1858267526734959 	 test_loss: 0.1842528134584427 	 test_min_loss: 0.14078587293624878 	 difference: -0.0015739392150532217 	  com_ac0 	 relative_ac0
0925 	 train_loss:0.18456678634340112 	 test_loss: 0.1842930018901825 	 test_min_loss: 0.14078587293624878 	 difference: -0.00027378445321862843 	  com_ac0 	 relative_ac0
0930 	 train_loss:0.18467223779721695 	 test_loss: 0.18423303961753845 	 test_min_loss: 0.14078587293624878 	 difference: -0.00043919817967849606 	  com_ac0 	 relative_ac0
0935 	 train_loss:0.18467364392497324 	 test_loss: 0.18425589799880981 	 test_min_loss: 0.14078587293624878 	 difference: -0.0004177459261634209 	  com_ac0 	 relative_ac0
0940 	 train_loss:0.18454794043844397 	 test_loss: 0.18427684903144836 	 test_min_loss: 0.14078587293624878 	 difference: -0.00027109140699560497 	  com_ac0 	 relative_ac0
0945 	 train_loss:0.1845328374342485 	 test_loss: 0.18436960875988007 	 test_min_loss: 0.14078587293624878 	 difference: -0.00016322867436843747 	  com_ac0 	 relative_ac0
0950 	 train_loss:0.18462697213346307 	 test_loss: 0.18441297113895416 	 test_min_loss: 0.14078587293624878 	 difference: -0.00021400099450891163 	  com_ac0 	 relative_ac0
0955 	 train_loss:0.18482535671104083 	 test_loss: 0.18438820540905 	 test_min_loss: 0.14078587293624878 	 difference: -0.00043715130199084573 	  com_ac0 	 relative_ac0
0960 	 train_loss:0.18454212898557837 	 test_loss: 0.18422913551330566 	 test_min_loss: 0.14078587293624878 	 difference: -0.0003129934722727046 	  com_ac0 	 relative_ac0
0965 	 train_loss:0.18478212302381342 	 test_loss: 0.18411719799041748 	 test_min_loss: 0.14078587293624878 	 difference: -0.0006649250333959356 	  com_ac0 	 relative_ac0
0970 	 train_loss:0.1846751015294682 	 test_loss: 0.1842477172613144 	 test_min_loss: 0.14078587293624878 	 difference: -0.0004273842681538076 	  com_ac0 	 relative_ac0
0975 	 train_loss:0.18458858132362366 	 test_loss: 0.18419505655765533 	 test_min_loss: 0.14078587293624878 	 difference: -0.00039352476596832275 	  com_ac0 	 relative_ac0
0980 	 train_loss:0.18480446934700012 	 test_loss: 0.1841975450515747 	 test_min_loss: 0.14078587293624878 	 difference: -0.000606924295425415 	  com_ac0 	 relative_ac0
0985 	 train_loss:0.18458591401576996 	 test_loss: 0.18438899517059326 	 test_min_loss: 0.14078587293624878 	 difference: -0.00019691884517669678 	  com_ac0 	 relative_ac0
0990 	 train_loss:0.18479280444708737 	 test_loss: 0.18422000110149384 	 test_min_loss: 0.14078587293624878 	 difference: -0.0005728033455935366 	  com_ac0 	 relative_ac0
0995 	 train_loss:0.18476443534547632 	 test_loss: 0.1844264715909958 	 test_min_loss: 0.14078587293624878 	 difference: -0.0003379637544805303 	  com_ac0 	 relative_ac0
test_min_loss:  0.14078587

Process finished with exit code 0
