D:\Anaconda\python.exe D:/home/zeewei/projects/77GRadar/model/rnn/train.py
read from processed numpy file--->
0000 	 train_loss:0.08863311343722874 	 test_loss: 0.09027966856956482 	 test_min_loss: 0.09027966856956482 	 difference: 0.0016465551323360805
0015 	 train_loss:0.08201928933461507 	 test_loss: 0.08355928957462311 	 test_min_loss: 0.08355928957462311 	 difference: 0.001540000240008041
0030 	 train_loss:0.07716010510921478 	 test_loss: 0.0844191312789917 	 test_min_loss: 0.08355928957462311 	 difference: 0.0072590261697769165
0045 	 train_loss:0.07262944926818211 	 test_loss: 0.09693250805139542 	 test_min_loss: 0.08355928957462311 	 difference: 0.024303058783213302
0060 	 train_loss:0.07149637076589796 	 test_loss: 0.0990365520119667 	 test_min_loss: 0.08355928957462311 	 difference: 0.027540181246068746
0075 	 train_loss:0.06937738176849154 	 test_loss: 0.09593763947486877 	 test_min_loss: 0.08355928957462311 	 difference: 0.026560257706377238
0090 	 train_loss:0.06737180964814292 	 test_loss: 0.08812776207923889 	 test_min_loss: 0.08355928957462311 	 difference: 0.020755952431095973
0105 	 train_loss:0.06607805606391695 	 test_loss: 0.08112987130880356 	 test_min_loss: 0.08112987130880356 	 difference: 0.015051815244886607
0120 	 train_loss:0.06465006454123391 	 test_loss: 0.08459752798080444 	 test_min_loss: 0.08112987130880356 	 difference: 0.01994746343957053
0135 	 train_loss:0.06323289457294676 	 test_loss: 0.08739574998617172 	 test_min_loss: 0.08112987130880356 	 difference: 0.024162855413224965
0150 	 train_loss:0.061957452446222305 	 test_loss: 0.08744873851537704 	 test_min_loss: 0.08112987130880356 	 difference: 0.02549128606915474
0165 	 train_loss:0.06168446275922987 	 test_loss: 0.07770153135061264 	 test_min_loss: 0.07770153135061264 	 difference: 0.01601706859138277
0180 	 train_loss:0.06011738462580575 	 test_loss: 0.07515867054462433 	 test_min_loss: 0.07515867054462433 	 difference: 0.015041285918818578
0195 	 train_loss:0.05968480143282148 	 test_loss: 0.07679863274097443 	 test_min_loss: 0.07515867054462433 	 difference: 0.017113831308152944
0210 	 train_loss:0.05886159878638056 	 test_loss: 0.0736360028386116 	 test_min_loss: 0.0736360028386116 	 difference: 0.014774404052231044
0225 	 train_loss:0.058365667031870946 	 test_loss: 0.07411625981330872 	 test_min_loss: 0.0736360028386116 	 difference: 0.01575059278143777
0240 	 train_loss:0.05769791785213682 	 test_loss: 0.07379470765590668 	 test_min_loss: 0.0736360028386116 	 difference: 0.016096789803769856
0255 	 train_loss:0.05723537628849348 	 test_loss: 0.08017835021018982 	 test_min_loss: 0.0736360028386116 	 difference: 0.022942973921696343
0270 	 train_loss:0.05705858477287822 	 test_loss: 0.07149164378643036 	 test_min_loss: 0.07149164378643036 	 difference: 0.014433059013552137


270 240
Process finished with exit code -1
